<?xml version="1.0" encoding="UTF-8"?>
<!-- Generated by org.testng.reporters.JUnitXMLReporter -->
<testsuite ignored="0" hostname="TVMSPRMSPERFDB" failures="3" tests="46" name="Alerts module" time="2.636" errors="0" timestamp="2025-04-22T15:54:05 IST">
  <testcase classname="Core.AlertsandNotifications.AlertsPlaceholderManagement_TestClass" name="@AfterMethod takeScreenshotOnFailure" time="0.005">
    <failure type="java.lang.NullPointerException" message="Cannot invoke &amp;quot;org.openqa.selenium.TakesScreenshot.getScreenshotAs(org.openqa.selenium.OutputType)&amp;quot; because &amp;quot;screenshot&amp;quot; is null">
      <![CDATA[java.lang.NullPointerException: Cannot invoke "org.openqa.selenium.TakesScreenshot.getScreenshotAs(org.openqa.selenium.OutputType)" because "screenshot" is null
at com.Utility.ScreenShot.takeScreenShot(ScreenShot.java:29)
at Core.AlertsandNotifications.AlertsPlaceholderManagement_TestClass.takeScreenshotOnFailure(AlertsPlaceholderManagement_TestClass.java:252)
at java.base/java.util.ArrayList.forEach(ArrayList.java:1511)
... Removed 32 stack frames]]>
    </failure>
  </testcase> <!-- @AfterMethod takeScreenshotOnFailure -->
  <testcase classname="Core.AlertsandNotifications.AlertsPlaceholderManagement_TestClass" name="@BeforeMethod setupTest" time="-1.745317444243E9">
    <skipped/>
  </testcase> <!-- @BeforeMethod setupTest -->
  <testcase classname="Core.AlertsandNotifications.AlertsPlaceholderManagement_TestClass" name="@AfterMethod takeScreenshotOnFailure" time="-1.745317444252E9">
    <skipped/>
  </testcase> <!-- @AfterMethod takeScreenshotOnFailure -->
  <testcase classname="Core.AlertsandNotifications.AlertsPlaceholderManagement_TestClass" name="@BeforeMethod setupTest" time="-1.745317444254E9">
    <skipped/>
  </testcase> <!-- @BeforeMethod setupTest -->
  <testcase classname="Core.AlertsandNotifications.AlertsPlaceholderManagement_TestClass" name="@AfterMethod takeScreenshotOnFailure" time="-1.745317444261E9">
    <skipped/>
  </testcase> <!-- @AfterMethod takeScreenshotOnFailure -->
  <testcase classname="Core.AlertsandNotifications.AlertsPlaceholderManagement_TestClass" name="@BeforeMethod setupTest" time="-1.745317444263E9">
    <skipped/>
  </testcase> <!-- @BeforeMethod setupTest -->
  <testcase classname="Core.AlertsandNotifications.AlertsPlaceholderManagement_TestClass" name="@AfterMethod takeScreenshotOnFailure" time="-1.745317444272E9">
    <skipped/>
  </testcase> <!-- @AfterMethod takeScreenshotOnFailure -->
  <testcase classname="Core.AlertsandNotifications.AlertsPlaceholderManagement_TestClass" name="@BeforeMethod setupTest" time="-1.745317444275E9">
    <skipped/>
  </testcase> <!-- @BeforeMethod setupTest -->
  <testcase classname="Core.AlertsandNotifications.AlertsPlaceholderManagement_TestClass" name="@AfterMethod takeScreenshotOnFailure" time="-1.745317444279E9">
    <skipped/>
  </testcase> <!-- @AfterMethod takeScreenshotOnFailure -->
  <testcase classname="Core.AlertsandNotifications.AlertsPlaceholderManagement_TestClass" name="@BeforeMethod setupTest" time="-1.745317444284E9">
    <skipped/>
  </testcase> <!-- @BeforeMethod setupTest -->
  <testcase classname="Core.AlertsandNotifications.AlertsPlaceholderManagement_TestClass" name="@AfterMethod takeScreenshotOnFailure" time="-1.745317444287E9">
    <skipped/>
  </testcase> <!-- @AfterMethod takeScreenshotOnFailure -->
  <testcase classname="Core.AlertsandNotifications.AlertsPlaceholderManagement_TestClass" name="@BeforeMethod setupTest" time="-1.745317444289E9">
    <skipped/>
  </testcase> <!-- @BeforeMethod setupTest -->
  <testcase classname="Core.AlertsandNotifications.AlertsPlaceholderManagement_TestClass" name="@AfterMethod takeScreenshotOnFailure" time="-1.745317444296E9">
    <skipped/>
  </testcase> <!-- @AfterMethod takeScreenshotOnFailure -->
  <testcase classname="Core.AlertsandNotifications.AlertsPlaceholderManagement_TestClass" name="@BeforeMethod setupTest" time="-1.745317444308E9">
    <skipped/>
  </testcase> <!-- @BeforeMethod setupTest -->
  <testcase classname="Core.AlertsandNotifications.AlertsPlaceholderManagement_TestClass" name="@AfterMethod takeScreenshotOnFailure" time="-1.745317444319E9">
    <skipped/>
  </testcase> <!-- @AfterMethod takeScreenshotOnFailure -->
  <testcase classname="Core.AlertsandNotifications.AlertsTemplateManagement_TestClass" name="@AfterMethod takeScreenshotOnFailure" time="0.001">
    <failure type="java.lang.NullPointerException" message="Cannot invoke &amp;quot;org.openqa.selenium.TakesScreenshot.getScreenshotAs(org.openqa.selenium.OutputType)&amp;quot; because &amp;quot;screenshot&amp;quot; is null">
      <![CDATA[java.lang.NullPointerException: Cannot invoke "org.openqa.selenium.TakesScreenshot.getScreenshotAs(org.openqa.selenium.OutputType)" because "screenshot" is null
at com.Utility.ScreenShot.takeScreenShot(ScreenShot.java:29)
at Core.AlertsandNotifications.AlertsTemplateManagement_TestClass.takeScreenshotOnFailure(AlertsTemplateManagement_TestClass.java:394)
at java.base/java.util.ArrayList.forEach(ArrayList.java:1511)
... Removed 32 stack frames]]>
    </failure>
  </testcase> <!-- @AfterMethod takeScreenshotOnFailure -->
  <testcase classname="Core.AlertsandNotifications.AlertsTemplateManagement_TestClass" name="@BeforeMethod setupTest" time="-1.745317444563E9">
    <skipped/>
  </testcase> <!-- @BeforeMethod setupTest -->
  <testcase classname="Core.AlertsandNotifications.AlertsTemplateManagement_TestClass" name="@AfterMethod takeScreenshotOnFailure" time="-1.745317444567E9">
    <skipped/>
  </testcase> <!-- @AfterMethod takeScreenshotOnFailure -->
  <testcase classname="Core.AlertsandNotifications.AlertsTemplateManagement_TestClass" name="@BeforeMethod setupTest" time="-1.74531744468E9">
    <skipped/>
  </testcase> <!-- @BeforeMethod setupTest -->
  <testcase classname="Core.AlertsandNotifications.AlertsTemplateManagement_TestClass" name="@AfterMethod takeScreenshotOnFailure" time="-1.745317444684E9">
    <skipped/>
  </testcase> <!-- @AfterMethod takeScreenshotOnFailure -->
  <testcase classname="Core.AlertsandNotifications.AlertsTemplateManagement_TestClass" name="@BeforeMethod setupTest" time="-1.745317444687E9">
    <skipped/>
  </testcase> <!-- @BeforeMethod setupTest -->
  <testcase classname="Core.AlertsandNotifications.AlertsTemplateManagement_TestClass" name="@AfterMethod takeScreenshotOnFailure" time="-1.745317444689E9">
    <skipped/>
  </testcase> <!-- @AfterMethod takeScreenshotOnFailure -->
  <testcase classname="Core.AlertsandNotifications.AlertsTemplateManagement_TestClass" name="@BeforeMethod setupTest" time="-1.745317444691E9">
    <skipped/>
  </testcase> <!-- @BeforeMethod setupTest -->
  <testcase classname="Core.AlertsandNotifications.AlertsTemplateManagement_TestClass" name="@AfterMethod takeScreenshotOnFailure" time="-1.745317444698E9">
    <skipped/>
  </testcase> <!-- @AfterMethod takeScreenshotOnFailure -->
  <testcase classname="Core.AlertsandNotifications.AlertsTemplateManagement_TestClass" name="@BeforeMethod setupTest" time="-1.745317444699E9">
    <skipped/>
  </testcase> <!-- @BeforeMethod setupTest -->
  <testcase classname="Core.AlertsandNotifications.AlertsTemplateManagement_TestClass" name="@AfterMethod takeScreenshotOnFailure" time="-1.745317444702E9">
    <skipped/>
  </testcase> <!-- @AfterMethod takeScreenshotOnFailure -->
  <testcase classname="Core.AlertsandNotifications.AlertsTemplateManagement_TestClass" name="@BeforeMethod setupTest" time="-1.745317444821E9">
    <skipped/>
  </testcase> <!-- @BeforeMethod setupTest -->
  <testcase classname="Core.AlertsandNotifications.AlertsTemplateManagement_TestClass" name="@AfterMethod takeScreenshotOnFailure" time="-1.745317444825E9">
    <skipped/>
  </testcase> <!-- @AfterMethod takeScreenshotOnFailure -->
  <testcase classname="Core.AlertsandNotifications.AlertsTemplateManagement_TestClass" name="@BeforeMethod setupTest" time="-1.745317444951E9">
    <skipped/>
  </testcase> <!-- @BeforeMethod setupTest -->
  <testcase classname="Core.AlertsandNotifications.AlertsTemplateManagement_TestClass" name="@AfterMethod takeScreenshotOnFailure" time="-1.745317444954E9">
    <skipped/>
  </testcase> <!-- @AfterMethod takeScreenshotOnFailure -->
  <testcase classname="Core.AlertsandNotifications.AlertsTemplateManagement_TestClass" name="@BeforeMethod setupTest" time="-1.745317444955E9">
    <skipped/>
  </testcase> <!-- @BeforeMethod setupTest -->
  <testcase classname="Core.AlertsandNotifications.AlertsTemplateManagement_TestClass" name="@AfterMethod takeScreenshotOnFailure" time="-1.745317444957E9">
    <skipped/>
  </testcase> <!-- @AfterMethod takeScreenshotOnFailure -->
  <testcase classname="Core.AlertsandNotifications.AlertsTemplateManagement_TestClass" name="@BeforeMethod setupTest" time="-1.745317445035E9">
    <skipped/>
  </testcase> <!-- @BeforeMethod setupTest -->
  <testcase classname="Core.AlertsandNotifications.AlertsTemplateManagement_TestClass" name="@AfterMethod takeScreenshotOnFailure" time="-1.745317445039E9">
    <skipped/>
  </testcase> <!-- @AfterMethod takeScreenshotOnFailure -->
  <testcase classname="Core.AlertsandNotifications.AlertsTemplateManagement_TestClass" name="@BeforeMethod setupTest" time="-1.745317445043E9">
    <skipped/>
  </testcase> <!-- @BeforeMethod setupTest -->
  <testcase classname="Core.AlertsandNotifications.AlertsTemplateManagement_TestClass" name="@AfterMethod takeScreenshotOnFailure" time="-1.745317445044E9">
    <skipped/>
  </testcase> <!-- @AfterMethod takeScreenshotOnFailure -->
  <testcase classname="Core.AlertsandNotifications.AlertsTemplateManagement_TestClass" name="@BeforeMethod setupTest" time="-1.745317445045E9">
    <skipped/>
  </testcase> <!-- @BeforeMethod setupTest -->
  <testcase classname="Core.AlertsandNotifications.AlertsTemplateManagement_TestClass" name="@AfterMethod takeScreenshotOnFailure" time="-1.745317445047E9">
    <skipped/>
  </testcase> <!-- @AfterMethod takeScreenshotOnFailure -->
  <testcase classname="Core.AlertsandNotifications.AlertsTemplateManagement_TestClass" name="@BeforeMethod setupTest" time="-1.745317445051E9">
    <skipped/>
  </testcase> <!-- @BeforeMethod setupTest -->
  <testcase classname="Core.AlertsandNotifications.AlertsTemplateManagement_TestClass" name="@AfterMethod takeScreenshotOnFailure" time="-1.745317445055E9">
    <skipped/>
  </testcase> <!-- @AfterMethod takeScreenshotOnFailure -->
  <testcase classname="Core.AlertsandNotifications.AlertsTemplateManagement_TestClass" name="@BeforeMethod setupTest" time="-1.745317445057E9">
    <skipped/>
  </testcase> <!-- @BeforeMethod setupTest -->
  <testcase classname="Core.AlertsandNotifications.AlertsTemplateManagement_TestClass" name="@AfterMethod takeScreenshotOnFailure" time="-1.745317445059E9">
    <skipped/>
  </testcase> <!-- @AfterMethod takeScreenshotOnFailure -->
  <testcase classname="Core.AlertsandNotifications.AlertsTemplateManagement_TestClass" name="@BeforeMethod setupTest" time="-1.74531744506E9">
    <skipped/>
  </testcase> <!-- @BeforeMethod setupTest -->
  <testcase classname="Core.AlertsandNotifications.AlertsTemplateManagement_TestClass" name="@AfterMethod takeScreenshotOnFailure" time="-1.745317445062E9">
    <skipped/>
  </testcase> <!-- @AfterMethod takeScreenshotOnFailure -->
  <testcase classname="Core.AlertsandNotifications.AlertsTemplateManagement_TestClass" name="@AfterClass afterEachTest" time="-1.745317445063E9">
    <skipped/>
  </testcase> <!-- @AfterClass afterEachTest -->
  <testcase classname="Core.AlertsandNotifications.AlertsNotificationManagement_TestClass" name="@AfterMethod takeScreenshotOnFailure" time="0.004">
    <failure type="java.lang.NullPointerException" message="Cannot invoke &amp;quot;org.openqa.selenium.TakesScreenshot.getScreenshotAs(org.openqa.selenium.OutputType)&amp;quot; because &amp;quot;screenshot&amp;quot; is null">
      <![CDATA[java.lang.NullPointerException: Cannot invoke "org.openqa.selenium.TakesScreenshot.getScreenshotAs(org.openqa.selenium.OutputType)" because "screenshot" is null
at com.Utility.ScreenShot.takeScreenShot(ScreenShot.java:29)
at Core.AlertsandNotifications.AlertsNotificationManagement_TestClass.takeScreenshotOnFailure(AlertsNotificationManagement_TestClass.java:483)
at java.base/java.util.ArrayList.forEach(ArrayList.java:1511)
... Removed 32 stack frames]]>
    </failure>
  </testcase> <!-- @AfterMethod takeScreenshotOnFailure -->
  <testcase classname="Core.AlertsandNotifications.AlertsNotificationManagement_TestClass" name="@BeforeMethod setupTest" time="-1.74531744508E9">
    <skipped/>
  </testcase> <!-- @BeforeMethod setupTest -->
  <testcase classname="Core.AlertsandNotifications.AlertsNotificationManagement_TestClass" name="@AfterMethod takeScreenshotOnFailure" time="-1.745317445082E9">
    <skipped/>
  </testcase> <!-- @AfterMethod takeScreenshotOnFailure -->
  <testcase classname="Core.AlertsandNotifications.AlertsNotificationManagement_TestClass" name="@BeforeMethod setupTest" time="-1.745317445083E9">
    <skipped/>
  </testcase> <!-- @BeforeMethod setupTest -->
  <testcase classname="Core.AlertsandNotifications.AlertsNotificationManagement_TestClass" name="@AfterMethod takeScreenshotOnFailure" time="-1.745317445084E9">
    <skipped/>
  </testcase> <!-- @AfterMethod takeScreenshotOnFailure -->
  <testcase classname="Core.AlertsandNotifications.AlertsNotificationManagement_TestClass" name="@BeforeMethod setupTest" time="-1.745317445088E9">
    <skipped/>
  </testcase> <!-- @BeforeMethod setupTest -->
  <testcase classname="Core.AlertsandNotifications.AlertsNotificationManagement_TestClass" name="@AfterMethod takeScreenshotOnFailure" time="-1.74531744509E9">
    <skipped/>
  </testcase> <!-- @AfterMethod takeScreenshotOnFailure -->
  <testcase classname="Core.AlertsandNotifications.AlertsNotificationManagement_TestClass" name="@BeforeMethod setupTest" time="-1.745317445091E9">
    <skipped/>
  </testcase> <!-- @BeforeMethod setupTest -->
  <testcase classname="Core.AlertsandNotifications.AlertsNotificationManagement_TestClass" name="@AfterMethod takeScreenshotOnFailure" time="-1.745317445093E9">
    <skipped/>
  </testcase> <!-- @AfterMethod takeScreenshotOnFailure -->
  <testcase classname="Core.AlertsandNotifications.AlertsNotificationManagement_TestClass" name="@BeforeMethod setupTest" time="-1.745317445094E9">
    <skipped/>
  </testcase> <!-- @BeforeMethod setupTest -->
  <testcase classname="Core.AlertsandNotifications.AlertsNotificationManagement_TestClass" name="@AfterMethod takeScreenshotOnFailure" time="-1.745317445098E9">
    <skipped/>
  </testcase> <!-- @AfterMethod takeScreenshotOnFailure -->
  <testcase classname="Core.AlertsandNotifications.AlertsNotificationManagement_TestClass" name="@BeforeMethod setupTest" time="-1.745317445098E9">
    <skipped/>
  </testcase> <!-- @BeforeMethod setupTest -->
  <testcase classname="Core.AlertsandNotifications.AlertsNotificationManagement_TestClass" name="@AfterMethod takeScreenshotOnFailure" time="-1.7453174451E9">
    <skipped/>
  </testcase> <!-- @AfterMethod takeScreenshotOnFailure -->
  <testcase classname="Core.AlertsandNotifications.AlertsNotificationManagement_TestClass" name="@BeforeMethod setupTest" time="-1.745317445103E9">
    <skipped/>
  </testcase> <!-- @BeforeMethod setupTest -->
  <testcase classname="Core.AlertsandNotifications.AlertsNotificationManagement_TestClass" name="@AfterMethod takeScreenshotOnFailure" time="-1.745317445105E9">
    <skipped/>
  </testcase> <!-- @AfterMethod takeScreenshotOnFailure -->
  <testcase classname="Core.AlertsandNotifications.AlertsNotificationManagement_TestClass" name="@BeforeMethod setupTest" time="-1.745317445106E9">
    <skipped/>
  </testcase> <!-- @BeforeMethod setupTest -->
  <testcase classname="Core.AlertsandNotifications.AlertsNotificationManagement_TestClass" name="@AfterMethod takeScreenshotOnFailure" time="-1.74531744511E9">
    <skipped/>
  </testcase> <!-- @AfterMethod takeScreenshotOnFailure -->
  <testcase classname="Core.AlertsandNotifications.AlertsNotificationManagement_TestClass" name="@BeforeMethod setupTest" time="-1.745317445111E9">
    <skipped/>
  </testcase> <!-- @BeforeMethod setupTest -->
  <testcase classname="Core.AlertsandNotifications.AlertsNotificationManagement_TestClass" name="@AfterMethod takeScreenshotOnFailure" time="-1.745317445116E9">
    <skipped/>
  </testcase> <!-- @AfterMethod takeScreenshotOnFailure -->
  <testcase classname="Core.AlertsandNotifications.AlertsNotificationManagement_TestClass" name="@BeforeMethod setupTest" time="-1.745317445117E9">
    <skipped/>
  </testcase> <!-- @BeforeMethod setupTest -->
  <testcase classname="Core.AlertsandNotifications.AlertsNotificationManagement_TestClass" name="@AfterMethod takeScreenshotOnFailure" time="-1.74531744512E9">
    <skipped/>
  </testcase> <!-- @AfterMethod takeScreenshotOnFailure -->
  <testcase classname="Core.AlertsandNotifications.AlertsNotificationManagement_TestClass" name="@BeforeMethod setupTest" time="-1.745317445121E9">
    <skipped/>
  </testcase> <!-- @BeforeMethod setupTest -->
  <testcase classname="Core.AlertsandNotifications.AlertsNotificationManagement_TestClass" name="@AfterMethod takeScreenshotOnFailure" time="-1.745317445123E9">
    <skipped/>
  </testcase> <!-- @AfterMethod takeScreenshotOnFailure -->
  <testcase classname="Core.AlertsandNotifications.AlertsNotificationManagement_TestClass" name="@BeforeMethod setupTest" time="-1.745317445125E9">
    <skipped/>
  </testcase> <!-- @BeforeMethod setupTest -->
  <testcase classname="Core.AlertsandNotifications.AlertsNotificationManagement_TestClass" name="@AfterMethod takeScreenshotOnFailure" time="-1.745317445127E9">
    <skipped/>
  </testcase> <!-- @AfterMethod takeScreenshotOnFailure -->
  <testcase classname="Core.AlertsandNotifications.AlertsNotificationManagement_TestClass" name="@BeforeMethod setupTest" time="-1.745317445128E9">
    <skipped/>
  </testcase> <!-- @BeforeMethod setupTest -->
  <testcase classname="Core.AlertsandNotifications.AlertsNotificationManagement_TestClass" name="@AfterMethod takeScreenshotOnFailure" time="-1.74531744514E9">
    <skipped/>
  </testcase> <!-- @AfterMethod takeScreenshotOnFailure -->
  <testcase classname="Core.AlertsandNotifications.AlertsNotificationManagement_TestClass" name="@BeforeMethod setupTest" time="-1.745317445141E9">
    <skipped/>
  </testcase> <!-- @BeforeMethod setupTest -->
  <testcase classname="Core.AlertsandNotifications.AlertsNotificationManagement_TestClass" name="@AfterMethod takeScreenshotOnFailure" time="-1.745317445145E9">
    <skipped/>
  </testcase> <!-- @AfterMethod takeScreenshotOnFailure -->
  <testcase classname="Core.AlertsandNotifications.AlertsNotificationManagement_TestClass" name="@BeforeMethod setupTest" time="-1.745317445146E9">
    <skipped/>
  </testcase> <!-- @BeforeMethod setupTest -->
  <testcase classname="Core.AlertsandNotifications.AlertsNotificationManagement_TestClass" name="@AfterMethod takeScreenshotOnFailure" time="-1.745317445147E9">
    <skipped/>
  </testcase> <!-- @AfterMethod takeScreenshotOnFailure -->
  <testcase classname="Core.AlertsandNotifications.AlertsNotificationManagement_TestClass" name="@BeforeMethod setupTest" time="-1.745317445148E9">
    <skipped/>
  </testcase> <!-- @BeforeMethod setupTest -->
  <testcase classname="Core.AlertsandNotifications.AlertsNotificationManagement_TestClass" name="@AfterMethod takeScreenshotOnFailure" time="-1.745317445152E9">
    <skipped/>
  </testcase> <!-- @AfterMethod takeScreenshotOnFailure -->
  <testcase classname="Core.AlertsandNotifications.AlertsNotificationManagement_TestClass" name="@BeforeMethod setupTest" time="-1.745317445153E9">
    <skipped/>
  </testcase> <!-- @BeforeMethod setupTest -->
  <testcase classname="Core.AlertsandNotifications.AlertsNotificationManagement_TestClass" name="@AfterMethod takeScreenshotOnFailure" time="-1.745317445163E9">
    <skipped/>
  </testcase> <!-- @AfterMethod takeScreenshotOnFailure -->
  <testcase classname="Core.AlertsandNotifications.AlertsNotificationManagement_TestClass" name="@BeforeMethod setupTest" time="-1.745317445164E9">
    <skipped/>
  </testcase> <!-- @BeforeMethod setupTest -->
  <testcase classname="Core.AlertsandNotifications.AlertsNotificationManagement_TestClass" name="@AfterMethod takeScreenshotOnFailure" time="-1.745317445168E9">
    <skipped/>
  </testcase> <!-- @AfterMethod takeScreenshotOnFailure -->
  <testcase classname="Core.AlertsandNotifications.AlertsNotificationManagement_TestClass" name="@BeforeMethod setupTest" time="-1.745317445169E9">
    <skipped/>
  </testcase> <!-- @BeforeMethod setupTest -->
  <testcase classname="Core.AlertsandNotifications.AlertsNotificationManagement_TestClass" name="@AfterMethod takeScreenshotOnFailure" time="-1.74531744517E9">
    <skipped/>
  </testcase> <!-- @AfterMethod takeScreenshotOnFailure -->
  <testcase classname="Core.AlertsandNotifications.AlertsNotificationManagement_TestClass" name="@BeforeMethod setupTest" time="-1.745317445171E9">
    <skipped/>
  </testcase> <!-- @BeforeMethod setupTest -->
  <testcase classname="Core.AlertsandNotifications.AlertsNotificationManagement_TestClass" name="@AfterMethod takeScreenshotOnFailure" time="-1.745317445173E9">
    <skipped/>
  </testcase> <!-- @AfterMethod takeScreenshotOnFailure -->
  <testcase classname="Core.AlertsandNotifications.AlertsNotificationManagement_TestClass" name="@BeforeMethod setupTest" time="-1.745317445305E9">
    <skipped/>
  </testcase> <!-- @BeforeMethod setupTest -->
  <testcase classname="Core.AlertsandNotifications.AlertsNotificationManagement_TestClass" name="@AfterMethod takeScreenshotOnFailure" time="-1.745317445307E9">
    <skipped/>
  </testcase> <!-- @AfterMethod takeScreenshotOnFailure -->
  <testcase classname="Core.AlertsandNotifications.AlertsNotificationManagement_TestClass" name="@BeforeMethod setupTest" time="-1.745317445308E9">
    <skipped/>
  </testcase> <!-- @BeforeMethod setupTest -->
  <testcase classname="Core.AlertsandNotifications.AlertsNotificationManagement_TestClass" name="@AfterMethod takeScreenshotOnFailure" time="-1.745317445309E9">
    <skipped/>
  </testcase> <!-- @AfterMethod takeScreenshotOnFailure -->
  <testcase classname="Core.AlertsandNotifications.AlertsNotificationManagement_TestClass" name="@AfterClass afterEachTest" time="-1.74531744531E9">
    <skipped/>
  </testcase> <!-- @AfterClass afterEachTest -->
  <testcase classname="Core.AlertsandNotifications.AlertsPlaceholderManagement_TestClass" name="Access_Alerts_and_Notifications" time="0.019">
    <failure type="java.lang.IllegalArgumentException" message="Input must be set">
      <![CDATA[java.lang.IllegalArgumentException: Input must be set
at org.openqa.selenium.internal.Require.nonNull(Require.java:60)
at org.openqa.selenium.support.ui.FluentWait.<init>(FluentWait.java:94)
at org.openqa.selenium.support.ui.WebDriverWait.<init>(WebDriverWait.java:74)
at org.openqa.selenium.support.ui.WebDriverWait.<init>(WebDriverWait.java:43)
at Core.AlertsandNotifications.AlertsPlaceholderManagement_MainClass.clickOnAlertsAndNotifications(AlertsPlaceholderManagement_MainClass.java:63)
at Core.AlertsandNotifications.AlertsPlaceholderManagement_TestClass.Access_Alerts_and_Notifications(AlertsPlaceholderManagement_TestClass.java:126)
at java.base/java.util.ArrayList.forEach(ArrayList.java:1511)
... Removed 27 stack frames]]>
    </failure>
  </testcase> <!-- Access_Alerts_and_Notifications -->
  <testcase classname="Core.AlertsandNotifications.AlertsPlaceholderManagement_TestClass" name="Access_Placeholder_Management" time="0.0">
    <skipped/>
  </testcase> <!-- Access_Placeholder_Management -->
  <testcase classname="Core.AlertsandNotifications.AlertsPlaceholderManagement_TestClass" name="Insert_New_Entry_All_Valid_Fields" time="0.0">
    <skipped/>
  </testcase> <!-- Insert_New_Entry_All_Valid_Fields -->
  <testcase classname="Core.AlertsandNotifications.AlertsPlaceholderManagement_TestClass" name="Paginate_to_Next_Page" time="0.0">
    <skipped/>
  </testcase> <!-- Paginate_to_Next_Page -->
  <testcase classname="Core.AlertsandNotifications.AlertsPlaceholderManagement_TestClass" name="Paginate_to_Previous_Page" time="0.0">
    <skipped/>
  </testcase> <!-- Paginate_to_Previous_Page -->
  <testcase classname="Core.AlertsandNotifications.AlertsPlaceholderManagement_TestClass" name="Pagination_Controls_Display" time="0.0">
    <skipped/>
  </testcase> <!-- Pagination_Controls_Display -->
  <testcase classname="Core.AlertsandNotifications.AlertsPlaceholderManagement_TestClass" name="Search_Placeholder" time="0.0">
    <skipped/>
  </testcase> <!-- Search_Placeholder -->
  <testcase classname="Core.AlertsandNotifications.AlertsPlaceholderManagement_TestClass" name="Successful_Login" time="0.0">
    <skipped/>
  </testcase> <!-- Successful_Login -->
  <testcase classname="Core.AlertsandNotifications.AlertsTemplateManagement_TestClass" name="Access_Alerts_and_Notifications_Page" time="0.004">
    <failure type="java.lang.IllegalArgumentException" message="Input must be set">
      <![CDATA[java.lang.IllegalArgumentException: Input must be set
at org.openqa.selenium.internal.Require.nonNull(Require.java:60)
at org.openqa.selenium.support.ui.FluentWait.<init>(FluentWait.java:94)
at org.openqa.selenium.support.ui.WebDriverWait.<init>(WebDriverWait.java:74)
at org.openqa.selenium.support.ui.WebDriverWait.<init>(WebDriverWait.java:43)
at Core.AlertsandNotifications.AlertsTemplateManagement_MainClass.clickOnAlertsAndNotifications(AlertsTemplateManagement_MainClass.java:62)
at Core.AlertsandNotifications.AlertsTemplateManagement_TestClass.Access_Alerts_and_Notifications_Page(AlertsTemplateManagement_TestClass.java:102)
at java.base/java.util.ArrayList.forEach(ArrayList.java:1511)
... Removed 27 stack frames]]>
    </failure>
  </testcase> <!-- Access_Alerts_and_Notifications_Page -->
  <testcase classname="Core.AlertsandNotifications.AlertsTemplateManagement_TestClass" name="Add_New_Template" time="0.0">
    <skipped/>
  </testcase> <!-- Add_New_Template -->
  <testcase classname="Core.AlertsandNotifications.AlertsTemplateManagement_TestClass" name="Additional_Fields_for_Email_or_Notice" time="0.0">
    <skipped/>
  </testcase> <!-- Additional_Fields_for_Email_or_Notice -->
  <testcase classname="Core.AlertsandNotifications.AlertsTemplateManagement_TestClass" name="Clear_Input_Field_Test" time="0.0">
    <skipped/>
  </testcase> <!-- Clear_Input_Field_Test -->
  <testcase classname="Core.AlertsandNotifications.AlertsTemplateManagement_TestClass" name="Display_Alerts_and_Notifications_Menu_Option" time="0.0">
    <skipped/>
  </testcase> <!-- Display_Alerts_and_Notifications_Menu_Option -->
  <testcase classname="Core.AlertsandNotifications.AlertsTemplateManagement_TestClass" name="Display_Template_Details_Table" time="0.0">
    <skipped/>
  </testcase> <!-- Display_Template_Details_Table -->
  <testcase classname="Core.AlertsandNotifications.AlertsTemplateManagement_TestClass" name="Edit_Existing_Template" time="0.0">
    <skipped/>
  </testcase> <!-- Edit_Existing_Template -->
  <testcase classname="Core.AlertsandNotifications.AlertsTemplateManagement_TestClass" name="Interact_with_Template_Management_Fields" time="0.0">
    <skipped/>
  </testcase> <!-- Interact_with_Template_Management_Fields -->
  <testcase classname="Core.AlertsandNotifications.AlertsTemplateManagement_TestClass" name="Navigate_to_Template_Management" time="0.0">
    <skipped/>
  </testcase> <!-- Navigate_to_Template_Management -->
  <testcase classname="Core.AlertsandNotifications.AlertsTemplateManagement_TestClass" name="SMS_Template_Body_Character_Limit" time="0.0">
    <skipped/>
  </testcase> <!-- SMS_Template_Body_Character_Limit -->
  <testcase classname="Core.AlertsandNotifications.AlertsTemplateManagement_TestClass" name="Save_New_Template" time="0.0">
    <skipped/>
  </testcase> <!-- Save_New_Template -->
  <testcase classname="Core.AlertsandNotifications.AlertsTemplateManagement_TestClass" name="Test_Login_with_Valid_Credentials" time="0.0">
    <skipped/>
  </testcase> <!-- Test_Login_with_Valid_Credentials -->
  <testcase classname="Core.AlertsandNotifications.AlertsTemplateManagement_TestClass" name="Test_Template_Pagination" time="0.0">
    <skipped/>
  </testcase> <!-- Test_Template_Pagination -->
  <testcase classname="Core.AlertsandNotifications.AlertsTemplateManagement_TestClass" name="View_Template_Details" time="0.0">
    <skipped/>
  </testcase> <!-- View_Template_Details -->
  <testcase classname="Core.AlertsandNotifications.AlertsTemplateManagement_TestClass" name="View_Template_History" time="0.0">
    <skipped/>
  </testcase> <!-- View_Template_History -->
  <testcase classname="Core.AlertsandNotifications.AlertsNotificationManagement_TestClass" name="Access_Alerts_and_Notifications_Page" time="0.001">
    <failure type="java.lang.IllegalArgumentException" message="Input must be set">
      <![CDATA[java.lang.IllegalArgumentException: Input must be set
at org.openqa.selenium.internal.Require.nonNull(Require.java:60)
at org.openqa.selenium.support.ui.FluentWait.<init>(FluentWait.java:94)
at org.openqa.selenium.support.ui.WebDriverWait.<init>(WebDriverWait.java:74)
at org.openqa.selenium.support.ui.WebDriverWait.<init>(WebDriverWait.java:43)
at Core.AlertsandNotifications.AlertsNotificationManagement_MainClass.clickOnAlertsAndNotifications(AlertsNotificationManagement_MainClass.java:59)
at Core.AlertsandNotifications.AlertsNotificationManagement_TestClass.Access_Alerts_and_Notifications_Page(AlertsNotificationManagement_TestClass.java:100)
at java.base/java.util.ArrayList.forEach(ArrayList.java:1511)
... Removed 27 stack frames]]>
    </failure>
  </testcase> <!-- Access_Alerts_and_Notifications_Page -->
  <testcase classname="Core.AlertsandNotifications.AlertsNotificationManagement_TestClass" name="Display_Alerts_and_Notifications_Menu_Option" time="0.0">
    <skipped/>
  </testcase> <!-- Display_Alerts_and_Notifications_Menu_Option -->
  <testcase classname="Core.AlertsandNotifications.AlertsNotificationManagement_TestClass" name="Test_Login_with_Valid_Credentials" time="0.0">
    <skipped/>
  </testcase> <!-- Test_Login_with_Valid_Credentials -->
  <testcase classname="Core.AlertsandNotifications.AlertsNotificationManagement_TestClass" name="Verify_Category_Fields" time="0.0">
    <skipped/>
  </testcase> <!-- Verify_Category_Fields -->
  <testcase classname="Core.AlertsandNotifications.AlertsNotificationManagement_TestClass" name="Verify_Configure_Button_Click" time="0.0">
    <skipped/>
  </testcase> <!-- Verify_Configure_Button_Click -->
  <testcase classname="Core.AlertsandNotifications.AlertsNotificationManagement_TestClass" name="Verify_Day_of_Month_Column_Display" time="0.0">
    <skipped/>
  </testcase> <!-- Verify_Day_of_Month_Column_Display -->
  <testcase classname="Core.AlertsandNotifications.AlertsNotificationManagement_TestClass" name="Verify_Day_of_Week_Column_Display" time="0.0">
    <skipped/>
  </testcase> <!-- Verify_Day_of_Week_Column_Display -->
  <testcase classname="Core.AlertsandNotifications.AlertsNotificationManagement_TestClass" name="Verify_Edit_Button_Functionality" time="0.0">
    <skipped/>
  </testcase> <!-- Verify_Edit_Button_Functionality -->
  <testcase classname="Core.AlertsandNotifications.AlertsNotificationManagement_TestClass" name="Verify_Notification_Management_Menu_Display" time="0.0">
    <skipped/>
  </testcase> <!-- Verify_Notification_Management_Menu_Display -->
  <testcase classname="Core.AlertsandNotifications.AlertsNotificationManagement_TestClass" name="Verify_Notification_Management_Type_Fields" time="0.0">
    <skipped/>
  </testcase> <!-- Verify_Notification_Management_Type_Fields -->
  <testcase classname="Core.AlertsandNotifications.AlertsNotificationManagement_TestClass" name="Verify_Recurrence_Column_Display" time="0.0">
    <skipped/>
  </testcase> <!-- Verify_Recurrence_Column_Display -->
  <testcase classname="Core.AlertsandNotifications.AlertsNotificationManagement_TestClass" name="Verify_Schedule_End_Column_Display" time="0.0">
    <skipped/>
  </testcase> <!-- Verify_Schedule_End_Column_Display -->
  <testcase classname="Core.AlertsandNotifications.AlertsNotificationManagement_TestClass" name="Verify_Schedule_Start_Column_Display" time="0.0">
    <skipped/>
  </testcase> <!-- Verify_Schedule_Start_Column_Display -->
  <testcase classname="Core.AlertsandNotifications.AlertsNotificationManagement_TestClass" name="Verify_Schedule_Type_Column_Display" time="0.0">
    <skipped/>
  </testcase> <!-- Verify_Schedule_Type_Column_Display -->
  <testcase classname="Core.AlertsandNotifications.AlertsNotificationManagement_TestClass" name="Verify_Schedule_Type_Fields" time="0.0">
    <skipped/>
  </testcase> <!-- Verify_Schedule_Type_Fields -->
  <testcase classname="Core.AlertsandNotifications.AlertsNotificationManagement_TestClass" name="Verify_Status_Column_Display" time="0.0">
    <skipped/>
  </testcase> <!-- Verify_Status_Column_Display -->
  <testcase classname="Core.AlertsandNotifications.AlertsNotificationManagement_TestClass" name="Verify_Status_Fields" time="0.0">
    <skipped/>
  </testcase> <!-- Verify_Status_Fields -->
  <testcase classname="Core.AlertsandNotifications.AlertsNotificationManagement_TestClass" name="Verify_Template_Name_Column_Display" time="0.0">
    <skipped/>
  </testcase> <!-- Verify_Template_Name_Column_Display -->
  <testcase classname="Core.AlertsandNotifications.AlertsNotificationManagement_TestClass" name="Verify_Time_Column_Display" time="0.0">
    <skipped/>
  </testcase> <!-- Verify_Time_Column_Display -->
  <testcase classname="Core.AlertsandNotifications.AlertsNotificationManagement_TestClass" name="Verify_UI_Elements_Presence" time="0.0">
    <skipped/>
  </testcase> <!-- Verify_UI_Elements_Presence -->
  <testcase classname="Core.AlertsandNotifications.AlertsNotificationManagement_TestClass" name="Verify_the_functionality_of_cross_button_in_input_fields" time="0.0">
    <skipped/>
  </testcase> <!-- Verify_the_functionality_of_cross_button_in_input_fields -->
  <testcase classname="Core.AlertsandNotifications.AlertsNotificationManagement_TestClass" name="Verify_the_functionality_of_search_button" time="0.0">
    <skipped/>
  </testcase> <!-- Verify_the_functionality_of_search_button -->
  <testcase classname="Core.AlertsandNotifications.AlertsNotificationManagement_TestClass" name="Verify_the_pagination" time="0.0">
    <skipped/>
  </testcase> <!-- Verify_the_pagination -->
</testsuite> <!-- Alerts module -->
