<html>
<head>
<title>TestNG:  Alerts module</title>
<link href="../testng.css" rel="stylesheet" type="text/css" />
<link href="../my-testng.css" rel="stylesheet" type="text/css" />

<style type="text/css">
.log { display: none;} 
.stack-trace { display: none;} 
</style>
<script type="text/javascript">
<!--
function flip(e) {
  current = e.style.display;
  if (current == 'block') {
    e.style.display = 'none';
    return 0;
  }
  else {
    e.style.display = 'block';
    return 1;
  }
}

function toggleBox(szDivId, elem, msg1, msg2)
{
  var res = -1;  if (document.getElementById) {
    res = flip(document.getElementById(szDivId));
  }
  else if (document.all) {
    // this is the way old msie versions work
    res = flip(document.all[szDivId]);
  }
  if(elem) {
    if(res == 0) elem.innerHTML = msg1; else elem.innerHTML = msg2;
  }

}

function toggleAllBoxes() {
  if (document.getElementsByTagName) {
    d = document.getElementsByTagName('div');
    for (i = 0; i < d.length; i++) {
      if (d[i].className == 'log') {
        flip(d[i]);
      }
    }
  }
}

// -->
</script>

</head>
<body>
<h2 align='center'>Alerts module</h2><table border='1' align="center">
<tr>
<td>Tests passed/Failed/Skipped:</td><td>0/3/43</td>
</tr><tr>
<td>Started on:</td><td>Tue Apr 22 15:54:02 IST 2025</td>
</tr>
<tr><td>Total time:</td><td>2 seconds (2636 ms)</td>
</tr><tr>
<td>Included groups:</td><td></td>
</tr><tr>
<td>Excluded groups:</td><td></td>
</tr>
</table><p/>
<small><i>(Hover the method name to see the test class name)</i></small><p/>
<table width='100%' border='1' class='invocation-failed'>
<tr><td colspan='4' align='center'><b>FAILED CONFIGURATIONS</b></td></tr>
<tr><td><b>Test method</b></td>
<td width="30%"><b>Exception</b></td>
<td width="10%"><b>Time (seconds)</b></td>
<td><b>Instance</b></td>
</tr>
<tr>
<td title='Core.AlertsandNotifications.AlertsPlaceholderManagement_TestClass.takeScreenshotOnFailure()'><b>takeScreenshotOnFailure</b><br>Test class: Core.AlertsandNotifications.AlertsPlaceholderManagement_TestClass<br>Parameters: [TestResult name=Access_Alerts_and_Notifications status=FAILURE method=AlertsPlaceholderManagement_TestClass.Access_Alerts_and_Notifications()[pri:3, instance:Core.AlertsandNotifications.AlertsPlaceholderManagement_TestClass@49e53c76] output={null}]</td>
<td><div><pre>java.lang.NullPointerException: Cannot invoke &quot;org.openqa.selenium.TakesScreenshot.getScreenshotAs(org.openqa.selenium.OutputType)&quot; because &quot;screenshot&quot; is null
	at com.Utility.ScreenShot.takeScreenShot(ScreenShot.java:29)
	at Core.AlertsandNotifications.AlertsPlaceholderManagement_TestClass.takeScreenshotOnFailure(AlertsPlaceholderManagement_TestClass.java:252)
	at java.base/java.util.ArrayList.forEach(ArrayList.java:1511)
... Removed 32 stack frames</pre></div><a href='#' onClick='toggleBox("stack-trace1859153769", this, "Click to show all stack frames", "Click to hide stack frames")'>Click to show all stack frames</a>
<div class='stack-trace' id='stack-trace1859153769'><pre>java.lang.NullPointerException: Cannot invoke &quot;org.openqa.selenium.TakesScreenshot.getScreenshotAs(org.openqa.selenium.OutputType)&quot; because &quot;screenshot&quot; is null
	at com.Utility.ScreenShot.takeScreenShot(ScreenShot.java:29)
	at Core.AlertsandNotifications.AlertsPlaceholderManagement_TestClass.takeScreenshotOnFailure(AlertsPlaceholderManagement_TestClass.java:252)
	at java.base/jdk.internal.reflect.NativeMethodAccessorImpl.invoke0(Native Method)
	at java.base/jdk.internal.reflect.NativeMethodAccessorImpl.invoke(NativeMethodAccessorImpl.java:77)
	at java.base/jdk.internal.reflect.DelegatingMethodAccessorImpl.invoke(DelegatingMethodAccessorImpl.java:43)
	at java.base/java.lang.reflect.Method.invoke(Method.java:568)
	at org.testng.internal.MethodInvocationHelper.invokeMethod(MethodInvocationHelper.java:132)
	at org.testng.internal.MethodInvocationHelper.invokeMethodConsideringTimeout(MethodInvocationHelper.java:61)
	at org.testng.internal.ConfigInvoker.invokeConfigurationMethod(ConfigInvoker.java:366)
	at org.testng.internal.ConfigInvoker.invokeConfigurations(ConfigInvoker.java:320)
	at org.testng.internal.TestInvoker.runConfigMethods(TestInvoker.java:701)
	at org.testng.internal.TestInvoker.runAfterGroupsConfigurations(TestInvoker.java:677)
	at org.testng.internal.TestInvoker.invokeMethod(TestInvoker.java:661)
	at org.testng.internal.TestInvoker.invokeTestMethod(TestInvoker.java:174)
	at org.testng.internal.MethodRunner.runInSequence(MethodRunner.java:46)
	at org.testng.internal.TestInvoker$MethodInvocationAgent.invoke(TestInvoker.java:822)
	at org.testng.internal.TestInvoker.invokeTestMethods(TestInvoker.java:147)
	at org.testng.internal.TestMethodWorker.invokeTestMethods(TestMethodWorker.java:146)
	at org.testng.internal.TestMethodWorker.run(TestMethodWorker.java:128)
	at java.base/java.util.ArrayList.forEach(ArrayList.java:1511)
	at org.testng.TestRunner.privateRun(TestRunner.java:764)
	at org.testng.TestRunner.run(TestRunner.java:585)
	at org.testng.SuiteRunner.runTest(SuiteRunner.java:384)
	at org.testng.SuiteRunner.runSequentially(SuiteRunner.java:378)
	at org.testng.SuiteRunner.privateRun(SuiteRunner.java:337)
	at org.testng.SuiteRunner.run(SuiteRunner.java:286)
	at org.testng.SuiteRunnerWorker.runSuite(SuiteRunnerWorker.java:53)
	at org.testng.SuiteRunnerWorker.run(SuiteRunnerWorker.java:96)
	at org.testng.TestNG.runSuitesSequentially(TestNG.java:1218)
	at org.testng.TestNG.runSuitesLocally(TestNG.java:1140)
	at org.testng.TestNG.runSuites(TestNG.java:1069)
	at org.testng.TestNG.run(TestNG.java:1037)
	at org.testng.remote.AbstractRemoteTestNG.run(AbstractRemoteTestNG.java:115)
	at org.testng.remote.RemoteTestNG.initAndRun(RemoteTestNG.java:293)
	at org.testng.remote.RemoteTestNG.main(RemoteTestNG.java:91)
</pre></div></td>
<td>0</td>
<td>Core.AlertsandNotifications.AlertsPlaceholderManagement_TestClass@49e53c76</td></tr>
<tr>
<td title='Core.AlertsandNotifications.AlertsTemplateManagement_TestClass.takeScreenshotOnFailure()'><b>takeScreenshotOnFailure</b><br>Test class: Core.AlertsandNotifications.AlertsTemplateManagement_TestClass<br>Parameters: [TestResult name=Access_Alerts_and_Notifications_Page status=FAILURE method=AlertsTemplateManagement_TestClass.Access_Alerts_and_Notifications_Page()[pri:3, instance:Core.AlertsandNotifications.AlertsTemplateManagement_TestClass@351d00c0] output={null}]</td>
<td><div><pre>java.lang.NullPointerException: Cannot invoke &quot;org.openqa.selenium.TakesScreenshot.getScreenshotAs(org.openqa.selenium.OutputType)&quot; because &quot;screenshot&quot; is null
	at com.Utility.ScreenShot.takeScreenShot(ScreenShot.java:29)
	at Core.AlertsandNotifications.AlertsTemplateManagement_TestClass.takeScreenshotOnFailure(AlertsTemplateManagement_TestClass.java:394)
	at java.base/java.util.ArrayList.forEach(ArrayList.java:1511)
... Removed 32 stack frames</pre></div><a href='#' onClick='toggleBox("stack-trace1081344572", this, "Click to show all stack frames", "Click to hide stack frames")'>Click to show all stack frames</a>
<div class='stack-trace' id='stack-trace1081344572'><pre>java.lang.NullPointerException: Cannot invoke &quot;org.openqa.selenium.TakesScreenshot.getScreenshotAs(org.openqa.selenium.OutputType)&quot; because &quot;screenshot&quot; is null
	at com.Utility.ScreenShot.takeScreenShot(ScreenShot.java:29)
	at Core.AlertsandNotifications.AlertsTemplateManagement_TestClass.takeScreenshotOnFailure(AlertsTemplateManagement_TestClass.java:394)
	at java.base/jdk.internal.reflect.NativeMethodAccessorImpl.invoke0(Native Method)
	at java.base/jdk.internal.reflect.NativeMethodAccessorImpl.invoke(NativeMethodAccessorImpl.java:77)
	at java.base/jdk.internal.reflect.DelegatingMethodAccessorImpl.invoke(DelegatingMethodAccessorImpl.java:43)
	at java.base/java.lang.reflect.Method.invoke(Method.java:568)
	at org.testng.internal.MethodInvocationHelper.invokeMethod(MethodInvocationHelper.java:132)
	at org.testng.internal.MethodInvocationHelper.invokeMethodConsideringTimeout(MethodInvocationHelper.java:61)
	at org.testng.internal.ConfigInvoker.invokeConfigurationMethod(ConfigInvoker.java:366)
	at org.testng.internal.ConfigInvoker.invokeConfigurations(ConfigInvoker.java:320)
	at org.testng.internal.TestInvoker.runConfigMethods(TestInvoker.java:701)
	at org.testng.internal.TestInvoker.runAfterGroupsConfigurations(TestInvoker.java:677)
	at org.testng.internal.TestInvoker.invokeMethod(TestInvoker.java:661)
	at org.testng.internal.TestInvoker.invokeTestMethod(TestInvoker.java:174)
	at org.testng.internal.MethodRunner.runInSequence(MethodRunner.java:46)
	at org.testng.internal.TestInvoker$MethodInvocationAgent.invoke(TestInvoker.java:822)
	at org.testng.internal.TestInvoker.invokeTestMethods(TestInvoker.java:147)
	at org.testng.internal.TestMethodWorker.invokeTestMethods(TestMethodWorker.java:146)
	at org.testng.internal.TestMethodWorker.run(TestMethodWorker.java:128)
	at java.base/java.util.ArrayList.forEach(ArrayList.java:1511)
	at org.testng.TestRunner.privateRun(TestRunner.java:764)
	at org.testng.TestRunner.run(TestRunner.java:585)
	at org.testng.SuiteRunner.runTest(SuiteRunner.java:384)
	at org.testng.SuiteRunner.runSequentially(SuiteRunner.java:378)
	at org.testng.SuiteRunner.privateRun(SuiteRunner.java:337)
	at org.testng.SuiteRunner.run(SuiteRunner.java:286)
	at org.testng.SuiteRunnerWorker.runSuite(SuiteRunnerWorker.java:53)
	at org.testng.SuiteRunnerWorker.run(SuiteRunnerWorker.java:96)
	at org.testng.TestNG.runSuitesSequentially(TestNG.java:1218)
	at org.testng.TestNG.runSuitesLocally(TestNG.java:1140)
	at org.testng.TestNG.runSuites(TestNG.java:1069)
	at org.testng.TestNG.run(TestNG.java:1037)
	at org.testng.remote.AbstractRemoteTestNG.run(AbstractRemoteTestNG.java:115)
	at org.testng.remote.RemoteTestNG.initAndRun(RemoteTestNG.java:293)
	at org.testng.remote.RemoteTestNG.main(RemoteTestNG.java:91)
</pre></div></td>
<td>0</td>
<td>Core.AlertsandNotifications.AlertsTemplateManagement_TestClass@351d00c0</td></tr>
<tr>
<td title='Core.AlertsandNotifications.AlertsNotificationManagement_TestClass.takeScreenshotOnFailure()'><b>takeScreenshotOnFailure</b><br>Test class: Core.AlertsandNotifications.AlertsNotificationManagement_TestClass<br>Parameters: [TestResult name=Access_Alerts_and_Notifications_Page status=FAILURE method=AlertsNotificationManagement_TestClass.Access_Alerts_and_Notifications_Page()[pri:3, instance:Core.AlertsandNotifications.AlertsNotificationManagement_TestClass@2a3b5b47] output={null}]</td>
<td><div><pre>java.lang.NullPointerException: Cannot invoke &quot;org.openqa.selenium.TakesScreenshot.getScreenshotAs(org.openqa.selenium.OutputType)&quot; because &quot;screenshot&quot; is null
	at com.Utility.ScreenShot.takeScreenShot(ScreenShot.java:29)
	at Core.AlertsandNotifications.AlertsNotificationManagement_TestClass.takeScreenshotOnFailure(AlertsNotificationManagement_TestClass.java:483)
	at java.base/java.util.ArrayList.forEach(ArrayList.java:1511)
... Removed 32 stack frames</pre></div><a href='#' onClick='toggleBox("stack-trace455726379", this, "Click to show all stack frames", "Click to hide stack frames")'>Click to show all stack frames</a>
<div class='stack-trace' id='stack-trace455726379'><pre>java.lang.NullPointerException: Cannot invoke &quot;org.openqa.selenium.TakesScreenshot.getScreenshotAs(org.openqa.selenium.OutputType)&quot; because &quot;screenshot&quot; is null
	at com.Utility.ScreenShot.takeScreenShot(ScreenShot.java:29)
	at Core.AlertsandNotifications.AlertsNotificationManagement_TestClass.takeScreenshotOnFailure(AlertsNotificationManagement_TestClass.java:483)
	at java.base/jdk.internal.reflect.NativeMethodAccessorImpl.invoke0(Native Method)
	at java.base/jdk.internal.reflect.NativeMethodAccessorImpl.invoke(NativeMethodAccessorImpl.java:77)
	at java.base/jdk.internal.reflect.DelegatingMethodAccessorImpl.invoke(DelegatingMethodAccessorImpl.java:43)
	at java.base/java.lang.reflect.Method.invoke(Method.java:568)
	at org.testng.internal.MethodInvocationHelper.invokeMethod(MethodInvocationHelper.java:132)
	at org.testng.internal.MethodInvocationHelper.invokeMethodConsideringTimeout(MethodInvocationHelper.java:61)
	at org.testng.internal.ConfigInvoker.invokeConfigurationMethod(ConfigInvoker.java:366)
	at org.testng.internal.ConfigInvoker.invokeConfigurations(ConfigInvoker.java:320)
	at org.testng.internal.TestInvoker.runConfigMethods(TestInvoker.java:701)
	at org.testng.internal.TestInvoker.runAfterGroupsConfigurations(TestInvoker.java:677)
	at org.testng.internal.TestInvoker.invokeMethod(TestInvoker.java:661)
	at org.testng.internal.TestInvoker.invokeTestMethod(TestInvoker.java:174)
	at org.testng.internal.MethodRunner.runInSequence(MethodRunner.java:46)
	at org.testng.internal.TestInvoker$MethodInvocationAgent.invoke(TestInvoker.java:822)
	at org.testng.internal.TestInvoker.invokeTestMethods(TestInvoker.java:147)
	at org.testng.internal.TestMethodWorker.invokeTestMethods(TestMethodWorker.java:146)
	at org.testng.internal.TestMethodWorker.run(TestMethodWorker.java:128)
	at java.base/java.util.ArrayList.forEach(ArrayList.java:1511)
	at org.testng.TestRunner.privateRun(TestRunner.java:764)
	at org.testng.TestRunner.run(TestRunner.java:585)
	at org.testng.SuiteRunner.runTest(SuiteRunner.java:384)
	at org.testng.SuiteRunner.runSequentially(SuiteRunner.java:378)
	at org.testng.SuiteRunner.privateRun(SuiteRunner.java:337)
	at org.testng.SuiteRunner.run(SuiteRunner.java:286)
	at org.testng.SuiteRunnerWorker.runSuite(SuiteRunnerWorker.java:53)
	at org.testng.SuiteRunnerWorker.run(SuiteRunnerWorker.java:96)
	at org.testng.TestNG.runSuitesSequentially(TestNG.java:1218)
	at org.testng.TestNG.runSuitesLocally(TestNG.java:1140)
	at org.testng.TestNG.runSuites(TestNG.java:1069)
	at org.testng.TestNG.run(TestNG.java:1037)
	at org.testng.remote.AbstractRemoteTestNG.run(AbstractRemoteTestNG.java:115)
	at org.testng.remote.RemoteTestNG.initAndRun(RemoteTestNG.java:293)
	at org.testng.remote.RemoteTestNG.main(RemoteTestNG.java:91)
</pre></div></td>
<td>0</td>
<td>Core.AlertsandNotifications.AlertsNotificationManagement_TestClass@2a3b5b47</td></tr>
</table><p>
<table width='100%' border='1' class='invocation-skipped'>
<tr><td colspan='4' align='center'><b>SKIPPED CONFIGURATIONS</b></td></tr>
<tr><td><b>Test method</b></td>
<td width="30%"><b>Exception</b></td>
<td width="10%"><b>Time (seconds)</b></td>
<td><b>Instance</b></td>
</tr>
<tr>
<td title='Core.AlertsandNotifications.AlertsPlaceholderManagement_TestClass.setupTest()'><b>setupTest</b><br>Test class: Core.AlertsandNotifications.AlertsPlaceholderManagement_TestClass</td>
<td></td>
<td>-1745317444</td>
<td>Core.AlertsandNotifications.AlertsPlaceholderManagement_TestClass@49e53c76</td></tr>
<tr>
<td title='Core.AlertsandNotifications.AlertsPlaceholderManagement_TestClass.setupTest()'><b>setupTest</b><br>Test class: Core.AlertsandNotifications.AlertsPlaceholderManagement_TestClass</td>
<td></td>
<td>-1745317444</td>
<td>Core.AlertsandNotifications.AlertsPlaceholderManagement_TestClass@49e53c76</td></tr>
<tr>
<td title='Core.AlertsandNotifications.AlertsPlaceholderManagement_TestClass.setupTest()'><b>setupTest</b><br>Test class: Core.AlertsandNotifications.AlertsPlaceholderManagement_TestClass</td>
<td></td>
<td>-1745317444</td>
<td>Core.AlertsandNotifications.AlertsPlaceholderManagement_TestClass@49e53c76</td></tr>
<tr>
<td title='Core.AlertsandNotifications.AlertsPlaceholderManagement_TestClass.setupTest()'><b>setupTest</b><br>Test class: Core.AlertsandNotifications.AlertsPlaceholderManagement_TestClass</td>
<td></td>
<td>-1745317444</td>
<td>Core.AlertsandNotifications.AlertsPlaceholderManagement_TestClass@49e53c76</td></tr>
<tr>
<td title='Core.AlertsandNotifications.AlertsPlaceholderManagement_TestClass.setupTest()'><b>setupTest</b><br>Test class: Core.AlertsandNotifications.AlertsPlaceholderManagement_TestClass</td>
<td></td>
<td>-1745317444</td>
<td>Core.AlertsandNotifications.AlertsPlaceholderManagement_TestClass@49e53c76</td></tr>
<tr>
<td title='Core.AlertsandNotifications.AlertsPlaceholderManagement_TestClass.setupTest()'><b>setupTest</b><br>Test class: Core.AlertsandNotifications.AlertsPlaceholderManagement_TestClass</td>
<td></td>
<td>-1745317444</td>
<td>Core.AlertsandNotifications.AlertsPlaceholderManagement_TestClass@49e53c76</td></tr>
<tr>
<td title='Core.AlertsandNotifications.AlertsPlaceholderManagement_TestClass.setupTest()'><b>setupTest</b><br>Test class: Core.AlertsandNotifications.AlertsPlaceholderManagement_TestClass</td>
<td></td>
<td>-1745317444</td>
<td>Core.AlertsandNotifications.AlertsPlaceholderManagement_TestClass@49e53c76</td></tr>
<tr>
<td title='Core.AlertsandNotifications.AlertsTemplateManagement_TestClass.setupTest()'><b>setupTest</b><br>Test class: Core.AlertsandNotifications.AlertsTemplateManagement_TestClass</td>
<td></td>
<td>-1745317444</td>
<td>Core.AlertsandNotifications.AlertsTemplateManagement_TestClass@351d00c0</td></tr>
<tr>
<td title='Core.AlertsandNotifications.AlertsTemplateManagement_TestClass.setupTest()'><b>setupTest</b><br>Test class: Core.AlertsandNotifications.AlertsTemplateManagement_TestClass</td>
<td></td>
<td>-1745317444</td>
<td>Core.AlertsandNotifications.AlertsTemplateManagement_TestClass@351d00c0</td></tr>
<tr>
<td title='Core.AlertsandNotifications.AlertsTemplateManagement_TestClass.setupTest()'><b>setupTest</b><br>Test class: Core.AlertsandNotifications.AlertsTemplateManagement_TestClass</td>
<td></td>
<td>-1745317444</td>
<td>Core.AlertsandNotifications.AlertsTemplateManagement_TestClass@351d00c0</td></tr>
<tr>
<td title='Core.AlertsandNotifications.AlertsTemplateManagement_TestClass.setupTest()'><b>setupTest</b><br>Test class: Core.AlertsandNotifications.AlertsTemplateManagement_TestClass</td>
<td></td>
<td>-1745317444</td>
<td>Core.AlertsandNotifications.AlertsTemplateManagement_TestClass@351d00c0</td></tr>
<tr>
<td title='Core.AlertsandNotifications.AlertsTemplateManagement_TestClass.setupTest()'><b>setupTest</b><br>Test class: Core.AlertsandNotifications.AlertsTemplateManagement_TestClass</td>
<td></td>
<td>-1745317444</td>
<td>Core.AlertsandNotifications.AlertsTemplateManagement_TestClass@351d00c0</td></tr>
<tr>
<td title='Core.AlertsandNotifications.AlertsTemplateManagement_TestClass.setupTest()'><b>setupTest</b><br>Test class: Core.AlertsandNotifications.AlertsTemplateManagement_TestClass</td>
<td></td>
<td>-1745317444</td>
<td>Core.AlertsandNotifications.AlertsTemplateManagement_TestClass@351d00c0</td></tr>
<tr>
<td title='Core.AlertsandNotifications.AlertsTemplateManagement_TestClass.setupTest()'><b>setupTest</b><br>Test class: Core.AlertsandNotifications.AlertsTemplateManagement_TestClass</td>
<td></td>
<td>-1745317444</td>
<td>Core.AlertsandNotifications.AlertsTemplateManagement_TestClass@351d00c0</td></tr>
<tr>
<td title='Core.AlertsandNotifications.AlertsTemplateManagement_TestClass.setupTest()'><b>setupTest</b><br>Test class: Core.AlertsandNotifications.AlertsTemplateManagement_TestClass</td>
<td></td>
<td>-1745317444</td>
<td>Core.AlertsandNotifications.AlertsTemplateManagement_TestClass@351d00c0</td></tr>
<tr>
<td title='Core.AlertsandNotifications.AlertsTemplateManagement_TestClass.setupTest()'><b>setupTest</b><br>Test class: Core.AlertsandNotifications.AlertsTemplateManagement_TestClass</td>
<td></td>
<td>-1745317445</td>
<td>Core.AlertsandNotifications.AlertsTemplateManagement_TestClass@351d00c0</td></tr>
<tr>
<td title='Core.AlertsandNotifications.AlertsTemplateManagement_TestClass.setupTest()'><b>setupTest</b><br>Test class: Core.AlertsandNotifications.AlertsTemplateManagement_TestClass</td>
<td></td>
<td>-1745317445</td>
<td>Core.AlertsandNotifications.AlertsTemplateManagement_TestClass@351d00c0</td></tr>
<tr>
<td title='Core.AlertsandNotifications.AlertsTemplateManagement_TestClass.setupTest()'><b>setupTest</b><br>Test class: Core.AlertsandNotifications.AlertsTemplateManagement_TestClass</td>
<td></td>
<td>-1745317445</td>
<td>Core.AlertsandNotifications.AlertsTemplateManagement_TestClass@351d00c0</td></tr>
<tr>
<td title='Core.AlertsandNotifications.AlertsTemplateManagement_TestClass.setupTest()'><b>setupTest</b><br>Test class: Core.AlertsandNotifications.AlertsTemplateManagement_TestClass</td>
<td></td>
<td>-1745317445</td>
<td>Core.AlertsandNotifications.AlertsTemplateManagement_TestClass@351d00c0</td></tr>
<tr>
<td title='Core.AlertsandNotifications.AlertsTemplateManagement_TestClass.setupTest()'><b>setupTest</b><br>Test class: Core.AlertsandNotifications.AlertsTemplateManagement_TestClass</td>
<td></td>
<td>-1745317445</td>
<td>Core.AlertsandNotifications.AlertsTemplateManagement_TestClass@351d00c0</td></tr>
<tr>
<td title='Core.AlertsandNotifications.AlertsTemplateManagement_TestClass.setupTest()'><b>setupTest</b><br>Test class: Core.AlertsandNotifications.AlertsTemplateManagement_TestClass</td>
<td></td>
<td>-1745317445</td>
<td>Core.AlertsandNotifications.AlertsTemplateManagement_TestClass@351d00c0</td></tr>
<tr>
<td title='Core.AlertsandNotifications.AlertsNotificationManagement_TestClass.setupTest()'><b>setupTest</b><br>Test class: Core.AlertsandNotifications.AlertsNotificationManagement_TestClass</td>
<td></td>
<td>-1745317445</td>
<td>Core.AlertsandNotifications.AlertsNotificationManagement_TestClass@2a3b5b47</td></tr>
<tr>
<td title='Core.AlertsandNotifications.AlertsNotificationManagement_TestClass.setupTest()'><b>setupTest</b><br>Test class: Core.AlertsandNotifications.AlertsNotificationManagement_TestClass</td>
<td></td>
<td>-1745317445</td>
<td>Core.AlertsandNotifications.AlertsNotificationManagement_TestClass@2a3b5b47</td></tr>
<tr>
<td title='Core.AlertsandNotifications.AlertsNotificationManagement_TestClass.setupTest()'><b>setupTest</b><br>Test class: Core.AlertsandNotifications.AlertsNotificationManagement_TestClass</td>
<td></td>
<td>-1745317445</td>
<td>Core.AlertsandNotifications.AlertsNotificationManagement_TestClass@2a3b5b47</td></tr>
<tr>
<td title='Core.AlertsandNotifications.AlertsNotificationManagement_TestClass.setupTest()'><b>setupTest</b><br>Test class: Core.AlertsandNotifications.AlertsNotificationManagement_TestClass</td>
<td></td>
<td>-1745317445</td>
<td>Core.AlertsandNotifications.AlertsNotificationManagement_TestClass@2a3b5b47</td></tr>
<tr>
<td title='Core.AlertsandNotifications.AlertsNotificationManagement_TestClass.setupTest()'><b>setupTest</b><br>Test class: Core.AlertsandNotifications.AlertsNotificationManagement_TestClass</td>
<td></td>
<td>-1745317445</td>
<td>Core.AlertsandNotifications.AlertsNotificationManagement_TestClass@2a3b5b47</td></tr>
<tr>
<td title='Core.AlertsandNotifications.AlertsNotificationManagement_TestClass.setupTest()'><b>setupTest</b><br>Test class: Core.AlertsandNotifications.AlertsNotificationManagement_TestClass</td>
<td></td>
<td>-1745317445</td>
<td>Core.AlertsandNotifications.AlertsNotificationManagement_TestClass@2a3b5b47</td></tr>
<tr>
<td title='Core.AlertsandNotifications.AlertsNotificationManagement_TestClass.setupTest()'><b>setupTest</b><br>Test class: Core.AlertsandNotifications.AlertsNotificationManagement_TestClass</td>
<td></td>
<td>-1745317445</td>
<td>Core.AlertsandNotifications.AlertsNotificationManagement_TestClass@2a3b5b47</td></tr>
<tr>
<td title='Core.AlertsandNotifications.AlertsNotificationManagement_TestClass.setupTest()'><b>setupTest</b><br>Test class: Core.AlertsandNotifications.AlertsNotificationManagement_TestClass</td>
<td></td>
<td>-1745317445</td>
<td>Core.AlertsandNotifications.AlertsNotificationManagement_TestClass@2a3b5b47</td></tr>
<tr>
<td title='Core.AlertsandNotifications.AlertsNotificationManagement_TestClass.setupTest()'><b>setupTest</b><br>Test class: Core.AlertsandNotifications.AlertsNotificationManagement_TestClass</td>
<td></td>
<td>-1745317445</td>
<td>Core.AlertsandNotifications.AlertsNotificationManagement_TestClass@2a3b5b47</td></tr>
<tr>
<td title='Core.AlertsandNotifications.AlertsNotificationManagement_TestClass.setupTest()'><b>setupTest</b><br>Test class: Core.AlertsandNotifications.AlertsNotificationManagement_TestClass</td>
<td></td>
<td>-1745317445</td>
<td>Core.AlertsandNotifications.AlertsNotificationManagement_TestClass@2a3b5b47</td></tr>
<tr>
<td title='Core.AlertsandNotifications.AlertsNotificationManagement_TestClass.setupTest()'><b>setupTest</b><br>Test class: Core.AlertsandNotifications.AlertsNotificationManagement_TestClass</td>
<td></td>
<td>-1745317445</td>
<td>Core.AlertsandNotifications.AlertsNotificationManagement_TestClass@2a3b5b47</td></tr>
<tr>
<td title='Core.AlertsandNotifications.AlertsNotificationManagement_TestClass.setupTest()'><b>setupTest</b><br>Test class: Core.AlertsandNotifications.AlertsNotificationManagement_TestClass</td>
<td></td>
<td>-1745317445</td>
<td>Core.AlertsandNotifications.AlertsNotificationManagement_TestClass@2a3b5b47</td></tr>
<tr>
<td title='Core.AlertsandNotifications.AlertsNotificationManagement_TestClass.setupTest()'><b>setupTest</b><br>Test class: Core.AlertsandNotifications.AlertsNotificationManagement_TestClass</td>
<td></td>
<td>-1745317445</td>
<td>Core.AlertsandNotifications.AlertsNotificationManagement_TestClass@2a3b5b47</td></tr>
<tr>
<td title='Core.AlertsandNotifications.AlertsNotificationManagement_TestClass.setupTest()'><b>setupTest</b><br>Test class: Core.AlertsandNotifications.AlertsNotificationManagement_TestClass</td>
<td></td>
<td>-1745317445</td>
<td>Core.AlertsandNotifications.AlertsNotificationManagement_TestClass@2a3b5b47</td></tr>
<tr>
<td title='Core.AlertsandNotifications.AlertsNotificationManagement_TestClass.setupTest()'><b>setupTest</b><br>Test class: Core.AlertsandNotifications.AlertsNotificationManagement_TestClass</td>
<td></td>
<td>-1745317445</td>
<td>Core.AlertsandNotifications.AlertsNotificationManagement_TestClass@2a3b5b47</td></tr>
<tr>
<td title='Core.AlertsandNotifications.AlertsNotificationManagement_TestClass.setupTest()'><b>setupTest</b><br>Test class: Core.AlertsandNotifications.AlertsNotificationManagement_TestClass</td>
<td></td>
<td>-1745317445</td>
<td>Core.AlertsandNotifications.AlertsNotificationManagement_TestClass@2a3b5b47</td></tr>
<tr>
<td title='Core.AlertsandNotifications.AlertsNotificationManagement_TestClass.setupTest()'><b>setupTest</b><br>Test class: Core.AlertsandNotifications.AlertsNotificationManagement_TestClass</td>
<td></td>
<td>-1745317445</td>
<td>Core.AlertsandNotifications.AlertsNotificationManagement_TestClass@2a3b5b47</td></tr>
<tr>
<td title='Core.AlertsandNotifications.AlertsNotificationManagement_TestClass.setupTest()'><b>setupTest</b><br>Test class: Core.AlertsandNotifications.AlertsNotificationManagement_TestClass</td>
<td></td>
<td>-1745317445</td>
<td>Core.AlertsandNotifications.AlertsNotificationManagement_TestClass@2a3b5b47</td></tr>
<tr>
<td title='Core.AlertsandNotifications.AlertsNotificationManagement_TestClass.setupTest()'><b>setupTest</b><br>Test class: Core.AlertsandNotifications.AlertsNotificationManagement_TestClass</td>
<td></td>
<td>-1745317445</td>
<td>Core.AlertsandNotifications.AlertsNotificationManagement_TestClass@2a3b5b47</td></tr>
<tr>
<td title='Core.AlertsandNotifications.AlertsNotificationManagement_TestClass.setupTest()'><b>setupTest</b><br>Test class: Core.AlertsandNotifications.AlertsNotificationManagement_TestClass</td>
<td></td>
<td>-1745317445</td>
<td>Core.AlertsandNotifications.AlertsNotificationManagement_TestClass@2a3b5b47</td></tr>
<tr>
<td title='Core.AlertsandNotifications.AlertsNotificationManagement_TestClass.setupTest()'><b>setupTest</b><br>Test class: Core.AlertsandNotifications.AlertsNotificationManagement_TestClass</td>
<td></td>
<td>-1745317445</td>
<td>Core.AlertsandNotifications.AlertsNotificationManagement_TestClass@2a3b5b47</td></tr>
<tr>
<td title='Core.AlertsandNotifications.AlertsNotificationManagement_TestClass.setupTest()'><b>setupTest</b><br>Test class: Core.AlertsandNotifications.AlertsNotificationManagement_TestClass</td>
<td></td>
<td>-1745317445</td>
<td>Core.AlertsandNotifications.AlertsNotificationManagement_TestClass@2a3b5b47</td></tr>
<tr>
<td title='Core.AlertsandNotifications.AlertsPlaceholderManagement_TestClass.takeScreenshotOnFailure()'><b>takeScreenshotOnFailure</b><br>Test class: Core.AlertsandNotifications.AlertsPlaceholderManagement_TestClass</td>
<td></td>
<td>-1745317444</td>
<td>Core.AlertsandNotifications.AlertsPlaceholderManagement_TestClass@49e53c76</td></tr>
<tr>
<td title='Core.AlertsandNotifications.AlertsPlaceholderManagement_TestClass.takeScreenshotOnFailure()'><b>takeScreenshotOnFailure</b><br>Test class: Core.AlertsandNotifications.AlertsPlaceholderManagement_TestClass</td>
<td></td>
<td>-1745317444</td>
<td>Core.AlertsandNotifications.AlertsPlaceholderManagement_TestClass@49e53c76</td></tr>
<tr>
<td title='Core.AlertsandNotifications.AlertsPlaceholderManagement_TestClass.takeScreenshotOnFailure()'><b>takeScreenshotOnFailure</b><br>Test class: Core.AlertsandNotifications.AlertsPlaceholderManagement_TestClass</td>
<td></td>
<td>-1745317444</td>
<td>Core.AlertsandNotifications.AlertsPlaceholderManagement_TestClass@49e53c76</td></tr>
<tr>
<td title='Core.AlertsandNotifications.AlertsPlaceholderManagement_TestClass.takeScreenshotOnFailure()'><b>takeScreenshotOnFailure</b><br>Test class: Core.AlertsandNotifications.AlertsPlaceholderManagement_TestClass</td>
<td></td>
<td>-1745317444</td>
<td>Core.AlertsandNotifications.AlertsPlaceholderManagement_TestClass@49e53c76</td></tr>
<tr>
<td title='Core.AlertsandNotifications.AlertsPlaceholderManagement_TestClass.takeScreenshotOnFailure()'><b>takeScreenshotOnFailure</b><br>Test class: Core.AlertsandNotifications.AlertsPlaceholderManagement_TestClass</td>
<td></td>
<td>-1745317444</td>
<td>Core.AlertsandNotifications.AlertsPlaceholderManagement_TestClass@49e53c76</td></tr>
<tr>
<td title='Core.AlertsandNotifications.AlertsPlaceholderManagement_TestClass.takeScreenshotOnFailure()'><b>takeScreenshotOnFailure</b><br>Test class: Core.AlertsandNotifications.AlertsPlaceholderManagement_TestClass</td>
<td></td>
<td>-1745317444</td>
<td>Core.AlertsandNotifications.AlertsPlaceholderManagement_TestClass@49e53c76</td></tr>
<tr>
<td title='Core.AlertsandNotifications.AlertsPlaceholderManagement_TestClass.takeScreenshotOnFailure()'><b>takeScreenshotOnFailure</b><br>Test class: Core.AlertsandNotifications.AlertsPlaceholderManagement_TestClass</td>
<td></td>
<td>-1745317444</td>
<td>Core.AlertsandNotifications.AlertsPlaceholderManagement_TestClass@49e53c76</td></tr>
<tr>
<td title='Core.AlertsandNotifications.AlertsTemplateManagement_TestClass.takeScreenshotOnFailure()'><b>takeScreenshotOnFailure</b><br>Test class: Core.AlertsandNotifications.AlertsTemplateManagement_TestClass</td>
<td></td>
<td>-1745317444</td>
<td>Core.AlertsandNotifications.AlertsTemplateManagement_TestClass@351d00c0</td></tr>
<tr>
<td title='Core.AlertsandNotifications.AlertsTemplateManagement_TestClass.takeScreenshotOnFailure()'><b>takeScreenshotOnFailure</b><br>Test class: Core.AlertsandNotifications.AlertsTemplateManagement_TestClass</td>
<td></td>
<td>-1745317444</td>
<td>Core.AlertsandNotifications.AlertsTemplateManagement_TestClass@351d00c0</td></tr>
<tr>
<td title='Core.AlertsandNotifications.AlertsTemplateManagement_TestClass.takeScreenshotOnFailure()'><b>takeScreenshotOnFailure</b><br>Test class: Core.AlertsandNotifications.AlertsTemplateManagement_TestClass</td>
<td></td>
<td>-1745317444</td>
<td>Core.AlertsandNotifications.AlertsTemplateManagement_TestClass@351d00c0</td></tr>
<tr>
<td title='Core.AlertsandNotifications.AlertsTemplateManagement_TestClass.takeScreenshotOnFailure()'><b>takeScreenshotOnFailure</b><br>Test class: Core.AlertsandNotifications.AlertsTemplateManagement_TestClass</td>
<td></td>
<td>-1745317444</td>
<td>Core.AlertsandNotifications.AlertsTemplateManagement_TestClass@351d00c0</td></tr>
<tr>
<td title='Core.AlertsandNotifications.AlertsTemplateManagement_TestClass.takeScreenshotOnFailure()'><b>takeScreenshotOnFailure</b><br>Test class: Core.AlertsandNotifications.AlertsTemplateManagement_TestClass</td>
<td></td>
<td>-1745317444</td>
<td>Core.AlertsandNotifications.AlertsTemplateManagement_TestClass@351d00c0</td></tr>
<tr>
<td title='Core.AlertsandNotifications.AlertsTemplateManagement_TestClass.takeScreenshotOnFailure()'><b>takeScreenshotOnFailure</b><br>Test class: Core.AlertsandNotifications.AlertsTemplateManagement_TestClass</td>
<td></td>
<td>-1745317444</td>
<td>Core.AlertsandNotifications.AlertsTemplateManagement_TestClass@351d00c0</td></tr>
<tr>
<td title='Core.AlertsandNotifications.AlertsTemplateManagement_TestClass.takeScreenshotOnFailure()'><b>takeScreenshotOnFailure</b><br>Test class: Core.AlertsandNotifications.AlertsTemplateManagement_TestClass</td>
<td></td>
<td>-1745317444</td>
<td>Core.AlertsandNotifications.AlertsTemplateManagement_TestClass@351d00c0</td></tr>
<tr>
<td title='Core.AlertsandNotifications.AlertsTemplateManagement_TestClass.takeScreenshotOnFailure()'><b>takeScreenshotOnFailure</b><br>Test class: Core.AlertsandNotifications.AlertsTemplateManagement_TestClass</td>
<td></td>
<td>-1745317444</td>
<td>Core.AlertsandNotifications.AlertsTemplateManagement_TestClass@351d00c0</td></tr>
<tr>
<td title='Core.AlertsandNotifications.AlertsTemplateManagement_TestClass.takeScreenshotOnFailure()'><b>takeScreenshotOnFailure</b><br>Test class: Core.AlertsandNotifications.AlertsTemplateManagement_TestClass</td>
<td></td>
<td>-1745317445</td>
<td>Core.AlertsandNotifications.AlertsTemplateManagement_TestClass@351d00c0</td></tr>
<tr>
<td title='Core.AlertsandNotifications.AlertsTemplateManagement_TestClass.takeScreenshotOnFailure()'><b>takeScreenshotOnFailure</b><br>Test class: Core.AlertsandNotifications.AlertsTemplateManagement_TestClass</td>
<td></td>
<td>-1745317445</td>
<td>Core.AlertsandNotifications.AlertsTemplateManagement_TestClass@351d00c0</td></tr>
<tr>
<td title='Core.AlertsandNotifications.AlertsTemplateManagement_TestClass.takeScreenshotOnFailure()'><b>takeScreenshotOnFailure</b><br>Test class: Core.AlertsandNotifications.AlertsTemplateManagement_TestClass</td>
<td></td>
<td>-1745317445</td>
<td>Core.AlertsandNotifications.AlertsTemplateManagement_TestClass@351d00c0</td></tr>
<tr>
<td title='Core.AlertsandNotifications.AlertsTemplateManagement_TestClass.takeScreenshotOnFailure()'><b>takeScreenshotOnFailure</b><br>Test class: Core.AlertsandNotifications.AlertsTemplateManagement_TestClass</td>
<td></td>
<td>-1745317445</td>
<td>Core.AlertsandNotifications.AlertsTemplateManagement_TestClass@351d00c0</td></tr>
<tr>
<td title='Core.AlertsandNotifications.AlertsTemplateManagement_TestClass.takeScreenshotOnFailure()'><b>takeScreenshotOnFailure</b><br>Test class: Core.AlertsandNotifications.AlertsTemplateManagement_TestClass</td>
<td></td>
<td>-1745317445</td>
<td>Core.AlertsandNotifications.AlertsTemplateManagement_TestClass@351d00c0</td></tr>
<tr>
<td title='Core.AlertsandNotifications.AlertsTemplateManagement_TestClass.takeScreenshotOnFailure()'><b>takeScreenshotOnFailure</b><br>Test class: Core.AlertsandNotifications.AlertsTemplateManagement_TestClass</td>
<td></td>
<td>-1745317445</td>
<td>Core.AlertsandNotifications.AlertsTemplateManagement_TestClass@351d00c0</td></tr>
<tr>
<td title='Core.AlertsandNotifications.AlertsNotificationManagement_TestClass.takeScreenshotOnFailure()'><b>takeScreenshotOnFailure</b><br>Test class: Core.AlertsandNotifications.AlertsNotificationManagement_TestClass</td>
<td></td>
<td>-1745317445</td>
<td>Core.AlertsandNotifications.AlertsNotificationManagement_TestClass@2a3b5b47</td></tr>
<tr>
<td title='Core.AlertsandNotifications.AlertsNotificationManagement_TestClass.takeScreenshotOnFailure()'><b>takeScreenshotOnFailure</b><br>Test class: Core.AlertsandNotifications.AlertsNotificationManagement_TestClass</td>
<td></td>
<td>-1745317445</td>
<td>Core.AlertsandNotifications.AlertsNotificationManagement_TestClass@2a3b5b47</td></tr>
<tr>
<td title='Core.AlertsandNotifications.AlertsNotificationManagement_TestClass.takeScreenshotOnFailure()'><b>takeScreenshotOnFailure</b><br>Test class: Core.AlertsandNotifications.AlertsNotificationManagement_TestClass</td>
<td></td>
<td>-1745317445</td>
<td>Core.AlertsandNotifications.AlertsNotificationManagement_TestClass@2a3b5b47</td></tr>
<tr>
<td title='Core.AlertsandNotifications.AlertsNotificationManagement_TestClass.takeScreenshotOnFailure()'><b>takeScreenshotOnFailure</b><br>Test class: Core.AlertsandNotifications.AlertsNotificationManagement_TestClass</td>
<td></td>
<td>-1745317445</td>
<td>Core.AlertsandNotifications.AlertsNotificationManagement_TestClass@2a3b5b47</td></tr>
<tr>
<td title='Core.AlertsandNotifications.AlertsNotificationManagement_TestClass.takeScreenshotOnFailure()'><b>takeScreenshotOnFailure</b><br>Test class: Core.AlertsandNotifications.AlertsNotificationManagement_TestClass</td>
<td></td>
<td>-1745317445</td>
<td>Core.AlertsandNotifications.AlertsNotificationManagement_TestClass@2a3b5b47</td></tr>
<tr>
<td title='Core.AlertsandNotifications.AlertsNotificationManagement_TestClass.takeScreenshotOnFailure()'><b>takeScreenshotOnFailure</b><br>Test class: Core.AlertsandNotifications.AlertsNotificationManagement_TestClass</td>
<td></td>
<td>-1745317445</td>
<td>Core.AlertsandNotifications.AlertsNotificationManagement_TestClass@2a3b5b47</td></tr>
<tr>
<td title='Core.AlertsandNotifications.AlertsNotificationManagement_TestClass.takeScreenshotOnFailure()'><b>takeScreenshotOnFailure</b><br>Test class: Core.AlertsandNotifications.AlertsNotificationManagement_TestClass</td>
<td></td>
<td>-1745317445</td>
<td>Core.AlertsandNotifications.AlertsNotificationManagement_TestClass@2a3b5b47</td></tr>
<tr>
<td title='Core.AlertsandNotifications.AlertsNotificationManagement_TestClass.takeScreenshotOnFailure()'><b>takeScreenshotOnFailure</b><br>Test class: Core.AlertsandNotifications.AlertsNotificationManagement_TestClass</td>
<td></td>
<td>-1745317445</td>
<td>Core.AlertsandNotifications.AlertsNotificationManagement_TestClass@2a3b5b47</td></tr>
<tr>
<td title='Core.AlertsandNotifications.AlertsNotificationManagement_TestClass.takeScreenshotOnFailure()'><b>takeScreenshotOnFailure</b><br>Test class: Core.AlertsandNotifications.AlertsNotificationManagement_TestClass</td>
<td></td>
<td>-1745317445</td>
<td>Core.AlertsandNotifications.AlertsNotificationManagement_TestClass@2a3b5b47</td></tr>
<tr>
<td title='Core.AlertsandNotifications.AlertsNotificationManagement_TestClass.takeScreenshotOnFailure()'><b>takeScreenshotOnFailure</b><br>Test class: Core.AlertsandNotifications.AlertsNotificationManagement_TestClass</td>
<td></td>
<td>-1745317445</td>
<td>Core.AlertsandNotifications.AlertsNotificationManagement_TestClass@2a3b5b47</td></tr>
<tr>
<td title='Core.AlertsandNotifications.AlertsNotificationManagement_TestClass.takeScreenshotOnFailure()'><b>takeScreenshotOnFailure</b><br>Test class: Core.AlertsandNotifications.AlertsNotificationManagement_TestClass</td>
<td></td>
<td>-1745317445</td>
<td>Core.AlertsandNotifications.AlertsNotificationManagement_TestClass@2a3b5b47</td></tr>
<tr>
<td title='Core.AlertsandNotifications.AlertsNotificationManagement_TestClass.takeScreenshotOnFailure()'><b>takeScreenshotOnFailure</b><br>Test class: Core.AlertsandNotifications.AlertsNotificationManagement_TestClass</td>
<td></td>
<td>-1745317445</td>
<td>Core.AlertsandNotifications.AlertsNotificationManagement_TestClass@2a3b5b47</td></tr>
<tr>
<td title='Core.AlertsandNotifications.AlertsNotificationManagement_TestClass.takeScreenshotOnFailure()'><b>takeScreenshotOnFailure</b><br>Test class: Core.AlertsandNotifications.AlertsNotificationManagement_TestClass</td>
<td></td>
<td>-1745317445</td>
<td>Core.AlertsandNotifications.AlertsNotificationManagement_TestClass@2a3b5b47</td></tr>
<tr>
<td title='Core.AlertsandNotifications.AlertsNotificationManagement_TestClass.takeScreenshotOnFailure()'><b>takeScreenshotOnFailure</b><br>Test class: Core.AlertsandNotifications.AlertsNotificationManagement_TestClass</td>
<td></td>
<td>-1745317445</td>
<td>Core.AlertsandNotifications.AlertsNotificationManagement_TestClass@2a3b5b47</td></tr>
<tr>
<td title='Core.AlertsandNotifications.AlertsNotificationManagement_TestClass.takeScreenshotOnFailure()'><b>takeScreenshotOnFailure</b><br>Test class: Core.AlertsandNotifications.AlertsNotificationManagement_TestClass</td>
<td></td>
<td>-1745317445</td>
<td>Core.AlertsandNotifications.AlertsNotificationManagement_TestClass@2a3b5b47</td></tr>
<tr>
<td title='Core.AlertsandNotifications.AlertsNotificationManagement_TestClass.takeScreenshotOnFailure()'><b>takeScreenshotOnFailure</b><br>Test class: Core.AlertsandNotifications.AlertsNotificationManagement_TestClass</td>
<td></td>
<td>-1745317445</td>
<td>Core.AlertsandNotifications.AlertsNotificationManagement_TestClass@2a3b5b47</td></tr>
<tr>
<td title='Core.AlertsandNotifications.AlertsNotificationManagement_TestClass.takeScreenshotOnFailure()'><b>takeScreenshotOnFailure</b><br>Test class: Core.AlertsandNotifications.AlertsNotificationManagement_TestClass</td>
<td></td>
<td>-1745317445</td>
<td>Core.AlertsandNotifications.AlertsNotificationManagement_TestClass@2a3b5b47</td></tr>
<tr>
<td title='Core.AlertsandNotifications.AlertsNotificationManagement_TestClass.takeScreenshotOnFailure()'><b>takeScreenshotOnFailure</b><br>Test class: Core.AlertsandNotifications.AlertsNotificationManagement_TestClass</td>
<td></td>
<td>-1745317445</td>
<td>Core.AlertsandNotifications.AlertsNotificationManagement_TestClass@2a3b5b47</td></tr>
<tr>
<td title='Core.AlertsandNotifications.AlertsNotificationManagement_TestClass.takeScreenshotOnFailure()'><b>takeScreenshotOnFailure</b><br>Test class: Core.AlertsandNotifications.AlertsNotificationManagement_TestClass</td>
<td></td>
<td>-1745317445</td>
<td>Core.AlertsandNotifications.AlertsNotificationManagement_TestClass@2a3b5b47</td></tr>
<tr>
<td title='Core.AlertsandNotifications.AlertsNotificationManagement_TestClass.takeScreenshotOnFailure()'><b>takeScreenshotOnFailure</b><br>Test class: Core.AlertsandNotifications.AlertsNotificationManagement_TestClass</td>
<td></td>
<td>-1745317445</td>
<td>Core.AlertsandNotifications.AlertsNotificationManagement_TestClass@2a3b5b47</td></tr>
<tr>
<td title='Core.AlertsandNotifications.AlertsNotificationManagement_TestClass.takeScreenshotOnFailure()'><b>takeScreenshotOnFailure</b><br>Test class: Core.AlertsandNotifications.AlertsNotificationManagement_TestClass</td>
<td></td>
<td>-1745317445</td>
<td>Core.AlertsandNotifications.AlertsNotificationManagement_TestClass@2a3b5b47</td></tr>
<tr>
<td title='Core.AlertsandNotifications.AlertsNotificationManagement_TestClass.takeScreenshotOnFailure()'><b>takeScreenshotOnFailure</b><br>Test class: Core.AlertsandNotifications.AlertsNotificationManagement_TestClass</td>
<td></td>
<td>-1745317445</td>
<td>Core.AlertsandNotifications.AlertsNotificationManagement_TestClass@2a3b5b47</td></tr>
<tr>
<td title='Core.AlertsandNotifications.AlertsTemplateManagement_TestClass.afterEachTest()'><b>afterEachTest</b><br>Test class: Core.AlertsandNotifications.AlertsTemplateManagement_TestClass</td>
<td></td>
<td>-1745317445</td>
<td>Core.AlertsandNotifications.AlertsTemplateManagement_TestClass@351d00c0</td></tr>
<tr>
<td title='Core.AlertsandNotifications.AlertsNotificationManagement_TestClass.afterEachTest()'><b>afterEachTest</b><br>Test class: Core.AlertsandNotifications.AlertsNotificationManagement_TestClass</td>
<td></td>
<td>-1745317445</td>
<td>Core.AlertsandNotifications.AlertsNotificationManagement_TestClass@2a3b5b47</td></tr>
</table><p>
<table width='100%' border='1' class='invocation-failed'>
<tr><td colspan='4' align='center'><b>FAILED TESTS</b></td></tr>
<tr><td><b>Test method</b></td>
<td width="30%"><b>Exception</b></td>
<td width="10%"><b>Time (seconds)</b></td>
<td><b>Instance</b></td>
</tr>
<tr>
<td title='Core.AlertsandNotifications.AlertsPlaceholderManagement_TestClass.Access_Alerts_and_Notifications()'><b>Access_Alerts_and_Notifications</b><br>Test class: Core.AlertsandNotifications.AlertsPlaceholderManagement_TestClass</td>
<td><div><pre>java.lang.IllegalArgumentException: Input must be set
	at org.openqa.selenium.internal.Require.nonNull(Require.java:60)
	at org.openqa.selenium.support.ui.FluentWait.&lt;init&gt;(FluentWait.java:94)
	at org.openqa.selenium.support.ui.WebDriverWait.&lt;init&gt;(WebDriverWait.java:74)
	at org.openqa.selenium.support.ui.WebDriverWait.&lt;init&gt;(WebDriverWait.java:43)
	at Core.AlertsandNotifications.AlertsPlaceholderManagement_MainClass.clickOnAlertsAndNotifications(AlertsPlaceholderManagement_MainClass.java:63)
	at Core.AlertsandNotifications.AlertsPlaceholderManagement_TestClass.Access_Alerts_and_Notifications(AlertsPlaceholderManagement_TestClass.java:126)
	at java.base/java.util.ArrayList.forEach(ArrayList.java:1511)
... Removed 27 stack frames</pre></div><a href='#' onClick='toggleBox("stack-trace836397870", this, "Click to show all stack frames", "Click to hide stack frames")'>Click to show all stack frames</a>
<div class='stack-trace' id='stack-trace836397870'><pre>java.lang.IllegalArgumentException: Input must be set
	at org.openqa.selenium.internal.Require.nonNull(Require.java:60)
	at org.openqa.selenium.support.ui.FluentWait.&lt;init&gt;(FluentWait.java:94)
	at org.openqa.selenium.support.ui.WebDriverWait.&lt;init&gt;(WebDriverWait.java:74)
	at org.openqa.selenium.support.ui.WebDriverWait.&lt;init&gt;(WebDriverWait.java:43)
	at Core.AlertsandNotifications.AlertsPlaceholderManagement_MainClass.clickOnAlertsAndNotifications(AlertsPlaceholderManagement_MainClass.java:63)
	at Core.AlertsandNotifications.AlertsPlaceholderManagement_TestClass.Access_Alerts_and_Notifications(AlertsPlaceholderManagement_TestClass.java:126)
	at java.base/jdk.internal.reflect.NativeMethodAccessorImpl.invoke0(Native Method)
	at java.base/jdk.internal.reflect.NativeMethodAccessorImpl.invoke(NativeMethodAccessorImpl.java:77)
	at java.base/jdk.internal.reflect.DelegatingMethodAccessorImpl.invoke(DelegatingMethodAccessorImpl.java:43)
	at java.base/java.lang.reflect.Method.invoke(Method.java:568)
	at org.testng.internal.MethodInvocationHelper.invokeMethod(MethodInvocationHelper.java:132)
	at org.testng.internal.TestInvoker.invokeMethod(TestInvoker.java:599)
	at org.testng.internal.TestInvoker.invokeTestMethod(TestInvoker.java:174)
	at org.testng.internal.MethodRunner.runInSequence(MethodRunner.java:46)
	at org.testng.internal.TestInvoker$MethodInvocationAgent.invoke(TestInvoker.java:822)
	at org.testng.internal.TestInvoker.invokeTestMethods(TestInvoker.java:147)
	at org.testng.internal.TestMethodWorker.invokeTestMethods(TestMethodWorker.java:146)
	at org.testng.internal.TestMethodWorker.run(TestMethodWorker.java:128)
	at java.base/java.util.ArrayList.forEach(ArrayList.java:1511)
	at org.testng.TestRunner.privateRun(TestRunner.java:764)
	at org.testng.TestRunner.run(TestRunner.java:585)
	at org.testng.SuiteRunner.runTest(SuiteRunner.java:384)
	at org.testng.SuiteRunner.runSequentially(SuiteRunner.java:378)
	at org.testng.SuiteRunner.privateRun(SuiteRunner.java:337)
	at org.testng.SuiteRunner.run(SuiteRunner.java:286)
	at org.testng.SuiteRunnerWorker.runSuite(SuiteRunnerWorker.java:53)
	at org.testng.SuiteRunnerWorker.run(SuiteRunnerWorker.java:96)
	at org.testng.TestNG.runSuitesSequentially(TestNG.java:1218)
	at org.testng.TestNG.runSuitesLocally(TestNG.java:1140)
	at org.testng.TestNG.runSuites(TestNG.java:1069)
	at org.testng.TestNG.run(TestNG.java:1037)
	at org.testng.remote.AbstractRemoteTestNG.run(AbstractRemoteTestNG.java:115)
	at org.testng.remote.RemoteTestNG.initAndRun(RemoteTestNG.java:293)
	at org.testng.remote.RemoteTestNG.main(RemoteTestNG.java:91)
</pre></div></td>
<td>0</td>
<td>Core.AlertsandNotifications.AlertsPlaceholderManagement_TestClass@49e53c76</td></tr>
<tr>
<td title='Core.AlertsandNotifications.AlertsTemplateManagement_TestClass.Access_Alerts_and_Notifications_Page()'><b>Access_Alerts_and_Notifications_Page</b><br>Test class: Core.AlertsandNotifications.AlertsTemplateManagement_TestClass</td>
<td><div><pre>java.lang.IllegalArgumentException: Input must be set
	at org.openqa.selenium.internal.Require.nonNull(Require.java:60)
	at org.openqa.selenium.support.ui.FluentWait.&lt;init&gt;(FluentWait.java:94)
	at org.openqa.selenium.support.ui.WebDriverWait.&lt;init&gt;(WebDriverWait.java:74)
	at org.openqa.selenium.support.ui.WebDriverWait.&lt;init&gt;(WebDriverWait.java:43)
	at Core.AlertsandNotifications.AlertsTemplateManagement_MainClass.clickOnAlertsAndNotifications(AlertsTemplateManagement_MainClass.java:62)
	at Core.AlertsandNotifications.AlertsTemplateManagement_TestClass.Access_Alerts_and_Notifications_Page(AlertsTemplateManagement_TestClass.java:102)
	at java.base/java.util.ArrayList.forEach(ArrayList.java:1511)
... Removed 27 stack frames</pre></div><a href='#' onClick='toggleBox("stack-trace985679444", this, "Click to show all stack frames", "Click to hide stack frames")'>Click to show all stack frames</a>
<div class='stack-trace' id='stack-trace985679444'><pre>java.lang.IllegalArgumentException: Input must be set
	at org.openqa.selenium.internal.Require.nonNull(Require.java:60)
	at org.openqa.selenium.support.ui.FluentWait.&lt;init&gt;(FluentWait.java:94)
	at org.openqa.selenium.support.ui.WebDriverWait.&lt;init&gt;(WebDriverWait.java:74)
	at org.openqa.selenium.support.ui.WebDriverWait.&lt;init&gt;(WebDriverWait.java:43)
	at Core.AlertsandNotifications.AlertsTemplateManagement_MainClass.clickOnAlertsAndNotifications(AlertsTemplateManagement_MainClass.java:62)
	at Core.AlertsandNotifications.AlertsTemplateManagement_TestClass.Access_Alerts_and_Notifications_Page(AlertsTemplateManagement_TestClass.java:102)
	at java.base/jdk.internal.reflect.NativeMethodAccessorImpl.invoke0(Native Method)
	at java.base/jdk.internal.reflect.NativeMethodAccessorImpl.invoke(NativeMethodAccessorImpl.java:77)
	at java.base/jdk.internal.reflect.DelegatingMethodAccessorImpl.invoke(DelegatingMethodAccessorImpl.java:43)
	at java.base/java.lang.reflect.Method.invoke(Method.java:568)
	at org.testng.internal.MethodInvocationHelper.invokeMethod(MethodInvocationHelper.java:132)
	at org.testng.internal.TestInvoker.invokeMethod(TestInvoker.java:599)
	at org.testng.internal.TestInvoker.invokeTestMethod(TestInvoker.java:174)
	at org.testng.internal.MethodRunner.runInSequence(MethodRunner.java:46)
	at org.testng.internal.TestInvoker$MethodInvocationAgent.invoke(TestInvoker.java:822)
	at org.testng.internal.TestInvoker.invokeTestMethods(TestInvoker.java:147)
	at org.testng.internal.TestMethodWorker.invokeTestMethods(TestMethodWorker.java:146)
	at org.testng.internal.TestMethodWorker.run(TestMethodWorker.java:128)
	at java.base/java.util.ArrayList.forEach(ArrayList.java:1511)
	at org.testng.TestRunner.privateRun(TestRunner.java:764)
	at org.testng.TestRunner.run(TestRunner.java:585)
	at org.testng.SuiteRunner.runTest(SuiteRunner.java:384)
	at org.testng.SuiteRunner.runSequentially(SuiteRunner.java:378)
	at org.testng.SuiteRunner.privateRun(SuiteRunner.java:337)
	at org.testng.SuiteRunner.run(SuiteRunner.java:286)
	at org.testng.SuiteRunnerWorker.runSuite(SuiteRunnerWorker.java:53)
	at org.testng.SuiteRunnerWorker.run(SuiteRunnerWorker.java:96)
	at org.testng.TestNG.runSuitesSequentially(TestNG.java:1218)
	at org.testng.TestNG.runSuitesLocally(TestNG.java:1140)
	at org.testng.TestNG.runSuites(TestNG.java:1069)
	at org.testng.TestNG.run(TestNG.java:1037)
	at org.testng.remote.AbstractRemoteTestNG.run(AbstractRemoteTestNG.java:115)
	at org.testng.remote.RemoteTestNG.initAndRun(RemoteTestNG.java:293)
	at org.testng.remote.RemoteTestNG.main(RemoteTestNG.java:91)
</pre></div></td>
<td>0</td>
<td>Core.AlertsandNotifications.AlertsTemplateManagement_TestClass@351d00c0</td></tr>
<tr>
<td title='Core.AlertsandNotifications.AlertsNotificationManagement_TestClass.Access_Alerts_and_Notifications_Page()'><b>Access_Alerts_and_Notifications_Page</b><br>Test class: Core.AlertsandNotifications.AlertsNotificationManagement_TestClass</td>
<td><div><pre>java.lang.IllegalArgumentException: Input must be set
	at org.openqa.selenium.internal.Require.nonNull(Require.java:60)
	at org.openqa.selenium.support.ui.FluentWait.&lt;init&gt;(FluentWait.java:94)
	at org.openqa.selenium.support.ui.WebDriverWait.&lt;init&gt;(WebDriverWait.java:74)
	at org.openqa.selenium.support.ui.WebDriverWait.&lt;init&gt;(WebDriverWait.java:43)
	at Core.AlertsandNotifications.AlertsNotificationManagement_MainClass.clickOnAlertsAndNotifications(AlertsNotificationManagement_MainClass.java:59)
	at Core.AlertsandNotifications.AlertsNotificationManagement_TestClass.Access_Alerts_and_Notifications_Page(AlertsNotificationManagement_TestClass.java:100)
	at java.base/java.util.ArrayList.forEach(ArrayList.java:1511)
... Removed 27 stack frames</pre></div><a href='#' onClick='toggleBox("stack-trace1863103905", this, "Click to show all stack frames", "Click to hide stack frames")'>Click to show all stack frames</a>
<div class='stack-trace' id='stack-trace1863103905'><pre>java.lang.IllegalArgumentException: Input must be set
	at org.openqa.selenium.internal.Require.nonNull(Require.java:60)
	at org.openqa.selenium.support.ui.FluentWait.&lt;init&gt;(FluentWait.java:94)
	at org.openqa.selenium.support.ui.WebDriverWait.&lt;init&gt;(WebDriverWait.java:74)
	at org.openqa.selenium.support.ui.WebDriverWait.&lt;init&gt;(WebDriverWait.java:43)
	at Core.AlertsandNotifications.AlertsNotificationManagement_MainClass.clickOnAlertsAndNotifications(AlertsNotificationManagement_MainClass.java:59)
	at Core.AlertsandNotifications.AlertsNotificationManagement_TestClass.Access_Alerts_and_Notifications_Page(AlertsNotificationManagement_TestClass.java:100)
	at java.base/jdk.internal.reflect.NativeMethodAccessorImpl.invoke0(Native Method)
	at java.base/jdk.internal.reflect.NativeMethodAccessorImpl.invoke(NativeMethodAccessorImpl.java:77)
	at java.base/jdk.internal.reflect.DelegatingMethodAccessorImpl.invoke(DelegatingMethodAccessorImpl.java:43)
	at java.base/java.lang.reflect.Method.invoke(Method.java:568)
	at org.testng.internal.MethodInvocationHelper.invokeMethod(MethodInvocationHelper.java:132)
	at org.testng.internal.TestInvoker.invokeMethod(TestInvoker.java:599)
	at org.testng.internal.TestInvoker.invokeTestMethod(TestInvoker.java:174)
	at org.testng.internal.MethodRunner.runInSequence(MethodRunner.java:46)
	at org.testng.internal.TestInvoker$MethodInvocationAgent.invoke(TestInvoker.java:822)
	at org.testng.internal.TestInvoker.invokeTestMethods(TestInvoker.java:147)
	at org.testng.internal.TestMethodWorker.invokeTestMethods(TestMethodWorker.java:146)
	at org.testng.internal.TestMethodWorker.run(TestMethodWorker.java:128)
	at java.base/java.util.ArrayList.forEach(ArrayList.java:1511)
	at org.testng.TestRunner.privateRun(TestRunner.java:764)
	at org.testng.TestRunner.run(TestRunner.java:585)
	at org.testng.SuiteRunner.runTest(SuiteRunner.java:384)
	at org.testng.SuiteRunner.runSequentially(SuiteRunner.java:378)
	at org.testng.SuiteRunner.privateRun(SuiteRunner.java:337)
	at org.testng.SuiteRunner.run(SuiteRunner.java:286)
	at org.testng.SuiteRunnerWorker.runSuite(SuiteRunnerWorker.java:53)
	at org.testng.SuiteRunnerWorker.run(SuiteRunnerWorker.java:96)
	at org.testng.TestNG.runSuitesSequentially(TestNG.java:1218)
	at org.testng.TestNG.runSuitesLocally(TestNG.java:1140)
	at org.testng.TestNG.runSuites(TestNG.java:1069)
	at org.testng.TestNG.run(TestNG.java:1037)
	at org.testng.remote.AbstractRemoteTestNG.run(AbstractRemoteTestNG.java:115)
	at org.testng.remote.RemoteTestNG.initAndRun(RemoteTestNG.java:293)
	at org.testng.remote.RemoteTestNG.main(RemoteTestNG.java:91)
</pre></div></td>
<td>0</td>
<td>Core.AlertsandNotifications.AlertsNotificationManagement_TestClass@2a3b5b47</td></tr>
</table><p>
<table width='100%' border='1' class='invocation-skipped'>
<tr><td colspan='4' align='center'><b>SKIPPED TESTS</b></td></tr>
<tr><td><b>Test method</b></td>
<td width="30%"><b>Exception</b></td>
<td width="10%"><b>Time (seconds)</b></td>
<td><b>Instance</b></td>
</tr>
<tr>
<td title='Core.AlertsandNotifications.AlertsPlaceholderManagement_TestClass.Access_Placeholder_Management()'><b>Access_Placeholder_Management</b><br>Test class: Core.AlertsandNotifications.AlertsPlaceholderManagement_TestClass</td>
<td><div><pre>java.lang.NullPointerException: Cannot invoke &quot;org.openqa.selenium.TakesScreenshot.getScreenshotAs(org.openqa.selenium.OutputType)&quot; because &quot;screenshot&quot; is null
	at com.Utility.ScreenShot.takeScreenShot(ScreenShot.java:29)
	at Core.AlertsandNotifications.AlertsPlaceholderManagement_TestClass.takeScreenshotOnFailure(AlertsPlaceholderManagement_TestClass.java:252)
	at java.base/java.util.ArrayList.forEach(ArrayList.java:1511)
... Removed 32 stack frames</pre></div><a href='#' onClick='toggleBox("stack-trace1711105800", this, "Click to show all stack frames", "Click to hide stack frames")'>Click to show all stack frames</a>
<div class='stack-trace' id='stack-trace1711105800'><pre>java.lang.NullPointerException: Cannot invoke &quot;org.openqa.selenium.TakesScreenshot.getScreenshotAs(org.openqa.selenium.OutputType)&quot; because &quot;screenshot&quot; is null
	at com.Utility.ScreenShot.takeScreenShot(ScreenShot.java:29)
	at Core.AlertsandNotifications.AlertsPlaceholderManagement_TestClass.takeScreenshotOnFailure(AlertsPlaceholderManagement_TestClass.java:252)
	at java.base/jdk.internal.reflect.NativeMethodAccessorImpl.invoke0(Native Method)
	at java.base/jdk.internal.reflect.NativeMethodAccessorImpl.invoke(NativeMethodAccessorImpl.java:77)
	at java.base/jdk.internal.reflect.DelegatingMethodAccessorImpl.invoke(DelegatingMethodAccessorImpl.java:43)
	at java.base/java.lang.reflect.Method.invoke(Method.java:568)
	at org.testng.internal.MethodInvocationHelper.invokeMethod(MethodInvocationHelper.java:132)
	at org.testng.internal.MethodInvocationHelper.invokeMethodConsideringTimeout(MethodInvocationHelper.java:61)
	at org.testng.internal.ConfigInvoker.invokeConfigurationMethod(ConfigInvoker.java:366)
	at org.testng.internal.ConfigInvoker.invokeConfigurations(ConfigInvoker.java:320)
	at org.testng.internal.TestInvoker.runConfigMethods(TestInvoker.java:701)
	at org.testng.internal.TestInvoker.runAfterGroupsConfigurations(TestInvoker.java:677)
	at org.testng.internal.TestInvoker.invokeMethod(TestInvoker.java:661)
	at org.testng.internal.TestInvoker.invokeTestMethod(TestInvoker.java:174)
	at org.testng.internal.MethodRunner.runInSequence(MethodRunner.java:46)
	at org.testng.internal.TestInvoker$MethodInvocationAgent.invoke(TestInvoker.java:822)
	at org.testng.internal.TestInvoker.invokeTestMethods(TestInvoker.java:147)
	at org.testng.internal.TestMethodWorker.invokeTestMethods(TestMethodWorker.java:146)
	at org.testng.internal.TestMethodWorker.run(TestMethodWorker.java:128)
	at java.base/java.util.ArrayList.forEach(ArrayList.java:1511)
	at org.testng.TestRunner.privateRun(TestRunner.java:764)
	at org.testng.TestRunner.run(TestRunner.java:585)
	at org.testng.SuiteRunner.runTest(SuiteRunner.java:384)
	at org.testng.SuiteRunner.runSequentially(SuiteRunner.java:378)
	at org.testng.SuiteRunner.privateRun(SuiteRunner.java:337)
	at org.testng.SuiteRunner.run(SuiteRunner.java:286)
	at org.testng.SuiteRunnerWorker.runSuite(SuiteRunnerWorker.java:53)
	at org.testng.SuiteRunnerWorker.run(SuiteRunnerWorker.java:96)
	at org.testng.TestNG.runSuitesSequentially(TestNG.java:1218)
	at org.testng.TestNG.runSuitesLocally(TestNG.java:1140)
	at org.testng.TestNG.runSuites(TestNG.java:1069)
	at org.testng.TestNG.run(TestNG.java:1037)
	at org.testng.remote.AbstractRemoteTestNG.run(AbstractRemoteTestNG.java:115)
	at org.testng.remote.RemoteTestNG.initAndRun(RemoteTestNG.java:293)
	at org.testng.remote.RemoteTestNG.main(RemoteTestNG.java:91)
</pre></div></td>
<td>0</td>
<td>Core.AlertsandNotifications.AlertsPlaceholderManagement_TestClass@49e53c76</td></tr>
<tr>
<td title='Core.AlertsandNotifications.AlertsTemplateManagement_TestClass.Add_New_Template()'><b>Add_New_Template</b><br>Test class: Core.AlertsandNotifications.AlertsTemplateManagement_TestClass<br>Parameters: {Category=Notification, Categoryfortemplatecreation=Promotions, CurrentStatus=Active, EditInitialStatusfortemplatemodify=Inactive, EditReason=Test, InitialStatusfortemplatecreation=Active, NotificationType=SMS, NotificationTypefortemplatecreation=EMAIL, Run=Yes, TemplateBody=Automation testing improves software quality by identifying defects early. Selenium with Java helps in UI testing, ensuring reliability and efficiency in development., TemplateNamefortemplatecreation=Test, TestScenario=AlertsTemplateManagement}</td>
<td><div><pre>java.lang.NullPointerException: Cannot invoke &quot;org.openqa.selenium.TakesScreenshot.getScreenshotAs(org.openqa.selenium.OutputType)&quot; because &quot;screenshot&quot; is null
	at com.Utility.ScreenShot.takeScreenShot(ScreenShot.java:29)
	at Core.AlertsandNotifications.AlertsTemplateManagement_TestClass.takeScreenshotOnFailure(AlertsTemplateManagement_TestClass.java:394)
	at java.base/java.util.ArrayList.forEach(ArrayList.java:1511)
... Removed 32 stack frames</pre></div><a href='#' onClick='toggleBox("stack-trace775174220", this, "Click to show all stack frames", "Click to hide stack frames")'>Click to show all stack frames</a>
<div class='stack-trace' id='stack-trace775174220'><pre>java.lang.NullPointerException: Cannot invoke &quot;org.openqa.selenium.TakesScreenshot.getScreenshotAs(org.openqa.selenium.OutputType)&quot; because &quot;screenshot&quot; is null
	at com.Utility.ScreenShot.takeScreenShot(ScreenShot.java:29)
	at Core.AlertsandNotifications.AlertsTemplateManagement_TestClass.takeScreenshotOnFailure(AlertsTemplateManagement_TestClass.java:394)
	at java.base/jdk.internal.reflect.NativeMethodAccessorImpl.invoke0(Native Method)
	at java.base/jdk.internal.reflect.NativeMethodAccessorImpl.invoke(NativeMethodAccessorImpl.java:77)
	at java.base/jdk.internal.reflect.DelegatingMethodAccessorImpl.invoke(DelegatingMethodAccessorImpl.java:43)
	at java.base/java.lang.reflect.Method.invoke(Method.java:568)
	at org.testng.internal.MethodInvocationHelper.invokeMethod(MethodInvocationHelper.java:132)
	at org.testng.internal.MethodInvocationHelper.invokeMethodConsideringTimeout(MethodInvocationHelper.java:61)
	at org.testng.internal.ConfigInvoker.invokeConfigurationMethod(ConfigInvoker.java:366)
	at org.testng.internal.ConfigInvoker.invokeConfigurations(ConfigInvoker.java:320)
	at org.testng.internal.TestInvoker.runConfigMethods(TestInvoker.java:701)
	at org.testng.internal.TestInvoker.runAfterGroupsConfigurations(TestInvoker.java:677)
	at org.testng.internal.TestInvoker.invokeMethod(TestInvoker.java:661)
	at org.testng.internal.TestInvoker.invokeTestMethod(TestInvoker.java:174)
	at org.testng.internal.MethodRunner.runInSequence(MethodRunner.java:46)
	at org.testng.internal.TestInvoker$MethodInvocationAgent.invoke(TestInvoker.java:822)
	at org.testng.internal.TestInvoker.invokeTestMethods(TestInvoker.java:147)
	at org.testng.internal.TestMethodWorker.invokeTestMethods(TestMethodWorker.java:146)
	at org.testng.internal.TestMethodWorker.run(TestMethodWorker.java:128)
	at java.base/java.util.ArrayList.forEach(ArrayList.java:1511)
	at org.testng.TestRunner.privateRun(TestRunner.java:764)
	at org.testng.TestRunner.run(TestRunner.java:585)
	at org.testng.SuiteRunner.runTest(SuiteRunner.java:384)
	at org.testng.SuiteRunner.runSequentially(SuiteRunner.java:378)
	at org.testng.SuiteRunner.privateRun(SuiteRunner.java:337)
	at org.testng.SuiteRunner.run(SuiteRunner.java:286)
	at org.testng.SuiteRunnerWorker.runSuite(SuiteRunnerWorker.java:53)
	at org.testng.SuiteRunnerWorker.run(SuiteRunnerWorker.java:96)
	at org.testng.TestNG.runSuitesSequentially(TestNG.java:1218)
	at org.testng.TestNG.runSuitesLocally(TestNG.java:1140)
	at org.testng.TestNG.runSuites(TestNG.java:1069)
	at org.testng.TestNG.run(TestNG.java:1037)
	at org.testng.remote.AbstractRemoteTestNG.run(AbstractRemoteTestNG.java:115)
	at org.testng.remote.RemoteTestNG.initAndRun(RemoteTestNG.java:293)
	at org.testng.remote.RemoteTestNG.main(RemoteTestNG.java:91)
</pre></div></td>
<td>0</td>
<td>Core.AlertsandNotifications.AlertsTemplateManagement_TestClass@351d00c0</td></tr>
<tr>
<td title='Core.AlertsandNotifications.AlertsTemplateManagement_TestClass.Additional_Fields_for_Email_or_Notice()'><b>Additional_Fields_for_Email_or_Notice</b><br>Test class: Core.AlertsandNotifications.AlertsTemplateManagement_TestClass<br>Parameters: {Category=Notification, Categoryfortemplatecreation=Promotions, CurrentStatus=Active, EditInitialStatusfortemplatemodify=Inactive, EditReason=Test, InitialStatusfortemplatecreation=Active, NotificationType=SMS, NotificationTypefortemplatecreation=EMAIL, Run=Yes, TemplateBody=Automation testing improves software quality by identifying defects early. Selenium with Java helps in UI testing, ensuring reliability and efficiency in development., TemplateNamefortemplatecreation=Test, TestScenario=AlertsTemplateManagement}</td>
<td><div><pre>java.lang.NullPointerException: Cannot invoke &quot;org.openqa.selenium.TakesScreenshot.getScreenshotAs(org.openqa.selenium.OutputType)&quot; because &quot;screenshot&quot; is null
	at com.Utility.ScreenShot.takeScreenShot(ScreenShot.java:29)
	at Core.AlertsandNotifications.AlertsTemplateManagement_TestClass.takeScreenshotOnFailure(AlertsTemplateManagement_TestClass.java:394)
	at java.base/java.util.ArrayList.forEach(ArrayList.java:1511)
... Removed 32 stack frames</pre></div><a href='#' onClick='toggleBox("stack-trace1123664282", this, "Click to show all stack frames", "Click to hide stack frames")'>Click to show all stack frames</a>
<div class='stack-trace' id='stack-trace1123664282'><pre>java.lang.NullPointerException: Cannot invoke &quot;org.openqa.selenium.TakesScreenshot.getScreenshotAs(org.openqa.selenium.OutputType)&quot; because &quot;screenshot&quot; is null
	at com.Utility.ScreenShot.takeScreenShot(ScreenShot.java:29)
	at Core.AlertsandNotifications.AlertsTemplateManagement_TestClass.takeScreenshotOnFailure(AlertsTemplateManagement_TestClass.java:394)
	at java.base/jdk.internal.reflect.NativeMethodAccessorImpl.invoke0(Native Method)
	at java.base/jdk.internal.reflect.NativeMethodAccessorImpl.invoke(NativeMethodAccessorImpl.java:77)
	at java.base/jdk.internal.reflect.DelegatingMethodAccessorImpl.invoke(DelegatingMethodAccessorImpl.java:43)
	at java.base/java.lang.reflect.Method.invoke(Method.java:568)
	at org.testng.internal.MethodInvocationHelper.invokeMethod(MethodInvocationHelper.java:132)
	at org.testng.internal.MethodInvocationHelper.invokeMethodConsideringTimeout(MethodInvocationHelper.java:61)
	at org.testng.internal.ConfigInvoker.invokeConfigurationMethod(ConfigInvoker.java:366)
	at org.testng.internal.ConfigInvoker.invokeConfigurations(ConfigInvoker.java:320)
	at org.testng.internal.TestInvoker.runConfigMethods(TestInvoker.java:701)
	at org.testng.internal.TestInvoker.runAfterGroupsConfigurations(TestInvoker.java:677)
	at org.testng.internal.TestInvoker.invokeMethod(TestInvoker.java:661)
	at org.testng.internal.TestInvoker.invokeTestMethod(TestInvoker.java:174)
	at org.testng.internal.MethodRunner.runInSequence(MethodRunner.java:46)
	at org.testng.internal.TestInvoker$MethodInvocationAgent.invoke(TestInvoker.java:822)
	at org.testng.internal.TestInvoker.invokeTestMethods(TestInvoker.java:147)
	at org.testng.internal.TestMethodWorker.invokeTestMethods(TestMethodWorker.java:146)
	at org.testng.internal.TestMethodWorker.run(TestMethodWorker.java:128)
	at java.base/java.util.ArrayList.forEach(ArrayList.java:1511)
	at org.testng.TestRunner.privateRun(TestRunner.java:764)
	at org.testng.TestRunner.run(TestRunner.java:585)
	at org.testng.SuiteRunner.runTest(SuiteRunner.java:384)
	at org.testng.SuiteRunner.runSequentially(SuiteRunner.java:378)
	at org.testng.SuiteRunner.privateRun(SuiteRunner.java:337)
	at org.testng.SuiteRunner.run(SuiteRunner.java:286)
	at org.testng.SuiteRunnerWorker.runSuite(SuiteRunnerWorker.java:53)
	at org.testng.SuiteRunnerWorker.run(SuiteRunnerWorker.java:96)
	at org.testng.TestNG.runSuitesSequentially(TestNG.java:1218)
	at org.testng.TestNG.runSuitesLocally(TestNG.java:1140)
	at org.testng.TestNG.runSuites(TestNG.java:1069)
	at org.testng.TestNG.run(TestNG.java:1037)
	at org.testng.remote.AbstractRemoteTestNG.run(AbstractRemoteTestNG.java:115)
	at org.testng.remote.RemoteTestNG.initAndRun(RemoteTestNG.java:293)
	at org.testng.remote.RemoteTestNG.main(RemoteTestNG.java:91)
</pre></div></td>
<td>0</td>
<td>Core.AlertsandNotifications.AlertsTemplateManagement_TestClass@351d00c0</td></tr>
<tr>
<td title='Core.AlertsandNotifications.AlertsTemplateManagement_TestClass.Clear_Input_Field_Test()'><b>Clear_Input_Field_Test</b><br>Test class: Core.AlertsandNotifications.AlertsTemplateManagement_TestClass</td>
<td><div><pre>java.lang.NullPointerException: Cannot invoke &quot;org.openqa.selenium.TakesScreenshot.getScreenshotAs(org.openqa.selenium.OutputType)&quot; because &quot;screenshot&quot; is null
	at com.Utility.ScreenShot.takeScreenShot(ScreenShot.java:29)
	at Core.AlertsandNotifications.AlertsTemplateManagement_TestClass.takeScreenshotOnFailure(AlertsTemplateManagement_TestClass.java:394)
	at java.base/java.util.ArrayList.forEach(ArrayList.java:1511)
... Removed 32 stack frames</pre></div><a href='#' onClick='toggleBox("stack-trace624637962", this, "Click to show all stack frames", "Click to hide stack frames")'>Click to show all stack frames</a>
<div class='stack-trace' id='stack-trace624637962'><pre>java.lang.NullPointerException: Cannot invoke &quot;org.openqa.selenium.TakesScreenshot.getScreenshotAs(org.openqa.selenium.OutputType)&quot; because &quot;screenshot&quot; is null
	at com.Utility.ScreenShot.takeScreenShot(ScreenShot.java:29)
	at Core.AlertsandNotifications.AlertsTemplateManagement_TestClass.takeScreenshotOnFailure(AlertsTemplateManagement_TestClass.java:394)
	at java.base/jdk.internal.reflect.NativeMethodAccessorImpl.invoke0(Native Method)
	at java.base/jdk.internal.reflect.NativeMethodAccessorImpl.invoke(NativeMethodAccessorImpl.java:77)
	at java.base/jdk.internal.reflect.DelegatingMethodAccessorImpl.invoke(DelegatingMethodAccessorImpl.java:43)
	at java.base/java.lang.reflect.Method.invoke(Method.java:568)
	at org.testng.internal.MethodInvocationHelper.invokeMethod(MethodInvocationHelper.java:132)
	at org.testng.internal.MethodInvocationHelper.invokeMethodConsideringTimeout(MethodInvocationHelper.java:61)
	at org.testng.internal.ConfigInvoker.invokeConfigurationMethod(ConfigInvoker.java:366)
	at org.testng.internal.ConfigInvoker.invokeConfigurations(ConfigInvoker.java:320)
	at org.testng.internal.TestInvoker.runConfigMethods(TestInvoker.java:701)
	at org.testng.internal.TestInvoker.runAfterGroupsConfigurations(TestInvoker.java:677)
	at org.testng.internal.TestInvoker.invokeMethod(TestInvoker.java:661)
	at org.testng.internal.TestInvoker.invokeTestMethod(TestInvoker.java:174)
	at org.testng.internal.MethodRunner.runInSequence(MethodRunner.java:46)
	at org.testng.internal.TestInvoker$MethodInvocationAgent.invoke(TestInvoker.java:822)
	at org.testng.internal.TestInvoker.invokeTestMethods(TestInvoker.java:147)
	at org.testng.internal.TestMethodWorker.invokeTestMethods(TestMethodWorker.java:146)
	at org.testng.internal.TestMethodWorker.run(TestMethodWorker.java:128)
	at java.base/java.util.ArrayList.forEach(ArrayList.java:1511)
	at org.testng.TestRunner.privateRun(TestRunner.java:764)
	at org.testng.TestRunner.run(TestRunner.java:585)
	at org.testng.SuiteRunner.runTest(SuiteRunner.java:384)
	at org.testng.SuiteRunner.runSequentially(SuiteRunner.java:378)
	at org.testng.SuiteRunner.privateRun(SuiteRunner.java:337)
	at org.testng.SuiteRunner.run(SuiteRunner.java:286)
	at org.testng.SuiteRunnerWorker.runSuite(SuiteRunnerWorker.java:53)
	at org.testng.SuiteRunnerWorker.run(SuiteRunnerWorker.java:96)
	at org.testng.TestNG.runSuitesSequentially(TestNG.java:1218)
	at org.testng.TestNG.runSuitesLocally(TestNG.java:1140)
	at org.testng.TestNG.runSuites(TestNG.java:1069)
	at org.testng.TestNG.run(TestNG.java:1037)
	at org.testng.remote.AbstractRemoteTestNG.run(AbstractRemoteTestNG.java:115)
	at org.testng.remote.RemoteTestNG.initAndRun(RemoteTestNG.java:293)
	at org.testng.remote.RemoteTestNG.main(RemoteTestNG.java:91)
</pre></div></td>
<td>0</td>
<td>Core.AlertsandNotifications.AlertsTemplateManagement_TestClass@351d00c0</td></tr>
<tr>
<td title='Core.AlertsandNotifications.AlertsTemplateManagement_TestClass.Display_Alerts_and_Notifications_Menu_Option()'><b>Display_Alerts_and_Notifications_Menu_Option</b><br>Test class: Core.AlertsandNotifications.AlertsTemplateManagement_TestClass</td>
<td><div><pre>java.lang.NullPointerException: Cannot invoke &quot;org.openqa.selenium.TakesScreenshot.getScreenshotAs(org.openqa.selenium.OutputType)&quot; because &quot;screenshot&quot; is null
	at com.Utility.ScreenShot.takeScreenShot(ScreenShot.java:29)
	at Core.AlertsandNotifications.AlertsTemplateManagement_TestClass.takeScreenshotOnFailure(AlertsTemplateManagement_TestClass.java:394)
	at java.base/java.util.ArrayList.forEach(ArrayList.java:1511)
... Removed 32 stack frames</pre></div><a href='#' onClick='toggleBox("stack-trace1746458880", this, "Click to show all stack frames", "Click to hide stack frames")'>Click to show all stack frames</a>
<div class='stack-trace' id='stack-trace1746458880'><pre>java.lang.NullPointerException: Cannot invoke &quot;org.openqa.selenium.TakesScreenshot.getScreenshotAs(org.openqa.selenium.OutputType)&quot; because &quot;screenshot&quot; is null
	at com.Utility.ScreenShot.takeScreenShot(ScreenShot.java:29)
	at Core.AlertsandNotifications.AlertsTemplateManagement_TestClass.takeScreenshotOnFailure(AlertsTemplateManagement_TestClass.java:394)
	at java.base/jdk.internal.reflect.NativeMethodAccessorImpl.invoke0(Native Method)
	at java.base/jdk.internal.reflect.NativeMethodAccessorImpl.invoke(NativeMethodAccessorImpl.java:77)
	at java.base/jdk.internal.reflect.DelegatingMethodAccessorImpl.invoke(DelegatingMethodAccessorImpl.java:43)
	at java.base/java.lang.reflect.Method.invoke(Method.java:568)
	at org.testng.internal.MethodInvocationHelper.invokeMethod(MethodInvocationHelper.java:132)
	at org.testng.internal.MethodInvocationHelper.invokeMethodConsideringTimeout(MethodInvocationHelper.java:61)
	at org.testng.internal.ConfigInvoker.invokeConfigurationMethod(ConfigInvoker.java:366)
	at org.testng.internal.ConfigInvoker.invokeConfigurations(ConfigInvoker.java:320)
	at org.testng.internal.TestInvoker.runConfigMethods(TestInvoker.java:701)
	at org.testng.internal.TestInvoker.runAfterGroupsConfigurations(TestInvoker.java:677)
	at org.testng.internal.TestInvoker.invokeMethod(TestInvoker.java:661)
	at org.testng.internal.TestInvoker.invokeTestMethod(TestInvoker.java:174)
	at org.testng.internal.MethodRunner.runInSequence(MethodRunner.java:46)
	at org.testng.internal.TestInvoker$MethodInvocationAgent.invoke(TestInvoker.java:822)
	at org.testng.internal.TestInvoker.invokeTestMethods(TestInvoker.java:147)
	at org.testng.internal.TestMethodWorker.invokeTestMethods(TestMethodWorker.java:146)
	at org.testng.internal.TestMethodWorker.run(TestMethodWorker.java:128)
	at java.base/java.util.ArrayList.forEach(ArrayList.java:1511)
	at org.testng.TestRunner.privateRun(TestRunner.java:764)
	at org.testng.TestRunner.run(TestRunner.java:585)
	at org.testng.SuiteRunner.runTest(SuiteRunner.java:384)
	at org.testng.SuiteRunner.runSequentially(SuiteRunner.java:378)
	at org.testng.SuiteRunner.privateRun(SuiteRunner.java:337)
	at org.testng.SuiteRunner.run(SuiteRunner.java:286)
	at org.testng.SuiteRunnerWorker.runSuite(SuiteRunnerWorker.java:53)
	at org.testng.SuiteRunnerWorker.run(SuiteRunnerWorker.java:96)
	at org.testng.TestNG.runSuitesSequentially(TestNG.java:1218)
	at org.testng.TestNG.runSuitesLocally(TestNG.java:1140)
	at org.testng.TestNG.runSuites(TestNG.java:1069)
	at org.testng.TestNG.run(TestNG.java:1037)
	at org.testng.remote.AbstractRemoteTestNG.run(AbstractRemoteTestNG.java:115)
	at org.testng.remote.RemoteTestNG.initAndRun(RemoteTestNG.java:293)
	at org.testng.remote.RemoteTestNG.main(RemoteTestNG.java:91)
</pre></div></td>
<td>0</td>
<td>Core.AlertsandNotifications.AlertsTemplateManagement_TestClass@351d00c0</td></tr>
<tr>
<td title='Core.AlertsandNotifications.AlertsNotificationManagement_TestClass.Display_Alerts_and_Notifications_Menu_Option()'><b>Display_Alerts_and_Notifications_Menu_Option</b><br>Test class: Core.AlertsandNotifications.AlertsNotificationManagement_TestClass</td>
<td><div><pre>java.lang.NullPointerException: Cannot invoke &quot;org.openqa.selenium.TakesScreenshot.getScreenshotAs(org.openqa.selenium.OutputType)&quot; because &quot;screenshot&quot; is null
	at com.Utility.ScreenShot.takeScreenShot(ScreenShot.java:29)
	at Core.AlertsandNotifications.AlertsNotificationManagement_TestClass.takeScreenshotOnFailure(AlertsNotificationManagement_TestClass.java:483)
	at java.base/java.util.ArrayList.forEach(ArrayList.java:1511)
... Removed 32 stack frames</pre></div><a href='#' onClick='toggleBox("stack-trace1870541675", this, "Click to show all stack frames", "Click to hide stack frames")'>Click to show all stack frames</a>
<div class='stack-trace' id='stack-trace1870541675'><pre>java.lang.NullPointerException: Cannot invoke &quot;org.openqa.selenium.TakesScreenshot.getScreenshotAs(org.openqa.selenium.OutputType)&quot; because &quot;screenshot&quot; is null
	at com.Utility.ScreenShot.takeScreenShot(ScreenShot.java:29)
	at Core.AlertsandNotifications.AlertsNotificationManagement_TestClass.takeScreenshotOnFailure(AlertsNotificationManagement_TestClass.java:483)
	at java.base/jdk.internal.reflect.NativeMethodAccessorImpl.invoke0(Native Method)
	at java.base/jdk.internal.reflect.NativeMethodAccessorImpl.invoke(NativeMethodAccessorImpl.java:77)
	at java.base/jdk.internal.reflect.DelegatingMethodAccessorImpl.invoke(DelegatingMethodAccessorImpl.java:43)
	at java.base/java.lang.reflect.Method.invoke(Method.java:568)
	at org.testng.internal.MethodInvocationHelper.invokeMethod(MethodInvocationHelper.java:132)
	at org.testng.internal.MethodInvocationHelper.invokeMethodConsideringTimeout(MethodInvocationHelper.java:61)
	at org.testng.internal.ConfigInvoker.invokeConfigurationMethod(ConfigInvoker.java:366)
	at org.testng.internal.ConfigInvoker.invokeConfigurations(ConfigInvoker.java:320)
	at org.testng.internal.TestInvoker.runConfigMethods(TestInvoker.java:701)
	at org.testng.internal.TestInvoker.runAfterGroupsConfigurations(TestInvoker.java:677)
	at org.testng.internal.TestInvoker.invokeMethod(TestInvoker.java:661)
	at org.testng.internal.TestInvoker.invokeTestMethod(TestInvoker.java:174)
	at org.testng.internal.MethodRunner.runInSequence(MethodRunner.java:46)
	at org.testng.internal.TestInvoker$MethodInvocationAgent.invoke(TestInvoker.java:822)
	at org.testng.internal.TestInvoker.invokeTestMethods(TestInvoker.java:147)
	at org.testng.internal.TestMethodWorker.invokeTestMethods(TestMethodWorker.java:146)
	at org.testng.internal.TestMethodWorker.run(TestMethodWorker.java:128)
	at java.base/java.util.ArrayList.forEach(ArrayList.java:1511)
	at org.testng.TestRunner.privateRun(TestRunner.java:764)
	at org.testng.TestRunner.run(TestRunner.java:585)
	at org.testng.SuiteRunner.runTest(SuiteRunner.java:384)
	at org.testng.SuiteRunner.runSequentially(SuiteRunner.java:378)
	at org.testng.SuiteRunner.privateRun(SuiteRunner.java:337)
	at org.testng.SuiteRunner.run(SuiteRunner.java:286)
	at org.testng.SuiteRunnerWorker.runSuite(SuiteRunnerWorker.java:53)
	at org.testng.SuiteRunnerWorker.run(SuiteRunnerWorker.java:96)
	at org.testng.TestNG.runSuitesSequentially(TestNG.java:1218)
	at org.testng.TestNG.runSuitesLocally(TestNG.java:1140)
	at org.testng.TestNG.runSuites(TestNG.java:1069)
	at org.testng.TestNG.run(TestNG.java:1037)
	at org.testng.remote.AbstractRemoteTestNG.run(AbstractRemoteTestNG.java:115)
	at org.testng.remote.RemoteTestNG.initAndRun(RemoteTestNG.java:293)
	at org.testng.remote.RemoteTestNG.main(RemoteTestNG.java:91)
</pre></div></td>
<td>0</td>
<td>Core.AlertsandNotifications.AlertsNotificationManagement_TestClass@2a3b5b47</td></tr>
<tr>
<td title='Core.AlertsandNotifications.AlertsTemplateManagement_TestClass.Display_Template_Details_Table()'><b>Display_Template_Details_Table</b><br>Test class: Core.AlertsandNotifications.AlertsTemplateManagement_TestClass</td>
<td><div><pre>java.lang.NullPointerException: Cannot invoke &quot;org.openqa.selenium.TakesScreenshot.getScreenshotAs(org.openqa.selenium.OutputType)&quot; because &quot;screenshot&quot; is null
	at com.Utility.ScreenShot.takeScreenShot(ScreenShot.java:29)
	at Core.AlertsandNotifications.AlertsTemplateManagement_TestClass.takeScreenshotOnFailure(AlertsTemplateManagement_TestClass.java:394)
	at java.base/java.util.ArrayList.forEach(ArrayList.java:1511)
... Removed 32 stack frames</pre></div><a href='#' onClick='toggleBox("stack-trace521746054", this, "Click to show all stack frames", "Click to hide stack frames")'>Click to show all stack frames</a>
<div class='stack-trace' id='stack-trace521746054'><pre>java.lang.NullPointerException: Cannot invoke &quot;org.openqa.selenium.TakesScreenshot.getScreenshotAs(org.openqa.selenium.OutputType)&quot; because &quot;screenshot&quot; is null
	at com.Utility.ScreenShot.takeScreenShot(ScreenShot.java:29)
	at Core.AlertsandNotifications.AlertsTemplateManagement_TestClass.takeScreenshotOnFailure(AlertsTemplateManagement_TestClass.java:394)
	at java.base/jdk.internal.reflect.NativeMethodAccessorImpl.invoke0(Native Method)
	at java.base/jdk.internal.reflect.NativeMethodAccessorImpl.invoke(NativeMethodAccessorImpl.java:77)
	at java.base/jdk.internal.reflect.DelegatingMethodAccessorImpl.invoke(DelegatingMethodAccessorImpl.java:43)
	at java.base/java.lang.reflect.Method.invoke(Method.java:568)
	at org.testng.internal.MethodInvocationHelper.invokeMethod(MethodInvocationHelper.java:132)
	at org.testng.internal.MethodInvocationHelper.invokeMethodConsideringTimeout(MethodInvocationHelper.java:61)
	at org.testng.internal.ConfigInvoker.invokeConfigurationMethod(ConfigInvoker.java:366)
	at org.testng.internal.ConfigInvoker.invokeConfigurations(ConfigInvoker.java:320)
	at org.testng.internal.TestInvoker.runConfigMethods(TestInvoker.java:701)
	at org.testng.internal.TestInvoker.runAfterGroupsConfigurations(TestInvoker.java:677)
	at org.testng.internal.TestInvoker.invokeMethod(TestInvoker.java:661)
	at org.testng.internal.TestInvoker.invokeTestMethod(TestInvoker.java:174)
	at org.testng.internal.MethodRunner.runInSequence(MethodRunner.java:46)
	at org.testng.internal.TestInvoker$MethodInvocationAgent.invoke(TestInvoker.java:822)
	at org.testng.internal.TestInvoker.invokeTestMethods(TestInvoker.java:147)
	at org.testng.internal.TestMethodWorker.invokeTestMethods(TestMethodWorker.java:146)
	at org.testng.internal.TestMethodWorker.run(TestMethodWorker.java:128)
	at java.base/java.util.ArrayList.forEach(ArrayList.java:1511)
	at org.testng.TestRunner.privateRun(TestRunner.java:764)
	at org.testng.TestRunner.run(TestRunner.java:585)
	at org.testng.SuiteRunner.runTest(SuiteRunner.java:384)
	at org.testng.SuiteRunner.runSequentially(SuiteRunner.java:378)
	at org.testng.SuiteRunner.privateRun(SuiteRunner.java:337)
	at org.testng.SuiteRunner.run(SuiteRunner.java:286)
	at org.testng.SuiteRunnerWorker.runSuite(SuiteRunnerWorker.java:53)
	at org.testng.SuiteRunnerWorker.run(SuiteRunnerWorker.java:96)
	at org.testng.TestNG.runSuitesSequentially(TestNG.java:1218)
	at org.testng.TestNG.runSuitesLocally(TestNG.java:1140)
	at org.testng.TestNG.runSuites(TestNG.java:1069)
	at org.testng.TestNG.run(TestNG.java:1037)
	at org.testng.remote.AbstractRemoteTestNG.run(AbstractRemoteTestNG.java:115)
	at org.testng.remote.RemoteTestNG.initAndRun(RemoteTestNG.java:293)
	at org.testng.remote.RemoteTestNG.main(RemoteTestNG.java:91)
</pre></div></td>
<td>0</td>
<td>Core.AlertsandNotifications.AlertsTemplateManagement_TestClass@351d00c0</td></tr>
<tr>
<td title='Core.AlertsandNotifications.AlertsTemplateManagement_TestClass.Edit_Existing_Template()'><b>Edit_Existing_Template</b><br>Test class: Core.AlertsandNotifications.AlertsTemplateManagement_TestClass<br>Parameters: {Category=Notification, Categoryfortemplatecreation=Promotions, CurrentStatus=Active, EditInitialStatusfortemplatemodify=Inactive, EditReason=Test, InitialStatusfortemplatecreation=Active, NotificationType=SMS, NotificationTypefortemplatecreation=EMAIL, Run=Yes, TemplateBody=Automation testing improves software quality by identifying defects early. Selenium with Java helps in UI testing, ensuring reliability and efficiency in development., TemplateNamefortemplatecreation=Test, TestScenario=AlertsTemplateManagement}</td>
<td><div><pre>java.lang.NullPointerException: Cannot invoke &quot;org.openqa.selenium.TakesScreenshot.getScreenshotAs(org.openqa.selenium.OutputType)&quot; because &quot;screenshot&quot; is null
	at com.Utility.ScreenShot.takeScreenShot(ScreenShot.java:29)
	at Core.AlertsandNotifications.AlertsTemplateManagement_TestClass.takeScreenshotOnFailure(AlertsTemplateManagement_TestClass.java:394)
	at java.base/java.util.ArrayList.forEach(ArrayList.java:1511)
... Removed 32 stack frames</pre></div><a href='#' onClick='toggleBox("stack-trace440295203", this, "Click to show all stack frames", "Click to hide stack frames")'>Click to show all stack frames</a>
<div class='stack-trace' id='stack-trace440295203'><pre>java.lang.NullPointerException: Cannot invoke &quot;org.openqa.selenium.TakesScreenshot.getScreenshotAs(org.openqa.selenium.OutputType)&quot; because &quot;screenshot&quot; is null
	at com.Utility.ScreenShot.takeScreenShot(ScreenShot.java:29)
	at Core.AlertsandNotifications.AlertsTemplateManagement_TestClass.takeScreenshotOnFailure(AlertsTemplateManagement_TestClass.java:394)
	at java.base/jdk.internal.reflect.NativeMethodAccessorImpl.invoke0(Native Method)
	at java.base/jdk.internal.reflect.NativeMethodAccessorImpl.invoke(NativeMethodAccessorImpl.java:77)
	at java.base/jdk.internal.reflect.DelegatingMethodAccessorImpl.invoke(DelegatingMethodAccessorImpl.java:43)
	at java.base/java.lang.reflect.Method.invoke(Method.java:568)
	at org.testng.internal.MethodInvocationHelper.invokeMethod(MethodInvocationHelper.java:132)
	at org.testng.internal.MethodInvocationHelper.invokeMethodConsideringTimeout(MethodInvocationHelper.java:61)
	at org.testng.internal.ConfigInvoker.invokeConfigurationMethod(ConfigInvoker.java:366)
	at org.testng.internal.ConfigInvoker.invokeConfigurations(ConfigInvoker.java:320)
	at org.testng.internal.TestInvoker.runConfigMethods(TestInvoker.java:701)
	at org.testng.internal.TestInvoker.runAfterGroupsConfigurations(TestInvoker.java:677)
	at org.testng.internal.TestInvoker.invokeMethod(TestInvoker.java:661)
	at org.testng.internal.TestInvoker.invokeTestMethod(TestInvoker.java:174)
	at org.testng.internal.MethodRunner.runInSequence(MethodRunner.java:46)
	at org.testng.internal.TestInvoker$MethodInvocationAgent.invoke(TestInvoker.java:822)
	at org.testng.internal.TestInvoker.invokeTestMethods(TestInvoker.java:147)
	at org.testng.internal.TestMethodWorker.invokeTestMethods(TestMethodWorker.java:146)
	at org.testng.internal.TestMethodWorker.run(TestMethodWorker.java:128)
	at java.base/java.util.ArrayList.forEach(ArrayList.java:1511)
	at org.testng.TestRunner.privateRun(TestRunner.java:764)
	at org.testng.TestRunner.run(TestRunner.java:585)
	at org.testng.SuiteRunner.runTest(SuiteRunner.java:384)
	at org.testng.SuiteRunner.runSequentially(SuiteRunner.java:378)
	at org.testng.SuiteRunner.privateRun(SuiteRunner.java:337)
	at org.testng.SuiteRunner.run(SuiteRunner.java:286)
	at org.testng.SuiteRunnerWorker.runSuite(SuiteRunnerWorker.java:53)
	at org.testng.SuiteRunnerWorker.run(SuiteRunnerWorker.java:96)
	at org.testng.TestNG.runSuitesSequentially(TestNG.java:1218)
	at org.testng.TestNG.runSuitesLocally(TestNG.java:1140)
	at org.testng.TestNG.runSuites(TestNG.java:1069)
	at org.testng.TestNG.run(TestNG.java:1037)
	at org.testng.remote.AbstractRemoteTestNG.run(AbstractRemoteTestNG.java:115)
	at org.testng.remote.RemoteTestNG.initAndRun(RemoteTestNG.java:293)
	at org.testng.remote.RemoteTestNG.main(RemoteTestNG.java:91)
</pre></div></td>
<td>0</td>
<td>Core.AlertsandNotifications.AlertsTemplateManagement_TestClass@351d00c0</td></tr>
<tr>
<td title='Core.AlertsandNotifications.AlertsPlaceholderManagement_TestClass.Insert_New_Entry_All_Valid_Fields()'><b>Insert_New_Entry_All_Valid_Fields</b><br>Test class: Core.AlertsandNotifications.AlertsPlaceholderManagement_TestClass</td>
<td><div><pre>java.lang.NullPointerException: Cannot invoke &quot;org.openqa.selenium.TakesScreenshot.getScreenshotAs(org.openqa.selenium.OutputType)&quot; because &quot;screenshot&quot; is null
	at com.Utility.ScreenShot.takeScreenShot(ScreenShot.java:29)
	at Core.AlertsandNotifications.AlertsPlaceholderManagement_TestClass.takeScreenshotOnFailure(AlertsPlaceholderManagement_TestClass.java:252)
	at java.base/java.util.ArrayList.forEach(ArrayList.java:1511)
... Removed 32 stack frames</pre></div><a href='#' onClick='toggleBox("stack-trace737756161", this, "Click to show all stack frames", "Click to hide stack frames")'>Click to show all stack frames</a>
<div class='stack-trace' id='stack-trace737756161'><pre>java.lang.NullPointerException: Cannot invoke &quot;org.openqa.selenium.TakesScreenshot.getScreenshotAs(org.openqa.selenium.OutputType)&quot; because &quot;screenshot&quot; is null
	at com.Utility.ScreenShot.takeScreenShot(ScreenShot.java:29)
	at Core.AlertsandNotifications.AlertsPlaceholderManagement_TestClass.takeScreenshotOnFailure(AlertsPlaceholderManagement_TestClass.java:252)
	at java.base/jdk.internal.reflect.NativeMethodAccessorImpl.invoke0(Native Method)
	at java.base/jdk.internal.reflect.NativeMethodAccessorImpl.invoke(NativeMethodAccessorImpl.java:77)
	at java.base/jdk.internal.reflect.DelegatingMethodAccessorImpl.invoke(DelegatingMethodAccessorImpl.java:43)
	at java.base/java.lang.reflect.Method.invoke(Method.java:568)
	at org.testng.internal.MethodInvocationHelper.invokeMethod(MethodInvocationHelper.java:132)
	at org.testng.internal.MethodInvocationHelper.invokeMethodConsideringTimeout(MethodInvocationHelper.java:61)
	at org.testng.internal.ConfigInvoker.invokeConfigurationMethod(ConfigInvoker.java:366)
	at org.testng.internal.ConfigInvoker.invokeConfigurations(ConfigInvoker.java:320)
	at org.testng.internal.TestInvoker.runConfigMethods(TestInvoker.java:701)
	at org.testng.internal.TestInvoker.runAfterGroupsConfigurations(TestInvoker.java:677)
	at org.testng.internal.TestInvoker.invokeMethod(TestInvoker.java:661)
	at org.testng.internal.TestInvoker.invokeTestMethod(TestInvoker.java:174)
	at org.testng.internal.MethodRunner.runInSequence(MethodRunner.java:46)
	at org.testng.internal.TestInvoker$MethodInvocationAgent.invoke(TestInvoker.java:822)
	at org.testng.internal.TestInvoker.invokeTestMethods(TestInvoker.java:147)
	at org.testng.internal.TestMethodWorker.invokeTestMethods(TestMethodWorker.java:146)
	at org.testng.internal.TestMethodWorker.run(TestMethodWorker.java:128)
	at java.base/java.util.ArrayList.forEach(ArrayList.java:1511)
	at org.testng.TestRunner.privateRun(TestRunner.java:764)
	at org.testng.TestRunner.run(TestRunner.java:585)
	at org.testng.SuiteRunner.runTest(SuiteRunner.java:384)
	at org.testng.SuiteRunner.runSequentially(SuiteRunner.java:378)
	at org.testng.SuiteRunner.privateRun(SuiteRunner.java:337)
	at org.testng.SuiteRunner.run(SuiteRunner.java:286)
	at org.testng.SuiteRunnerWorker.runSuite(SuiteRunnerWorker.java:53)
	at org.testng.SuiteRunnerWorker.run(SuiteRunnerWorker.java:96)
	at org.testng.TestNG.runSuitesSequentially(TestNG.java:1218)
	at org.testng.TestNG.runSuitesLocally(TestNG.java:1140)
	at org.testng.TestNG.runSuites(TestNG.java:1069)
	at org.testng.TestNG.run(TestNG.java:1037)
	at org.testng.remote.AbstractRemoteTestNG.run(AbstractRemoteTestNG.java:115)
	at org.testng.remote.RemoteTestNG.initAndRun(RemoteTestNG.java:293)
	at org.testng.remote.RemoteTestNG.main(RemoteTestNG.java:91)
</pre></div></td>
<td>0</td>
<td>Core.AlertsandNotifications.AlertsPlaceholderManagement_TestClass@49e53c76</td></tr>
<tr>
<td title='Core.AlertsandNotifications.AlertsTemplateManagement_TestClass.Interact_with_Template_Management_Fields()'><b>Interact_with_Template_Management_Fields</b><br>Test class: Core.AlertsandNotifications.AlertsTemplateManagement_TestClass<br>Parameters: {Category=Notification, Categoryfortemplatecreation=Promotions, CurrentStatus=Active, EditInitialStatusfortemplatemodify=Inactive, EditReason=Test, InitialStatusfortemplatecreation=Active, NotificationType=SMS, NotificationTypefortemplatecreation=EMAIL, Run=Yes, TemplateBody=Automation testing improves software quality by identifying defects early. Selenium with Java helps in UI testing, ensuring reliability and efficiency in development., TemplateNamefortemplatecreation=Test, TestScenario=AlertsTemplateManagement}</td>
<td><div><pre>java.lang.NullPointerException: Cannot invoke &quot;org.openqa.selenium.TakesScreenshot.getScreenshotAs(org.openqa.selenium.OutputType)&quot; because &quot;screenshot&quot; is null
	at com.Utility.ScreenShot.takeScreenShot(ScreenShot.java:29)
	at Core.AlertsandNotifications.AlertsTemplateManagement_TestClass.takeScreenshotOnFailure(AlertsTemplateManagement_TestClass.java:394)
	at java.base/java.util.ArrayList.forEach(ArrayList.java:1511)
... Removed 32 stack frames</pre></div><a href='#' onClick='toggleBox("stack-trace164733543", this, "Click to show all stack frames", "Click to hide stack frames")'>Click to show all stack frames</a>
<div class='stack-trace' id='stack-trace164733543'><pre>java.lang.NullPointerException: Cannot invoke &quot;org.openqa.selenium.TakesScreenshot.getScreenshotAs(org.openqa.selenium.OutputType)&quot; because &quot;screenshot&quot; is null
	at com.Utility.ScreenShot.takeScreenShot(ScreenShot.java:29)
	at Core.AlertsandNotifications.AlertsTemplateManagement_TestClass.takeScreenshotOnFailure(AlertsTemplateManagement_TestClass.java:394)
	at java.base/jdk.internal.reflect.NativeMethodAccessorImpl.invoke0(Native Method)
	at java.base/jdk.internal.reflect.NativeMethodAccessorImpl.invoke(NativeMethodAccessorImpl.java:77)
	at java.base/jdk.internal.reflect.DelegatingMethodAccessorImpl.invoke(DelegatingMethodAccessorImpl.java:43)
	at java.base/java.lang.reflect.Method.invoke(Method.java:568)
	at org.testng.internal.MethodInvocationHelper.invokeMethod(MethodInvocationHelper.java:132)
	at org.testng.internal.MethodInvocationHelper.invokeMethodConsideringTimeout(MethodInvocationHelper.java:61)
	at org.testng.internal.ConfigInvoker.invokeConfigurationMethod(ConfigInvoker.java:366)
	at org.testng.internal.ConfigInvoker.invokeConfigurations(ConfigInvoker.java:320)
	at org.testng.internal.TestInvoker.runConfigMethods(TestInvoker.java:701)
	at org.testng.internal.TestInvoker.runAfterGroupsConfigurations(TestInvoker.java:677)
	at org.testng.internal.TestInvoker.invokeMethod(TestInvoker.java:661)
	at org.testng.internal.TestInvoker.invokeTestMethod(TestInvoker.java:174)
	at org.testng.internal.MethodRunner.runInSequence(MethodRunner.java:46)
	at org.testng.internal.TestInvoker$MethodInvocationAgent.invoke(TestInvoker.java:822)
	at org.testng.internal.TestInvoker.invokeTestMethods(TestInvoker.java:147)
	at org.testng.internal.TestMethodWorker.invokeTestMethods(TestMethodWorker.java:146)
	at org.testng.internal.TestMethodWorker.run(TestMethodWorker.java:128)
	at java.base/java.util.ArrayList.forEach(ArrayList.java:1511)
	at org.testng.TestRunner.privateRun(TestRunner.java:764)
	at org.testng.TestRunner.run(TestRunner.java:585)
	at org.testng.SuiteRunner.runTest(SuiteRunner.java:384)
	at org.testng.SuiteRunner.runSequentially(SuiteRunner.java:378)
	at org.testng.SuiteRunner.privateRun(SuiteRunner.java:337)
	at org.testng.SuiteRunner.run(SuiteRunner.java:286)
	at org.testng.SuiteRunnerWorker.runSuite(SuiteRunnerWorker.java:53)
	at org.testng.SuiteRunnerWorker.run(SuiteRunnerWorker.java:96)
	at org.testng.TestNG.runSuitesSequentially(TestNG.java:1218)
	at org.testng.TestNG.runSuitesLocally(TestNG.java:1140)
	at org.testng.TestNG.runSuites(TestNG.java:1069)
	at org.testng.TestNG.run(TestNG.java:1037)
	at org.testng.remote.AbstractRemoteTestNG.run(AbstractRemoteTestNG.java:115)
	at org.testng.remote.RemoteTestNG.initAndRun(RemoteTestNG.java:293)
	at org.testng.remote.RemoteTestNG.main(RemoteTestNG.java:91)
</pre></div></td>
<td>0</td>
<td>Core.AlertsandNotifications.AlertsTemplateManagement_TestClass@351d00c0</td></tr>
<tr>
<td title='Core.AlertsandNotifications.AlertsTemplateManagement_TestClass.Navigate_to_Template_Management()'><b>Navigate_to_Template_Management</b><br>Test class: Core.AlertsandNotifications.AlertsTemplateManagement_TestClass</td>
<td><div><pre>java.lang.NullPointerException: Cannot invoke &quot;org.openqa.selenium.TakesScreenshot.getScreenshotAs(org.openqa.selenium.OutputType)&quot; because &quot;screenshot&quot; is null
	at com.Utility.ScreenShot.takeScreenShot(ScreenShot.java:29)
	at Core.AlertsandNotifications.AlertsTemplateManagement_TestClass.takeScreenshotOnFailure(AlertsTemplateManagement_TestClass.java:394)
	at java.base/java.util.ArrayList.forEach(ArrayList.java:1511)
... Removed 32 stack frames</pre></div><a href='#' onClick='toggleBox("stack-trace827248723", this, "Click to show all stack frames", "Click to hide stack frames")'>Click to show all stack frames</a>
<div class='stack-trace' id='stack-trace827248723'><pre>java.lang.NullPointerException: Cannot invoke &quot;org.openqa.selenium.TakesScreenshot.getScreenshotAs(org.openqa.selenium.OutputType)&quot; because &quot;screenshot&quot; is null
	at com.Utility.ScreenShot.takeScreenShot(ScreenShot.java:29)
	at Core.AlertsandNotifications.AlertsTemplateManagement_TestClass.takeScreenshotOnFailure(AlertsTemplateManagement_TestClass.java:394)
	at java.base/jdk.internal.reflect.NativeMethodAccessorImpl.invoke0(Native Method)
	at java.base/jdk.internal.reflect.NativeMethodAccessorImpl.invoke(NativeMethodAccessorImpl.java:77)
	at java.base/jdk.internal.reflect.DelegatingMethodAccessorImpl.invoke(DelegatingMethodAccessorImpl.java:43)
	at java.base/java.lang.reflect.Method.invoke(Method.java:568)
	at org.testng.internal.MethodInvocationHelper.invokeMethod(MethodInvocationHelper.java:132)
	at org.testng.internal.MethodInvocationHelper.invokeMethodConsideringTimeout(MethodInvocationHelper.java:61)
	at org.testng.internal.ConfigInvoker.invokeConfigurationMethod(ConfigInvoker.java:366)
	at org.testng.internal.ConfigInvoker.invokeConfigurations(ConfigInvoker.java:320)
	at org.testng.internal.TestInvoker.runConfigMethods(TestInvoker.java:701)
	at org.testng.internal.TestInvoker.runAfterGroupsConfigurations(TestInvoker.java:677)
	at org.testng.internal.TestInvoker.invokeMethod(TestInvoker.java:661)
	at org.testng.internal.TestInvoker.invokeTestMethod(TestInvoker.java:174)
	at org.testng.internal.MethodRunner.runInSequence(MethodRunner.java:46)
	at org.testng.internal.TestInvoker$MethodInvocationAgent.invoke(TestInvoker.java:822)
	at org.testng.internal.TestInvoker.invokeTestMethods(TestInvoker.java:147)
	at org.testng.internal.TestMethodWorker.invokeTestMethods(TestMethodWorker.java:146)
	at org.testng.internal.TestMethodWorker.run(TestMethodWorker.java:128)
	at java.base/java.util.ArrayList.forEach(ArrayList.java:1511)
	at org.testng.TestRunner.privateRun(TestRunner.java:764)
	at org.testng.TestRunner.run(TestRunner.java:585)
	at org.testng.SuiteRunner.runTest(SuiteRunner.java:384)
	at org.testng.SuiteRunner.runSequentially(SuiteRunner.java:378)
	at org.testng.SuiteRunner.privateRun(SuiteRunner.java:337)
	at org.testng.SuiteRunner.run(SuiteRunner.java:286)
	at org.testng.SuiteRunnerWorker.runSuite(SuiteRunnerWorker.java:53)
	at org.testng.SuiteRunnerWorker.run(SuiteRunnerWorker.java:96)
	at org.testng.TestNG.runSuitesSequentially(TestNG.java:1218)
	at org.testng.TestNG.runSuitesLocally(TestNG.java:1140)
	at org.testng.TestNG.runSuites(TestNG.java:1069)
	at org.testng.TestNG.run(TestNG.java:1037)
	at org.testng.remote.AbstractRemoteTestNG.run(AbstractRemoteTestNG.java:115)
	at org.testng.remote.RemoteTestNG.initAndRun(RemoteTestNG.java:293)
	at org.testng.remote.RemoteTestNG.main(RemoteTestNG.java:91)
</pre></div></td>
<td>0</td>
<td>Core.AlertsandNotifications.AlertsTemplateManagement_TestClass@351d00c0</td></tr>
<tr>
<td title='Core.AlertsandNotifications.AlertsPlaceholderManagement_TestClass.Paginate_to_Next_Page()'><b>Paginate_to_Next_Page</b><br>Test class: Core.AlertsandNotifications.AlertsPlaceholderManagement_TestClass</td>
<td><div><pre>java.lang.NullPointerException: Cannot invoke &quot;org.openqa.selenium.TakesScreenshot.getScreenshotAs(org.openqa.selenium.OutputType)&quot; because &quot;screenshot&quot; is null
	at com.Utility.ScreenShot.takeScreenShot(ScreenShot.java:29)
	at Core.AlertsandNotifications.AlertsPlaceholderManagement_TestClass.takeScreenshotOnFailure(AlertsPlaceholderManagement_TestClass.java:252)
	at java.base/java.util.ArrayList.forEach(ArrayList.java:1511)
... Removed 32 stack frames</pre></div><a href='#' onClick='toggleBox("stack-trace990830650", this, "Click to show all stack frames", "Click to hide stack frames")'>Click to show all stack frames</a>
<div class='stack-trace' id='stack-trace990830650'><pre>java.lang.NullPointerException: Cannot invoke &quot;org.openqa.selenium.TakesScreenshot.getScreenshotAs(org.openqa.selenium.OutputType)&quot; because &quot;screenshot&quot; is null
	at com.Utility.ScreenShot.takeScreenShot(ScreenShot.java:29)
	at Core.AlertsandNotifications.AlertsPlaceholderManagement_TestClass.takeScreenshotOnFailure(AlertsPlaceholderManagement_TestClass.java:252)
	at java.base/jdk.internal.reflect.NativeMethodAccessorImpl.invoke0(Native Method)
	at java.base/jdk.internal.reflect.NativeMethodAccessorImpl.invoke(NativeMethodAccessorImpl.java:77)
	at java.base/jdk.internal.reflect.DelegatingMethodAccessorImpl.invoke(DelegatingMethodAccessorImpl.java:43)
	at java.base/java.lang.reflect.Method.invoke(Method.java:568)
	at org.testng.internal.MethodInvocationHelper.invokeMethod(MethodInvocationHelper.java:132)
	at org.testng.internal.MethodInvocationHelper.invokeMethodConsideringTimeout(MethodInvocationHelper.java:61)
	at org.testng.internal.ConfigInvoker.invokeConfigurationMethod(ConfigInvoker.java:366)
	at org.testng.internal.ConfigInvoker.invokeConfigurations(ConfigInvoker.java:320)
	at org.testng.internal.TestInvoker.runConfigMethods(TestInvoker.java:701)
	at org.testng.internal.TestInvoker.runAfterGroupsConfigurations(TestInvoker.java:677)
	at org.testng.internal.TestInvoker.invokeMethod(TestInvoker.java:661)
	at org.testng.internal.TestInvoker.invokeTestMethod(TestInvoker.java:174)
	at org.testng.internal.MethodRunner.runInSequence(MethodRunner.java:46)
	at org.testng.internal.TestInvoker$MethodInvocationAgent.invoke(TestInvoker.java:822)
	at org.testng.internal.TestInvoker.invokeTestMethods(TestInvoker.java:147)
	at org.testng.internal.TestMethodWorker.invokeTestMethods(TestMethodWorker.java:146)
	at org.testng.internal.TestMethodWorker.run(TestMethodWorker.java:128)
	at java.base/java.util.ArrayList.forEach(ArrayList.java:1511)
	at org.testng.TestRunner.privateRun(TestRunner.java:764)
	at org.testng.TestRunner.run(TestRunner.java:585)
	at org.testng.SuiteRunner.runTest(SuiteRunner.java:384)
	at org.testng.SuiteRunner.runSequentially(SuiteRunner.java:378)
	at org.testng.SuiteRunner.privateRun(SuiteRunner.java:337)
	at org.testng.SuiteRunner.run(SuiteRunner.java:286)
	at org.testng.SuiteRunnerWorker.runSuite(SuiteRunnerWorker.java:53)
	at org.testng.SuiteRunnerWorker.run(SuiteRunnerWorker.java:96)
	at org.testng.TestNG.runSuitesSequentially(TestNG.java:1218)
	at org.testng.TestNG.runSuitesLocally(TestNG.java:1140)
	at org.testng.TestNG.runSuites(TestNG.java:1069)
	at org.testng.TestNG.run(TestNG.java:1037)
	at org.testng.remote.AbstractRemoteTestNG.run(AbstractRemoteTestNG.java:115)
	at org.testng.remote.RemoteTestNG.initAndRun(RemoteTestNG.java:293)
	at org.testng.remote.RemoteTestNG.main(RemoteTestNG.java:91)
</pre></div></td>
<td>0</td>
<td>Core.AlertsandNotifications.AlertsPlaceholderManagement_TestClass@49e53c76</td></tr>
<tr>
<td title='Core.AlertsandNotifications.AlertsPlaceholderManagement_TestClass.Paginate_to_Previous_Page()'><b>Paginate_to_Previous_Page</b><br>Test class: Core.AlertsandNotifications.AlertsPlaceholderManagement_TestClass</td>
<td><div><pre>java.lang.NullPointerException: Cannot invoke &quot;org.openqa.selenium.TakesScreenshot.getScreenshotAs(org.openqa.selenium.OutputType)&quot; because &quot;screenshot&quot; is null
	at com.Utility.ScreenShot.takeScreenShot(ScreenShot.java:29)
	at Core.AlertsandNotifications.AlertsPlaceholderManagement_TestClass.takeScreenshotOnFailure(AlertsPlaceholderManagement_TestClass.java:252)
	at java.base/java.util.ArrayList.forEach(ArrayList.java:1511)
... Removed 32 stack frames</pre></div><a href='#' onClick='toggleBox("stack-trace1048444228", this, "Click to show all stack frames", "Click to hide stack frames")'>Click to show all stack frames</a>
<div class='stack-trace' id='stack-trace1048444228'><pre>java.lang.NullPointerException: Cannot invoke &quot;org.openqa.selenium.TakesScreenshot.getScreenshotAs(org.openqa.selenium.OutputType)&quot; because &quot;screenshot&quot; is null
	at com.Utility.ScreenShot.takeScreenShot(ScreenShot.java:29)
	at Core.AlertsandNotifications.AlertsPlaceholderManagement_TestClass.takeScreenshotOnFailure(AlertsPlaceholderManagement_TestClass.java:252)
	at java.base/jdk.internal.reflect.NativeMethodAccessorImpl.invoke0(Native Method)
	at java.base/jdk.internal.reflect.NativeMethodAccessorImpl.invoke(NativeMethodAccessorImpl.java:77)
	at java.base/jdk.internal.reflect.DelegatingMethodAccessorImpl.invoke(DelegatingMethodAccessorImpl.java:43)
	at java.base/java.lang.reflect.Method.invoke(Method.java:568)
	at org.testng.internal.MethodInvocationHelper.invokeMethod(MethodInvocationHelper.java:132)
	at org.testng.internal.MethodInvocationHelper.invokeMethodConsideringTimeout(MethodInvocationHelper.java:61)
	at org.testng.internal.ConfigInvoker.invokeConfigurationMethod(ConfigInvoker.java:366)
	at org.testng.internal.ConfigInvoker.invokeConfigurations(ConfigInvoker.java:320)
	at org.testng.internal.TestInvoker.runConfigMethods(TestInvoker.java:701)
	at org.testng.internal.TestInvoker.runAfterGroupsConfigurations(TestInvoker.java:677)
	at org.testng.internal.TestInvoker.invokeMethod(TestInvoker.java:661)
	at org.testng.internal.TestInvoker.invokeTestMethod(TestInvoker.java:174)
	at org.testng.internal.MethodRunner.runInSequence(MethodRunner.java:46)
	at org.testng.internal.TestInvoker$MethodInvocationAgent.invoke(TestInvoker.java:822)
	at org.testng.internal.TestInvoker.invokeTestMethods(TestInvoker.java:147)
	at org.testng.internal.TestMethodWorker.invokeTestMethods(TestMethodWorker.java:146)
	at org.testng.internal.TestMethodWorker.run(TestMethodWorker.java:128)
	at java.base/java.util.ArrayList.forEach(ArrayList.java:1511)
	at org.testng.TestRunner.privateRun(TestRunner.java:764)
	at org.testng.TestRunner.run(TestRunner.java:585)
	at org.testng.SuiteRunner.runTest(SuiteRunner.java:384)
	at org.testng.SuiteRunner.runSequentially(SuiteRunner.java:378)
	at org.testng.SuiteRunner.privateRun(SuiteRunner.java:337)
	at org.testng.SuiteRunner.run(SuiteRunner.java:286)
	at org.testng.SuiteRunnerWorker.runSuite(SuiteRunnerWorker.java:53)
	at org.testng.SuiteRunnerWorker.run(SuiteRunnerWorker.java:96)
	at org.testng.TestNG.runSuitesSequentially(TestNG.java:1218)
	at org.testng.TestNG.runSuitesLocally(TestNG.java:1140)
	at org.testng.TestNG.runSuites(TestNG.java:1069)
	at org.testng.TestNG.run(TestNG.java:1037)
	at org.testng.remote.AbstractRemoteTestNG.run(AbstractRemoteTestNG.java:115)
	at org.testng.remote.RemoteTestNG.initAndRun(RemoteTestNG.java:293)
	at org.testng.remote.RemoteTestNG.main(RemoteTestNG.java:91)
</pre></div></td>
<td>0</td>
<td>Core.AlertsandNotifications.AlertsPlaceholderManagement_TestClass@49e53c76</td></tr>
<tr>
<td title='Core.AlertsandNotifications.AlertsPlaceholderManagement_TestClass.Pagination_Controls_Display()'><b>Pagination_Controls_Display</b><br>Test class: Core.AlertsandNotifications.AlertsPlaceholderManagement_TestClass</td>
<td><div><pre>java.lang.NullPointerException: Cannot invoke &quot;org.openqa.selenium.TakesScreenshot.getScreenshotAs(org.openqa.selenium.OutputType)&quot; because &quot;screenshot&quot; is null
	at com.Utility.ScreenShot.takeScreenShot(ScreenShot.java:29)
	at Core.AlertsandNotifications.AlertsPlaceholderManagement_TestClass.takeScreenshotOnFailure(AlertsPlaceholderManagement_TestClass.java:252)
	at java.base/java.util.ArrayList.forEach(ArrayList.java:1511)
... Removed 32 stack frames</pre></div><a href='#' onClick='toggleBox("stack-trace2036360618", this, "Click to show all stack frames", "Click to hide stack frames")'>Click to show all stack frames</a>
<div class='stack-trace' id='stack-trace2036360618'><pre>java.lang.NullPointerException: Cannot invoke &quot;org.openqa.selenium.TakesScreenshot.getScreenshotAs(org.openqa.selenium.OutputType)&quot; because &quot;screenshot&quot; is null
	at com.Utility.ScreenShot.takeScreenShot(ScreenShot.java:29)
	at Core.AlertsandNotifications.AlertsPlaceholderManagement_TestClass.takeScreenshotOnFailure(AlertsPlaceholderManagement_TestClass.java:252)
	at java.base/jdk.internal.reflect.NativeMethodAccessorImpl.invoke0(Native Method)
	at java.base/jdk.internal.reflect.NativeMethodAccessorImpl.invoke(NativeMethodAccessorImpl.java:77)
	at java.base/jdk.internal.reflect.DelegatingMethodAccessorImpl.invoke(DelegatingMethodAccessorImpl.java:43)
	at java.base/java.lang.reflect.Method.invoke(Method.java:568)
	at org.testng.internal.MethodInvocationHelper.invokeMethod(MethodInvocationHelper.java:132)
	at org.testng.internal.MethodInvocationHelper.invokeMethodConsideringTimeout(MethodInvocationHelper.java:61)
	at org.testng.internal.ConfigInvoker.invokeConfigurationMethod(ConfigInvoker.java:366)
	at org.testng.internal.ConfigInvoker.invokeConfigurations(ConfigInvoker.java:320)
	at org.testng.internal.TestInvoker.runConfigMethods(TestInvoker.java:701)
	at org.testng.internal.TestInvoker.runAfterGroupsConfigurations(TestInvoker.java:677)
	at org.testng.internal.TestInvoker.invokeMethod(TestInvoker.java:661)
	at org.testng.internal.TestInvoker.invokeTestMethod(TestInvoker.java:174)
	at org.testng.internal.MethodRunner.runInSequence(MethodRunner.java:46)
	at org.testng.internal.TestInvoker$MethodInvocationAgent.invoke(TestInvoker.java:822)
	at org.testng.internal.TestInvoker.invokeTestMethods(TestInvoker.java:147)
	at org.testng.internal.TestMethodWorker.invokeTestMethods(TestMethodWorker.java:146)
	at org.testng.internal.TestMethodWorker.run(TestMethodWorker.java:128)
	at java.base/java.util.ArrayList.forEach(ArrayList.java:1511)
	at org.testng.TestRunner.privateRun(TestRunner.java:764)
	at org.testng.TestRunner.run(TestRunner.java:585)
	at org.testng.SuiteRunner.runTest(SuiteRunner.java:384)
	at org.testng.SuiteRunner.runSequentially(SuiteRunner.java:378)
	at org.testng.SuiteRunner.privateRun(SuiteRunner.java:337)
	at org.testng.SuiteRunner.run(SuiteRunner.java:286)
	at org.testng.SuiteRunnerWorker.runSuite(SuiteRunnerWorker.java:53)
	at org.testng.SuiteRunnerWorker.run(SuiteRunnerWorker.java:96)
	at org.testng.TestNG.runSuitesSequentially(TestNG.java:1218)
	at org.testng.TestNG.runSuitesLocally(TestNG.java:1140)
	at org.testng.TestNG.runSuites(TestNG.java:1069)
	at org.testng.TestNG.run(TestNG.java:1037)
	at org.testng.remote.AbstractRemoteTestNG.run(AbstractRemoteTestNG.java:115)
	at org.testng.remote.RemoteTestNG.initAndRun(RemoteTestNG.java:293)
	at org.testng.remote.RemoteTestNG.main(RemoteTestNG.java:91)
</pre></div></td>
<td>0</td>
<td>Core.AlertsandNotifications.AlertsPlaceholderManagement_TestClass@49e53c76</td></tr>
<tr>
<td title='Core.AlertsandNotifications.AlertsTemplateManagement_TestClass.SMS_Template_Body_Character_Limit()'><b>SMS_Template_Body_Character_Limit</b><br>Test class: Core.AlertsandNotifications.AlertsTemplateManagement_TestClass<br>Parameters: {Category=Notification, Categoryfortemplatecreation=Promotions, CurrentStatus=Active, EditInitialStatusfortemplatemodify=Inactive, EditReason=Test, InitialStatusfortemplatecreation=Active, NotificationType=SMS, NotificationTypefortemplatecreation=EMAIL, Run=Yes, TemplateBody=Automation testing improves software quality by identifying defects early. Selenium with Java helps in UI testing, ensuring reliability and efficiency in development., TemplateNamefortemplatecreation=Test, TestScenario=AlertsTemplateManagement}</td>
<td><div><pre>java.lang.NullPointerException: Cannot invoke &quot;org.openqa.selenium.TakesScreenshot.getScreenshotAs(org.openqa.selenium.OutputType)&quot; because &quot;screenshot&quot; is null
	at com.Utility.ScreenShot.takeScreenShot(ScreenShot.java:29)
	at Core.AlertsandNotifications.AlertsTemplateManagement_TestClass.takeScreenshotOnFailure(AlertsTemplateManagement_TestClass.java:394)
	at java.base/java.util.ArrayList.forEach(ArrayList.java:1511)
... Removed 32 stack frames</pre></div><a href='#' onClick='toggleBox("stack-trace1490434838", this, "Click to show all stack frames", "Click to hide stack frames")'>Click to show all stack frames</a>
<div class='stack-trace' id='stack-trace1490434838'><pre>java.lang.NullPointerException: Cannot invoke &quot;org.openqa.selenium.TakesScreenshot.getScreenshotAs(org.openqa.selenium.OutputType)&quot; because &quot;screenshot&quot; is null
	at com.Utility.ScreenShot.takeScreenShot(ScreenShot.java:29)
	at Core.AlertsandNotifications.AlertsTemplateManagement_TestClass.takeScreenshotOnFailure(AlertsTemplateManagement_TestClass.java:394)
	at java.base/jdk.internal.reflect.NativeMethodAccessorImpl.invoke0(Native Method)
	at java.base/jdk.internal.reflect.NativeMethodAccessorImpl.invoke(NativeMethodAccessorImpl.java:77)
	at java.base/jdk.internal.reflect.DelegatingMethodAccessorImpl.invoke(DelegatingMethodAccessorImpl.java:43)
	at java.base/java.lang.reflect.Method.invoke(Method.java:568)
	at org.testng.internal.MethodInvocationHelper.invokeMethod(MethodInvocationHelper.java:132)
	at org.testng.internal.MethodInvocationHelper.invokeMethodConsideringTimeout(MethodInvocationHelper.java:61)
	at org.testng.internal.ConfigInvoker.invokeConfigurationMethod(ConfigInvoker.java:366)
	at org.testng.internal.ConfigInvoker.invokeConfigurations(ConfigInvoker.java:320)
	at org.testng.internal.TestInvoker.runConfigMethods(TestInvoker.java:701)
	at org.testng.internal.TestInvoker.runAfterGroupsConfigurations(TestInvoker.java:677)
	at org.testng.internal.TestInvoker.invokeMethod(TestInvoker.java:661)
	at org.testng.internal.TestInvoker.invokeTestMethod(TestInvoker.java:174)
	at org.testng.internal.MethodRunner.runInSequence(MethodRunner.java:46)
	at org.testng.internal.TestInvoker$MethodInvocationAgent.invoke(TestInvoker.java:822)
	at org.testng.internal.TestInvoker.invokeTestMethods(TestInvoker.java:147)
	at org.testng.internal.TestMethodWorker.invokeTestMethods(TestMethodWorker.java:146)
	at org.testng.internal.TestMethodWorker.run(TestMethodWorker.java:128)
	at java.base/java.util.ArrayList.forEach(ArrayList.java:1511)
	at org.testng.TestRunner.privateRun(TestRunner.java:764)
	at org.testng.TestRunner.run(TestRunner.java:585)
	at org.testng.SuiteRunner.runTest(SuiteRunner.java:384)
	at org.testng.SuiteRunner.runSequentially(SuiteRunner.java:378)
	at org.testng.SuiteRunner.privateRun(SuiteRunner.java:337)
	at org.testng.SuiteRunner.run(SuiteRunner.java:286)
	at org.testng.SuiteRunnerWorker.runSuite(SuiteRunnerWorker.java:53)
	at org.testng.SuiteRunnerWorker.run(SuiteRunnerWorker.java:96)
	at org.testng.TestNG.runSuitesSequentially(TestNG.java:1218)
	at org.testng.TestNG.runSuitesLocally(TestNG.java:1140)
	at org.testng.TestNG.runSuites(TestNG.java:1069)
	at org.testng.TestNG.run(TestNG.java:1037)
	at org.testng.remote.AbstractRemoteTestNG.run(AbstractRemoteTestNG.java:115)
	at org.testng.remote.RemoteTestNG.initAndRun(RemoteTestNG.java:293)
	at org.testng.remote.RemoteTestNG.main(RemoteTestNG.java:91)
</pre></div></td>
<td>0</td>
<td>Core.AlertsandNotifications.AlertsTemplateManagement_TestClass@351d00c0</td></tr>
<tr>
<td title='Core.AlertsandNotifications.AlertsTemplateManagement_TestClass.Save_New_Template()'><b>Save_New_Template</b><br>Test class: Core.AlertsandNotifications.AlertsTemplateManagement_TestClass</td>
<td><div><pre>java.lang.NullPointerException: Cannot invoke &quot;org.openqa.selenium.TakesScreenshot.getScreenshotAs(org.openqa.selenium.OutputType)&quot; because &quot;screenshot&quot; is null
	at com.Utility.ScreenShot.takeScreenShot(ScreenShot.java:29)
	at Core.AlertsandNotifications.AlertsTemplateManagement_TestClass.takeScreenshotOnFailure(AlertsTemplateManagement_TestClass.java:394)
	at java.base/java.util.ArrayList.forEach(ArrayList.java:1511)
... Removed 32 stack frames</pre></div><a href='#' onClick='toggleBox("stack-trace794949943", this, "Click to show all stack frames", "Click to hide stack frames")'>Click to show all stack frames</a>
<div class='stack-trace' id='stack-trace794949943'><pre>java.lang.NullPointerException: Cannot invoke &quot;org.openqa.selenium.TakesScreenshot.getScreenshotAs(org.openqa.selenium.OutputType)&quot; because &quot;screenshot&quot; is null
	at com.Utility.ScreenShot.takeScreenShot(ScreenShot.java:29)
	at Core.AlertsandNotifications.AlertsTemplateManagement_TestClass.takeScreenshotOnFailure(AlertsTemplateManagement_TestClass.java:394)
	at java.base/jdk.internal.reflect.NativeMethodAccessorImpl.invoke0(Native Method)
	at java.base/jdk.internal.reflect.NativeMethodAccessorImpl.invoke(NativeMethodAccessorImpl.java:77)
	at java.base/jdk.internal.reflect.DelegatingMethodAccessorImpl.invoke(DelegatingMethodAccessorImpl.java:43)
	at java.base/java.lang.reflect.Method.invoke(Method.java:568)
	at org.testng.internal.MethodInvocationHelper.invokeMethod(MethodInvocationHelper.java:132)
	at org.testng.internal.MethodInvocationHelper.invokeMethodConsideringTimeout(MethodInvocationHelper.java:61)
	at org.testng.internal.ConfigInvoker.invokeConfigurationMethod(ConfigInvoker.java:366)
	at org.testng.internal.ConfigInvoker.invokeConfigurations(ConfigInvoker.java:320)
	at org.testng.internal.TestInvoker.runConfigMethods(TestInvoker.java:701)
	at org.testng.internal.TestInvoker.runAfterGroupsConfigurations(TestInvoker.java:677)
	at org.testng.internal.TestInvoker.invokeMethod(TestInvoker.java:661)
	at org.testng.internal.TestInvoker.invokeTestMethod(TestInvoker.java:174)
	at org.testng.internal.MethodRunner.runInSequence(MethodRunner.java:46)
	at org.testng.internal.TestInvoker$MethodInvocationAgent.invoke(TestInvoker.java:822)
	at org.testng.internal.TestInvoker.invokeTestMethods(TestInvoker.java:147)
	at org.testng.internal.TestMethodWorker.invokeTestMethods(TestMethodWorker.java:146)
	at org.testng.internal.TestMethodWorker.run(TestMethodWorker.java:128)
	at java.base/java.util.ArrayList.forEach(ArrayList.java:1511)
	at org.testng.TestRunner.privateRun(TestRunner.java:764)
	at org.testng.TestRunner.run(TestRunner.java:585)
	at org.testng.SuiteRunner.runTest(SuiteRunner.java:384)
	at org.testng.SuiteRunner.runSequentially(SuiteRunner.java:378)
	at org.testng.SuiteRunner.privateRun(SuiteRunner.java:337)
	at org.testng.SuiteRunner.run(SuiteRunner.java:286)
	at org.testng.SuiteRunnerWorker.runSuite(SuiteRunnerWorker.java:53)
	at org.testng.SuiteRunnerWorker.run(SuiteRunnerWorker.java:96)
	at org.testng.TestNG.runSuitesSequentially(TestNG.java:1218)
	at org.testng.TestNG.runSuitesLocally(TestNG.java:1140)
	at org.testng.TestNG.runSuites(TestNG.java:1069)
	at org.testng.TestNG.run(TestNG.java:1037)
	at org.testng.remote.AbstractRemoteTestNG.run(AbstractRemoteTestNG.java:115)
	at org.testng.remote.RemoteTestNG.initAndRun(RemoteTestNG.java:293)
	at org.testng.remote.RemoteTestNG.main(RemoteTestNG.java:91)
</pre></div></td>
<td>0</td>
<td>Core.AlertsandNotifications.AlertsTemplateManagement_TestClass@351d00c0</td></tr>
<tr>
<td title='Core.AlertsandNotifications.AlertsPlaceholderManagement_TestClass.Search_Placeholder()'><b>Search_Placeholder</b><br>Test class: Core.AlertsandNotifications.AlertsPlaceholderManagement_TestClass</td>
<td><div><pre>java.lang.NullPointerException: Cannot invoke &quot;org.openqa.selenium.TakesScreenshot.getScreenshotAs(org.openqa.selenium.OutputType)&quot; because &quot;screenshot&quot; is null
	at com.Utility.ScreenShot.takeScreenShot(ScreenShot.java:29)
	at Core.AlertsandNotifications.AlertsPlaceholderManagement_TestClass.takeScreenshotOnFailure(AlertsPlaceholderManagement_TestClass.java:252)
	at java.base/java.util.ArrayList.forEach(ArrayList.java:1511)
... Removed 32 stack frames</pre></div><a href='#' onClick='toggleBox("stack-trace2000563893", this, "Click to show all stack frames", "Click to hide stack frames")'>Click to show all stack frames</a>
<div class='stack-trace' id='stack-trace2000563893'><pre>java.lang.NullPointerException: Cannot invoke &quot;org.openqa.selenium.TakesScreenshot.getScreenshotAs(org.openqa.selenium.OutputType)&quot; because &quot;screenshot&quot; is null
	at com.Utility.ScreenShot.takeScreenShot(ScreenShot.java:29)
	at Core.AlertsandNotifications.AlertsPlaceholderManagement_TestClass.takeScreenshotOnFailure(AlertsPlaceholderManagement_TestClass.java:252)
	at java.base/jdk.internal.reflect.NativeMethodAccessorImpl.invoke0(Native Method)
	at java.base/jdk.internal.reflect.NativeMethodAccessorImpl.invoke(NativeMethodAccessorImpl.java:77)
	at java.base/jdk.internal.reflect.DelegatingMethodAccessorImpl.invoke(DelegatingMethodAccessorImpl.java:43)
	at java.base/java.lang.reflect.Method.invoke(Method.java:568)
	at org.testng.internal.MethodInvocationHelper.invokeMethod(MethodInvocationHelper.java:132)
	at org.testng.internal.MethodInvocationHelper.invokeMethodConsideringTimeout(MethodInvocationHelper.java:61)
	at org.testng.internal.ConfigInvoker.invokeConfigurationMethod(ConfigInvoker.java:366)
	at org.testng.internal.ConfigInvoker.invokeConfigurations(ConfigInvoker.java:320)
	at org.testng.internal.TestInvoker.runConfigMethods(TestInvoker.java:701)
	at org.testng.internal.TestInvoker.runAfterGroupsConfigurations(TestInvoker.java:677)
	at org.testng.internal.TestInvoker.invokeMethod(TestInvoker.java:661)
	at org.testng.internal.TestInvoker.invokeTestMethod(TestInvoker.java:174)
	at org.testng.internal.MethodRunner.runInSequence(MethodRunner.java:46)
	at org.testng.internal.TestInvoker$MethodInvocationAgent.invoke(TestInvoker.java:822)
	at org.testng.internal.TestInvoker.invokeTestMethods(TestInvoker.java:147)
	at org.testng.internal.TestMethodWorker.invokeTestMethods(TestMethodWorker.java:146)
	at org.testng.internal.TestMethodWorker.run(TestMethodWorker.java:128)
	at java.base/java.util.ArrayList.forEach(ArrayList.java:1511)
	at org.testng.TestRunner.privateRun(TestRunner.java:764)
	at org.testng.TestRunner.run(TestRunner.java:585)
	at org.testng.SuiteRunner.runTest(SuiteRunner.java:384)
	at org.testng.SuiteRunner.runSequentially(SuiteRunner.java:378)
	at org.testng.SuiteRunner.privateRun(SuiteRunner.java:337)
	at org.testng.SuiteRunner.run(SuiteRunner.java:286)
	at org.testng.SuiteRunnerWorker.runSuite(SuiteRunnerWorker.java:53)
	at org.testng.SuiteRunnerWorker.run(SuiteRunnerWorker.java:96)
	at org.testng.TestNG.runSuitesSequentially(TestNG.java:1218)
	at org.testng.TestNG.runSuitesLocally(TestNG.java:1140)
	at org.testng.TestNG.runSuites(TestNG.java:1069)
	at org.testng.TestNG.run(TestNG.java:1037)
	at org.testng.remote.AbstractRemoteTestNG.run(AbstractRemoteTestNG.java:115)
	at org.testng.remote.RemoteTestNG.initAndRun(RemoteTestNG.java:293)
	at org.testng.remote.RemoteTestNG.main(RemoteTestNG.java:91)
</pre></div></td>
<td>0</td>
<td>Core.AlertsandNotifications.AlertsPlaceholderManagement_TestClass@49e53c76</td></tr>
<tr>
<td title='Core.AlertsandNotifications.AlertsPlaceholderManagement_TestClass.Successful_Login()'><b>Successful_Login</b><br>Test class: Core.AlertsandNotifications.AlertsPlaceholderManagement_TestClass</td>
<td><div><pre>java.lang.NullPointerException: Cannot invoke &quot;org.openqa.selenium.TakesScreenshot.getScreenshotAs(org.openqa.selenium.OutputType)&quot; because &quot;screenshot&quot; is null
	at com.Utility.ScreenShot.takeScreenShot(ScreenShot.java:29)
	at Core.AlertsandNotifications.AlertsPlaceholderManagement_TestClass.takeScreenshotOnFailure(AlertsPlaceholderManagement_TestClass.java:252)
	at java.base/java.util.ArrayList.forEach(ArrayList.java:1511)
... Removed 32 stack frames</pre></div><a href='#' onClick='toggleBox("stack-trace997918120", this, "Click to show all stack frames", "Click to hide stack frames")'>Click to show all stack frames</a>
<div class='stack-trace' id='stack-trace997918120'><pre>java.lang.NullPointerException: Cannot invoke &quot;org.openqa.selenium.TakesScreenshot.getScreenshotAs(org.openqa.selenium.OutputType)&quot; because &quot;screenshot&quot; is null
	at com.Utility.ScreenShot.takeScreenShot(ScreenShot.java:29)
	at Core.AlertsandNotifications.AlertsPlaceholderManagement_TestClass.takeScreenshotOnFailure(AlertsPlaceholderManagement_TestClass.java:252)
	at java.base/jdk.internal.reflect.NativeMethodAccessorImpl.invoke0(Native Method)
	at java.base/jdk.internal.reflect.NativeMethodAccessorImpl.invoke(NativeMethodAccessorImpl.java:77)
	at java.base/jdk.internal.reflect.DelegatingMethodAccessorImpl.invoke(DelegatingMethodAccessorImpl.java:43)
	at java.base/java.lang.reflect.Method.invoke(Method.java:568)
	at org.testng.internal.MethodInvocationHelper.invokeMethod(MethodInvocationHelper.java:132)
	at org.testng.internal.MethodInvocationHelper.invokeMethodConsideringTimeout(MethodInvocationHelper.java:61)
	at org.testng.internal.ConfigInvoker.invokeConfigurationMethod(ConfigInvoker.java:366)
	at org.testng.internal.ConfigInvoker.invokeConfigurations(ConfigInvoker.java:320)
	at org.testng.internal.TestInvoker.runConfigMethods(TestInvoker.java:701)
	at org.testng.internal.TestInvoker.runAfterGroupsConfigurations(TestInvoker.java:677)
	at org.testng.internal.TestInvoker.invokeMethod(TestInvoker.java:661)
	at org.testng.internal.TestInvoker.invokeTestMethod(TestInvoker.java:174)
	at org.testng.internal.MethodRunner.runInSequence(MethodRunner.java:46)
	at org.testng.internal.TestInvoker$MethodInvocationAgent.invoke(TestInvoker.java:822)
	at org.testng.internal.TestInvoker.invokeTestMethods(TestInvoker.java:147)
	at org.testng.internal.TestMethodWorker.invokeTestMethods(TestMethodWorker.java:146)
	at org.testng.internal.TestMethodWorker.run(TestMethodWorker.java:128)
	at java.base/java.util.ArrayList.forEach(ArrayList.java:1511)
	at org.testng.TestRunner.privateRun(TestRunner.java:764)
	at org.testng.TestRunner.run(TestRunner.java:585)
	at org.testng.SuiteRunner.runTest(SuiteRunner.java:384)
	at org.testng.SuiteRunner.runSequentially(SuiteRunner.java:378)
	at org.testng.SuiteRunner.privateRun(SuiteRunner.java:337)
	at org.testng.SuiteRunner.run(SuiteRunner.java:286)
	at org.testng.SuiteRunnerWorker.runSuite(SuiteRunnerWorker.java:53)
	at org.testng.SuiteRunnerWorker.run(SuiteRunnerWorker.java:96)
	at org.testng.TestNG.runSuitesSequentially(TestNG.java:1218)
	at org.testng.TestNG.runSuitesLocally(TestNG.java:1140)
	at org.testng.TestNG.runSuites(TestNG.java:1069)
	at org.testng.TestNG.run(TestNG.java:1037)
	at org.testng.remote.AbstractRemoteTestNG.run(AbstractRemoteTestNG.java:115)
	at org.testng.remote.RemoteTestNG.initAndRun(RemoteTestNG.java:293)
	at org.testng.remote.RemoteTestNG.main(RemoteTestNG.java:91)
</pre></div></td>
<td>0</td>
<td>Core.AlertsandNotifications.AlertsPlaceholderManagement_TestClass@49e53c76</td></tr>
<tr>
<td title='Core.AlertsandNotifications.AlertsTemplateManagement_TestClass.Test_Login_with_Valid_Credentials()'><b>Test_Login_with_Valid_Credentials</b><br>Test class: Core.AlertsandNotifications.AlertsTemplateManagement_TestClass</td>
<td><div><pre>java.lang.NullPointerException: Cannot invoke &quot;org.openqa.selenium.TakesScreenshot.getScreenshotAs(org.openqa.selenium.OutputType)&quot; because &quot;screenshot&quot; is null
	at com.Utility.ScreenShot.takeScreenShot(ScreenShot.java:29)
	at Core.AlertsandNotifications.AlertsTemplateManagement_TestClass.takeScreenshotOnFailure(AlertsTemplateManagement_TestClass.java:394)
	at java.base/java.util.ArrayList.forEach(ArrayList.java:1511)
... Removed 32 stack frames</pre></div><a href='#' onClick='toggleBox("stack-trace593573025", this, "Click to show all stack frames", "Click to hide stack frames")'>Click to show all stack frames</a>
<div class='stack-trace' id='stack-trace593573025'><pre>java.lang.NullPointerException: Cannot invoke &quot;org.openqa.selenium.TakesScreenshot.getScreenshotAs(org.openqa.selenium.OutputType)&quot; because &quot;screenshot&quot; is null
	at com.Utility.ScreenShot.takeScreenShot(ScreenShot.java:29)
	at Core.AlertsandNotifications.AlertsTemplateManagement_TestClass.takeScreenshotOnFailure(AlertsTemplateManagement_TestClass.java:394)
	at java.base/jdk.internal.reflect.NativeMethodAccessorImpl.invoke0(Native Method)
	at java.base/jdk.internal.reflect.NativeMethodAccessorImpl.invoke(NativeMethodAccessorImpl.java:77)
	at java.base/jdk.internal.reflect.DelegatingMethodAccessorImpl.invoke(DelegatingMethodAccessorImpl.java:43)
	at java.base/java.lang.reflect.Method.invoke(Method.java:568)
	at org.testng.internal.MethodInvocationHelper.invokeMethod(MethodInvocationHelper.java:132)
	at org.testng.internal.MethodInvocationHelper.invokeMethodConsideringTimeout(MethodInvocationHelper.java:61)
	at org.testng.internal.ConfigInvoker.invokeConfigurationMethod(ConfigInvoker.java:366)
	at org.testng.internal.ConfigInvoker.invokeConfigurations(ConfigInvoker.java:320)
	at org.testng.internal.TestInvoker.runConfigMethods(TestInvoker.java:701)
	at org.testng.internal.TestInvoker.runAfterGroupsConfigurations(TestInvoker.java:677)
	at org.testng.internal.TestInvoker.invokeMethod(TestInvoker.java:661)
	at org.testng.internal.TestInvoker.invokeTestMethod(TestInvoker.java:174)
	at org.testng.internal.MethodRunner.runInSequence(MethodRunner.java:46)
	at org.testng.internal.TestInvoker$MethodInvocationAgent.invoke(TestInvoker.java:822)
	at org.testng.internal.TestInvoker.invokeTestMethods(TestInvoker.java:147)
	at org.testng.internal.TestMethodWorker.invokeTestMethods(TestMethodWorker.java:146)
	at org.testng.internal.TestMethodWorker.run(TestMethodWorker.java:128)
	at java.base/java.util.ArrayList.forEach(ArrayList.java:1511)
	at org.testng.TestRunner.privateRun(TestRunner.java:764)
	at org.testng.TestRunner.run(TestRunner.java:585)
	at org.testng.SuiteRunner.runTest(SuiteRunner.java:384)
	at org.testng.SuiteRunner.runSequentially(SuiteRunner.java:378)
	at org.testng.SuiteRunner.privateRun(SuiteRunner.java:337)
	at org.testng.SuiteRunner.run(SuiteRunner.java:286)
	at org.testng.SuiteRunnerWorker.runSuite(SuiteRunnerWorker.java:53)
	at org.testng.SuiteRunnerWorker.run(SuiteRunnerWorker.java:96)
	at org.testng.TestNG.runSuitesSequentially(TestNG.java:1218)
	at org.testng.TestNG.runSuitesLocally(TestNG.java:1140)
	at org.testng.TestNG.runSuites(TestNG.java:1069)
	at org.testng.TestNG.run(TestNG.java:1037)
	at org.testng.remote.AbstractRemoteTestNG.run(AbstractRemoteTestNG.java:115)
	at org.testng.remote.RemoteTestNG.initAndRun(RemoteTestNG.java:293)
	at org.testng.remote.RemoteTestNG.main(RemoteTestNG.java:91)
</pre></div></td>
<td>0</td>
<td>Core.AlertsandNotifications.AlertsTemplateManagement_TestClass@351d00c0</td></tr>
<tr>
<td title='Core.AlertsandNotifications.AlertsNotificationManagement_TestClass.Test_Login_with_Valid_Credentials()'><b>Test_Login_with_Valid_Credentials</b><br>Test class: Core.AlertsandNotifications.AlertsNotificationManagement_TestClass</td>
<td><div><pre>java.lang.NullPointerException: Cannot invoke &quot;org.openqa.selenium.TakesScreenshot.getScreenshotAs(org.openqa.selenium.OutputType)&quot; because &quot;screenshot&quot; is null
	at com.Utility.ScreenShot.takeScreenShot(ScreenShot.java:29)
	at Core.AlertsandNotifications.AlertsNotificationManagement_TestClass.takeScreenshotOnFailure(AlertsNotificationManagement_TestClass.java:483)
	at java.base/java.util.ArrayList.forEach(ArrayList.java:1511)
... Removed 32 stack frames</pre></div><a href='#' onClick='toggleBox("stack-trace311788384", this, "Click to show all stack frames", "Click to hide stack frames")'>Click to show all stack frames</a>
<div class='stack-trace' id='stack-trace311788384'><pre>java.lang.NullPointerException: Cannot invoke &quot;org.openqa.selenium.TakesScreenshot.getScreenshotAs(org.openqa.selenium.OutputType)&quot; because &quot;screenshot&quot; is null
	at com.Utility.ScreenShot.takeScreenShot(ScreenShot.java:29)
	at Core.AlertsandNotifications.AlertsNotificationManagement_TestClass.takeScreenshotOnFailure(AlertsNotificationManagement_TestClass.java:483)
	at java.base/jdk.internal.reflect.NativeMethodAccessorImpl.invoke0(Native Method)
	at java.base/jdk.internal.reflect.NativeMethodAccessorImpl.invoke(NativeMethodAccessorImpl.java:77)
	at java.base/jdk.internal.reflect.DelegatingMethodAccessorImpl.invoke(DelegatingMethodAccessorImpl.java:43)
	at java.base/java.lang.reflect.Method.invoke(Method.java:568)
	at org.testng.internal.MethodInvocationHelper.invokeMethod(MethodInvocationHelper.java:132)
	at org.testng.internal.MethodInvocationHelper.invokeMethodConsideringTimeout(MethodInvocationHelper.java:61)
	at org.testng.internal.ConfigInvoker.invokeConfigurationMethod(ConfigInvoker.java:366)
	at org.testng.internal.ConfigInvoker.invokeConfigurations(ConfigInvoker.java:320)
	at org.testng.internal.TestInvoker.runConfigMethods(TestInvoker.java:701)
	at org.testng.internal.TestInvoker.runAfterGroupsConfigurations(TestInvoker.java:677)
	at org.testng.internal.TestInvoker.invokeMethod(TestInvoker.java:661)
	at org.testng.internal.TestInvoker.invokeTestMethod(TestInvoker.java:174)
	at org.testng.internal.MethodRunner.runInSequence(MethodRunner.java:46)
	at org.testng.internal.TestInvoker$MethodInvocationAgent.invoke(TestInvoker.java:822)
	at org.testng.internal.TestInvoker.invokeTestMethods(TestInvoker.java:147)
	at org.testng.internal.TestMethodWorker.invokeTestMethods(TestMethodWorker.java:146)
	at org.testng.internal.TestMethodWorker.run(TestMethodWorker.java:128)
	at java.base/java.util.ArrayList.forEach(ArrayList.java:1511)
	at org.testng.TestRunner.privateRun(TestRunner.java:764)
	at org.testng.TestRunner.run(TestRunner.java:585)
	at org.testng.SuiteRunner.runTest(SuiteRunner.java:384)
	at org.testng.SuiteRunner.runSequentially(SuiteRunner.java:378)
	at org.testng.SuiteRunner.privateRun(SuiteRunner.java:337)
	at org.testng.SuiteRunner.run(SuiteRunner.java:286)
	at org.testng.SuiteRunnerWorker.runSuite(SuiteRunnerWorker.java:53)
	at org.testng.SuiteRunnerWorker.run(SuiteRunnerWorker.java:96)
	at org.testng.TestNG.runSuitesSequentially(TestNG.java:1218)
	at org.testng.TestNG.runSuitesLocally(TestNG.java:1140)
	at org.testng.TestNG.runSuites(TestNG.java:1069)
	at org.testng.TestNG.run(TestNG.java:1037)
	at org.testng.remote.AbstractRemoteTestNG.run(AbstractRemoteTestNG.java:115)
	at org.testng.remote.RemoteTestNG.initAndRun(RemoteTestNG.java:293)
	at org.testng.remote.RemoteTestNG.main(RemoteTestNG.java:91)
</pre></div></td>
<td>0</td>
<td>Core.AlertsandNotifications.AlertsNotificationManagement_TestClass@2a3b5b47</td></tr>
<tr>
<td title='Core.AlertsandNotifications.AlertsTemplateManagement_TestClass.Test_Template_Pagination()'><b>Test_Template_Pagination</b><br>Test class: Core.AlertsandNotifications.AlertsTemplateManagement_TestClass</td>
<td><div><pre>java.lang.NullPointerException: Cannot invoke &quot;org.openqa.selenium.TakesScreenshot.getScreenshotAs(org.openqa.selenium.OutputType)&quot; because &quot;screenshot&quot; is null
	at com.Utility.ScreenShot.takeScreenShot(ScreenShot.java:29)
	at Core.AlertsandNotifications.AlertsTemplateManagement_TestClass.takeScreenshotOnFailure(AlertsTemplateManagement_TestClass.java:394)
	at java.base/java.util.ArrayList.forEach(ArrayList.java:1511)
... Removed 32 stack frames</pre></div><a href='#' onClick='toggleBox("stack-trace1118969241", this, "Click to show all stack frames", "Click to hide stack frames")'>Click to show all stack frames</a>
<div class='stack-trace' id='stack-trace1118969241'><pre>java.lang.NullPointerException: Cannot invoke &quot;org.openqa.selenium.TakesScreenshot.getScreenshotAs(org.openqa.selenium.OutputType)&quot; because &quot;screenshot&quot; is null
	at com.Utility.ScreenShot.takeScreenShot(ScreenShot.java:29)
	at Core.AlertsandNotifications.AlertsTemplateManagement_TestClass.takeScreenshotOnFailure(AlertsTemplateManagement_TestClass.java:394)
	at java.base/jdk.internal.reflect.NativeMethodAccessorImpl.invoke0(Native Method)
	at java.base/jdk.internal.reflect.NativeMethodAccessorImpl.invoke(NativeMethodAccessorImpl.java:77)
	at java.base/jdk.internal.reflect.DelegatingMethodAccessorImpl.invoke(DelegatingMethodAccessorImpl.java:43)
	at java.base/java.lang.reflect.Method.invoke(Method.java:568)
	at org.testng.internal.MethodInvocationHelper.invokeMethod(MethodInvocationHelper.java:132)
	at org.testng.internal.MethodInvocationHelper.invokeMethodConsideringTimeout(MethodInvocationHelper.java:61)
	at org.testng.internal.ConfigInvoker.invokeConfigurationMethod(ConfigInvoker.java:366)
	at org.testng.internal.ConfigInvoker.invokeConfigurations(ConfigInvoker.java:320)
	at org.testng.internal.TestInvoker.runConfigMethods(TestInvoker.java:701)
	at org.testng.internal.TestInvoker.runAfterGroupsConfigurations(TestInvoker.java:677)
	at org.testng.internal.TestInvoker.invokeMethod(TestInvoker.java:661)
	at org.testng.internal.TestInvoker.invokeTestMethod(TestInvoker.java:174)
	at org.testng.internal.MethodRunner.runInSequence(MethodRunner.java:46)
	at org.testng.internal.TestInvoker$MethodInvocationAgent.invoke(TestInvoker.java:822)
	at org.testng.internal.TestInvoker.invokeTestMethods(TestInvoker.java:147)
	at org.testng.internal.TestMethodWorker.invokeTestMethods(TestMethodWorker.java:146)
	at org.testng.internal.TestMethodWorker.run(TestMethodWorker.java:128)
	at java.base/java.util.ArrayList.forEach(ArrayList.java:1511)
	at org.testng.TestRunner.privateRun(TestRunner.java:764)
	at org.testng.TestRunner.run(TestRunner.java:585)
	at org.testng.SuiteRunner.runTest(SuiteRunner.java:384)
	at org.testng.SuiteRunner.runSequentially(SuiteRunner.java:378)
	at org.testng.SuiteRunner.privateRun(SuiteRunner.java:337)
	at org.testng.SuiteRunner.run(SuiteRunner.java:286)
	at org.testng.SuiteRunnerWorker.runSuite(SuiteRunnerWorker.java:53)
	at org.testng.SuiteRunnerWorker.run(SuiteRunnerWorker.java:96)
	at org.testng.TestNG.runSuitesSequentially(TestNG.java:1218)
	at org.testng.TestNG.runSuitesLocally(TestNG.java:1140)
	at org.testng.TestNG.runSuites(TestNG.java:1069)
	at org.testng.TestNG.run(TestNG.java:1037)
	at org.testng.remote.AbstractRemoteTestNG.run(AbstractRemoteTestNG.java:115)
	at org.testng.remote.RemoteTestNG.initAndRun(RemoteTestNG.java:293)
	at org.testng.remote.RemoteTestNG.main(RemoteTestNG.java:91)
</pre></div></td>
<td>0</td>
<td>Core.AlertsandNotifications.AlertsTemplateManagement_TestClass@351d00c0</td></tr>
<tr>
<td title='Core.AlertsandNotifications.AlertsNotificationManagement_TestClass.Verify_Category_Fields()'><b>Verify_Category_Fields</b><br>Test class: Core.AlertsandNotifications.AlertsNotificationManagement_TestClass</td>
<td><div><pre>java.lang.NullPointerException: Cannot invoke &quot;org.openqa.selenium.TakesScreenshot.getScreenshotAs(org.openqa.selenium.OutputType)&quot; because &quot;screenshot&quot; is null
	at com.Utility.ScreenShot.takeScreenShot(ScreenShot.java:29)
	at Core.AlertsandNotifications.AlertsNotificationManagement_TestClass.takeScreenshotOnFailure(AlertsNotificationManagement_TestClass.java:483)
	at java.base/java.util.ArrayList.forEach(ArrayList.java:1511)
... Removed 32 stack frames</pre></div><a href='#' onClick='toggleBox("stack-trace564555077", this, "Click to show all stack frames", "Click to hide stack frames")'>Click to show all stack frames</a>
<div class='stack-trace' id='stack-trace564555077'><pre>java.lang.NullPointerException: Cannot invoke &quot;org.openqa.selenium.TakesScreenshot.getScreenshotAs(org.openqa.selenium.OutputType)&quot; because &quot;screenshot&quot; is null
	at com.Utility.ScreenShot.takeScreenShot(ScreenShot.java:29)
	at Core.AlertsandNotifications.AlertsNotificationManagement_TestClass.takeScreenshotOnFailure(AlertsNotificationManagement_TestClass.java:483)
	at java.base/jdk.internal.reflect.NativeMethodAccessorImpl.invoke0(Native Method)
	at java.base/jdk.internal.reflect.NativeMethodAccessorImpl.invoke(NativeMethodAccessorImpl.java:77)
	at java.base/jdk.internal.reflect.DelegatingMethodAccessorImpl.invoke(DelegatingMethodAccessorImpl.java:43)
	at java.base/java.lang.reflect.Method.invoke(Method.java:568)
	at org.testng.internal.MethodInvocationHelper.invokeMethod(MethodInvocationHelper.java:132)
	at org.testng.internal.MethodInvocationHelper.invokeMethodConsideringTimeout(MethodInvocationHelper.java:61)
	at org.testng.internal.ConfigInvoker.invokeConfigurationMethod(ConfigInvoker.java:366)
	at org.testng.internal.ConfigInvoker.invokeConfigurations(ConfigInvoker.java:320)
	at org.testng.internal.TestInvoker.runConfigMethods(TestInvoker.java:701)
	at org.testng.internal.TestInvoker.runAfterGroupsConfigurations(TestInvoker.java:677)
	at org.testng.internal.TestInvoker.invokeMethod(TestInvoker.java:661)
	at org.testng.internal.TestInvoker.invokeTestMethod(TestInvoker.java:174)
	at org.testng.internal.MethodRunner.runInSequence(MethodRunner.java:46)
	at org.testng.internal.TestInvoker$MethodInvocationAgent.invoke(TestInvoker.java:822)
	at org.testng.internal.TestInvoker.invokeTestMethods(TestInvoker.java:147)
	at org.testng.internal.TestMethodWorker.invokeTestMethods(TestMethodWorker.java:146)
	at org.testng.internal.TestMethodWorker.run(TestMethodWorker.java:128)
	at java.base/java.util.ArrayList.forEach(ArrayList.java:1511)
	at org.testng.TestRunner.privateRun(TestRunner.java:764)
	at org.testng.TestRunner.run(TestRunner.java:585)
	at org.testng.SuiteRunner.runTest(SuiteRunner.java:384)
	at org.testng.SuiteRunner.runSequentially(SuiteRunner.java:378)
	at org.testng.SuiteRunner.privateRun(SuiteRunner.java:337)
	at org.testng.SuiteRunner.run(SuiteRunner.java:286)
	at org.testng.SuiteRunnerWorker.runSuite(SuiteRunnerWorker.java:53)
	at org.testng.SuiteRunnerWorker.run(SuiteRunnerWorker.java:96)
	at org.testng.TestNG.runSuitesSequentially(TestNG.java:1218)
	at org.testng.TestNG.runSuitesLocally(TestNG.java:1140)
	at org.testng.TestNG.runSuites(TestNG.java:1069)
	at org.testng.TestNG.run(TestNG.java:1037)
	at org.testng.remote.AbstractRemoteTestNG.run(AbstractRemoteTestNG.java:115)
	at org.testng.remote.RemoteTestNG.initAndRun(RemoteTestNG.java:293)
	at org.testng.remote.RemoteTestNG.main(RemoteTestNG.java:91)
</pre></div></td>
<td>0</td>
<td>Core.AlertsandNotifications.AlertsNotificationManagement_TestClass@2a3b5b47</td></tr>
<tr>
<td title='Core.AlertsandNotifications.AlertsNotificationManagement_TestClass.Verify_Configure_Button_Click()'><b>Verify_Configure_Button_Click</b><br>Test class: Core.AlertsandNotifications.AlertsNotificationManagement_TestClass</td>
<td><div><pre>java.lang.NullPointerException: Cannot invoke &quot;org.openqa.selenium.TakesScreenshot.getScreenshotAs(org.openqa.selenium.OutputType)&quot; because &quot;screenshot&quot; is null
	at com.Utility.ScreenShot.takeScreenShot(ScreenShot.java:29)
	at Core.AlertsandNotifications.AlertsNotificationManagement_TestClass.takeScreenshotOnFailure(AlertsNotificationManagement_TestClass.java:483)
	at java.base/java.util.ArrayList.forEach(ArrayList.java:1511)
... Removed 32 stack frames</pre></div><a href='#' onClick='toggleBox("stack-trace1948835427", this, "Click to show all stack frames", "Click to hide stack frames")'>Click to show all stack frames</a>
<div class='stack-trace' id='stack-trace1948835427'><pre>java.lang.NullPointerException: Cannot invoke &quot;org.openqa.selenium.TakesScreenshot.getScreenshotAs(org.openqa.selenium.OutputType)&quot; because &quot;screenshot&quot; is null
	at com.Utility.ScreenShot.takeScreenShot(ScreenShot.java:29)
	at Core.AlertsandNotifications.AlertsNotificationManagement_TestClass.takeScreenshotOnFailure(AlertsNotificationManagement_TestClass.java:483)
	at java.base/jdk.internal.reflect.NativeMethodAccessorImpl.invoke0(Native Method)
	at java.base/jdk.internal.reflect.NativeMethodAccessorImpl.invoke(NativeMethodAccessorImpl.java:77)
	at java.base/jdk.internal.reflect.DelegatingMethodAccessorImpl.invoke(DelegatingMethodAccessorImpl.java:43)
	at java.base/java.lang.reflect.Method.invoke(Method.java:568)
	at org.testng.internal.MethodInvocationHelper.invokeMethod(MethodInvocationHelper.java:132)
	at org.testng.internal.MethodInvocationHelper.invokeMethodConsideringTimeout(MethodInvocationHelper.java:61)
	at org.testng.internal.ConfigInvoker.invokeConfigurationMethod(ConfigInvoker.java:366)
	at org.testng.internal.ConfigInvoker.invokeConfigurations(ConfigInvoker.java:320)
	at org.testng.internal.TestInvoker.runConfigMethods(TestInvoker.java:701)
	at org.testng.internal.TestInvoker.runAfterGroupsConfigurations(TestInvoker.java:677)
	at org.testng.internal.TestInvoker.invokeMethod(TestInvoker.java:661)
	at org.testng.internal.TestInvoker.invokeTestMethod(TestInvoker.java:174)
	at org.testng.internal.MethodRunner.runInSequence(MethodRunner.java:46)
	at org.testng.internal.TestInvoker$MethodInvocationAgent.invoke(TestInvoker.java:822)
	at org.testng.internal.TestInvoker.invokeTestMethods(TestInvoker.java:147)
	at org.testng.internal.TestMethodWorker.invokeTestMethods(TestMethodWorker.java:146)
	at org.testng.internal.TestMethodWorker.run(TestMethodWorker.java:128)
	at java.base/java.util.ArrayList.forEach(ArrayList.java:1511)
	at org.testng.TestRunner.privateRun(TestRunner.java:764)
	at org.testng.TestRunner.run(TestRunner.java:585)
	at org.testng.SuiteRunner.runTest(SuiteRunner.java:384)
	at org.testng.SuiteRunner.runSequentially(SuiteRunner.java:378)
	at org.testng.SuiteRunner.privateRun(SuiteRunner.java:337)
	at org.testng.SuiteRunner.run(SuiteRunner.java:286)
	at org.testng.SuiteRunnerWorker.runSuite(SuiteRunnerWorker.java:53)
	at org.testng.SuiteRunnerWorker.run(SuiteRunnerWorker.java:96)
	at org.testng.TestNG.runSuitesSequentially(TestNG.java:1218)
	at org.testng.TestNG.runSuitesLocally(TestNG.java:1140)
	at org.testng.TestNG.runSuites(TestNG.java:1069)
	at org.testng.TestNG.run(TestNG.java:1037)
	at org.testng.remote.AbstractRemoteTestNG.run(AbstractRemoteTestNG.java:115)
	at org.testng.remote.RemoteTestNG.initAndRun(RemoteTestNG.java:293)
	at org.testng.remote.RemoteTestNG.main(RemoteTestNG.java:91)
</pre></div></td>
<td>0</td>
<td>Core.AlertsandNotifications.AlertsNotificationManagement_TestClass@2a3b5b47</td></tr>
<tr>
<td title='Core.AlertsandNotifications.AlertsNotificationManagement_TestClass.Verify_Day_of_Month_Column_Display()'><b>Verify_Day_of_Month_Column_Display</b><br>Test class: Core.AlertsandNotifications.AlertsNotificationManagement_TestClass</td>
<td><div><pre>java.lang.NullPointerException: Cannot invoke &quot;org.openqa.selenium.TakesScreenshot.getScreenshotAs(org.openqa.selenium.OutputType)&quot; because &quot;screenshot&quot; is null
	at com.Utility.ScreenShot.takeScreenShot(ScreenShot.java:29)
	at Core.AlertsandNotifications.AlertsNotificationManagement_TestClass.takeScreenshotOnFailure(AlertsNotificationManagement_TestClass.java:483)
	at java.base/java.util.ArrayList.forEach(ArrayList.java:1511)
... Removed 32 stack frames</pre></div><a href='#' onClick='toggleBox("stack-trace1181191753", this, "Click to show all stack frames", "Click to hide stack frames")'>Click to show all stack frames</a>
<div class='stack-trace' id='stack-trace1181191753'><pre>java.lang.NullPointerException: Cannot invoke &quot;org.openqa.selenium.TakesScreenshot.getScreenshotAs(org.openqa.selenium.OutputType)&quot; because &quot;screenshot&quot; is null
	at com.Utility.ScreenShot.takeScreenShot(ScreenShot.java:29)
	at Core.AlertsandNotifications.AlertsNotificationManagement_TestClass.takeScreenshotOnFailure(AlertsNotificationManagement_TestClass.java:483)
	at java.base/jdk.internal.reflect.NativeMethodAccessorImpl.invoke0(Native Method)
	at java.base/jdk.internal.reflect.NativeMethodAccessorImpl.invoke(NativeMethodAccessorImpl.java:77)
	at java.base/jdk.internal.reflect.DelegatingMethodAccessorImpl.invoke(DelegatingMethodAccessorImpl.java:43)
	at java.base/java.lang.reflect.Method.invoke(Method.java:568)
	at org.testng.internal.MethodInvocationHelper.invokeMethod(MethodInvocationHelper.java:132)
	at org.testng.internal.MethodInvocationHelper.invokeMethodConsideringTimeout(MethodInvocationHelper.java:61)
	at org.testng.internal.ConfigInvoker.invokeConfigurationMethod(ConfigInvoker.java:366)
	at org.testng.internal.ConfigInvoker.invokeConfigurations(ConfigInvoker.java:320)
	at org.testng.internal.TestInvoker.runConfigMethods(TestInvoker.java:701)
	at org.testng.internal.TestInvoker.runAfterGroupsConfigurations(TestInvoker.java:677)
	at org.testng.internal.TestInvoker.invokeMethod(TestInvoker.java:661)
	at org.testng.internal.TestInvoker.invokeTestMethod(TestInvoker.java:174)
	at org.testng.internal.MethodRunner.runInSequence(MethodRunner.java:46)
	at org.testng.internal.TestInvoker$MethodInvocationAgent.invoke(TestInvoker.java:822)
	at org.testng.internal.TestInvoker.invokeTestMethods(TestInvoker.java:147)
	at org.testng.internal.TestMethodWorker.invokeTestMethods(TestMethodWorker.java:146)
	at org.testng.internal.TestMethodWorker.run(TestMethodWorker.java:128)
	at java.base/java.util.ArrayList.forEach(ArrayList.java:1511)
	at org.testng.TestRunner.privateRun(TestRunner.java:764)
	at org.testng.TestRunner.run(TestRunner.java:585)
	at org.testng.SuiteRunner.runTest(SuiteRunner.java:384)
	at org.testng.SuiteRunner.runSequentially(SuiteRunner.java:378)
	at org.testng.SuiteRunner.privateRun(SuiteRunner.java:337)
	at org.testng.SuiteRunner.run(SuiteRunner.java:286)
	at org.testng.SuiteRunnerWorker.runSuite(SuiteRunnerWorker.java:53)
	at org.testng.SuiteRunnerWorker.run(SuiteRunnerWorker.java:96)
	at org.testng.TestNG.runSuitesSequentially(TestNG.java:1218)
	at org.testng.TestNG.runSuitesLocally(TestNG.java:1140)
	at org.testng.TestNG.runSuites(TestNG.java:1069)
	at org.testng.TestNG.run(TestNG.java:1037)
	at org.testng.remote.AbstractRemoteTestNG.run(AbstractRemoteTestNG.java:115)
	at org.testng.remote.RemoteTestNG.initAndRun(RemoteTestNG.java:293)
	at org.testng.remote.RemoteTestNG.main(RemoteTestNG.java:91)
</pre></div></td>
<td>0</td>
<td>Core.AlertsandNotifications.AlertsNotificationManagement_TestClass@2a3b5b47</td></tr>
<tr>
<td title='Core.AlertsandNotifications.AlertsNotificationManagement_TestClass.Verify_Day_of_Week_Column_Display()'><b>Verify_Day_of_Week_Column_Display</b><br>Test class: Core.AlertsandNotifications.AlertsNotificationManagement_TestClass</td>
<td><div><pre>java.lang.NullPointerException: Cannot invoke &quot;org.openqa.selenium.TakesScreenshot.getScreenshotAs(org.openqa.selenium.OutputType)&quot; because &quot;screenshot&quot; is null
	at com.Utility.ScreenShot.takeScreenShot(ScreenShot.java:29)
	at Core.AlertsandNotifications.AlertsNotificationManagement_TestClass.takeScreenshotOnFailure(AlertsNotificationManagement_TestClass.java:483)
	at java.base/java.util.ArrayList.forEach(ArrayList.java:1511)
... Removed 32 stack frames</pre></div><a href='#' onClick='toggleBox("stack-trace714850447", this, "Click to show all stack frames", "Click to hide stack frames")'>Click to show all stack frames</a>
<div class='stack-trace' id='stack-trace714850447'><pre>java.lang.NullPointerException: Cannot invoke &quot;org.openqa.selenium.TakesScreenshot.getScreenshotAs(org.openqa.selenium.OutputType)&quot; because &quot;screenshot&quot; is null
	at com.Utility.ScreenShot.takeScreenShot(ScreenShot.java:29)
	at Core.AlertsandNotifications.AlertsNotificationManagement_TestClass.takeScreenshotOnFailure(AlertsNotificationManagement_TestClass.java:483)
	at java.base/jdk.internal.reflect.NativeMethodAccessorImpl.invoke0(Native Method)
	at java.base/jdk.internal.reflect.NativeMethodAccessorImpl.invoke(NativeMethodAccessorImpl.java:77)
	at java.base/jdk.internal.reflect.DelegatingMethodAccessorImpl.invoke(DelegatingMethodAccessorImpl.java:43)
	at java.base/java.lang.reflect.Method.invoke(Method.java:568)
	at org.testng.internal.MethodInvocationHelper.invokeMethod(MethodInvocationHelper.java:132)
	at org.testng.internal.MethodInvocationHelper.invokeMethodConsideringTimeout(MethodInvocationHelper.java:61)
	at org.testng.internal.ConfigInvoker.invokeConfigurationMethod(ConfigInvoker.java:366)
	at org.testng.internal.ConfigInvoker.invokeConfigurations(ConfigInvoker.java:320)
	at org.testng.internal.TestInvoker.runConfigMethods(TestInvoker.java:701)
	at org.testng.internal.TestInvoker.runAfterGroupsConfigurations(TestInvoker.java:677)
	at org.testng.internal.TestInvoker.invokeMethod(TestInvoker.java:661)
	at org.testng.internal.TestInvoker.invokeTestMethod(TestInvoker.java:174)
	at org.testng.internal.MethodRunner.runInSequence(MethodRunner.java:46)
	at org.testng.internal.TestInvoker$MethodInvocationAgent.invoke(TestInvoker.java:822)
	at org.testng.internal.TestInvoker.invokeTestMethods(TestInvoker.java:147)
	at org.testng.internal.TestMethodWorker.invokeTestMethods(TestMethodWorker.java:146)
	at org.testng.internal.TestMethodWorker.run(TestMethodWorker.java:128)
	at java.base/java.util.ArrayList.forEach(ArrayList.java:1511)
	at org.testng.TestRunner.privateRun(TestRunner.java:764)
	at org.testng.TestRunner.run(TestRunner.java:585)
	at org.testng.SuiteRunner.runTest(SuiteRunner.java:384)
	at org.testng.SuiteRunner.runSequentially(SuiteRunner.java:378)
	at org.testng.SuiteRunner.privateRun(SuiteRunner.java:337)
	at org.testng.SuiteRunner.run(SuiteRunner.java:286)
	at org.testng.SuiteRunnerWorker.runSuite(SuiteRunnerWorker.java:53)
	at org.testng.SuiteRunnerWorker.run(SuiteRunnerWorker.java:96)
	at org.testng.TestNG.runSuitesSequentially(TestNG.java:1218)
	at org.testng.TestNG.runSuitesLocally(TestNG.java:1140)
	at org.testng.TestNG.runSuites(TestNG.java:1069)
	at org.testng.TestNG.run(TestNG.java:1037)
	at org.testng.remote.AbstractRemoteTestNG.run(AbstractRemoteTestNG.java:115)
	at org.testng.remote.RemoteTestNG.initAndRun(RemoteTestNG.java:293)
	at org.testng.remote.RemoteTestNG.main(RemoteTestNG.java:91)
</pre></div></td>
<td>0</td>
<td>Core.AlertsandNotifications.AlertsNotificationManagement_TestClass@2a3b5b47</td></tr>
<tr>
<td title='Core.AlertsandNotifications.AlertsNotificationManagement_TestClass.Verify_Edit_Button_Functionality()'><b>Verify_Edit_Button_Functionality</b><br>Test class: Core.AlertsandNotifications.AlertsNotificationManagement_TestClass</td>
<td><div><pre>java.lang.NullPointerException: Cannot invoke &quot;org.openqa.selenium.TakesScreenshot.getScreenshotAs(org.openqa.selenium.OutputType)&quot; because &quot;screenshot&quot; is null
	at com.Utility.ScreenShot.takeScreenShot(ScreenShot.java:29)
	at Core.AlertsandNotifications.AlertsNotificationManagement_TestClass.takeScreenshotOnFailure(AlertsNotificationManagement_TestClass.java:483)
	at java.base/java.util.ArrayList.forEach(ArrayList.java:1511)
... Removed 32 stack frames</pre></div><a href='#' onClick='toggleBox("stack-trace1851241961", this, "Click to show all stack frames", "Click to hide stack frames")'>Click to show all stack frames</a>
<div class='stack-trace' id='stack-trace1851241961'><pre>java.lang.NullPointerException: Cannot invoke &quot;org.openqa.selenium.TakesScreenshot.getScreenshotAs(org.openqa.selenium.OutputType)&quot; because &quot;screenshot&quot; is null
	at com.Utility.ScreenShot.takeScreenShot(ScreenShot.java:29)
	at Core.AlertsandNotifications.AlertsNotificationManagement_TestClass.takeScreenshotOnFailure(AlertsNotificationManagement_TestClass.java:483)
	at java.base/jdk.internal.reflect.NativeMethodAccessorImpl.invoke0(Native Method)
	at java.base/jdk.internal.reflect.NativeMethodAccessorImpl.invoke(NativeMethodAccessorImpl.java:77)
	at java.base/jdk.internal.reflect.DelegatingMethodAccessorImpl.invoke(DelegatingMethodAccessorImpl.java:43)
	at java.base/java.lang.reflect.Method.invoke(Method.java:568)
	at org.testng.internal.MethodInvocationHelper.invokeMethod(MethodInvocationHelper.java:132)
	at org.testng.internal.MethodInvocationHelper.invokeMethodConsideringTimeout(MethodInvocationHelper.java:61)
	at org.testng.internal.ConfigInvoker.invokeConfigurationMethod(ConfigInvoker.java:366)
	at org.testng.internal.ConfigInvoker.invokeConfigurations(ConfigInvoker.java:320)
	at org.testng.internal.TestInvoker.runConfigMethods(TestInvoker.java:701)
	at org.testng.internal.TestInvoker.runAfterGroupsConfigurations(TestInvoker.java:677)
	at org.testng.internal.TestInvoker.invokeMethod(TestInvoker.java:661)
	at org.testng.internal.TestInvoker.invokeTestMethod(TestInvoker.java:174)
	at org.testng.internal.MethodRunner.runInSequence(MethodRunner.java:46)
	at org.testng.internal.TestInvoker$MethodInvocationAgent.invoke(TestInvoker.java:822)
	at org.testng.internal.TestInvoker.invokeTestMethods(TestInvoker.java:147)
	at org.testng.internal.TestMethodWorker.invokeTestMethods(TestMethodWorker.java:146)
	at org.testng.internal.TestMethodWorker.run(TestMethodWorker.java:128)
	at java.base/java.util.ArrayList.forEach(ArrayList.java:1511)
	at org.testng.TestRunner.privateRun(TestRunner.java:764)
	at org.testng.TestRunner.run(TestRunner.java:585)
	at org.testng.SuiteRunner.runTest(SuiteRunner.java:384)
	at org.testng.SuiteRunner.runSequentially(SuiteRunner.java:378)
	at org.testng.SuiteRunner.privateRun(SuiteRunner.java:337)
	at org.testng.SuiteRunner.run(SuiteRunner.java:286)
	at org.testng.SuiteRunnerWorker.runSuite(SuiteRunnerWorker.java:53)
	at org.testng.SuiteRunnerWorker.run(SuiteRunnerWorker.java:96)
	at org.testng.TestNG.runSuitesSequentially(TestNG.java:1218)
	at org.testng.TestNG.runSuitesLocally(TestNG.java:1140)
	at org.testng.TestNG.runSuites(TestNG.java:1069)
	at org.testng.TestNG.run(TestNG.java:1037)
	at org.testng.remote.AbstractRemoteTestNG.run(AbstractRemoteTestNG.java:115)
	at org.testng.remote.RemoteTestNG.initAndRun(RemoteTestNG.java:293)
	at org.testng.remote.RemoteTestNG.main(RemoteTestNG.java:91)
</pre></div></td>
<td>0</td>
<td>Core.AlertsandNotifications.AlertsNotificationManagement_TestClass@2a3b5b47</td></tr>
<tr>
<td title='Core.AlertsandNotifications.AlertsNotificationManagement_TestClass.Verify_Notification_Management_Menu_Display()'><b>Verify_Notification_Management_Menu_Display</b><br>Test class: Core.AlertsandNotifications.AlertsNotificationManagement_TestClass</td>
<td><div><pre>java.lang.NullPointerException: Cannot invoke &quot;org.openqa.selenium.TakesScreenshot.getScreenshotAs(org.openqa.selenium.OutputType)&quot; because &quot;screenshot&quot; is null
	at com.Utility.ScreenShot.takeScreenShot(ScreenShot.java:29)
	at Core.AlertsandNotifications.AlertsNotificationManagement_TestClass.takeScreenshotOnFailure(AlertsNotificationManagement_TestClass.java:483)
	at java.base/java.util.ArrayList.forEach(ArrayList.java:1511)
... Removed 32 stack frames</pre></div><a href='#' onClick='toggleBox("stack-trace618696025", this, "Click to show all stack frames", "Click to hide stack frames")'>Click to show all stack frames</a>
<div class='stack-trace' id='stack-trace618696025'><pre>java.lang.NullPointerException: Cannot invoke &quot;org.openqa.selenium.TakesScreenshot.getScreenshotAs(org.openqa.selenium.OutputType)&quot; because &quot;screenshot&quot; is null
	at com.Utility.ScreenShot.takeScreenShot(ScreenShot.java:29)
	at Core.AlertsandNotifications.AlertsNotificationManagement_TestClass.takeScreenshotOnFailure(AlertsNotificationManagement_TestClass.java:483)
	at java.base/jdk.internal.reflect.NativeMethodAccessorImpl.invoke0(Native Method)
	at java.base/jdk.internal.reflect.NativeMethodAccessorImpl.invoke(NativeMethodAccessorImpl.java:77)
	at java.base/jdk.internal.reflect.DelegatingMethodAccessorImpl.invoke(DelegatingMethodAccessorImpl.java:43)
	at java.base/java.lang.reflect.Method.invoke(Method.java:568)
	at org.testng.internal.MethodInvocationHelper.invokeMethod(MethodInvocationHelper.java:132)
	at org.testng.internal.MethodInvocationHelper.invokeMethodConsideringTimeout(MethodInvocationHelper.java:61)
	at org.testng.internal.ConfigInvoker.invokeConfigurationMethod(ConfigInvoker.java:366)
	at org.testng.internal.ConfigInvoker.invokeConfigurations(ConfigInvoker.java:320)
	at org.testng.internal.TestInvoker.runConfigMethods(TestInvoker.java:701)
	at org.testng.internal.TestInvoker.runAfterGroupsConfigurations(TestInvoker.java:677)
	at org.testng.internal.TestInvoker.invokeMethod(TestInvoker.java:661)
	at org.testng.internal.TestInvoker.invokeTestMethod(TestInvoker.java:174)
	at org.testng.internal.MethodRunner.runInSequence(MethodRunner.java:46)
	at org.testng.internal.TestInvoker$MethodInvocationAgent.invoke(TestInvoker.java:822)
	at org.testng.internal.TestInvoker.invokeTestMethods(TestInvoker.java:147)
	at org.testng.internal.TestMethodWorker.invokeTestMethods(TestMethodWorker.java:146)
	at org.testng.internal.TestMethodWorker.run(TestMethodWorker.java:128)
	at java.base/java.util.ArrayList.forEach(ArrayList.java:1511)
	at org.testng.TestRunner.privateRun(TestRunner.java:764)
	at org.testng.TestRunner.run(TestRunner.java:585)
	at org.testng.SuiteRunner.runTest(SuiteRunner.java:384)
	at org.testng.SuiteRunner.runSequentially(SuiteRunner.java:378)
	at org.testng.SuiteRunner.privateRun(SuiteRunner.java:337)
	at org.testng.SuiteRunner.run(SuiteRunner.java:286)
	at org.testng.SuiteRunnerWorker.runSuite(SuiteRunnerWorker.java:53)
	at org.testng.SuiteRunnerWorker.run(SuiteRunnerWorker.java:96)
	at org.testng.TestNG.runSuitesSequentially(TestNG.java:1218)
	at org.testng.TestNG.runSuitesLocally(TestNG.java:1140)
	at org.testng.TestNG.runSuites(TestNG.java:1069)
	at org.testng.TestNG.run(TestNG.java:1037)
	at org.testng.remote.AbstractRemoteTestNG.run(AbstractRemoteTestNG.java:115)
	at org.testng.remote.RemoteTestNG.initAndRun(RemoteTestNG.java:293)
	at org.testng.remote.RemoteTestNG.main(RemoteTestNG.java:91)
</pre></div></td>
<td>0</td>
<td>Core.AlertsandNotifications.AlertsNotificationManagement_TestClass@2a3b5b47</td></tr>
<tr>
<td title='Core.AlertsandNotifications.AlertsNotificationManagement_TestClass.Verify_Notification_Management_Type_Fields()'><b>Verify_Notification_Management_Type_Fields</b><br>Test class: Core.AlertsandNotifications.AlertsNotificationManagement_TestClass</td>
<td><div><pre>java.lang.NullPointerException: Cannot invoke &quot;org.openqa.selenium.TakesScreenshot.getScreenshotAs(org.openqa.selenium.OutputType)&quot; because &quot;screenshot&quot; is null
	at com.Utility.ScreenShot.takeScreenShot(ScreenShot.java:29)
	at Core.AlertsandNotifications.AlertsNotificationManagement_TestClass.takeScreenshotOnFailure(AlertsNotificationManagement_TestClass.java:483)
	at java.base/java.util.ArrayList.forEach(ArrayList.java:1511)
... Removed 32 stack frames</pre></div><a href='#' onClick='toggleBox("stack-trace895705623", this, "Click to show all stack frames", "Click to hide stack frames")'>Click to show all stack frames</a>
<div class='stack-trace' id='stack-trace895705623'><pre>java.lang.NullPointerException: Cannot invoke &quot;org.openqa.selenium.TakesScreenshot.getScreenshotAs(org.openqa.selenium.OutputType)&quot; because &quot;screenshot&quot; is null
	at com.Utility.ScreenShot.takeScreenShot(ScreenShot.java:29)
	at Core.AlertsandNotifications.AlertsNotificationManagement_TestClass.takeScreenshotOnFailure(AlertsNotificationManagement_TestClass.java:483)
	at java.base/jdk.internal.reflect.NativeMethodAccessorImpl.invoke0(Native Method)
	at java.base/jdk.internal.reflect.NativeMethodAccessorImpl.invoke(NativeMethodAccessorImpl.java:77)
	at java.base/jdk.internal.reflect.DelegatingMethodAccessorImpl.invoke(DelegatingMethodAccessorImpl.java:43)
	at java.base/java.lang.reflect.Method.invoke(Method.java:568)
	at org.testng.internal.MethodInvocationHelper.invokeMethod(MethodInvocationHelper.java:132)
	at org.testng.internal.MethodInvocationHelper.invokeMethodConsideringTimeout(MethodInvocationHelper.java:61)
	at org.testng.internal.ConfigInvoker.invokeConfigurationMethod(ConfigInvoker.java:366)
	at org.testng.internal.ConfigInvoker.invokeConfigurations(ConfigInvoker.java:320)
	at org.testng.internal.TestInvoker.runConfigMethods(TestInvoker.java:701)
	at org.testng.internal.TestInvoker.runAfterGroupsConfigurations(TestInvoker.java:677)
	at org.testng.internal.TestInvoker.invokeMethod(TestInvoker.java:661)
	at org.testng.internal.TestInvoker.invokeTestMethod(TestInvoker.java:174)
	at org.testng.internal.MethodRunner.runInSequence(MethodRunner.java:46)
	at org.testng.internal.TestInvoker$MethodInvocationAgent.invoke(TestInvoker.java:822)
	at org.testng.internal.TestInvoker.invokeTestMethods(TestInvoker.java:147)
	at org.testng.internal.TestMethodWorker.invokeTestMethods(TestMethodWorker.java:146)
	at org.testng.internal.TestMethodWorker.run(TestMethodWorker.java:128)
	at java.base/java.util.ArrayList.forEach(ArrayList.java:1511)
	at org.testng.TestRunner.privateRun(TestRunner.java:764)
	at org.testng.TestRunner.run(TestRunner.java:585)
	at org.testng.SuiteRunner.runTest(SuiteRunner.java:384)
	at org.testng.SuiteRunner.runSequentially(SuiteRunner.java:378)
	at org.testng.SuiteRunner.privateRun(SuiteRunner.java:337)
	at org.testng.SuiteRunner.run(SuiteRunner.java:286)
	at org.testng.SuiteRunnerWorker.runSuite(SuiteRunnerWorker.java:53)
	at org.testng.SuiteRunnerWorker.run(SuiteRunnerWorker.java:96)
	at org.testng.TestNG.runSuitesSequentially(TestNG.java:1218)
	at org.testng.TestNG.runSuitesLocally(TestNG.java:1140)
	at org.testng.TestNG.runSuites(TestNG.java:1069)
	at org.testng.TestNG.run(TestNG.java:1037)
	at org.testng.remote.AbstractRemoteTestNG.run(AbstractRemoteTestNG.java:115)
	at org.testng.remote.RemoteTestNG.initAndRun(RemoteTestNG.java:293)
	at org.testng.remote.RemoteTestNG.main(RemoteTestNG.java:91)
</pre></div></td>
<td>0</td>
<td>Core.AlertsandNotifications.AlertsNotificationManagement_TestClass@2a3b5b47</td></tr>
<tr>
<td title='Core.AlertsandNotifications.AlertsNotificationManagement_TestClass.Verify_Recurrence_Column_Display()'><b>Verify_Recurrence_Column_Display</b><br>Test class: Core.AlertsandNotifications.AlertsNotificationManagement_TestClass</td>
<td><div><pre>java.lang.NullPointerException: Cannot invoke &quot;org.openqa.selenium.TakesScreenshot.getScreenshotAs(org.openqa.selenium.OutputType)&quot; because &quot;screenshot&quot; is null
	at com.Utility.ScreenShot.takeScreenShot(ScreenShot.java:29)
	at Core.AlertsandNotifications.AlertsNotificationManagement_TestClass.takeScreenshotOnFailure(AlertsNotificationManagement_TestClass.java:483)
	at java.base/java.util.ArrayList.forEach(ArrayList.java:1511)
... Removed 32 stack frames</pre></div><a href='#' onClick='toggleBox("stack-trace946884592", this, "Click to show all stack frames", "Click to hide stack frames")'>Click to show all stack frames</a>
<div class='stack-trace' id='stack-trace946884592'><pre>java.lang.NullPointerException: Cannot invoke &quot;org.openqa.selenium.TakesScreenshot.getScreenshotAs(org.openqa.selenium.OutputType)&quot; because &quot;screenshot&quot; is null
	at com.Utility.ScreenShot.takeScreenShot(ScreenShot.java:29)
	at Core.AlertsandNotifications.AlertsNotificationManagement_TestClass.takeScreenshotOnFailure(AlertsNotificationManagement_TestClass.java:483)
	at java.base/jdk.internal.reflect.NativeMethodAccessorImpl.invoke0(Native Method)
	at java.base/jdk.internal.reflect.NativeMethodAccessorImpl.invoke(NativeMethodAccessorImpl.java:77)
	at java.base/jdk.internal.reflect.DelegatingMethodAccessorImpl.invoke(DelegatingMethodAccessorImpl.java:43)
	at java.base/java.lang.reflect.Method.invoke(Method.java:568)
	at org.testng.internal.MethodInvocationHelper.invokeMethod(MethodInvocationHelper.java:132)
	at org.testng.internal.MethodInvocationHelper.invokeMethodConsideringTimeout(MethodInvocationHelper.java:61)
	at org.testng.internal.ConfigInvoker.invokeConfigurationMethod(ConfigInvoker.java:366)
	at org.testng.internal.ConfigInvoker.invokeConfigurations(ConfigInvoker.java:320)
	at org.testng.internal.TestInvoker.runConfigMethods(TestInvoker.java:701)
	at org.testng.internal.TestInvoker.runAfterGroupsConfigurations(TestInvoker.java:677)
	at org.testng.internal.TestInvoker.invokeMethod(TestInvoker.java:661)
	at org.testng.internal.TestInvoker.invokeTestMethod(TestInvoker.java:174)
	at org.testng.internal.MethodRunner.runInSequence(MethodRunner.java:46)
	at org.testng.internal.TestInvoker$MethodInvocationAgent.invoke(TestInvoker.java:822)
	at org.testng.internal.TestInvoker.invokeTestMethods(TestInvoker.java:147)
	at org.testng.internal.TestMethodWorker.invokeTestMethods(TestMethodWorker.java:146)
	at org.testng.internal.TestMethodWorker.run(TestMethodWorker.java:128)
	at java.base/java.util.ArrayList.forEach(ArrayList.java:1511)
	at org.testng.TestRunner.privateRun(TestRunner.java:764)
	at org.testng.TestRunner.run(TestRunner.java:585)
	at org.testng.SuiteRunner.runTest(SuiteRunner.java:384)
	at org.testng.SuiteRunner.runSequentially(SuiteRunner.java:378)
	at org.testng.SuiteRunner.privateRun(SuiteRunner.java:337)
	at org.testng.SuiteRunner.run(SuiteRunner.java:286)
	at org.testng.SuiteRunnerWorker.runSuite(SuiteRunnerWorker.java:53)
	at org.testng.SuiteRunnerWorker.run(SuiteRunnerWorker.java:96)
	at org.testng.TestNG.runSuitesSequentially(TestNG.java:1218)
	at org.testng.TestNG.runSuitesLocally(TestNG.java:1140)
	at org.testng.TestNG.runSuites(TestNG.java:1069)
	at org.testng.TestNG.run(TestNG.java:1037)
	at org.testng.remote.AbstractRemoteTestNG.run(AbstractRemoteTestNG.java:115)
	at org.testng.remote.RemoteTestNG.initAndRun(RemoteTestNG.java:293)
	at org.testng.remote.RemoteTestNG.main(RemoteTestNG.java:91)
</pre></div></td>
<td>0</td>
<td>Core.AlertsandNotifications.AlertsNotificationManagement_TestClass@2a3b5b47</td></tr>
<tr>
<td title='Core.AlertsandNotifications.AlertsNotificationManagement_TestClass.Verify_Schedule_End_Column_Display()'><b>Verify_Schedule_End_Column_Display</b><br>Test class: Core.AlertsandNotifications.AlertsNotificationManagement_TestClass</td>
<td><div><pre>java.lang.NullPointerException: Cannot invoke &quot;org.openqa.selenium.TakesScreenshot.getScreenshotAs(org.openqa.selenium.OutputType)&quot; because &quot;screenshot&quot; is null
	at com.Utility.ScreenShot.takeScreenShot(ScreenShot.java:29)
	at Core.AlertsandNotifications.AlertsNotificationManagement_TestClass.takeScreenshotOnFailure(AlertsNotificationManagement_TestClass.java:483)
	at java.base/java.util.ArrayList.forEach(ArrayList.java:1511)
... Removed 32 stack frames</pre></div><a href='#' onClick='toggleBox("stack-trace208301085", this, "Click to show all stack frames", "Click to hide stack frames")'>Click to show all stack frames</a>
<div class='stack-trace' id='stack-trace208301085'><pre>java.lang.NullPointerException: Cannot invoke &quot;org.openqa.selenium.TakesScreenshot.getScreenshotAs(org.openqa.selenium.OutputType)&quot; because &quot;screenshot&quot; is null
	at com.Utility.ScreenShot.takeScreenShot(ScreenShot.java:29)
	at Core.AlertsandNotifications.AlertsNotificationManagement_TestClass.takeScreenshotOnFailure(AlertsNotificationManagement_TestClass.java:483)
	at java.base/jdk.internal.reflect.NativeMethodAccessorImpl.invoke0(Native Method)
	at java.base/jdk.internal.reflect.NativeMethodAccessorImpl.invoke(NativeMethodAccessorImpl.java:77)
	at java.base/jdk.internal.reflect.DelegatingMethodAccessorImpl.invoke(DelegatingMethodAccessorImpl.java:43)
	at java.base/java.lang.reflect.Method.invoke(Method.java:568)
	at org.testng.internal.MethodInvocationHelper.invokeMethod(MethodInvocationHelper.java:132)
	at org.testng.internal.MethodInvocationHelper.invokeMethodConsideringTimeout(MethodInvocationHelper.java:61)
	at org.testng.internal.ConfigInvoker.invokeConfigurationMethod(ConfigInvoker.java:366)
	at org.testng.internal.ConfigInvoker.invokeConfigurations(ConfigInvoker.java:320)
	at org.testng.internal.TestInvoker.runConfigMethods(TestInvoker.java:701)
	at org.testng.internal.TestInvoker.runAfterGroupsConfigurations(TestInvoker.java:677)
	at org.testng.internal.TestInvoker.invokeMethod(TestInvoker.java:661)
	at org.testng.internal.TestInvoker.invokeTestMethod(TestInvoker.java:174)
	at org.testng.internal.MethodRunner.runInSequence(MethodRunner.java:46)
	at org.testng.internal.TestInvoker$MethodInvocationAgent.invoke(TestInvoker.java:822)
	at org.testng.internal.TestInvoker.invokeTestMethods(TestInvoker.java:147)
	at org.testng.internal.TestMethodWorker.invokeTestMethods(TestMethodWorker.java:146)
	at org.testng.internal.TestMethodWorker.run(TestMethodWorker.java:128)
	at java.base/java.util.ArrayList.forEach(ArrayList.java:1511)
	at org.testng.TestRunner.privateRun(TestRunner.java:764)
	at org.testng.TestRunner.run(TestRunner.java:585)
	at org.testng.SuiteRunner.runTest(SuiteRunner.java:384)
	at org.testng.SuiteRunner.runSequentially(SuiteRunner.java:378)
	at org.testng.SuiteRunner.privateRun(SuiteRunner.java:337)
	at org.testng.SuiteRunner.run(SuiteRunner.java:286)
	at org.testng.SuiteRunnerWorker.runSuite(SuiteRunnerWorker.java:53)
	at org.testng.SuiteRunnerWorker.run(SuiteRunnerWorker.java:96)
	at org.testng.TestNG.runSuitesSequentially(TestNG.java:1218)
	at org.testng.TestNG.runSuitesLocally(TestNG.java:1140)
	at org.testng.TestNG.runSuites(TestNG.java:1069)
	at org.testng.TestNG.run(TestNG.java:1037)
	at org.testng.remote.AbstractRemoteTestNG.run(AbstractRemoteTestNG.java:115)
	at org.testng.remote.RemoteTestNG.initAndRun(RemoteTestNG.java:293)
	at org.testng.remote.RemoteTestNG.main(RemoteTestNG.java:91)
</pre></div></td>
<td>0</td>
<td>Core.AlertsandNotifications.AlertsNotificationManagement_TestClass@2a3b5b47</td></tr>
<tr>
<td title='Core.AlertsandNotifications.AlertsNotificationManagement_TestClass.Verify_Schedule_Start_Column_Display()'><b>Verify_Schedule_Start_Column_Display</b><br>Test class: Core.AlertsandNotifications.AlertsNotificationManagement_TestClass</td>
<td><div><pre>java.lang.NullPointerException: Cannot invoke &quot;org.openqa.selenium.TakesScreenshot.getScreenshotAs(org.openqa.selenium.OutputType)&quot; because &quot;screenshot&quot; is null
	at com.Utility.ScreenShot.takeScreenShot(ScreenShot.java:29)
	at Core.AlertsandNotifications.AlertsNotificationManagement_TestClass.takeScreenshotOnFailure(AlertsNotificationManagement_TestClass.java:483)
	at java.base/java.util.ArrayList.forEach(ArrayList.java:1511)
... Removed 32 stack frames</pre></div><a href='#' onClick='toggleBox("stack-trace235195640", this, "Click to show all stack frames", "Click to hide stack frames")'>Click to show all stack frames</a>
<div class='stack-trace' id='stack-trace235195640'><pre>java.lang.NullPointerException: Cannot invoke &quot;org.openqa.selenium.TakesScreenshot.getScreenshotAs(org.openqa.selenium.OutputType)&quot; because &quot;screenshot&quot; is null
	at com.Utility.ScreenShot.takeScreenShot(ScreenShot.java:29)
	at Core.AlertsandNotifications.AlertsNotificationManagement_TestClass.takeScreenshotOnFailure(AlertsNotificationManagement_TestClass.java:483)
	at java.base/jdk.internal.reflect.NativeMethodAccessorImpl.invoke0(Native Method)
	at java.base/jdk.internal.reflect.NativeMethodAccessorImpl.invoke(NativeMethodAccessorImpl.java:77)
	at java.base/jdk.internal.reflect.DelegatingMethodAccessorImpl.invoke(DelegatingMethodAccessorImpl.java:43)
	at java.base/java.lang.reflect.Method.invoke(Method.java:568)
	at org.testng.internal.MethodInvocationHelper.invokeMethod(MethodInvocationHelper.java:132)
	at org.testng.internal.MethodInvocationHelper.invokeMethodConsideringTimeout(MethodInvocationHelper.java:61)
	at org.testng.internal.ConfigInvoker.invokeConfigurationMethod(ConfigInvoker.java:366)
	at org.testng.internal.ConfigInvoker.invokeConfigurations(ConfigInvoker.java:320)
	at org.testng.internal.TestInvoker.runConfigMethods(TestInvoker.java:701)
	at org.testng.internal.TestInvoker.runAfterGroupsConfigurations(TestInvoker.java:677)
	at org.testng.internal.TestInvoker.invokeMethod(TestInvoker.java:661)
	at org.testng.internal.TestInvoker.invokeTestMethod(TestInvoker.java:174)
	at org.testng.internal.MethodRunner.runInSequence(MethodRunner.java:46)
	at org.testng.internal.TestInvoker$MethodInvocationAgent.invoke(TestInvoker.java:822)
	at org.testng.internal.TestInvoker.invokeTestMethods(TestInvoker.java:147)
	at org.testng.internal.TestMethodWorker.invokeTestMethods(TestMethodWorker.java:146)
	at org.testng.internal.TestMethodWorker.run(TestMethodWorker.java:128)
	at java.base/java.util.ArrayList.forEach(ArrayList.java:1511)
	at org.testng.TestRunner.privateRun(TestRunner.java:764)
	at org.testng.TestRunner.run(TestRunner.java:585)
	at org.testng.SuiteRunner.runTest(SuiteRunner.java:384)
	at org.testng.SuiteRunner.runSequentially(SuiteRunner.java:378)
	at org.testng.SuiteRunner.privateRun(SuiteRunner.java:337)
	at org.testng.SuiteRunner.run(SuiteRunner.java:286)
	at org.testng.SuiteRunnerWorker.runSuite(SuiteRunnerWorker.java:53)
	at org.testng.SuiteRunnerWorker.run(SuiteRunnerWorker.java:96)
	at org.testng.TestNG.runSuitesSequentially(TestNG.java:1218)
	at org.testng.TestNG.runSuitesLocally(TestNG.java:1140)
	at org.testng.TestNG.runSuites(TestNG.java:1069)
	at org.testng.TestNG.run(TestNG.java:1037)
	at org.testng.remote.AbstractRemoteTestNG.run(AbstractRemoteTestNG.java:115)
	at org.testng.remote.RemoteTestNG.initAndRun(RemoteTestNG.java:293)
	at org.testng.remote.RemoteTestNG.main(RemoteTestNG.java:91)
</pre></div></td>
<td>0</td>
<td>Core.AlertsandNotifications.AlertsNotificationManagement_TestClass@2a3b5b47</td></tr>
<tr>
<td title='Core.AlertsandNotifications.AlertsNotificationManagement_TestClass.Verify_Schedule_Type_Column_Display()'><b>Verify_Schedule_Type_Column_Display</b><br>Test class: Core.AlertsandNotifications.AlertsNotificationManagement_TestClass</td>
<td><div><pre>java.lang.NullPointerException: Cannot invoke &quot;org.openqa.selenium.TakesScreenshot.getScreenshotAs(org.openqa.selenium.OutputType)&quot; because &quot;screenshot&quot; is null
	at com.Utility.ScreenShot.takeScreenShot(ScreenShot.java:29)
	at Core.AlertsandNotifications.AlertsNotificationManagement_TestClass.takeScreenshotOnFailure(AlertsNotificationManagement_TestClass.java:483)
	at java.base/java.util.ArrayList.forEach(ArrayList.java:1511)
... Removed 32 stack frames</pre></div><a href='#' onClick='toggleBox("stack-trace1179093020", this, "Click to show all stack frames", "Click to hide stack frames")'>Click to show all stack frames</a>
<div class='stack-trace' id='stack-trace1179093020'><pre>java.lang.NullPointerException: Cannot invoke &quot;org.openqa.selenium.TakesScreenshot.getScreenshotAs(org.openqa.selenium.OutputType)&quot; because &quot;screenshot&quot; is null
	at com.Utility.ScreenShot.takeScreenShot(ScreenShot.java:29)
	at Core.AlertsandNotifications.AlertsNotificationManagement_TestClass.takeScreenshotOnFailure(AlertsNotificationManagement_TestClass.java:483)
	at java.base/jdk.internal.reflect.NativeMethodAccessorImpl.invoke0(Native Method)
	at java.base/jdk.internal.reflect.NativeMethodAccessorImpl.invoke(NativeMethodAccessorImpl.java:77)
	at java.base/jdk.internal.reflect.DelegatingMethodAccessorImpl.invoke(DelegatingMethodAccessorImpl.java:43)
	at java.base/java.lang.reflect.Method.invoke(Method.java:568)
	at org.testng.internal.MethodInvocationHelper.invokeMethod(MethodInvocationHelper.java:132)
	at org.testng.internal.MethodInvocationHelper.invokeMethodConsideringTimeout(MethodInvocationHelper.java:61)
	at org.testng.internal.ConfigInvoker.invokeConfigurationMethod(ConfigInvoker.java:366)
	at org.testng.internal.ConfigInvoker.invokeConfigurations(ConfigInvoker.java:320)
	at org.testng.internal.TestInvoker.runConfigMethods(TestInvoker.java:701)
	at org.testng.internal.TestInvoker.runAfterGroupsConfigurations(TestInvoker.java:677)
	at org.testng.internal.TestInvoker.invokeMethod(TestInvoker.java:661)
	at org.testng.internal.TestInvoker.invokeTestMethod(TestInvoker.java:174)
	at org.testng.internal.MethodRunner.runInSequence(MethodRunner.java:46)
	at org.testng.internal.TestInvoker$MethodInvocationAgent.invoke(TestInvoker.java:822)
	at org.testng.internal.TestInvoker.invokeTestMethods(TestInvoker.java:147)
	at org.testng.internal.TestMethodWorker.invokeTestMethods(TestMethodWorker.java:146)
	at org.testng.internal.TestMethodWorker.run(TestMethodWorker.java:128)
	at java.base/java.util.ArrayList.forEach(ArrayList.java:1511)
	at org.testng.TestRunner.privateRun(TestRunner.java:764)
	at org.testng.TestRunner.run(TestRunner.java:585)
	at org.testng.SuiteRunner.runTest(SuiteRunner.java:384)
	at org.testng.SuiteRunner.runSequentially(SuiteRunner.java:378)
	at org.testng.SuiteRunner.privateRun(SuiteRunner.java:337)
	at org.testng.SuiteRunner.run(SuiteRunner.java:286)
	at org.testng.SuiteRunnerWorker.runSuite(SuiteRunnerWorker.java:53)
	at org.testng.SuiteRunnerWorker.run(SuiteRunnerWorker.java:96)
	at org.testng.TestNG.runSuitesSequentially(TestNG.java:1218)
	at org.testng.TestNG.runSuitesLocally(TestNG.java:1140)
	at org.testng.TestNG.runSuites(TestNG.java:1069)
	at org.testng.TestNG.run(TestNG.java:1037)
	at org.testng.remote.AbstractRemoteTestNG.run(AbstractRemoteTestNG.java:115)
	at org.testng.remote.RemoteTestNG.initAndRun(RemoteTestNG.java:293)
	at org.testng.remote.RemoteTestNG.main(RemoteTestNG.java:91)
</pre></div></td>
<td>0</td>
<td>Core.AlertsandNotifications.AlertsNotificationManagement_TestClass@2a3b5b47</td></tr>
<tr>
<td title='Core.AlertsandNotifications.AlertsNotificationManagement_TestClass.Verify_Schedule_Type_Fields()'><b>Verify_Schedule_Type_Fields</b><br>Test class: Core.AlertsandNotifications.AlertsNotificationManagement_TestClass</td>
<td><div><pre>java.lang.NullPointerException: Cannot invoke &quot;org.openqa.selenium.TakesScreenshot.getScreenshotAs(org.openqa.selenium.OutputType)&quot; because &quot;screenshot&quot; is null
	at com.Utility.ScreenShot.takeScreenShot(ScreenShot.java:29)
	at Core.AlertsandNotifications.AlertsNotificationManagement_TestClass.takeScreenshotOnFailure(AlertsNotificationManagement_TestClass.java:483)
	at java.base/java.util.ArrayList.forEach(ArrayList.java:1511)
... Removed 32 stack frames</pre></div><a href='#' onClick='toggleBox("stack-trace1788545647", this, "Click to show all stack frames", "Click to hide stack frames")'>Click to show all stack frames</a>
<div class='stack-trace' id='stack-trace1788545647'><pre>java.lang.NullPointerException: Cannot invoke &quot;org.openqa.selenium.TakesScreenshot.getScreenshotAs(org.openqa.selenium.OutputType)&quot; because &quot;screenshot&quot; is null
	at com.Utility.ScreenShot.takeScreenShot(ScreenShot.java:29)
	at Core.AlertsandNotifications.AlertsNotificationManagement_TestClass.takeScreenshotOnFailure(AlertsNotificationManagement_TestClass.java:483)
	at java.base/jdk.internal.reflect.NativeMethodAccessorImpl.invoke0(Native Method)
	at java.base/jdk.internal.reflect.NativeMethodAccessorImpl.invoke(NativeMethodAccessorImpl.java:77)
	at java.base/jdk.internal.reflect.DelegatingMethodAccessorImpl.invoke(DelegatingMethodAccessorImpl.java:43)
	at java.base/java.lang.reflect.Method.invoke(Method.java:568)
	at org.testng.internal.MethodInvocationHelper.invokeMethod(MethodInvocationHelper.java:132)
	at org.testng.internal.MethodInvocationHelper.invokeMethodConsideringTimeout(MethodInvocationHelper.java:61)
	at org.testng.internal.ConfigInvoker.invokeConfigurationMethod(ConfigInvoker.java:366)
	at org.testng.internal.ConfigInvoker.invokeConfigurations(ConfigInvoker.java:320)
	at org.testng.internal.TestInvoker.runConfigMethods(TestInvoker.java:701)
	at org.testng.internal.TestInvoker.runAfterGroupsConfigurations(TestInvoker.java:677)
	at org.testng.internal.TestInvoker.invokeMethod(TestInvoker.java:661)
	at org.testng.internal.TestInvoker.invokeTestMethod(TestInvoker.java:174)
	at org.testng.internal.MethodRunner.runInSequence(MethodRunner.java:46)
	at org.testng.internal.TestInvoker$MethodInvocationAgent.invoke(TestInvoker.java:822)
	at org.testng.internal.TestInvoker.invokeTestMethods(TestInvoker.java:147)
	at org.testng.internal.TestMethodWorker.invokeTestMethods(TestMethodWorker.java:146)
	at org.testng.internal.TestMethodWorker.run(TestMethodWorker.java:128)
	at java.base/java.util.ArrayList.forEach(ArrayList.java:1511)
	at org.testng.TestRunner.privateRun(TestRunner.java:764)
	at org.testng.TestRunner.run(TestRunner.java:585)
	at org.testng.SuiteRunner.runTest(SuiteRunner.java:384)
	at org.testng.SuiteRunner.runSequentially(SuiteRunner.java:378)
	at org.testng.SuiteRunner.privateRun(SuiteRunner.java:337)
	at org.testng.SuiteRunner.run(SuiteRunner.java:286)
	at org.testng.SuiteRunnerWorker.runSuite(SuiteRunnerWorker.java:53)
	at org.testng.SuiteRunnerWorker.run(SuiteRunnerWorker.java:96)
	at org.testng.TestNG.runSuitesSequentially(TestNG.java:1218)
	at org.testng.TestNG.runSuitesLocally(TestNG.java:1140)
	at org.testng.TestNG.runSuites(TestNG.java:1069)
	at org.testng.TestNG.run(TestNG.java:1037)
	at org.testng.remote.AbstractRemoteTestNG.run(AbstractRemoteTestNG.java:115)
	at org.testng.remote.RemoteTestNG.initAndRun(RemoteTestNG.java:293)
	at org.testng.remote.RemoteTestNG.main(RemoteTestNG.java:91)
</pre></div></td>
<td>0</td>
<td>Core.AlertsandNotifications.AlertsNotificationManagement_TestClass@2a3b5b47</td></tr>
<tr>
<td title='Core.AlertsandNotifications.AlertsNotificationManagement_TestClass.Verify_Status_Column_Display()'><b>Verify_Status_Column_Display</b><br>Test class: Core.AlertsandNotifications.AlertsNotificationManagement_TestClass</td>
<td><div><pre>java.lang.NullPointerException: Cannot invoke &quot;org.openqa.selenium.TakesScreenshot.getScreenshotAs(org.openqa.selenium.OutputType)&quot; because &quot;screenshot&quot; is null
	at com.Utility.ScreenShot.takeScreenShot(ScreenShot.java:29)
	at Core.AlertsandNotifications.AlertsNotificationManagement_TestClass.takeScreenshotOnFailure(AlertsNotificationManagement_TestClass.java:483)
	at java.base/java.util.ArrayList.forEach(ArrayList.java:1511)
... Removed 32 stack frames</pre></div><a href='#' onClick='toggleBox("stack-trace2009591182", this, "Click to show all stack frames", "Click to hide stack frames")'>Click to show all stack frames</a>
<div class='stack-trace' id='stack-trace2009591182'><pre>java.lang.NullPointerException: Cannot invoke &quot;org.openqa.selenium.TakesScreenshot.getScreenshotAs(org.openqa.selenium.OutputType)&quot; because &quot;screenshot&quot; is null
	at com.Utility.ScreenShot.takeScreenShot(ScreenShot.java:29)
	at Core.AlertsandNotifications.AlertsNotificationManagement_TestClass.takeScreenshotOnFailure(AlertsNotificationManagement_TestClass.java:483)
	at java.base/jdk.internal.reflect.NativeMethodAccessorImpl.invoke0(Native Method)
	at java.base/jdk.internal.reflect.NativeMethodAccessorImpl.invoke(NativeMethodAccessorImpl.java:77)
	at java.base/jdk.internal.reflect.DelegatingMethodAccessorImpl.invoke(DelegatingMethodAccessorImpl.java:43)
	at java.base/java.lang.reflect.Method.invoke(Method.java:568)
	at org.testng.internal.MethodInvocationHelper.invokeMethod(MethodInvocationHelper.java:132)
	at org.testng.internal.MethodInvocationHelper.invokeMethodConsideringTimeout(MethodInvocationHelper.java:61)
	at org.testng.internal.ConfigInvoker.invokeConfigurationMethod(ConfigInvoker.java:366)
	at org.testng.internal.ConfigInvoker.invokeConfigurations(ConfigInvoker.java:320)
	at org.testng.internal.TestInvoker.runConfigMethods(TestInvoker.java:701)
	at org.testng.internal.TestInvoker.runAfterGroupsConfigurations(TestInvoker.java:677)
	at org.testng.internal.TestInvoker.invokeMethod(TestInvoker.java:661)
	at org.testng.internal.TestInvoker.invokeTestMethod(TestInvoker.java:174)
	at org.testng.internal.MethodRunner.runInSequence(MethodRunner.java:46)
	at org.testng.internal.TestInvoker$MethodInvocationAgent.invoke(TestInvoker.java:822)
	at org.testng.internal.TestInvoker.invokeTestMethods(TestInvoker.java:147)
	at org.testng.internal.TestMethodWorker.invokeTestMethods(TestMethodWorker.java:146)
	at org.testng.internal.TestMethodWorker.run(TestMethodWorker.java:128)
	at java.base/java.util.ArrayList.forEach(ArrayList.java:1511)
	at org.testng.TestRunner.privateRun(TestRunner.java:764)
	at org.testng.TestRunner.run(TestRunner.java:585)
	at org.testng.SuiteRunner.runTest(SuiteRunner.java:384)
	at org.testng.SuiteRunner.runSequentially(SuiteRunner.java:378)
	at org.testng.SuiteRunner.privateRun(SuiteRunner.java:337)
	at org.testng.SuiteRunner.run(SuiteRunner.java:286)
	at org.testng.SuiteRunnerWorker.runSuite(SuiteRunnerWorker.java:53)
	at org.testng.SuiteRunnerWorker.run(SuiteRunnerWorker.java:96)
	at org.testng.TestNG.runSuitesSequentially(TestNG.java:1218)
	at org.testng.TestNG.runSuitesLocally(TestNG.java:1140)
	at org.testng.TestNG.runSuites(TestNG.java:1069)
	at org.testng.TestNG.run(TestNG.java:1037)
	at org.testng.remote.AbstractRemoteTestNG.run(AbstractRemoteTestNG.java:115)
	at org.testng.remote.RemoteTestNG.initAndRun(RemoteTestNG.java:293)
	at org.testng.remote.RemoteTestNG.main(RemoteTestNG.java:91)
</pre></div></td>
<td>0</td>
<td>Core.AlertsandNotifications.AlertsNotificationManagement_TestClass@2a3b5b47</td></tr>
<tr>
<td title='Core.AlertsandNotifications.AlertsNotificationManagement_TestClass.Verify_Status_Fields()'><b>Verify_Status_Fields</b><br>Test class: Core.AlertsandNotifications.AlertsNotificationManagement_TestClass</td>
<td><div><pre>java.lang.NullPointerException: Cannot invoke &quot;org.openqa.selenium.TakesScreenshot.getScreenshotAs(org.openqa.selenium.OutputType)&quot; because &quot;screenshot&quot; is null
	at com.Utility.ScreenShot.takeScreenShot(ScreenShot.java:29)
	at Core.AlertsandNotifications.AlertsNotificationManagement_TestClass.takeScreenshotOnFailure(AlertsNotificationManagement_TestClass.java:483)
	at java.base/java.util.ArrayList.forEach(ArrayList.java:1511)
... Removed 32 stack frames</pre></div><a href='#' onClick='toggleBox("stack-trace745465688", this, "Click to show all stack frames", "Click to hide stack frames")'>Click to show all stack frames</a>
<div class='stack-trace' id='stack-trace745465688'><pre>java.lang.NullPointerException: Cannot invoke &quot;org.openqa.selenium.TakesScreenshot.getScreenshotAs(org.openqa.selenium.OutputType)&quot; because &quot;screenshot&quot; is null
	at com.Utility.ScreenShot.takeScreenShot(ScreenShot.java:29)
	at Core.AlertsandNotifications.AlertsNotificationManagement_TestClass.takeScreenshotOnFailure(AlertsNotificationManagement_TestClass.java:483)
	at java.base/jdk.internal.reflect.NativeMethodAccessorImpl.invoke0(Native Method)
	at java.base/jdk.internal.reflect.NativeMethodAccessorImpl.invoke(NativeMethodAccessorImpl.java:77)
	at java.base/jdk.internal.reflect.DelegatingMethodAccessorImpl.invoke(DelegatingMethodAccessorImpl.java:43)
	at java.base/java.lang.reflect.Method.invoke(Method.java:568)
	at org.testng.internal.MethodInvocationHelper.invokeMethod(MethodInvocationHelper.java:132)
	at org.testng.internal.MethodInvocationHelper.invokeMethodConsideringTimeout(MethodInvocationHelper.java:61)
	at org.testng.internal.ConfigInvoker.invokeConfigurationMethod(ConfigInvoker.java:366)
	at org.testng.internal.ConfigInvoker.invokeConfigurations(ConfigInvoker.java:320)
	at org.testng.internal.TestInvoker.runConfigMethods(TestInvoker.java:701)
	at org.testng.internal.TestInvoker.runAfterGroupsConfigurations(TestInvoker.java:677)
	at org.testng.internal.TestInvoker.invokeMethod(TestInvoker.java:661)
	at org.testng.internal.TestInvoker.invokeTestMethod(TestInvoker.java:174)
	at org.testng.internal.MethodRunner.runInSequence(MethodRunner.java:46)
	at org.testng.internal.TestInvoker$MethodInvocationAgent.invoke(TestInvoker.java:822)
	at org.testng.internal.TestInvoker.invokeTestMethods(TestInvoker.java:147)
	at org.testng.internal.TestMethodWorker.invokeTestMethods(TestMethodWorker.java:146)
	at org.testng.internal.TestMethodWorker.run(TestMethodWorker.java:128)
	at java.base/java.util.ArrayList.forEach(ArrayList.java:1511)
	at org.testng.TestRunner.privateRun(TestRunner.java:764)
	at org.testng.TestRunner.run(TestRunner.java:585)
	at org.testng.SuiteRunner.runTest(SuiteRunner.java:384)
	at org.testng.SuiteRunner.runSequentially(SuiteRunner.java:378)
	at org.testng.SuiteRunner.privateRun(SuiteRunner.java:337)
	at org.testng.SuiteRunner.run(SuiteRunner.java:286)
	at org.testng.SuiteRunnerWorker.runSuite(SuiteRunnerWorker.java:53)
	at org.testng.SuiteRunnerWorker.run(SuiteRunnerWorker.java:96)
	at org.testng.TestNG.runSuitesSequentially(TestNG.java:1218)
	at org.testng.TestNG.runSuitesLocally(TestNG.java:1140)
	at org.testng.TestNG.runSuites(TestNG.java:1069)
	at org.testng.TestNG.run(TestNG.java:1037)
	at org.testng.remote.AbstractRemoteTestNG.run(AbstractRemoteTestNG.java:115)
	at org.testng.remote.RemoteTestNG.initAndRun(RemoteTestNG.java:293)
	at org.testng.remote.RemoteTestNG.main(RemoteTestNG.java:91)
</pre></div></td>
<td>0</td>
<td>Core.AlertsandNotifications.AlertsNotificationManagement_TestClass@2a3b5b47</td></tr>
<tr>
<td title='Core.AlertsandNotifications.AlertsNotificationManagement_TestClass.Verify_Template_Name_Column_Display()'><b>Verify_Template_Name_Column_Display</b><br>Test class: Core.AlertsandNotifications.AlertsNotificationManagement_TestClass</td>
<td><div><pre>java.lang.NullPointerException: Cannot invoke &quot;org.openqa.selenium.TakesScreenshot.getScreenshotAs(org.openqa.selenium.OutputType)&quot; because &quot;screenshot&quot; is null
	at com.Utility.ScreenShot.takeScreenShot(ScreenShot.java:29)
	at Core.AlertsandNotifications.AlertsNotificationManagement_TestClass.takeScreenshotOnFailure(AlertsNotificationManagement_TestClass.java:483)
	at java.base/java.util.ArrayList.forEach(ArrayList.java:1511)
... Removed 32 stack frames</pre></div><a href='#' onClick='toggleBox("stack-trace2075352262", this, "Click to show all stack frames", "Click to hide stack frames")'>Click to show all stack frames</a>
<div class='stack-trace' id='stack-trace2075352262'><pre>java.lang.NullPointerException: Cannot invoke &quot;org.openqa.selenium.TakesScreenshot.getScreenshotAs(org.openqa.selenium.OutputType)&quot; because &quot;screenshot&quot; is null
	at com.Utility.ScreenShot.takeScreenShot(ScreenShot.java:29)
	at Core.AlertsandNotifications.AlertsNotificationManagement_TestClass.takeScreenshotOnFailure(AlertsNotificationManagement_TestClass.java:483)
	at java.base/jdk.internal.reflect.NativeMethodAccessorImpl.invoke0(Native Method)
	at java.base/jdk.internal.reflect.NativeMethodAccessorImpl.invoke(NativeMethodAccessorImpl.java:77)
	at java.base/jdk.internal.reflect.DelegatingMethodAccessorImpl.invoke(DelegatingMethodAccessorImpl.java:43)
	at java.base/java.lang.reflect.Method.invoke(Method.java:568)
	at org.testng.internal.MethodInvocationHelper.invokeMethod(MethodInvocationHelper.java:132)
	at org.testng.internal.MethodInvocationHelper.invokeMethodConsideringTimeout(MethodInvocationHelper.java:61)
	at org.testng.internal.ConfigInvoker.invokeConfigurationMethod(ConfigInvoker.java:366)
	at org.testng.internal.ConfigInvoker.invokeConfigurations(ConfigInvoker.java:320)
	at org.testng.internal.TestInvoker.runConfigMethods(TestInvoker.java:701)
	at org.testng.internal.TestInvoker.runAfterGroupsConfigurations(TestInvoker.java:677)
	at org.testng.internal.TestInvoker.invokeMethod(TestInvoker.java:661)
	at org.testng.internal.TestInvoker.invokeTestMethod(TestInvoker.java:174)
	at org.testng.internal.MethodRunner.runInSequence(MethodRunner.java:46)
	at org.testng.internal.TestInvoker$MethodInvocationAgent.invoke(TestInvoker.java:822)
	at org.testng.internal.TestInvoker.invokeTestMethods(TestInvoker.java:147)
	at org.testng.internal.TestMethodWorker.invokeTestMethods(TestMethodWorker.java:146)
	at org.testng.internal.TestMethodWorker.run(TestMethodWorker.java:128)
	at java.base/java.util.ArrayList.forEach(ArrayList.java:1511)
	at org.testng.TestRunner.privateRun(TestRunner.java:764)
	at org.testng.TestRunner.run(TestRunner.java:585)
	at org.testng.SuiteRunner.runTest(SuiteRunner.java:384)
	at org.testng.SuiteRunner.runSequentially(SuiteRunner.java:378)
	at org.testng.SuiteRunner.privateRun(SuiteRunner.java:337)
	at org.testng.SuiteRunner.run(SuiteRunner.java:286)
	at org.testng.SuiteRunnerWorker.runSuite(SuiteRunnerWorker.java:53)
	at org.testng.SuiteRunnerWorker.run(SuiteRunnerWorker.java:96)
	at org.testng.TestNG.runSuitesSequentially(TestNG.java:1218)
	at org.testng.TestNG.runSuitesLocally(TestNG.java:1140)
	at org.testng.TestNG.runSuites(TestNG.java:1069)
	at org.testng.TestNG.run(TestNG.java:1037)
	at org.testng.remote.AbstractRemoteTestNG.run(AbstractRemoteTestNG.java:115)
	at org.testng.remote.RemoteTestNG.initAndRun(RemoteTestNG.java:293)
	at org.testng.remote.RemoteTestNG.main(RemoteTestNG.java:91)
</pre></div></td>
<td>0</td>
<td>Core.AlertsandNotifications.AlertsNotificationManagement_TestClass@2a3b5b47</td></tr>
<tr>
<td title='Core.AlertsandNotifications.AlertsNotificationManagement_TestClass.Verify_Time_Column_Display()'><b>Verify_Time_Column_Display</b><br>Test class: Core.AlertsandNotifications.AlertsNotificationManagement_TestClass</td>
<td><div><pre>java.lang.NullPointerException: Cannot invoke &quot;org.openqa.selenium.TakesScreenshot.getScreenshotAs(org.openqa.selenium.OutputType)&quot; because &quot;screenshot&quot; is null
	at com.Utility.ScreenShot.takeScreenShot(ScreenShot.java:29)
	at Core.AlertsandNotifications.AlertsNotificationManagement_TestClass.takeScreenshotOnFailure(AlertsNotificationManagement_TestClass.java:483)
	at java.base/java.util.ArrayList.forEach(ArrayList.java:1511)
... Removed 32 stack frames</pre></div><a href='#' onClick='toggleBox("stack-trace1155437763", this, "Click to show all stack frames", "Click to hide stack frames")'>Click to show all stack frames</a>
<div class='stack-trace' id='stack-trace1155437763'><pre>java.lang.NullPointerException: Cannot invoke &quot;org.openqa.selenium.TakesScreenshot.getScreenshotAs(org.openqa.selenium.OutputType)&quot; because &quot;screenshot&quot; is null
	at com.Utility.ScreenShot.takeScreenShot(ScreenShot.java:29)
	at Core.AlertsandNotifications.AlertsNotificationManagement_TestClass.takeScreenshotOnFailure(AlertsNotificationManagement_TestClass.java:483)
	at java.base/jdk.internal.reflect.NativeMethodAccessorImpl.invoke0(Native Method)
	at java.base/jdk.internal.reflect.NativeMethodAccessorImpl.invoke(NativeMethodAccessorImpl.java:77)
	at java.base/jdk.internal.reflect.DelegatingMethodAccessorImpl.invoke(DelegatingMethodAccessorImpl.java:43)
	at java.base/java.lang.reflect.Method.invoke(Method.java:568)
	at org.testng.internal.MethodInvocationHelper.invokeMethod(MethodInvocationHelper.java:132)
	at org.testng.internal.MethodInvocationHelper.invokeMethodConsideringTimeout(MethodInvocationHelper.java:61)
	at org.testng.internal.ConfigInvoker.invokeConfigurationMethod(ConfigInvoker.java:366)
	at org.testng.internal.ConfigInvoker.invokeConfigurations(ConfigInvoker.java:320)
	at org.testng.internal.TestInvoker.runConfigMethods(TestInvoker.java:701)
	at org.testng.internal.TestInvoker.runAfterGroupsConfigurations(TestInvoker.java:677)
	at org.testng.internal.TestInvoker.invokeMethod(TestInvoker.java:661)
	at org.testng.internal.TestInvoker.invokeTestMethod(TestInvoker.java:174)
	at org.testng.internal.MethodRunner.runInSequence(MethodRunner.java:46)
	at org.testng.internal.TestInvoker$MethodInvocationAgent.invoke(TestInvoker.java:822)
	at org.testng.internal.TestInvoker.invokeTestMethods(TestInvoker.java:147)
	at org.testng.internal.TestMethodWorker.invokeTestMethods(TestMethodWorker.java:146)
	at org.testng.internal.TestMethodWorker.run(TestMethodWorker.java:128)
	at java.base/java.util.ArrayList.forEach(ArrayList.java:1511)
	at org.testng.TestRunner.privateRun(TestRunner.java:764)
	at org.testng.TestRunner.run(TestRunner.java:585)
	at org.testng.SuiteRunner.runTest(SuiteRunner.java:384)
	at org.testng.SuiteRunner.runSequentially(SuiteRunner.java:378)
	at org.testng.SuiteRunner.privateRun(SuiteRunner.java:337)
	at org.testng.SuiteRunner.run(SuiteRunner.java:286)
	at org.testng.SuiteRunnerWorker.runSuite(SuiteRunnerWorker.java:53)
	at org.testng.SuiteRunnerWorker.run(SuiteRunnerWorker.java:96)
	at org.testng.TestNG.runSuitesSequentially(TestNG.java:1218)
	at org.testng.TestNG.runSuitesLocally(TestNG.java:1140)
	at org.testng.TestNG.runSuites(TestNG.java:1069)
	at org.testng.TestNG.run(TestNG.java:1037)
	at org.testng.remote.AbstractRemoteTestNG.run(AbstractRemoteTestNG.java:115)
	at org.testng.remote.RemoteTestNG.initAndRun(RemoteTestNG.java:293)
	at org.testng.remote.RemoteTestNG.main(RemoteTestNG.java:91)
</pre></div></td>
<td>0</td>
<td>Core.AlertsandNotifications.AlertsNotificationManagement_TestClass@2a3b5b47</td></tr>
<tr>
<td title='Core.AlertsandNotifications.AlertsNotificationManagement_TestClass.Verify_UI_Elements_Presence()'><b>Verify_UI_Elements_Presence</b><br>Test class: Core.AlertsandNotifications.AlertsNotificationManagement_TestClass</td>
<td><div><pre>java.lang.NullPointerException: Cannot invoke &quot;org.openqa.selenium.TakesScreenshot.getScreenshotAs(org.openqa.selenium.OutputType)&quot; because &quot;screenshot&quot; is null
	at com.Utility.ScreenShot.takeScreenShot(ScreenShot.java:29)
	at Core.AlertsandNotifications.AlertsNotificationManagement_TestClass.takeScreenshotOnFailure(AlertsNotificationManagement_TestClass.java:483)
	at java.base/java.util.ArrayList.forEach(ArrayList.java:1511)
... Removed 32 stack frames</pre></div><a href='#' onClick='toggleBox("stack-trace555136651", this, "Click to show all stack frames", "Click to hide stack frames")'>Click to show all stack frames</a>
<div class='stack-trace' id='stack-trace555136651'><pre>java.lang.NullPointerException: Cannot invoke &quot;org.openqa.selenium.TakesScreenshot.getScreenshotAs(org.openqa.selenium.OutputType)&quot; because &quot;screenshot&quot; is null
	at com.Utility.ScreenShot.takeScreenShot(ScreenShot.java:29)
	at Core.AlertsandNotifications.AlertsNotificationManagement_TestClass.takeScreenshotOnFailure(AlertsNotificationManagement_TestClass.java:483)
	at java.base/jdk.internal.reflect.NativeMethodAccessorImpl.invoke0(Native Method)
	at java.base/jdk.internal.reflect.NativeMethodAccessorImpl.invoke(NativeMethodAccessorImpl.java:77)
	at java.base/jdk.internal.reflect.DelegatingMethodAccessorImpl.invoke(DelegatingMethodAccessorImpl.java:43)
	at java.base/java.lang.reflect.Method.invoke(Method.java:568)
	at org.testng.internal.MethodInvocationHelper.invokeMethod(MethodInvocationHelper.java:132)
	at org.testng.internal.MethodInvocationHelper.invokeMethodConsideringTimeout(MethodInvocationHelper.java:61)
	at org.testng.internal.ConfigInvoker.invokeConfigurationMethod(ConfigInvoker.java:366)
	at org.testng.internal.ConfigInvoker.invokeConfigurations(ConfigInvoker.java:320)
	at org.testng.internal.TestInvoker.runConfigMethods(TestInvoker.java:701)
	at org.testng.internal.TestInvoker.runAfterGroupsConfigurations(TestInvoker.java:677)
	at org.testng.internal.TestInvoker.invokeMethod(TestInvoker.java:661)
	at org.testng.internal.TestInvoker.invokeTestMethod(TestInvoker.java:174)
	at org.testng.internal.MethodRunner.runInSequence(MethodRunner.java:46)
	at org.testng.internal.TestInvoker$MethodInvocationAgent.invoke(TestInvoker.java:822)
	at org.testng.internal.TestInvoker.invokeTestMethods(TestInvoker.java:147)
	at org.testng.internal.TestMethodWorker.invokeTestMethods(TestMethodWorker.java:146)
	at org.testng.internal.TestMethodWorker.run(TestMethodWorker.java:128)
	at java.base/java.util.ArrayList.forEach(ArrayList.java:1511)
	at org.testng.TestRunner.privateRun(TestRunner.java:764)
	at org.testng.TestRunner.run(TestRunner.java:585)
	at org.testng.SuiteRunner.runTest(SuiteRunner.java:384)
	at org.testng.SuiteRunner.runSequentially(SuiteRunner.java:378)
	at org.testng.SuiteRunner.privateRun(SuiteRunner.java:337)
	at org.testng.SuiteRunner.run(SuiteRunner.java:286)
	at org.testng.SuiteRunnerWorker.runSuite(SuiteRunnerWorker.java:53)
	at org.testng.SuiteRunnerWorker.run(SuiteRunnerWorker.java:96)
	at org.testng.TestNG.runSuitesSequentially(TestNG.java:1218)
	at org.testng.TestNG.runSuitesLocally(TestNG.java:1140)
	at org.testng.TestNG.runSuites(TestNG.java:1069)
	at org.testng.TestNG.run(TestNG.java:1037)
	at org.testng.remote.AbstractRemoteTestNG.run(AbstractRemoteTestNG.java:115)
	at org.testng.remote.RemoteTestNG.initAndRun(RemoteTestNG.java:293)
	at org.testng.remote.RemoteTestNG.main(RemoteTestNG.java:91)
</pre></div></td>
<td>0</td>
<td>Core.AlertsandNotifications.AlertsNotificationManagement_TestClass@2a3b5b47</td></tr>
<tr>
<td title='Core.AlertsandNotifications.AlertsNotificationManagement_TestClass.Verify_the_functionality_of_cross_button_in_input_fields()'><b>Verify_the_functionality_of_cross_button_in_input_fields</b><br>Test class: Core.AlertsandNotifications.AlertsNotificationManagement_TestClass</td>
<td><div><pre>java.lang.NullPointerException: Cannot invoke &quot;org.openqa.selenium.TakesScreenshot.getScreenshotAs(org.openqa.selenium.OutputType)&quot; because &quot;screenshot&quot; is null
	at com.Utility.ScreenShot.takeScreenShot(ScreenShot.java:29)
	at Core.AlertsandNotifications.AlertsNotificationManagement_TestClass.takeScreenshotOnFailure(AlertsNotificationManagement_TestClass.java:483)
	at java.base/java.util.ArrayList.forEach(ArrayList.java:1511)
... Removed 32 stack frames</pre></div><a href='#' onClick='toggleBox("stack-trace193864812", this, "Click to show all stack frames", "Click to hide stack frames")'>Click to show all stack frames</a>
<div class='stack-trace' id='stack-trace193864812'><pre>java.lang.NullPointerException: Cannot invoke &quot;org.openqa.selenium.TakesScreenshot.getScreenshotAs(org.openqa.selenium.OutputType)&quot; because &quot;screenshot&quot; is null
	at com.Utility.ScreenShot.takeScreenShot(ScreenShot.java:29)
	at Core.AlertsandNotifications.AlertsNotificationManagement_TestClass.takeScreenshotOnFailure(AlertsNotificationManagement_TestClass.java:483)
	at java.base/jdk.internal.reflect.NativeMethodAccessorImpl.invoke0(Native Method)
	at java.base/jdk.internal.reflect.NativeMethodAccessorImpl.invoke(NativeMethodAccessorImpl.java:77)
	at java.base/jdk.internal.reflect.DelegatingMethodAccessorImpl.invoke(DelegatingMethodAccessorImpl.java:43)
	at java.base/java.lang.reflect.Method.invoke(Method.java:568)
	at org.testng.internal.MethodInvocationHelper.invokeMethod(MethodInvocationHelper.java:132)
	at org.testng.internal.MethodInvocationHelper.invokeMethodConsideringTimeout(MethodInvocationHelper.java:61)
	at org.testng.internal.ConfigInvoker.invokeConfigurationMethod(ConfigInvoker.java:366)
	at org.testng.internal.ConfigInvoker.invokeConfigurations(ConfigInvoker.java:320)
	at org.testng.internal.TestInvoker.runConfigMethods(TestInvoker.java:701)
	at org.testng.internal.TestInvoker.runAfterGroupsConfigurations(TestInvoker.java:677)
	at org.testng.internal.TestInvoker.invokeMethod(TestInvoker.java:661)
	at org.testng.internal.TestInvoker.invokeTestMethod(TestInvoker.java:174)
	at org.testng.internal.MethodRunner.runInSequence(MethodRunner.java:46)
	at org.testng.internal.TestInvoker$MethodInvocationAgent.invoke(TestInvoker.java:822)
	at org.testng.internal.TestInvoker.invokeTestMethods(TestInvoker.java:147)
	at org.testng.internal.TestMethodWorker.invokeTestMethods(TestMethodWorker.java:146)
	at org.testng.internal.TestMethodWorker.run(TestMethodWorker.java:128)
	at java.base/java.util.ArrayList.forEach(ArrayList.java:1511)
	at org.testng.TestRunner.privateRun(TestRunner.java:764)
	at org.testng.TestRunner.run(TestRunner.java:585)
	at org.testng.SuiteRunner.runTest(SuiteRunner.java:384)
	at org.testng.SuiteRunner.runSequentially(SuiteRunner.java:378)
	at org.testng.SuiteRunner.privateRun(SuiteRunner.java:337)
	at org.testng.SuiteRunner.run(SuiteRunner.java:286)
	at org.testng.SuiteRunnerWorker.runSuite(SuiteRunnerWorker.java:53)
	at org.testng.SuiteRunnerWorker.run(SuiteRunnerWorker.java:96)
	at org.testng.TestNG.runSuitesSequentially(TestNG.java:1218)
	at org.testng.TestNG.runSuitesLocally(TestNG.java:1140)
	at org.testng.TestNG.runSuites(TestNG.java:1069)
	at org.testng.TestNG.run(TestNG.java:1037)
	at org.testng.remote.AbstractRemoteTestNG.run(AbstractRemoteTestNG.java:115)
	at org.testng.remote.RemoteTestNG.initAndRun(RemoteTestNG.java:293)
	at org.testng.remote.RemoteTestNG.main(RemoteTestNG.java:91)
</pre></div></td>
<td>0</td>
<td>Core.AlertsandNotifications.AlertsNotificationManagement_TestClass@2a3b5b47</td></tr>
<tr>
<td title='Core.AlertsandNotifications.AlertsNotificationManagement_TestClass.Verify_the_functionality_of_search_button()'><b>Verify_the_functionality_of_search_button</b><br>Test class: Core.AlertsandNotifications.AlertsNotificationManagement_TestClass<br>Parameters: {Run=Yes, ScheduleType=One Time, TestScenario=AlertsNotificationManagement}</td>
<td><div><pre>java.lang.NullPointerException: Cannot invoke &quot;org.openqa.selenium.TakesScreenshot.getScreenshotAs(org.openqa.selenium.OutputType)&quot; because &quot;screenshot&quot; is null
	at com.Utility.ScreenShot.takeScreenShot(ScreenShot.java:29)
	at Core.AlertsandNotifications.AlertsNotificationManagement_TestClass.takeScreenshotOnFailure(AlertsNotificationManagement_TestClass.java:483)
	at java.base/java.util.ArrayList.forEach(ArrayList.java:1511)
... Removed 32 stack frames</pre></div><a href='#' onClick='toggleBox("stack-trace217827560", this, "Click to show all stack frames", "Click to hide stack frames")'>Click to show all stack frames</a>
<div class='stack-trace' id='stack-trace217827560'><pre>java.lang.NullPointerException: Cannot invoke &quot;org.openqa.selenium.TakesScreenshot.getScreenshotAs(org.openqa.selenium.OutputType)&quot; because &quot;screenshot&quot; is null
	at com.Utility.ScreenShot.takeScreenShot(ScreenShot.java:29)
	at Core.AlertsandNotifications.AlertsNotificationManagement_TestClass.takeScreenshotOnFailure(AlertsNotificationManagement_TestClass.java:483)
	at java.base/jdk.internal.reflect.NativeMethodAccessorImpl.invoke0(Native Method)
	at java.base/jdk.internal.reflect.NativeMethodAccessorImpl.invoke(NativeMethodAccessorImpl.java:77)
	at java.base/jdk.internal.reflect.DelegatingMethodAccessorImpl.invoke(DelegatingMethodAccessorImpl.java:43)
	at java.base/java.lang.reflect.Method.invoke(Method.java:568)
	at org.testng.internal.MethodInvocationHelper.invokeMethod(MethodInvocationHelper.java:132)
	at org.testng.internal.MethodInvocationHelper.invokeMethodConsideringTimeout(MethodInvocationHelper.java:61)
	at org.testng.internal.ConfigInvoker.invokeConfigurationMethod(ConfigInvoker.java:366)
	at org.testng.internal.ConfigInvoker.invokeConfigurations(ConfigInvoker.java:320)
	at org.testng.internal.TestInvoker.runConfigMethods(TestInvoker.java:701)
	at org.testng.internal.TestInvoker.runAfterGroupsConfigurations(TestInvoker.java:677)
	at org.testng.internal.TestInvoker.invokeMethod(TestInvoker.java:661)
	at org.testng.internal.TestInvoker.invokeTestMethod(TestInvoker.java:174)
	at org.testng.internal.MethodRunner.runInSequence(MethodRunner.java:46)
	at org.testng.internal.TestInvoker$MethodInvocationAgent.invoke(TestInvoker.java:822)
	at org.testng.internal.TestInvoker.invokeTestMethods(TestInvoker.java:147)
	at org.testng.internal.TestMethodWorker.invokeTestMethods(TestMethodWorker.java:146)
	at org.testng.internal.TestMethodWorker.run(TestMethodWorker.java:128)
	at java.base/java.util.ArrayList.forEach(ArrayList.java:1511)
	at org.testng.TestRunner.privateRun(TestRunner.java:764)
	at org.testng.TestRunner.run(TestRunner.java:585)
	at org.testng.SuiteRunner.runTest(SuiteRunner.java:384)
	at org.testng.SuiteRunner.runSequentially(SuiteRunner.java:378)
	at org.testng.SuiteRunner.privateRun(SuiteRunner.java:337)
	at org.testng.SuiteRunner.run(SuiteRunner.java:286)
	at org.testng.SuiteRunnerWorker.runSuite(SuiteRunnerWorker.java:53)
	at org.testng.SuiteRunnerWorker.run(SuiteRunnerWorker.java:96)
	at org.testng.TestNG.runSuitesSequentially(TestNG.java:1218)
	at org.testng.TestNG.runSuitesLocally(TestNG.java:1140)
	at org.testng.TestNG.runSuites(TestNG.java:1069)
	at org.testng.TestNG.run(TestNG.java:1037)
	at org.testng.remote.AbstractRemoteTestNG.run(AbstractRemoteTestNG.java:115)
	at org.testng.remote.RemoteTestNG.initAndRun(RemoteTestNG.java:293)
	at org.testng.remote.RemoteTestNG.main(RemoteTestNG.java:91)
</pre></div></td>
<td>0</td>
<td>Core.AlertsandNotifications.AlertsNotificationManagement_TestClass@2a3b5b47</td></tr>
<tr>
<td title='Core.AlertsandNotifications.AlertsNotificationManagement_TestClass.Verify_the_pagination()'><b>Verify_the_pagination</b><br>Test class: Core.AlertsandNotifications.AlertsNotificationManagement_TestClass</td>
<td><div><pre>java.lang.NullPointerException: Cannot invoke &quot;org.openqa.selenium.TakesScreenshot.getScreenshotAs(org.openqa.selenium.OutputType)&quot; because &quot;screenshot&quot; is null
	at com.Utility.ScreenShot.takeScreenShot(ScreenShot.java:29)
	at Core.AlertsandNotifications.AlertsNotificationManagement_TestClass.takeScreenshotOnFailure(AlertsNotificationManagement_TestClass.java:483)
	at java.base/java.util.ArrayList.forEach(ArrayList.java:1511)
... Removed 32 stack frames</pre></div><a href='#' onClick='toggleBox("stack-trace1188671176", this, "Click to show all stack frames", "Click to hide stack frames")'>Click to show all stack frames</a>
<div class='stack-trace' id='stack-trace1188671176'><pre>java.lang.NullPointerException: Cannot invoke &quot;org.openqa.selenium.TakesScreenshot.getScreenshotAs(org.openqa.selenium.OutputType)&quot; because &quot;screenshot&quot; is null
	at com.Utility.ScreenShot.takeScreenShot(ScreenShot.java:29)
	at Core.AlertsandNotifications.AlertsNotificationManagement_TestClass.takeScreenshotOnFailure(AlertsNotificationManagement_TestClass.java:483)
	at java.base/jdk.internal.reflect.NativeMethodAccessorImpl.invoke0(Native Method)
	at java.base/jdk.internal.reflect.NativeMethodAccessorImpl.invoke(NativeMethodAccessorImpl.java:77)
	at java.base/jdk.internal.reflect.DelegatingMethodAccessorImpl.invoke(DelegatingMethodAccessorImpl.java:43)
	at java.base/java.lang.reflect.Method.invoke(Method.java:568)
	at org.testng.internal.MethodInvocationHelper.invokeMethod(MethodInvocationHelper.java:132)
	at org.testng.internal.MethodInvocationHelper.invokeMethodConsideringTimeout(MethodInvocationHelper.java:61)
	at org.testng.internal.ConfigInvoker.invokeConfigurationMethod(ConfigInvoker.java:366)
	at org.testng.internal.ConfigInvoker.invokeConfigurations(ConfigInvoker.java:320)
	at org.testng.internal.TestInvoker.runConfigMethods(TestInvoker.java:701)
	at org.testng.internal.TestInvoker.runAfterGroupsConfigurations(TestInvoker.java:677)
	at org.testng.internal.TestInvoker.invokeMethod(TestInvoker.java:661)
	at org.testng.internal.TestInvoker.invokeTestMethod(TestInvoker.java:174)
	at org.testng.internal.MethodRunner.runInSequence(MethodRunner.java:46)
	at org.testng.internal.TestInvoker$MethodInvocationAgent.invoke(TestInvoker.java:822)
	at org.testng.internal.TestInvoker.invokeTestMethods(TestInvoker.java:147)
	at org.testng.internal.TestMethodWorker.invokeTestMethods(TestMethodWorker.java:146)
	at org.testng.internal.TestMethodWorker.run(TestMethodWorker.java:128)
	at java.base/java.util.ArrayList.forEach(ArrayList.java:1511)
	at org.testng.TestRunner.privateRun(TestRunner.java:764)
	at org.testng.TestRunner.run(TestRunner.java:585)
	at org.testng.SuiteRunner.runTest(SuiteRunner.java:384)
	at org.testng.SuiteRunner.runSequentially(SuiteRunner.java:378)
	at org.testng.SuiteRunner.privateRun(SuiteRunner.java:337)
	at org.testng.SuiteRunner.run(SuiteRunner.java:286)
	at org.testng.SuiteRunnerWorker.runSuite(SuiteRunnerWorker.java:53)
	at org.testng.SuiteRunnerWorker.run(SuiteRunnerWorker.java:96)
	at org.testng.TestNG.runSuitesSequentially(TestNG.java:1218)
	at org.testng.TestNG.runSuitesLocally(TestNG.java:1140)
	at org.testng.TestNG.runSuites(TestNG.java:1069)
	at org.testng.TestNG.run(TestNG.java:1037)
	at org.testng.remote.AbstractRemoteTestNG.run(AbstractRemoteTestNG.java:115)
	at org.testng.remote.RemoteTestNG.initAndRun(RemoteTestNG.java:293)
	at org.testng.remote.RemoteTestNG.main(RemoteTestNG.java:91)
</pre></div></td>
<td>0</td>
<td>Core.AlertsandNotifications.AlertsNotificationManagement_TestClass@2a3b5b47</td></tr>
<tr>
<td title='Core.AlertsandNotifications.AlertsTemplateManagement_TestClass.View_Template_Details()'><b>View_Template_Details</b><br>Test class: Core.AlertsandNotifications.AlertsTemplateManagement_TestClass</td>
<td><div><pre>java.lang.NullPointerException: Cannot invoke &quot;org.openqa.selenium.TakesScreenshot.getScreenshotAs(org.openqa.selenium.OutputType)&quot; because &quot;screenshot&quot; is null
	at com.Utility.ScreenShot.takeScreenShot(ScreenShot.java:29)
	at Core.AlertsandNotifications.AlertsTemplateManagement_TestClass.takeScreenshotOnFailure(AlertsTemplateManagement_TestClass.java:394)
	at java.base/java.util.ArrayList.forEach(ArrayList.java:1511)
... Removed 32 stack frames</pre></div><a href='#' onClick='toggleBox("stack-trace1366811528", this, "Click to show all stack frames", "Click to hide stack frames")'>Click to show all stack frames</a>
<div class='stack-trace' id='stack-trace1366811528'><pre>java.lang.NullPointerException: Cannot invoke &quot;org.openqa.selenium.TakesScreenshot.getScreenshotAs(org.openqa.selenium.OutputType)&quot; because &quot;screenshot&quot; is null
	at com.Utility.ScreenShot.takeScreenShot(ScreenShot.java:29)
	at Core.AlertsandNotifications.AlertsTemplateManagement_TestClass.takeScreenshotOnFailure(AlertsTemplateManagement_TestClass.java:394)
	at java.base/jdk.internal.reflect.NativeMethodAccessorImpl.invoke0(Native Method)
	at java.base/jdk.internal.reflect.NativeMethodAccessorImpl.invoke(NativeMethodAccessorImpl.java:77)
	at java.base/jdk.internal.reflect.DelegatingMethodAccessorImpl.invoke(DelegatingMethodAccessorImpl.java:43)
	at java.base/java.lang.reflect.Method.invoke(Method.java:568)
	at org.testng.internal.MethodInvocationHelper.invokeMethod(MethodInvocationHelper.java:132)
	at org.testng.internal.MethodInvocationHelper.invokeMethodConsideringTimeout(MethodInvocationHelper.java:61)
	at org.testng.internal.ConfigInvoker.invokeConfigurationMethod(ConfigInvoker.java:366)
	at org.testng.internal.ConfigInvoker.invokeConfigurations(ConfigInvoker.java:320)
	at org.testng.internal.TestInvoker.runConfigMethods(TestInvoker.java:701)
	at org.testng.internal.TestInvoker.runAfterGroupsConfigurations(TestInvoker.java:677)
	at org.testng.internal.TestInvoker.invokeMethod(TestInvoker.java:661)
	at org.testng.internal.TestInvoker.invokeTestMethod(TestInvoker.java:174)
	at org.testng.internal.MethodRunner.runInSequence(MethodRunner.java:46)
	at org.testng.internal.TestInvoker$MethodInvocationAgent.invoke(TestInvoker.java:822)
	at org.testng.internal.TestInvoker.invokeTestMethods(TestInvoker.java:147)
	at org.testng.internal.TestMethodWorker.invokeTestMethods(TestMethodWorker.java:146)
	at org.testng.internal.TestMethodWorker.run(TestMethodWorker.java:128)
	at java.base/java.util.ArrayList.forEach(ArrayList.java:1511)
	at org.testng.TestRunner.privateRun(TestRunner.java:764)
	at org.testng.TestRunner.run(TestRunner.java:585)
	at org.testng.SuiteRunner.runTest(SuiteRunner.java:384)
	at org.testng.SuiteRunner.runSequentially(SuiteRunner.java:378)
	at org.testng.SuiteRunner.privateRun(SuiteRunner.java:337)
	at org.testng.SuiteRunner.run(SuiteRunner.java:286)
	at org.testng.SuiteRunnerWorker.runSuite(SuiteRunnerWorker.java:53)
	at org.testng.SuiteRunnerWorker.run(SuiteRunnerWorker.java:96)
	at org.testng.TestNG.runSuitesSequentially(TestNG.java:1218)
	at org.testng.TestNG.runSuitesLocally(TestNG.java:1140)
	at org.testng.TestNG.runSuites(TestNG.java:1069)
	at org.testng.TestNG.run(TestNG.java:1037)
	at org.testng.remote.AbstractRemoteTestNG.run(AbstractRemoteTestNG.java:115)
	at org.testng.remote.RemoteTestNG.initAndRun(RemoteTestNG.java:293)
	at org.testng.remote.RemoteTestNG.main(RemoteTestNG.java:91)
</pre></div></td>
<td>0</td>
<td>Core.AlertsandNotifications.AlertsTemplateManagement_TestClass@351d00c0</td></tr>
<tr>
<td title='Core.AlertsandNotifications.AlertsTemplateManagement_TestClass.View_Template_History()'><b>View_Template_History</b><br>Test class: Core.AlertsandNotifications.AlertsTemplateManagement_TestClass</td>
<td><div><pre>java.lang.NullPointerException: Cannot invoke &quot;org.openqa.selenium.TakesScreenshot.getScreenshotAs(org.openqa.selenium.OutputType)&quot; because &quot;screenshot&quot; is null
	at com.Utility.ScreenShot.takeScreenShot(ScreenShot.java:29)
	at Core.AlertsandNotifications.AlertsTemplateManagement_TestClass.takeScreenshotOnFailure(AlertsTemplateManagement_TestClass.java:394)
	at java.base/java.util.ArrayList.forEach(ArrayList.java:1511)
... Removed 32 stack frames</pre></div><a href='#' onClick='toggleBox("stack-trace131301148", this, "Click to show all stack frames", "Click to hide stack frames")'>Click to show all stack frames</a>
<div class='stack-trace' id='stack-trace131301148'><pre>java.lang.NullPointerException: Cannot invoke &quot;org.openqa.selenium.TakesScreenshot.getScreenshotAs(org.openqa.selenium.OutputType)&quot; because &quot;screenshot&quot; is null
	at com.Utility.ScreenShot.takeScreenShot(ScreenShot.java:29)
	at Core.AlertsandNotifications.AlertsTemplateManagement_TestClass.takeScreenshotOnFailure(AlertsTemplateManagement_TestClass.java:394)
	at java.base/jdk.internal.reflect.NativeMethodAccessorImpl.invoke0(Native Method)
	at java.base/jdk.internal.reflect.NativeMethodAccessorImpl.invoke(NativeMethodAccessorImpl.java:77)
	at java.base/jdk.internal.reflect.DelegatingMethodAccessorImpl.invoke(DelegatingMethodAccessorImpl.java:43)
	at java.base/java.lang.reflect.Method.invoke(Method.java:568)
	at org.testng.internal.MethodInvocationHelper.invokeMethod(MethodInvocationHelper.java:132)
	at org.testng.internal.MethodInvocationHelper.invokeMethodConsideringTimeout(MethodInvocationHelper.java:61)
	at org.testng.internal.ConfigInvoker.invokeConfigurationMethod(ConfigInvoker.java:366)
	at org.testng.internal.ConfigInvoker.invokeConfigurations(ConfigInvoker.java:320)
	at org.testng.internal.TestInvoker.runConfigMethods(TestInvoker.java:701)
	at org.testng.internal.TestInvoker.runAfterGroupsConfigurations(TestInvoker.java:677)
	at org.testng.internal.TestInvoker.invokeMethod(TestInvoker.java:661)
	at org.testng.internal.TestInvoker.invokeTestMethod(TestInvoker.java:174)
	at org.testng.internal.MethodRunner.runInSequence(MethodRunner.java:46)
	at org.testng.internal.TestInvoker$MethodInvocationAgent.invoke(TestInvoker.java:822)
	at org.testng.internal.TestInvoker.invokeTestMethods(TestInvoker.java:147)
	at org.testng.internal.TestMethodWorker.invokeTestMethods(TestMethodWorker.java:146)
	at org.testng.internal.TestMethodWorker.run(TestMethodWorker.java:128)
	at java.base/java.util.ArrayList.forEach(ArrayList.java:1511)
	at org.testng.TestRunner.privateRun(TestRunner.java:764)
	at org.testng.TestRunner.run(TestRunner.java:585)
	at org.testng.SuiteRunner.runTest(SuiteRunner.java:384)
	at org.testng.SuiteRunner.runSequentially(SuiteRunner.java:378)
	at org.testng.SuiteRunner.privateRun(SuiteRunner.java:337)
	at org.testng.SuiteRunner.run(SuiteRunner.java:286)
	at org.testng.SuiteRunnerWorker.runSuite(SuiteRunnerWorker.java:53)
	at org.testng.SuiteRunnerWorker.run(SuiteRunnerWorker.java:96)
	at org.testng.TestNG.runSuitesSequentially(TestNG.java:1218)
	at org.testng.TestNG.runSuitesLocally(TestNG.java:1140)
	at org.testng.TestNG.runSuites(TestNG.java:1069)
	at org.testng.TestNG.run(TestNG.java:1037)
	at org.testng.remote.AbstractRemoteTestNG.run(AbstractRemoteTestNG.java:115)
	at org.testng.remote.RemoteTestNG.initAndRun(RemoteTestNG.java:293)
	at org.testng.remote.RemoteTestNG.main(RemoteTestNG.java:91)
</pre></div></td>
<td>0</td>
<td>Core.AlertsandNotifications.AlertsTemplateManagement_TestClass@351d00c0</td></tr>
</table><p>
</body>
</html>