<?xml version="1.0" encoding="UTF-8"?>
<!-- Generated by org.testng.reporters.JUnitXMLReporter -->
<testsuite ignored="0" hostname="TVMSPRMSPERFDB" failures="1" tests="1" name="Collection agency - Security management" time="844.165" errors="0" timestamp="2025-05-13T01:09:09 IST">
  <testcase classname="com.CollectionAgency.SecurityManagement.RoleManagement_Test" name="RUNALL" time="844.113">
    <failure type="org.openqa.selenium.ElementClickInterceptedException" message="element click intercepted: Element &amp;lt;button class=&amp;quot;btn dropdown-toggle&amp;quot; type=&amp;quot;button&amp;quot; data-bs-toggle=&amp;quot;dropdown&amp;quot; b-6ygjmjrcet=&amp;quot;&amp;quot;&amp;gt;...&amp;lt;/button&amp;gt; is not clickable at point (1228, 27). Other element would receive the click: &amp;lt;div class=&amp;quot;rz-dialog-mask&amp;quot; style=&amp;quot;z-index: 1000;&amp;quot;&amp;gt;&amp;lt;/div&amp;gt;
  (Session info: chrome=136.0.7103.93)
Build info: version: &amp;apos;4.13.0&amp;apos;, revision: &amp;apos;ba948ece5b*&amp;apos;
System info: os.name: &amp;apos;Windows Server 2016&amp;apos;, os.arch: &amp;apos;amd64&amp;apos;, os.version: &amp;apos;10.0&amp;apos;, java.version: &amp;apos;17.0.14&amp;apos;
Driver info: org.openqa.selenium.chrome.ChromeDriver
Command: [162b2101f70c5d3a57b7f92a3a0ed61f, clickElement {id=f.BBB2D54E6991E6A00695BAEAFF6C3D6C.d.99609BABB2CEAB038EE06271572C9ED9.e.425}]
Capabilities {acceptInsecureCerts: false, browserName: chrome, browserVersion: 136.0.7103.93, chrome: {chromedriverVersion: 136.0.7103.92 (cb81a4cc5087..., userDataDir: C:\Windows\SystemTemp\scope...}, fedcm:accounts: true, goog:chromeOptions: {debuggerAddress: localhost:61499}, networkConnectionEnabled: false, pageLoadStrategy: normal, platformName: windows, proxy: Proxy(), se:cdp: ws://localhost:61499/devtoo..., se:cdpVersion: 136.0.7103.93, setWindowRect: true, strictFileInteractability: false, timeouts: {implicit: 0, pageLoad: 300000, script: 30000}, unhandledPromptBehavior: dismiss and notify, webauthn:extension:credBlob: true, webauthn:extension:largeBlob: true, webauthn:extension:minPinLength: true, webauthn:extension:prf: true, webauthn:virtualAuthenticators: true}
Element: [[ChromeDriver: chrome on windows (162b2101f70c5d3a57b7f92a3a0ed61f)] -&amp;gt; xpath: //button[@class=&amp;apos;btn dropdown-toggle&amp;apos;]]
Session ID: 162b2101f70c5d3a57b7f92a3a0ed61f">
      <![CDATA[org.openqa.selenium.ElementClickInterceptedException: element click intercepted: Element <button class="btn dropdown-toggle" type="button" data-bs-toggle="dropdown" b-6ygjmjrcet="">...</button> is not clickable at point (1228, 27). Other element would receive the click: <div class="rz-dialog-mask" style="z-index: 1000;"></div>
  (Session info: chrome=136.0.7103.93)
Build info: version: '4.13.0', revision: 'ba948ece5b*'
System info: os.name: 'Windows Server 2016', os.arch: 'amd64', os.version: '10.0', java.version: '17.0.14'
Driver info: org.openqa.selenium.chrome.ChromeDriver
Command: [162b2101f70c5d3a57b7f92a3a0ed61f, clickElement {id=f.BBB2D54E6991E6A00695BAEAFF6C3D6C.d.99609BABB2CEAB038EE06271572C9ED9.e.425}]
Capabilities {acceptInsecureCerts: false, browserName: chrome, browserVersion: 136.0.7103.93, chrome: {chromedriverVersion: 136.0.7103.92 (cb81a4cc5087..., userDataDir: C:\Windows\SystemTemp\scope...}, fedcm:accounts: true, goog:chromeOptions: {debuggerAddress: localhost:61499}, networkConnectionEnabled: false, pageLoadStrategy: normal, platformName: windows, proxy: Proxy(), se:cdp: ws://localhost:61499/devtoo..., se:cdpVersion: 136.0.7103.93, setWindowRect: true, strictFileInteractability: false, timeouts: {implicit: 0, pageLoad: 300000, script: 30000}, unhandledPromptBehavior: dismiss and notify, webauthn:extension:credBlob: true, webauthn:extension:largeBlob: true, webauthn:extension:minPinLength: true, webauthn:extension:prf: true, webauthn:virtualAuthenticators: true}
Element: [[ChromeDriver: chrome on windows (162b2101f70c5d3a57b7f92a3a0ed61f)] -> xpath: //button[@class='btn dropdown-toggle']]
Session ID: 162b2101f70c5d3a57b7f92a3a0ed61f
at org.openqa.selenium.remote.codec.w3c.W3CHttpResponseCodec.createException(W3CHttpResponseCodec.java:200)
at org.openqa.selenium.remote.codec.w3c.W3CHttpResponseCodec.decode(W3CHttpResponseCodec.java:133)
at org.openqa.selenium.remote.codec.w3c.W3CHttpResponseCodec.decode(W3CHttpResponseCodec.java:52)
at org.openqa.selenium.remote.HttpCommandExecutor.execute(HttpCommandExecutor.java:191)
at org.openqa.selenium.remote.service.DriverCommandExecutor.invokeExecute(DriverCommandExecutor.java:196)
at org.openqa.selenium.remote.service.DriverCommandExecutor.execute(DriverCommandExecutor.java:171)
at org.openqa.selenium.remote.RemoteWebDriver.execute(RemoteWebDriver.java:602)
at org.openqa.selenium.remote.RemoteWebElement.execute(RemoteWebElement.java:224)
at org.openqa.selenium.remote.RemoteWebElement.click(RemoteWebElement.java:77)
at com.BasePackage.Base_Class.click(Base_Class.java:134)
at com.CollectionAgency.SecurityManagement.RoleManagement_Test.RUNALL(RoleManagement_Test.java:251)
at java.base/java.util.ArrayList.forEach(ArrayList.java:1511)
... Removed 32 stack frames]]>
    </failure>
  </testcase> <!-- RUNALL -->
</testsuite> <!-- Collection agency - Security management -->
