<?xml version="1.0" encoding="UTF-8"?>
<!-- Generated by org.testng.reporters.JUnitXMLReporter -->
<testsuite ignored="0" hostname="TVMSPRMSPERFDB" failures="4" tests="57" name="Core - alerts and notifications" time="1561.851" errors="0" timestamp="2025-05-13T00:17:27 IST">
  <testcase classname="Core.AlertsandNotifications.AlertsPlaceholderManagement_TestClass" name="Insert_New_Entry_All_Valid_Fields" time="3.475"/>
  <testcase classname="Core.AlertsandNotifications.AlertsPlaceholderManagement_TestClass" name="Successful_Login" time="80.702"/>
  <testcase classname="Core.AlertsandNotifications.AlertsPlaceholderManagement_TestClass" name="Access_Alerts_and_Notifications" time="8.155"/>
  <testcase classname="Core.AlertsandNotifications.AlertsPlaceholderManagement_TestClass" name="Access_Placeholder_Management" time="3.819"/>
  <testcase classname="Core.AlertsandNotifications.AlertsPlaceholderManagement_TestClass" name="Pagination_Controls_Display" time="8.077"/>
  <testcase classname="Core.AlertsandNotifications.AlertsPlaceholderManagement_TestClass" name="Paginate_to_Next_Page" time="3.718"/>
  <testcase classname="Core.AlertsandNotifications.AlertsPlaceholderManagement_TestClass" name="Paginate_to_Previous_Page" time="3.706"/>
  <testcase classname="Core.AlertsandNotifications.AlertsPlaceholderManagement_TestClass" name="Search_Placeholder" time="3.939"/>
  <testcase classname="Core.AlertsandNotifications.AlertsTemplateManagement_TestClass" name="Test_Login_with_Valid_Credentials" time="64.942"/>
  <testcase classname="Core.AlertsandNotifications.AlertsTemplateManagement_TestClass" name="Display_Alerts_and_Notifications_Menu_Option" time="8.053"/>
  <testcase classname="Core.AlertsandNotifications.AlertsTemplateManagement_TestClass" name="Access_Alerts_and_Notifications_Page" time="3.146"/>
  <testcase classname="Core.AlertsandNotifications.AlertsTemplateManagement_TestClass" name="Navigate_to_Template_Management" time="5.451"/>
  <testcase classname="Core.AlertsandNotifications.AlertsTemplateManagement_TestClass" name="Interact_with_Template_Management_Fields" time="4.36"/>
  <testcase classname="Core.AlertsandNotifications.AlertsTemplateManagement_TestClass" name="Clear_Input_Field_Test" time="3.178"/>
  <testcase classname="Core.AlertsandNotifications.AlertsTemplateManagement_TestClass" name="Display_Template_Details_Table" time="3.215"/>
  <testcase classname="Core.AlertsandNotifications.AlertsTemplateManagement_TestClass" name="Test_Template_Pagination" time="4.149"/>
  <testcase classname="Core.AlertsandNotifications.AlertsTemplateManagement_TestClass" name="SMS_Template_Body_Character_Limit" time="7.228"/>
  <testcase classname="Core.AlertsandNotifications.AlertsTemplateManagement_TestClass" name="Additional_Fields_for_Email_or_Notice" time="4.196"/>
  <testcase classname="Core.AlertsandNotifications.AlertsTemplateManagement_TestClass" name="Add_New_Template" time="6.104"/>
  <testcase classname="Core.AlertsandNotifications.AlertsTemplateManagement_TestClass" name="Save_New_Template" time="5.177"/>
  <testcase classname="Core.AlertsandNotifications.AlertsTemplateManagement_TestClass" name="View_Template_Details" time="3.99"/>
  <testcase classname="Core.AlertsandNotifications.AlertsTemplateManagement_TestClass" name="Edit_Existing_Template" time="21.54"/>
  <testcase classname="Core.AlertsandNotifications.AlertsTemplateManagement_TestClass" name="View_Template_History" time="4.016"/>
  <testcase classname="Core.AlertsandNotifications.AlertsNotificationManagement_TestClass" name="Test_Login_with_Valid_Credentials" time="62.417"/>
  <testcase classname="Core.AlertsandNotifications.AlertsNotificationManagement_TestClass" name="Display_Alerts_and_Notifications_Menu_Option" time="8.053"/>
  <testcase classname="Core.AlertsandNotifications.AlertsNotificationManagement_TestClass" name="Access_Alerts_and_Notifications_Page" time="3.179"/>
  <testcase classname="Core.AlertsandNotifications.AlertsNotificationManagement_TestClass" name="Verify_Notification_Management_Menu_Display" time="4.871"/>
  <testcase classname="Core.AlertsandNotifications.AlertsNotificationManagement_TestClass" name="Verify_Notification_Management_Type_Fields" time="3.207"/>
  <testcase classname="Core.AlertsandNotifications.AlertsNotificationManagement_TestClass" name="Verify_Category_Fields" time="3.214"/>
  <testcase classname="Core.AlertsandNotifications.AlertsNotificationManagement_TestClass" name="Verify_Schedule_Type_Fields" time="3.282"/>
  <testcase classname="Core.AlertsandNotifications.AlertsNotificationManagement_TestClass" name="Verify_Status_Fields" time="3.214"/>
  <testcase classname="Core.AlertsandNotifications.AlertsNotificationManagement_TestClass" name="Verify_Schedule_Type_Column_Display" time="3.041"/>
  <testcase classname="Core.AlertsandNotifications.AlertsNotificationManagement_TestClass" name="Verify_Template_Name_Column_Display" time="3.046"/>
  <testcase classname="Core.AlertsandNotifications.AlertsNotificationManagement_TestClass" name="Verify_Schedule_Start_Column_Display" time="3.138"/>
  <testcase classname="Core.AlertsandNotifications.AlertsNotificationManagement_TestClass" name="Verify_Schedule_End_Column_Display" time="3.166"/>
  <testcase classname="Core.AlertsandNotifications.AlertsNotificationManagement_TestClass" name="Verify_Time_Column_Display" time="3.056"/>
  <testcase classname="Core.AlertsandNotifications.AlertsNotificationManagement_TestClass" name="Verify_Recurrence_Column_Display" time="3.056"/>
  <testcase classname="Core.AlertsandNotifications.AlertsNotificationManagement_TestClass" name="Verify_Day_of_Week_Column_Display" time="3.043"/>
  <testcase classname="Core.AlertsandNotifications.AlertsNotificationManagement_TestClass" name="Verify_Day_of_Month_Column_Display" time="3.04"/>
  <testcase classname="Core.AlertsandNotifications.AlertsNotificationManagement_TestClass" name="Verify_Status_Column_Display" time="3.048"/>
  <testcase classname="Core.AlertsandNotifications.AlertsNotificationManagement_TestClass" name="Verify_the_pagination" time="3.085"/>
  <testcase classname="Core.AlertsandNotifications.AlertsNotificationManagement_TestClass" name="Verify_the_functionality_of_search_button" time="3.936"/>
  <testcase classname="Core.AlertsandNotifications.AlertsNotificationManagement_TestClass" name="Verify_the_functionality_of_cross_button_in_input_fields" time="3.178"/>
  <testcase classname="Core.AlertsandNotifications.AlertsNotificationManagement_TestClass" name="Verify_Configure_Button_Click" time="3.254"/>
  <testcase classname="Core.AlertsandNotifications.AlertsNotificationManagement_TestClass" name="Verify_UI_Elements_Presence" time="8.145"/>
  <testcase classname="Core.AlertsandNotifications.AlertsNotificationManagement_TestClass" name="Verify_Edit_Button_Functionality" time="15.204"/>
  <testcase classname="Core.AlertsandNotifications.AlertsMaskAccountAndMaskingAuthorization_TestClass" name="Login_and_Navigate_to_Mask_Account_Window" time="73.611"/>
  <testcase classname="Core.AlertsandNotifications.AlertsMaskAccountAndMaskingAuthorization_TestClass" name="Mask_Account_with_Valid_Details" time="12.814"/>
  <testcase classname="Core.AlertsandNotifications.AlertsMaskAccountAndMaskingAuthorization_TestClass" name="Approve_Masking_Request" time="276.514">
    <failure type="java.lang.RuntimeException" message="Approval success message not displayed within the expected time. Please try again.">
      <![CDATA[java.lang.RuntimeException: Approval success message not displayed within the expected time. Please try again.
at Core.AlertsandNotifications.AlertsMaskAccountAndMaskingAuthorization_MainClass.getapprovalSuccessMessage(AlertsMaskAccountAndMaskingAuthorization_MainClass.java:353)
at Core.AlertsandNotifications.AlertsMaskAccountAndMaskingAuthorization_TestClass.Approve_Masking_Request(AlertsMaskAccountAndMaskingAuthorization_TestClass.java:161)
at java.base/java.util.ArrayList.forEach(ArrayList.java:1511)
Caused by: org.openqa.selenium.TimeoutException: Expected condition failed: waiting for visibility of element located by By.xpath: //p[text()='Request approved successfully.'] (tried for 180 second(s) with 500 milliseconds interval)
Build info: version: '4.13.0', revision: 'ba948ece5b*'
System info: os.name: 'Windows Server 2016', os.arch: 'amd64', os.version: '10.0', java.version: '17.0.14'
Driver info: org.openqa.selenium.chrome.ChromeDriver
Capabilities {acceptInsecureCerts: false, browserName: chrome, browserVersion: 136.0.7103.93, chrome: {chromedriverVersion: 136.0.7103.92 (cb81a4cc5087..., userDataDir: C:\Windows\SystemTemp\scope...}, fedcm:accounts: true, goog:chromeOptions: {debuggerAddress: localhost:60962}, networkConnectionEnabled: false, pageLoadStrategy: normal, platformName: windows, proxy: Proxy(), se:cdp: ws://localhost:60962/devtoo..., se:cdpVersion: 136.0.7103.93, setWindowRect: true, strictFileInteractability: false, timeouts: {implicit: 0, pageLoad: 300000, script: 30000}, unhandledPromptBehavior: dismiss and notify, webauthn:extension:credBlob: true, webauthn:extension:largeBlob: true, webauthn:extension:minPinLength: true, webauthn:extension:prf: true, webauthn:virtualAuthenticators: true}
Session ID: d8e4d6e988565ef5f4648cc08c8e09dc
at org.openqa.selenium.support.ui.WebDriverWait.timeoutException(WebDriverWait.java:84)
at org.openqa.selenium.support.ui.FluentWait.until(FluentWait.java:230)
at Core.AlertsandNotifications.AlertsMaskAccountAndMaskingAuthorization_MainClass.getapprovalSuccessMessage(AlertsMaskAccountAndMaskingAuthorization_MainClass.java:345)
... 29 more
... Removed 27 stack frames]]>
    </failure>
  </testcase> <!-- Approve_Masking_Request -->
  <testcase classname="Core.AlertsandNotifications.AlertsMaskAccountAndMaskingAuthorization_TestClass" name="Validate_Masked_Account_in_Notification_Management" time="85.315"/>
  <testcase classname="Core.AlertsandNotifications.AlertsMaskAccountAndMaskingAuthorization_TestClass" name="Unmask_Account" time="7.385"/>
  <testcase classname="Core.AlertsandNotifications.AlertsMaskAccountAndMaskingAuthorization_TestClass" name="Approve_Unmask_Request" time="251.952">
    <failure type="java.lang.RuntimeException" message="Approval success message not displayed within the expected time. Please try again.">
      <![CDATA[java.lang.RuntimeException: Approval success message not displayed within the expected time. Please try again.
at Core.AlertsandNotifications.AlertsMaskAccountAndMaskingAuthorization_MainClass.getapprovalSuccessMessage(AlertsMaskAccountAndMaskingAuthorization_MainClass.java:353)
at Core.AlertsandNotifications.AlertsMaskAccountAndMaskingAuthorization_TestClass.Approve_Unmask_Request(AlertsMaskAccountAndMaskingAuthorization_TestClass.java:266)
at java.base/java.util.ArrayList.forEach(ArrayList.java:1511)
Caused by: org.openqa.selenium.TimeoutException: Expected condition failed: waiting for visibility of element located by By.xpath: //p[text()='Request approved successfully.'] (tried for 180 second(s) with 500 milliseconds interval)
Build info: version: '4.13.0', revision: 'ba948ece5b*'
System info: os.name: 'Windows Server 2016', os.arch: 'amd64', os.version: '10.0', java.version: '17.0.14'
Driver info: org.openqa.selenium.chrome.ChromeDriver
Capabilities {acceptInsecureCerts: false, browserName: chrome, browserVersion: 136.0.7103.93, chrome: {chromedriverVersion: 136.0.7103.92 (cb81a4cc5087..., userDataDir: C:\Windows\SystemTemp\scope...}, fedcm:accounts: true, goog:chromeOptions: {debuggerAddress: localhost:61040}, networkConnectionEnabled: false, pageLoadStrategy: normal, platformName: windows, proxy: Proxy(), se:cdp: ws://localhost:61040/devtoo..., se:cdpVersion: 136.0.7103.93, setWindowRect: true, strictFileInteractability: false, timeouts: {implicit: 0, pageLoad: 300000, script: 30000}, unhandledPromptBehavior: dismiss and notify, webauthn:extension:credBlob: true, webauthn:extension:largeBlob: true, webauthn:extension:minPinLength: true, webauthn:extension:prf: true, webauthn:virtualAuthenticators: true}
Session ID: 308cdea491c84638bcb8d495a51c94ff
at org.openqa.selenium.support.ui.WebDriverWait.timeoutException(WebDriverWait.java:84)
at org.openqa.selenium.support.ui.FluentWait.until(FluentWait.java:230)
at Core.AlertsandNotifications.AlertsMaskAccountAndMaskingAuthorization_MainClass.getapprovalSuccessMessage(AlertsMaskAccountAndMaskingAuthorization_MainClass.java:345)
... 29 more
... Removed 27 stack frames]]>
    </failure>
  </testcase> <!-- Approve_Unmask_Request -->
  <testcase classname="Core.AlertsandNotifications.AlertsMaskAccountAndMaskingAuthorization_TestClass" name="Account_Number_Field_BVA_Validations" time="24.405"/>
  <testcase classname="Core.AlertsandNotifications.AlertsMaskAccountAndMaskingAuthorization_TestClass" name="Account_Number_Field_ECP_Validations" time="18.528"/>
  <testcase classname="Core.AlertsandNotifications.AlertsMaskAccountAndMaskingAuthorization_TestClass" name="Enter_Invalid_Account_Number" time="185.77">
    <failure type="org.openqa.selenium.TimeoutException" message="Expected condition failed: waiting for visibility of element located by By.xpath: //p[text()=&amp;apos;Invalid account.&amp;apos;] (tried for 180 second(s) with 500 milliseconds interval)
Build info: version: &amp;apos;4.13.0&amp;apos;, revision: &amp;apos;ba948ece5b*&amp;apos;
System info: os.name: &amp;apos;Windows Server 2016&amp;apos;, os.arch: &amp;apos;amd64&amp;apos;, os.version: &amp;apos;10.0&amp;apos;, java.version: &amp;apos;17.0.14&amp;apos;
Driver info: org.openqa.selenium.chrome.ChromeDriver
Capabilities {acceptInsecureCerts: false, browserName: chrome, browserVersion: 136.0.7103.93, chrome: {chromedriverVersion: 136.0.7103.92 (cb81a4cc5087..., userDataDir: C:\Windows\SystemTemp\scope...}, fedcm:accounts: true, goog:chromeOptions: {debuggerAddress: localhost:61040}, networkConnectionEnabled: false, pageLoadStrategy: normal, platformName: windows, proxy: Proxy(), se:cdp: ws://localhost:61040/devtoo..., se:cdpVersion: 136.0.7103.93, setWindowRect: true, strictFileInteractability: false, timeouts: {implicit: 0, pageLoad: 300000, script: 30000}, unhandledPromptBehavior: dismiss and notify, webauthn:extension:credBlob: true, webauthn:extension:largeBlob: true, webauthn:extension:minPinLength: true, webauthn:extension:prf: true, webauthn:virtualAuthenticators: true}
Session ID: 308cdea491c84638bcb8d495a51c94ff">
      <![CDATA[org.openqa.selenium.TimeoutException: Expected condition failed: waiting for visibility of element located by By.xpath: //p[text()='Invalid account.'] (tried for 180 second(s) with 500 milliseconds interval)
Build info: version: '4.13.0', revision: 'ba948ece5b*'
System info: os.name: 'Windows Server 2016', os.arch: 'amd64', os.version: '10.0', java.version: '17.0.14'
Driver info: org.openqa.selenium.chrome.ChromeDriver
Capabilities {acceptInsecureCerts: false, browserName: chrome, browserVersion: 136.0.7103.93, chrome: {chromedriverVersion: 136.0.7103.92 (cb81a4cc5087..., userDataDir: C:\Windows\SystemTemp\scope...}, fedcm:accounts: true, goog:chromeOptions: {debuggerAddress: localhost:61040}, networkConnectionEnabled: false, pageLoadStrategy: normal, platformName: windows, proxy: Proxy(), se:cdp: ws://localhost:61040/devtoo..., se:cdpVersion: 136.0.7103.93, setWindowRect: true, strictFileInteractability: false, timeouts: {implicit: 0, pageLoad: 300000, script: 30000}, unhandledPromptBehavior: dismiss and notify, webauthn:extension:credBlob: true, webauthn:extension:largeBlob: true, webauthn:extension:minPinLength: true, webauthn:extension:prf: true, webauthn:virtualAuthenticators: true}
Session ID: 308cdea491c84638bcb8d495a51c94ff
at org.openqa.selenium.support.ui.WebDriverWait.timeoutException(WebDriverWait.java:84)
at org.openqa.selenium.support.ui.FluentWait.until(FluentWait.java:230)
at Core.AlertsandNotifications.AlertsMaskAccountAndMaskingAuthorization_MainClass.getErrorMessage(AlertsMaskAccountAndMaskingAuthorization_MainClass.java:603)
at Core.AlertsandNotifications.AlertsMaskAccountAndMaskingAuthorization_TestClass.Enter_Invalid_Account_Number(AlertsMaskAccountAndMaskingAuthorization_TestClass.java:336)
at java.base/java.util.ArrayList.forEach(ArrayList.java:1511)
... Removed 27 stack frames]]>
    </failure>
  </testcase> <!-- Enter_Invalid_Account_Number -->
  <testcase classname="Core.AlertsandNotifications.AlertsMaskAccountAndMaskingAuthorization_TestClass" name="Leave_Account_Number_Empty" time="13.472"/>
  <testcase classname="Core.AlertsandNotifications.AlertsMaskAccountAndMaskingAuthorization_TestClass" name="Confirm_Masking_Without_Reason" time="181.986">
    <failure type="org.openqa.selenium.TimeoutException" message="Expected condition failed: waiting for visibility of element located by By.xpath: //label[text()=&amp;apos;Status&amp;apos;]//following-sibling::div (tried for 180 second(s) with 500 milliseconds interval)
Build info: version: &amp;apos;4.13.0&amp;apos;, revision: &amp;apos;ba948ece5b*&amp;apos;
System info: os.name: &amp;apos;Windows Server 2016&amp;apos;, os.arch: &amp;apos;amd64&amp;apos;, os.version: &amp;apos;10.0&amp;apos;, java.version: &amp;apos;17.0.14&amp;apos;
Driver info: org.openqa.selenium.chrome.ChromeDriver
Capabilities {acceptInsecureCerts: false, browserName: chrome, browserVersion: 136.0.7103.93, chrome: {chromedriverVersion: 136.0.7103.92 (cb81a4cc5087..., userDataDir: C:\Windows\SystemTemp\scope...}, fedcm:accounts: true, goog:chromeOptions: {debuggerAddress: localhost:61040}, networkConnectionEnabled: false, pageLoadStrategy: normal, platformName: windows, proxy: Proxy(), se:cdp: ws://localhost:61040/devtoo..., se:cdpVersion: 136.0.7103.93, setWindowRect: true, strictFileInteractability: false, timeouts: {implicit: 0, pageLoad: 300000, script: 30000}, unhandledPromptBehavior: dismiss and notify, webauthn:extension:credBlob: true, webauthn:extension:largeBlob: true, webauthn:extension:minPinLength: true, webauthn:extension:prf: true, webauthn:virtualAuthenticators: true}
Session ID: 308cdea491c84638bcb8d495a51c94ff">
      <![CDATA[org.openqa.selenium.TimeoutException: Expected condition failed: waiting for visibility of element located by By.xpath: //label[text()='Status']//following-sibling::div (tried for 180 second(s) with 500 milliseconds interval)
Build info: version: '4.13.0', revision: 'ba948ece5b*'
System info: os.name: 'Windows Server 2016', os.arch: 'amd64', os.version: '10.0', java.version: '17.0.14'
Driver info: org.openqa.selenium.chrome.ChromeDriver
Capabilities {acceptInsecureCerts: false, browserName: chrome, browserVersion: 136.0.7103.93, chrome: {chromedriverVersion: 136.0.7103.92 (cb81a4cc5087..., userDataDir: C:\Windows\SystemTemp\scope...}, fedcm:accounts: true, goog:chromeOptions: {debuggerAddress: localhost:61040}, networkConnectionEnabled: false, pageLoadStrategy: normal, platformName: windows, proxy: Proxy(), se:cdp: ws://localhost:61040/devtoo..., se:cdpVersion: 136.0.7103.93, setWindowRect: true, strictFileInteractability: false, timeouts: {implicit: 0, pageLoad: 300000, script: 30000}, unhandledPromptBehavior: dismiss and notify, webauthn:extension:credBlob: true, webauthn:extension:largeBlob: true, webauthn:extension:minPinLength: true, webauthn:extension:prf: true, webauthn:virtualAuthenticators: true}
Session ID: 308cdea491c84638bcb8d495a51c94ff
at org.openqa.selenium.support.ui.WebDriverWait.timeoutException(WebDriverWait.java:84)
at org.openqa.selenium.support.ui.FluentWait.until(FluentWait.java:230)
at Core.AlertsandNotifications.AlertsMaskAccountAndMaskingAuthorization_MainClass.selectMaskStatus(AlertsMaskAccountAndMaskingAuthorization_MainClass.java:135)
at Core.AlertsandNotifications.AlertsMaskAccountAndMaskingAuthorization_TestClass.Confirm_Masking_Without_Reason(AlertsMaskAccountAndMaskingAuthorization_TestClass.java:380)
at java.base/java.util.ArrayList.forEach(ArrayList.java:1511)
... Removed 27 stack frames]]>
    </failure>
  </testcase> <!-- Confirm_Masking_Without_Reason -->
</testsuite> <!-- Core - alerts and notifications -->
