<?xml version="1.0" encoding="UTF-8"?>
<!-- Generated by org.testng.reporters.JUnitXMLReporter -->
<testsuite ignored="0" hostname="TVMSPRMSPERFDB" failures="2" tests="16" name="Core - Summary reports" time="608.031" errors="0" timestamp="2025-05-13T00:39:45 IST">
  <testcase classname="Core.SummaryReports.BankAllocationSummary_TestClass" name="Verify_zone_user_able_to_allocate_accounts_to_branch" time="135.397"/>
  <testcase classname="Core.SummaryReports.BankAllocationSummary_TestClass" name="Verify_branch_user_able_to_Login_with_Valid_Credentials" time="64.809"/>
  <testcase classname="Core.SummaryReports.BankAllocationSummary_TestClass" name="Successful_Account_Allocation_to_My_accounts_in_my_desk" time="24.96"/>
  <testcase classname="Core.SummaryReports.BankAllocationSummary_TestClass" name="Validate_Data_Execution_for_Bank_Allocation_Summary_in_database" time="3.481"/>
  <testcase classname="Core.SummaryReports.BankAllocationSummary_TestClass" name="Verify_Accounts_in_Todays_Branch_Allocation_Summary" time="253.896">
    <failure type="org.openqa.selenium.TimeoutException" message="Expected condition failed: waiting for visibility of element located by By.xpath: //tr[@class=&amp;apos;rz-datatable-even  &amp;apos;]//td[position()=1] (tried for 180 second(s) with 500 milliseconds interval)
Build info: version: &amp;apos;4.13.0&amp;apos;, revision: &amp;apos;ba948ece5b*&amp;apos;
System info: os.name: &amp;apos;Windows Server 2016&amp;apos;, os.arch: &amp;apos;amd64&amp;apos;, os.version: &amp;apos;10.0&amp;apos;, java.version: &amp;apos;17.0.14&amp;apos;
Driver info: org.openqa.selenium.chrome.ChromeDriver
Capabilities {acceptInsecureCerts: false, browserName: chrome, browserVersion: 136.0.7103.93, chrome: {chromedriverVersion: 136.0.7103.92 (cb81a4cc5087..., userDataDir: C:\Windows\SystemTemp\scope...}, fedcm:accounts: true, goog:chromeOptions: {debuggerAddress: localhost:61279}, networkConnectionEnabled: false, pageLoadStrategy: normal, platformName: windows, proxy: Proxy(), se:cdp: ws://localhost:61279/devtoo..., se:cdpVersion: 136.0.7103.93, setWindowRect: true, strictFileInteractability: false, timeouts: {implicit: 0, pageLoad: 300000, script: 30000}, unhandledPromptBehavior: dismiss and notify, webauthn:extension:credBlob: true, webauthn:extension:largeBlob: true, webauthn:extension:minPinLength: true, webauthn:extension:prf: true, webauthn:virtualAuthenticators: true}
Session ID: ec4c09453aa03a48804a9ed73937dd82">
      <![CDATA[org.openqa.selenium.TimeoutException: Expected condition failed: waiting for visibility of element located by By.xpath: //tr[@class='rz-datatable-even  ']//td[position()=1] (tried for 180 second(s) with 500 milliseconds interval)
Build info: version: '4.13.0', revision: 'ba948ece5b*'
System info: os.name: 'Windows Server 2016', os.arch: 'amd64', os.version: '10.0', java.version: '17.0.14'
Driver info: org.openqa.selenium.chrome.ChromeDriver
Capabilities {acceptInsecureCerts: false, browserName: chrome, browserVersion: 136.0.7103.93, chrome: {chromedriverVersion: 136.0.7103.92 (cb81a4cc5087..., userDataDir: C:\Windows\SystemTemp\scope...}, fedcm:accounts: true, goog:chromeOptions: {debuggerAddress: localhost:61279}, networkConnectionEnabled: false, pageLoadStrategy: normal, platformName: windows, proxy: Proxy(), se:cdp: ws://localhost:61279/devtoo..., se:cdpVersion: 136.0.7103.93, setWindowRect: true, strictFileInteractability: false, timeouts: {implicit: 0, pageLoad: 300000, script: 30000}, unhandledPromptBehavior: dismiss and notify, webauthn:extension:credBlob: true, webauthn:extension:largeBlob: true, webauthn:extension:minPinLength: true, webauthn:extension:prf: true, webauthn:virtualAuthenticators: true}
Session ID: ec4c09453aa03a48804a9ed73937dd82
at org.openqa.selenium.support.ui.WebDriverWait.timeoutException(WebDriverWait.java:84)
at org.openqa.selenium.support.ui.FluentWait.until(FluentWait.java:230)
at Core.SummaryReports.BankAllocationSummary_MainClass.areTodaysAllocationsDisplayed(BankAllocationSummary_MainClass.java:747)
at Core.SummaryReports.BankAllocationSummary_TestClass.Verify_Accounts_in_Todays_Branch_Allocation_Summary(BankAllocationSummary_TestClass.java:227)
at java.base/java.util.ArrayList.forEach(ArrayList.java:1511)
... Removed 27 stack frames]]>
    </failure>
  </testcase> <!-- Verify_Accounts_in_Todays_Branch_Allocation_Summary -->
  <testcase classname="Core.SummaryReports.BankAllocationSummary_TestClass" name="Verify_Accounts_in_Yesterdays_date" time="4.376"/>
  <testcase classname="Core.SummaryReports.BankAllocationSummary_TestClass" name="Verify_the_tables_DW_BRANCH_ALLOCATIONS_SUMMARY_and_DW_BRANCH_ALLOCATIONS_DASHBOARD_are_updated_after_the_package_execution" time="3.537"/>
  <testcase classname="Core.SummaryReports.BankAllocationSummary_TestClass" name="Verify_Grid_Details_Accuracy" time="1.877">
    <failure type="java.lang.AssertionError" message="Yesterday&amp;apos;s&amp;apos;s allocated accounts are not displayed correctly. expected [true] but found [false]">
      <![CDATA[java.lang.AssertionError: Yesterday's's allocated accounts are not displayed correctly. expected [true] but found [false]
at Core.SummaryReports.BankAllocationSummary_TestClass.Verify_Grid_Details_Accuracy(BankAllocationSummary_TestClass.java:304)
at java.base/java.util.ArrayList.forEach(ArrayList.java:1511)
... Removed 30 stack frames]]>
    </failure>
  </testcase> <!-- Verify_Grid_Details_Accuracy -->
  <testcase classname="Core.SummaryReports.BankAllocationSummary_TestClass" name="Verify_Download_Functionality_as_Excel" time="8.648"/>
  <testcase classname="Core.SummaryReports.BankRegularizationSummary_TestClass" name="Validate_Navigation_to_Bank_Regularization_Summary" time="64.602"/>
  <testcase classname="Core.SummaryReports.BankRegularizationSummary_TestClass" name="Inserting_TRN_AC_MOVEMENT_table_with_AC_MOVEMENT_DATE_Current_date_MOVEMENT_TYPE_4_and_MOVEMENT_TYPE_CATEGORY_REMOVED" time="3.632"/>
  <testcase classname="Core.SummaryReports.BankRegularizationSummary_TestClass" name="Validate_Data_Execution_for_Bank_Regularization_Summary" time="5.149"/>
  <testcase classname="Core.SummaryReports.BankRegularizationSummary_TestClass" name="Validate_Data_in_Bank_Regularization_Summary_page" time="10.249"/>
  <testcase classname="Core.SummaryReports.BankRegularizationSummary_TestClass" name="Validate_Count_and_OS_Amount_Without_Query_Execution" time="3.185"/>
  <testcase classname="Core.SummaryReports.BankRegularizationSummary_TestClass" name="Validate_Data_Consistency_in_Export" time="9.554"/>
  <testcase classname="Core.SummaryReports.BankRegularizationSummary_TestClass" name="Mandatory_Fields_Empty_Validation" time="4.946"/>
</testsuite> <!-- Core - Summary reports -->
