<html>
<head>
<title>TestNG:  Core - Summary reports</title>
<link href="../testng.css" rel="stylesheet" type="text/css" />
<link href="../my-testng.css" rel="stylesheet" type="text/css" />

<style type="text/css">
.log { display: none;} 
.stack-trace { display: none;} 
</style>
<script type="text/javascript">
<!--
function flip(e) {
  current = e.style.display;
  if (current == 'block') {
    e.style.display = 'none';
    return 0;
  }
  else {
    e.style.display = 'block';
    return 1;
  }
}

function toggleBox(szDivId, elem, msg1, msg2)
{
  var res = -1;  if (document.getElementById) {
    res = flip(document.getElementById(szDivId));
  }
  else if (document.all) {
    // this is the way old msie versions work
    res = flip(document.all[szDivId]);
  }
  if(elem) {
    if(res == 0) elem.innerHTML = msg1; else elem.innerHTML = msg2;
  }

}

function toggleAllBoxes() {
  if (document.getElementsByTagName) {
    d = document.getElementsByTagName('div');
    for (i = 0; i < d.length; i++) {
      if (d[i].className == 'log') {
        flip(d[i]);
      }
    }
  }
}

// -->
</script>

</head>
<body>
<h2 align='center'>Core - Summary reports</h2><table border='1' align="center">
<tr>
<td>Tests passed/Failed/Skipped:</td><td>14/2/0</td>
</tr><tr>
<td>Started on:</td><td>Tue May 13 00:29:37 IST 2025</td>
</tr>
<tr><td>Total time:</td><td>608 seconds (608031 ms)</td>
</tr><tr>
<td>Included groups:</td><td></td>
</tr><tr>
<td>Excluded groups:</td><td></td>
</tr>
</table><p/>
<small><i>(Hover the method name to see the test class name)</i></small><p/>
<table width='100%' border='1' class='invocation-failed'>
<tr><td colspan='4' align='center'><b>FAILED TESTS</b></td></tr>
<tr><td><b>Test method</b></td>
<td width="30%"><b>Exception</b></td>
<td width="10%"><b>Time (seconds)</b></td>
<td><b>Instance</b></td>
</tr>
<tr>
<td title='Core.SummaryReports.BankAllocationSummary_TestClass.Verify_Grid_Details_Accuracy()'><b>Verify_Grid_Details_Accuracy</b><br>Test class: Core.SummaryReports.BankAllocationSummary_TestClass<br>Parameters: {AllocateTo=Branch, AssetCategory=SMA Category, Branch=Amaravati, OsBalanceAmount=10000, OsBalanceOperator=<, Region=Mumbai I, Run=Yes, SMACategory=SMA 0 (01-30 Days), TestScenario=CoreBankAllocationSummary}</td>
<td><div><pre>java.lang.AssertionError: Yesterday&apos;s&apos;s allocated accounts are not displayed correctly. expected [true] but found [false]
	at Core.SummaryReports.BankAllocationSummary_TestClass.Verify_Grid_Details_Accuracy(BankAllocationSummary_TestClass.java:304)
	at java.base/java.util.ArrayList.forEach(ArrayList.java:1511)
... Removed 30 stack frames</pre></div><a href='#' onClick='toggleBox("stack-trace1249751388", this, "Click to show all stack frames", "Click to hide stack frames")'>Click to show all stack frames</a>
<div class='stack-trace' id='stack-trace1249751388'><pre>java.lang.AssertionError: Yesterday&apos;s&apos;s allocated accounts are not displayed correctly. expected [true] but found [false]
	at org.testng.Assert.fail(Assert.java:99)
	at org.testng.Assert.failNotEquals(Assert.java:1037)
	at org.testng.Assert.assertTrue(Assert.java:45)
	at Core.SummaryReports.BankAllocationSummary_TestClass.Verify_Grid_Details_Accuracy(BankAllocationSummary_TestClass.java:304)
	at java.base/jdk.internal.reflect.NativeMethodAccessorImpl.invoke0(Native Method)
	at java.base/jdk.internal.reflect.NativeMethodAccessorImpl.invoke(NativeMethodAccessorImpl.java:77)
	at java.base/jdk.internal.reflect.DelegatingMethodAccessorImpl.invoke(DelegatingMethodAccessorImpl.java:43)
	at java.base/java.lang.reflect.Method.invoke(Method.java:568)
	at org.testng.internal.MethodInvocationHelper.invokeMethod(MethodInvocationHelper.java:133)
	at org.testng.internal.TestInvoker.invokeMethod(TestInvoker.java:598)
	at org.testng.internal.TestInvoker.invokeTestMethod(TestInvoker.java:173)
	at org.testng.internal.MethodRunner.runInSequence(MethodRunner.java:46)
	at org.testng.internal.TestInvoker$MethodInvocationAgent.invoke(TestInvoker.java:824)
	at org.testng.internal.TestInvoker.invokeTestMethods(TestInvoker.java:146)
	at org.testng.internal.TestMethodWorker.invokeTestMethods(TestMethodWorker.java:146)
	at org.testng.internal.TestMethodWorker.run(TestMethodWorker.java:128)
	at java.base/java.util.ArrayList.forEach(ArrayList.java:1511)
	at org.testng.TestRunner.privateRun(TestRunner.java:794)
	at org.testng.TestRunner.run(TestRunner.java:596)
	at org.testng.SuiteRunner.runTest(SuiteRunner.java:377)
	at org.testng.SuiteRunner.runSequentially(SuiteRunner.java:371)
	at org.testng.SuiteRunner.privateRun(SuiteRunner.java:332)
	at org.testng.SuiteRunner.run(SuiteRunner.java:276)
	at org.testng.SuiteRunnerWorker.runSuite(SuiteRunnerWorker.java:53)
	at org.testng.SuiteRunnerWorker.run(SuiteRunnerWorker.java:96)
	at org.testng.TestNG.runSuitesSequentially(TestNG.java:1212)
	at org.testng.TestNG.runSuitesLocally(TestNG.java:1134)
	at org.testng.TestNG.runSuites(TestNG.java:1063)
	at org.testng.TestNG.run(TestNG.java:1031)
	at org.testng.remote.AbstractRemoteTestNG.run(AbstractRemoteTestNG.java:115)
	at org.testng.remote.RemoteTestNG.initAndRun(RemoteTestNG.java:293)
	at org.testng.remote.RemoteTestNG.main(RemoteTestNG.java:91)
</pre></div></td>
<td>1</td>
<td>Core.SummaryReports.BankAllocationSummary_TestClass@bd4dc25</td></tr>
<tr>
<td title='Core.SummaryReports.BankAllocationSummary_TestClass.Verify_Accounts_in_Todays_Branch_Allocation_Summary()'><b>Verify_Accounts_in_Todays_Branch_Allocation_Summary</b><br>Test class: Core.SummaryReports.BankAllocationSummary_TestClass<br>Parameters: {AllocateTo=Branch, AssetCategory=SMA Category, Branch=Amaravati, OsBalanceAmount=10000, OsBalanceOperator=<, Region=Mumbai I, Run=Yes, SMACategory=SMA 0 (01-30 Days), TestScenario=CoreBankAllocationSummary}</td>
<td><div><pre>org.openqa.selenium.TimeoutException: Expected condition failed: waiting for visibility of element located by By.xpath: //tr[@class=&apos;rz-datatable-even  &apos;]//td[position()=1] (tried for 180 second(s) with 500 milliseconds interval)
Build info: version: &apos;4.13.0&apos;, revision: &apos;ba948ece5b*&apos;
System info: os.name: &apos;Windows Server 2016&apos;, os.arch: &apos;amd64&apos;, os.version: &apos;10.0&apos;, java.version: &apos;17.0.14&apos;
Driver info: org.openqa.selenium.chrome.ChromeDriver
Capabilities {acceptInsecureCerts: false, browserName: chrome, browserVersion: 136.0.7103.93, chrome: {chromedriverVersion: 136.0.7103.92 (cb81a4cc5087..., userDataDir: C:\Windows\SystemTemp\scope...}, fedcm:accounts: true, goog:chromeOptions: {debuggerAddress: localhost:61279}, networkConnectionEnabled: false, pageLoadStrategy: normal, platformName: windows, proxy: Proxy(), se:cdp: ws://localhost:61279/devtoo..., se:cdpVersion: 136.0.7103.93, setWindowRect: true, strictFileInteractability: false, timeouts: {implicit: 0, pageLoad: 300000, script: 30000}, unhandledPromptBehavior: dismiss and notify, webauthn:extension:credBlob: true, webauthn:extension:largeBlob: true, webauthn:extension:minPinLength: true, webauthn:extension:prf: true, webauthn:virtualAuthenticators: true}
Session ID: ec4c09453aa03a48804a9ed73937dd82
	at org.openqa.selenium.support.ui.WebDriverWait.timeoutException(WebDriverWait.java:84)
	at org.openqa.selenium.support.ui.FluentWait.until(FluentWait.java:230)
	at Core.SummaryReports.BankAllocationSummary_MainClass.areTodaysAllocationsDisplayed(BankAllocationSummary_MainClass.java:747)
	at Core.SummaryReports.BankAllocationSummary_TestClass.Verify_Accounts_in_Todays_Branch_Allocation_Summary(BankAllocationSummary_TestClass.java:227)
	at java.base/java.util.ArrayList.forEach(ArrayList.java:1511)
... Removed 27 stack frames</pre></div><a href='#' onClick='toggleBox("stack-trace309905550", this, "Click to show all stack frames", "Click to hide stack frames")'>Click to show all stack frames</a>
<div class='stack-trace' id='stack-trace309905550'><pre>org.openqa.selenium.TimeoutException: Expected condition failed: waiting for visibility of element located by By.xpath: //tr[@class=&apos;rz-datatable-even  &apos;]//td[position()=1] (tried for 180 second(s) with 500 milliseconds interval)
Build info: version: &apos;4.13.0&apos;, revision: &apos;ba948ece5b*&apos;
System info: os.name: &apos;Windows Server 2016&apos;, os.arch: &apos;amd64&apos;, os.version: &apos;10.0&apos;, java.version: &apos;17.0.14&apos;
Driver info: org.openqa.selenium.chrome.ChromeDriver
Capabilities {acceptInsecureCerts: false, browserName: chrome, browserVersion: 136.0.7103.93, chrome: {chromedriverVersion: 136.0.7103.92 (cb81a4cc5087..., userDataDir: C:\Windows\SystemTemp\scope...}, fedcm:accounts: true, goog:chromeOptions: {debuggerAddress: localhost:61279}, networkConnectionEnabled: false, pageLoadStrategy: normal, platformName: windows, proxy: Proxy(), se:cdp: ws://localhost:61279/devtoo..., se:cdpVersion: 136.0.7103.93, setWindowRect: true, strictFileInteractability: false, timeouts: {implicit: 0, pageLoad: 300000, script: 30000}, unhandledPromptBehavior: dismiss and notify, webauthn:extension:credBlob: true, webauthn:extension:largeBlob: true, webauthn:extension:minPinLength: true, webauthn:extension:prf: true, webauthn:virtualAuthenticators: true}
Session ID: ec4c09453aa03a48804a9ed73937dd82
	at org.openqa.selenium.support.ui.WebDriverWait.timeoutException(WebDriverWait.java:84)
	at org.openqa.selenium.support.ui.FluentWait.until(FluentWait.java:230)
	at Core.SummaryReports.BankAllocationSummary_MainClass.areTodaysAllocationsDisplayed(BankAllocationSummary_MainClass.java:747)
	at Core.SummaryReports.BankAllocationSummary_TestClass.Verify_Accounts_in_Todays_Branch_Allocation_Summary(BankAllocationSummary_TestClass.java:227)
	at java.base/jdk.internal.reflect.NativeMethodAccessorImpl.invoke0(Native Method)
	at java.base/jdk.internal.reflect.NativeMethodAccessorImpl.invoke(NativeMethodAccessorImpl.java:77)
	at java.base/jdk.internal.reflect.DelegatingMethodAccessorImpl.invoke(DelegatingMethodAccessorImpl.java:43)
	at java.base/java.lang.reflect.Method.invoke(Method.java:568)
	at org.testng.internal.MethodInvocationHelper.invokeMethod(MethodInvocationHelper.java:133)
	at org.testng.internal.TestInvoker.invokeMethod(TestInvoker.java:598)
	at org.testng.internal.TestInvoker.invokeTestMethod(TestInvoker.java:173)
	at org.testng.internal.MethodRunner.runInSequence(MethodRunner.java:46)
	at org.testng.internal.TestInvoker$MethodInvocationAgent.invoke(TestInvoker.java:824)
	at org.testng.internal.TestInvoker.invokeTestMethods(TestInvoker.java:146)
	at org.testng.internal.TestMethodWorker.invokeTestMethods(TestMethodWorker.java:146)
	at org.testng.internal.TestMethodWorker.run(TestMethodWorker.java:128)
	at java.base/java.util.ArrayList.forEach(ArrayList.java:1511)
	at org.testng.TestRunner.privateRun(TestRunner.java:794)
	at org.testng.TestRunner.run(TestRunner.java:596)
	at org.testng.SuiteRunner.runTest(SuiteRunner.java:377)
	at org.testng.SuiteRunner.runSequentially(SuiteRunner.java:371)
	at org.testng.SuiteRunner.privateRun(SuiteRunner.java:332)
	at org.testng.SuiteRunner.run(SuiteRunner.java:276)
	at org.testng.SuiteRunnerWorker.runSuite(SuiteRunnerWorker.java:53)
	at org.testng.SuiteRunnerWorker.run(SuiteRunnerWorker.java:96)
	at org.testng.TestNG.runSuitesSequentially(TestNG.java:1212)
	at org.testng.TestNG.runSuitesLocally(TestNG.java:1134)
	at org.testng.TestNG.runSuites(TestNG.java:1063)
	at org.testng.TestNG.run(TestNG.java:1031)
	at org.testng.remote.AbstractRemoteTestNG.run(AbstractRemoteTestNG.java:115)
	at org.testng.remote.RemoteTestNG.initAndRun(RemoteTestNG.java:293)
	at org.testng.remote.RemoteTestNG.main(RemoteTestNG.java:91)
</pre></div></td>
<td>253</td>
<td>Core.SummaryReports.BankAllocationSummary_TestClass@bd4dc25</td></tr>
</table><p>
<table width='100%' border='1' class='invocation-passed'>
<tr><td colspan='4' align='center'><b>PASSED TESTS</b></td></tr>
<tr><td><b>Test method</b></td>
<td width="30%"><b>Exception</b></td>
<td width="10%"><b>Time (seconds)</b></td>
<td><b>Instance</b></td>
</tr>
<tr>
<td title='Core.SummaryReports.BankRegularizationSummary_TestClass.Validate_Navigation_to_Bank_Regularization_Summary()'><b>Validate_Navigation_to_Bank_Regularization_Summary</b><br>Test class: Core.SummaryReports.BankRegularizationSummary_TestClass</td>
<td></td>
<td>64</td>
<td>Core.SummaryReports.BankRegularizationSummary_TestClass@25084a1e</td></tr>
<tr>
<td title='Core.SummaryReports.BankAllocationSummary_TestClass.Verify_Download_Functionality_as_Excel()'><b>Verify_Download_Functionality_as_Excel</b><br>Test class: Core.SummaryReports.BankAllocationSummary_TestClass</td>
<td></td>
<td>8</td>
<td>Core.SummaryReports.BankAllocationSummary_TestClass@bd4dc25</td></tr>
<tr>
<td title='Core.SummaryReports.BankAllocationSummary_TestClass.Verify_the_tables_DW_BRANCH_ALLOCATIONS_SUMMARY_and_DW_BRANCH_ALLOCATIONS_DASHBOARD_are_updated_after_the_package_execution()'><b>Verify_the_tables_DW_BRANCH_ALLOCATIONS_SUMMARY_and_DW_BRANCH_ALLOCATIONS_DASHBOARD_are_updated_after_the_package_execution</b><br>Test class: Core.SummaryReports.BankAllocationSummary_TestClass</td>
<td></td>
<td>3</td>
<td>Core.SummaryReports.BankAllocationSummary_TestClass@bd4dc25</td></tr>
<tr>
<td title='Core.SummaryReports.BankRegularizationSummary_TestClass.Validate_Data_in_Bank_Regularization_Summary_page()'><b>Validate_Data_in_Bank_Regularization_Summary_page</b><br>Test class: Core.SummaryReports.BankRegularizationSummary_TestClass<br>Parameters: {Branch=Amaravati, Region=Mumbai I, Run=Yes, TestScenario=CoreBankRegularizationSummary}</td>
<td></td>
<td>10</td>
<td>Core.SummaryReports.BankRegularizationSummary_TestClass@25084a1e</td></tr>
<tr>
<td title='Core.SummaryReports.BankAllocationSummary_TestClass.Verify_Accounts_in_Yesterdays_date()'><b>Verify_Accounts_in_Yesterdays_date</b><br>Test class: Core.SummaryReports.BankAllocationSummary_TestClass<br>Parameters: {AllocateTo=Branch, AssetCategory=SMA Category, Branch=Amaravati, OsBalanceAmount=10000, OsBalanceOperator=<, Region=Mumbai I, Run=Yes, SMACategory=SMA 0 (01-30 Days), TestScenario=CoreBankAllocationSummary}</td>
<td></td>
<td>4</td>
<td>Core.SummaryReports.BankAllocationSummary_TestClass@bd4dc25</td></tr>
<tr>
<td title='Core.SummaryReports.BankRegularizationSummary_TestClass.Inserting_TRN_AC_MOVEMENT_table_with_AC_MOVEMENT_DATE_Current_date_MOVEMENT_TYPE_4_and_MOVEMENT_TYPE_CATEGORY_REMOVED()'><b>Inserting_TRN_AC_MOVEMENT_table_with_AC_MOVEMENT_DATE_Current_date_MOVEMENT_TYPE_4_and_MOVEMENT_TYPE_CATEGORY_REMOVED</b><br>Test class: Core.SummaryReports.BankRegularizationSummary_TestClass</td>
<td></td>
<td>3</td>
<td>Core.SummaryReports.BankRegularizationSummary_TestClass@25084a1e</td></tr>
<tr>
<td title='Core.SummaryReports.BankAllocationSummary_TestClass.Successful_Account_Allocation_to_My_accounts_in_my_desk()'><b>Successful_Account_Allocation_to_My_accounts_in_my_desk</b><br>Test class: Core.SummaryReports.BankAllocationSummary_TestClass</td>
<td></td>
<td>24</td>
<td>Core.SummaryReports.BankAllocationSummary_TestClass@bd4dc25</td></tr>
<tr>
<td title='Core.SummaryReports.BankRegularizationSummary_TestClass.Validate_Data_Execution_for_Bank_Regularization_Summary()'><b>Validate_Data_Execution_for_Bank_Regularization_Summary</b><br>Test class: Core.SummaryReports.BankRegularizationSummary_TestClass</td>
<td></td>
<td>5</td>
<td>Core.SummaryReports.BankRegularizationSummary_TestClass@25084a1e</td></tr>
<tr>
<td title='Core.SummaryReports.BankRegularizationSummary_TestClass.Validate_Data_Consistency_in_Export()'><b>Validate_Data_Consistency_in_Export</b><br>Test class: Core.SummaryReports.BankRegularizationSummary_TestClass</td>
<td></td>
<td>9</td>
<td>Core.SummaryReports.BankRegularizationSummary_TestClass@25084a1e</td></tr>
<tr>
<td title='Core.SummaryReports.BankAllocationSummary_TestClass.Verify_branch_user_able_to_Login_with_Valid_Credentials()'><b>Verify_branch_user_able_to_Login_with_Valid_Credentials</b><br>Test class: Core.SummaryReports.BankAllocationSummary_TestClass</td>
<td></td>
<td>64</td>
<td>Core.SummaryReports.BankAllocationSummary_TestClass@bd4dc25</td></tr>
<tr>
<td title='Core.SummaryReports.BankAllocationSummary_TestClass.Verify_zone_user_able_to_allocate_accounts_to_branch()'><b>Verify_zone_user_able_to_allocate_accounts_to_branch</b><br>Test class: Core.SummaryReports.BankAllocationSummary_TestClass<br>Parameters: {AllocateTo=Branch, AssetCategory=SMA Category, Branch=Amaravati, OsBalanceAmount=10000, OsBalanceOperator=<, Region=Mumbai I, Run=Yes, SMACategory=SMA 0 (01-30 Days), TestScenario=CoreBankAllocationSummary}</td>
<td></td>
<td>135</td>
<td>Core.SummaryReports.BankAllocationSummary_TestClass@bd4dc25</td></tr>
<tr>
<td title='Core.SummaryReports.BankAllocationSummary_TestClass.Validate_Data_Execution_for_Bank_Allocation_Summary_in_database()'><b>Validate_Data_Execution_for_Bank_Allocation_Summary_in_database</b><br>Test class: Core.SummaryReports.BankAllocationSummary_TestClass</td>
<td></td>
<td>3</td>
<td>Core.SummaryReports.BankAllocationSummary_TestClass@bd4dc25</td></tr>
<tr>
<td title='Core.SummaryReports.BankRegularizationSummary_TestClass.Validate_Count_and_OS_Amount_Without_Query_Execution()'><b>Validate_Count_and_OS_Amount_Without_Query_Execution</b><br>Test class: Core.SummaryReports.BankRegularizationSummary_TestClass</td>
<td></td>
<td>3</td>
<td>Core.SummaryReports.BankRegularizationSummary_TestClass@25084a1e</td></tr>
<tr>
<td title='Core.SummaryReports.BankRegularizationSummary_TestClass.Mandatory_Fields_Empty_Validation()'><b>Mandatory_Fields_Empty_Validation</b><br>Test class: Core.SummaryReports.BankRegularizationSummary_TestClass</td>
<td></td>
<td>4</td>
<td>Core.SummaryReports.BankRegularizationSummary_TestClass@25084a1e</td></tr>
</table><p>
</body>
</html>