<?xml version="1.0" encoding="UTF-8"?>
<!-- Generated by org.testng.reporters.JUnitReportReporter -->
<testsuite hostname="SPTVMLAP-2029" failures="0" tests="16" name="Core.SecurityManagement.UserManagement_TC" time="1858.605" errors="1" timestamp="2025-01-21T13:07:32 IST" skipped="15">
  <testcase classname="Core.SecurityManagement.UserManagement_TC" name="reference" time="1858.604">
    <error message="Error communicating with the remote browser. It may have died.
Build info: version: &#039;4.13.0&#039;, revision: &#039;ba948ece5b*&#039;
System info: os.name: &#039;Windows 10&#039;, os.arch: &#039;amd64&#039;, os.version: &#039;10.0&#039;, java.version: &#039;23.0.1&#039;
Driver info: org.openqa.selenium.chrome.ChromeDriver
Command: [275e6aefa97535ccda730a31b85413e0, findElement [using, value]]
Capabilities {acceptInsecureCerts: false, browserName: chrome, browserVersion: 132.0.6834.83, chrome: {chromedriverVersion: 132.0.6834.83 (03d59cf5ecf1..., userDataDir: C:\Users\AJITH~1.KRI\AppDat...}, fedcm:accounts: true, goog:chromeOptions: {debuggerAddress: localhost:65409}, networkConnectionEnabled: false, pageLoadStrategy: normal, platformName: windows, proxy: Proxy(), se:cdp: ws://localhost:65409/devtoo..., se:cdpVersion: 132.0.6834.83, setWindowRect: true, strictFileInteractability: false, timeouts: {implicit: 0, pageLoad: 300000, script: 30000}, unhandledPromptBehavior: dismiss and notify, webauthn:extension:credBlob: true, webauthn:extension:largeBlob: true, webauthn:extension:minPinLength: true, webauthn:extension:prf: true, webauthn:virtualAuthenticators: true}
Session ID: 275e6aefa97535ccda730a31b85413e0" type="org.openqa.selenium.remote.UnreachableBrowserException">
      <![CDATA[org.openqa.selenium.remote.UnreachableBrowserException: Error communicating with the remote browser. It may have died.
Build info: version: '4.13.0', revision: 'ba948ece5b*'
System info: os.name: 'Windows 10', os.arch: 'amd64', os.version: '10.0', java.version: '23.0.1'
Driver info: org.openqa.selenium.chrome.ChromeDriver
Command: [275e6aefa97535ccda730a31b85413e0, findElement [using, value]]
Capabilities {acceptInsecureCerts: false, browserName: chrome, browserVersion: 132.0.6834.83, chrome: {chromedriverVersion: 132.0.6834.83 (03d59cf5ecf1..., userDataDir: C:\Users\AJITH~1.KRI\AppDat...}, fedcm:accounts: true, goog:chromeOptions: {debuggerAddress: localhost:65409}, networkConnectionEnabled: false, pageLoadStrategy: normal, platformName: windows, proxy: Proxy(), se:cdp: ws://localhost:65409/devtoo..., se:cdpVersion: 132.0.6834.83, setWindowRect: true, strictFileInteractability: false, timeouts: {implicit: 0, pageLoad: 300000, script: 30000}, unhandledPromptBehavior: dismiss and notify, webauthn:extension:credBlob: true, webauthn:extension:largeBlob: true, webauthn:extension:minPinLength: true, webauthn:extension:prf: true, webauthn:virtualAuthenticators: true}
Session ID: 275e6aefa97535ccda730a31b85413e0
at org.openqa.selenium.remote.RemoteWebDriver.execute(RemoteWebDriver.java:629)
at org.openqa.selenium.remote.ElementLocation$ElementFinder$2.findElement(ElementLocation.java:165)
at org.openqa.selenium.remote.ElementLocation.findElement(ElementLocation.java:59)
at org.openqa.selenium.remote.RemoteWebDriver.findElement(RemoteWebDriver.java:359)
at org.openqa.selenium.remote.RemoteWebDriver.findElement(RemoteWebDriver.java:353)
at com.BasePackage.Login_Class.CoreLogin(Login_Class.java:130)
at Core.SecurityManagement.UserManagement_TC.reference(UserManagement_TC.java:82)
at java.base/jdk.internal.reflect.DirectMethodHandleAccessor.invoke(DirectMethodHandleAccessor.java:103)
at java.base/java.lang.reflect.Method.invoke(Method.java:580)
at org.testng.internal.MethodInvocationHelper.invokeMethod(MethodInvocationHelper.java:133)
at org.testng.internal.MethodInvocationHelper.invokeMethodConsideringTimeout(MethodInvocationHelper.java:62)
at org.testng.internal.ConfigInvoker.invokeConfigurationMethod(ConfigInvoker.java:385)
at org.testng.internal.ConfigInvoker.invokeConfigurations(ConfigInvoker.java:321)
at org.testng.SuiteRunner.privateRun(SuiteRunner.java:317)
at org.testng.SuiteRunner.run(SuiteRunner.java:276)
at org.testng.SuiteRunnerWorker.runSuite(SuiteRunnerWorker.java:53)
at org.testng.SuiteRunnerWorker.run(SuiteRunnerWorker.java:96)
at org.testng.TestNG.runSuitesSequentially(TestNG.java:1212)
at org.testng.TestNG.runSuitesLocally(TestNG.java:1134)
at org.testng.TestNG.runSuites(TestNG.java:1063)
at org.testng.TestNG.run(TestNG.java:1031)
at org.testng.remote.AbstractRemoteTestNG.run(AbstractRemoteTestNG.java:115)
at org.testng.remote.RemoteTestNG.initAndRun(RemoteTestNG.java:293)
at org.testng.remote.RemoteTestNG.main(RemoteTestNG.java:91)
Caused by: java.io.UncheckedIOException: java.net.ConnectException: Connection refused: getsockopt: localhost/[0:0:0:0:0:0:0:1]:48123
at org.openqa.selenium.remote.http.netty.NettyHttpHandler.makeCall(NettyHttpHandler.java:73)
at org.openqa.selenium.remote.http.AddSeleniumUserAgent.lambda$apply$0(AddSeleniumUserAgent.java:42)
at org.openqa.selenium.remote.http.Filter.lambda$andFinally$1(Filter.java:55)
at org.openqa.selenium.remote.http.netty.NettyHttpHandler.execute(NettyHttpHandler.java:48)
at org.openqa.selenium.remote.http.netty.NettyClient.execute(NettyClient.java:96)
at org.openqa.selenium.remote.HttpCommandExecutor.execute(HttpCommandExecutor.java:188)
at org.openqa.selenium.remote.service.DriverCommandExecutor.invokeExecute(DriverCommandExecutor.java:196)
at org.openqa.selenium.remote.service.DriverCommandExecutor.execute(DriverCommandExecutor.java:171)
at org.openqa.selenium.remote.RemoteWebDriver.execute(RemoteWebDriver.java:602)
... 23 more
Caused by: java.net.ConnectException: Connection refused: getsockopt: localhost/[0:0:0:0:0:0:0:1]:48123
at org.asynchttpclient.netty.channel.NettyConnectListener.onFailure(NettyConnectListener.java:179)
at org.asynchttpclient.netty.channel.NettyChannelConnector$1.onFailure(NettyChannelConnector.java:108)
at org.asynchttpclient.netty.SimpleChannelFutureListener.operationComplete(SimpleChannelFutureListener.java:28)
at org.asynchttpclient.netty.SimpleChannelFutureListener.operationComplete(SimpleChannelFutureListener.java:20)
at io.netty.util.concurrent.DefaultPromise.notifyListener0(DefaultPromise.java:590)
at io.netty.util.concurrent.DefaultPromise.notifyListeners0(DefaultPromise.java:583)
at io.netty.util.concurrent.DefaultPromise.notifyListenersNow(DefaultPromise.java:559)
at io.netty.util.concurrent.DefaultPromise.notifyListeners(DefaultPromise.java:492)
at io.netty.util.concurrent.DefaultPromise.setValue0(DefaultPromise.java:636)
at io.netty.util.concurrent.DefaultPromise.setFailure0(DefaultPromise.java:629)
at io.netty.util.concurrent.DefaultPromise.tryFailure(DefaultPromise.java:118)
at io.netty.channel.nio.AbstractNioChannel$AbstractNioUnsafe.fulfillConnectPromise(AbstractNioChannel.java:321)
at io.netty.channel.nio.AbstractNioChannel$AbstractNioUnsafe.finishConnect(AbstractNioChannel.java:337)
at io.netty.channel.nio.NioEventLoop.processSelectedKey(NioEventLoop.java:776)
at io.netty.channel.nio.NioEventLoop.processSelectedKeysOptimized(NioEventLoop.java:724)
at io.netty.channel.nio.NioEventLoop.processSelectedKeys(NioEventLoop.java:650)
at io.netty.channel.nio.NioEventLoop.run(NioEventLoop.java:562)
at io.netty.util.concurrent.SingleThreadEventExecutor$4.run(SingleThreadEventExecutor.java:997)
at io.netty.util.internal.ThreadExecutorMap$2.run(ThreadExecutorMap.java:74)
at io.netty.util.concurrent.FastThreadLocalRunnable.run(FastThreadLocalRunnable.java:30)
at java.base/java.lang.Thread.run(Thread.java:1575)
Caused by: io.netty.channel.AbstractChannel$AnnotatedConnectException: Connection refused: getsockopt: localhost/[0:0:0:0:0:0:0:1]:48123
Caused by: java.net.ConnectException: Connection refused: getsockopt
at java.base/sun.nio.ch.Net.pollConnect(Native Method)
at java.base/sun.nio.ch.Net.pollConnectNow(Net.java:682)
at java.base/sun.nio.ch.SocketChannelImpl.finishConnect(SocketChannelImpl.java:1062)
at io.netty.channel.socket.nio.NioSocketChannel.doFinishConnect(NioSocketChannel.java:337)
at io.netty.channel.nio.AbstractNioChannel$AbstractNioUnsafe.finishConnect(AbstractNioChannel.java:334)
at io.netty.channel.nio.NioEventLoop.processSelectedKey(NioEventLoop.java:776)
at io.netty.channel.nio.NioEventLoop.processSelectedKeysOptimized(NioEventLoop.java:724)
at io.netty.channel.nio.NioEventLoop.processSelectedKeys(NioEventLoop.java:650)
at io.netty.channel.nio.NioEventLoop.run(NioEventLoop.java:562)
at io.netty.util.concurrent.SingleThreadEventExecutor$4.run(SingleThreadEventExecutor.java:997)
at io.netty.util.internal.ThreadExecutorMap$2.run(ThreadExecutorMap.java:74)
at io.netty.util.concurrent.FastThreadLocalRunnable.run(FastThreadLocalRunnable.java:30)
at java.base/java.lang.Thread.run(Thread.java:1575)
]]>
    </error>
  </testcase> <!-- reference -->
  <system-out/>
  <testcase classname="Core.SecurityManagement.UserManagement_TC" name="Access_User_Management_Page" time="0.000">
    <skipped/>
  </testcase> <!-- Access_User_Management_Page -->
  <system-out/>
  <testcase classname="Core.SecurityManagement.UserManagement_TC" name="User_search_page__Default_State_of_IsActive_Checkbox" time="0.000">
    <skipped/>
  </testcase> <!-- User_search_page__Default_State_of_IsActive_Checkbox -->
  <system-out/>
  <testcase classname="Core.SecurityManagement.UserManagement_TC" name="User_search_page__Pagination_of_Active_users" time="0.000">
    <skipped/>
  </testcase> <!-- User_search_page__Pagination_of_Active_users -->
  <system-out/>
  <testcase classname="Core.SecurityManagement.UserManagement_TC" name="User_search_page_Pagination_of_Active_users_Second_page_button_functionality_and_data_checking" time="0.000">
    <skipped/>
  </testcase> <!-- User_search_page_Pagination_of_Active_users_Second_page_button_functionality_and_data_checking -->
  <system-out/>
  <testcase classname="Core.SecurityManagement.UserManagement_TC" name="User_search_page_Pagination_of_Active_users_Last_page_button_functionality_and_data_checking" time="0.000">
    <skipped/>
  </testcase> <!-- User_search_page_Pagination_of_Active_users_Last_page_button_functionality_and_data_checking -->
  <system-out/>
  <testcase classname="Core.SecurityManagement.UserManagement_TC" name="User_search_page_Pagination_of_Active_users_Previous_page_button_functionality_and_data_checking" time="0.000">
    <skipped/>
  </testcase> <!-- User_search_page_Pagination_of_Active_users_Previous_page_button_functionality_and_data_checking -->
  <system-out/>
  <testcase classname="Core.SecurityManagement.UserManagement_TC" name="Test_Redirect_to_Add_New_User_Page" time="0.000">
    <skipped/>
  </testcase> <!-- Test_Redirect_to_Add_New_User_Page -->
  <system-out/>
  <testcase classname="Core.SecurityManagement.UserManagement_TC" name="Add_new_user_page_Organization_Type_Selection_as_Head_office_Display_Head_Office_Dropdown" time="0.000">
    <skipped/>
  </testcase> <!-- Add_new_user_page_Organization_Type_Selection_as_Head_office_Display_Head_Office_Dropdown -->
  <system-out/>
  <testcase classname="Core.SecurityManagement.UserManagement_TC" name="Add_new_user_page__Organization_Type_Selection_as_Zone_Co__Display_Head_office_and_Zone_CO_drop_down_fields" time="0.000">
    <skipped/>
  </testcase> <!-- Add_new_user_page__Organization_Type_Selection_as_Zone_Co__Display_Head_office_and_Zone_CO_drop_down_fields -->
  <system-out/>
  <testcase classname="Core.SecurityManagement.UserManagement_TC" name="Add_new_user_page__Organization_Type_Selection_as_Region__Display_Head_office_ZoneCO_and_Region_drop_down_fields" time="0.000">
    <skipped/>
  </testcase> <!-- Add_new_user_page__Organization_Type_Selection_as_Region__Display_Head_office_ZoneCO_and_Region_drop_down_fields -->
  <system-out/>
  <testcase classname="Core.SecurityManagement.UserManagement_TC" name="Add_new_user_page__Organization_Type_Selection_as_Branch__Display_Head_office_ZoneCO_Region_and_Branch_drop_down_fields" time="0.000">
    <skipped/>
  </testcase> <!-- Add_new_user_page__Organization_Type_Selection_as_Branch__Display_Head_office_ZoneCO_Region_and_Branch_drop_down_fields -->
  <system-out/>
  <testcase classname="Core.SecurityManagement.UserManagement_TC" name="Add_new_user_page___Submit_Without_Inputs" time="0.000">
    <skipped/>
  </testcase> <!-- Add_new_user_page___Submit_Without_Inputs -->
  <system-out/>
  <testcase classname="Core.SecurityManagement.UserManagement_TC" name="Add_new_user_page__Enter_and_select_inputs_for_all_fields_except_Name_Field_and_click_on_submit_button" time="0.000">
    <skipped/>
  </testcase> <!-- Add_new_user_page__Enter_and_select_inputs_for_all_fields_except_Name_Field_and_click_on_submit_button -->
  <system-out/>
  <testcase classname="Core.SecurityManagement.UserManagement_TC" name="Add_new_user_page__Enter_and_select_inputs_for_all_fields_except_Email_Field_and_click_on_submit_button" time="0.000">
    <skipped/>
  </testcase> <!-- Add_new_user_page__Enter_and_select_inputs_for_all_fields_except_Email_Field_and_click_on_submit_button -->
  <system-out/>
  <testcase classname="Core.SecurityManagement.UserManagement_TC" name="Add_new_user_page__Enter_and_select_inputs_for_all_fields_except_Phone_number_Field_and_click_on_submit_button" time="0.001">
    <skipped/>
  </testcase> <!-- Add_new_user_page__Enter_and_select_inputs_for_all_fields_except_Phone_number_Field_and_click_on_submit_button -->
  <system-out/>
</testsuite> <!-- Core.SecurityManagement.UserManagement_TC -->
