<?xml version="1.0" encoding="UTF-8"?>
<!-- Generated by org.testng.reporters.JUnitReportReporter -->
<testsuite hostname="TVMSPRMSPERFDB" failures="0" tests="16" name="Core.AlertsandNotifications.AlertsTemplateManagement_TestClass" time="0.009" errors="2" timestamp="2025-04-22T15:54:05 IST" skipped="14">
  <testcase classname="Core.AlertsandNotifications.AlertsTemplateManagement_TestClass" name="takeScreenshotOnFailure" time="0.005">
    <error message="Cannot invoke &quot;org.openqa.selenium.TakesScreenshot.getScreenshotAs(org.openqa.selenium.OutputType)&quot; because &quot;screenshot&quot; is null" type="java.lang.NullPointerException">
      <![CDATA[java.lang.NullPointerException: Cannot invoke "org.openqa.selenium.TakesScreenshot.getScreenshotAs(org.openqa.selenium.OutputType)" because "screenshot" is null
at com.Utility.ScreenShot.takeScreenShot(ScreenShot.java:29)
at Core.AlertsandNotifications.AlertsTemplateManagement_TestClass.takeScreenshotOnFailure(AlertsTemplateManagement_TestClass.java:394)
at java.base/jdk.internal.reflect.NativeMethodAccessorImpl.invoke0(Native Method)
at java.base/jdk.internal.reflect.NativeMethodAccessorImpl.invoke(NativeMethodAccessorImpl.java:77)
at java.base/jdk.internal.reflect.DelegatingMethodAccessorImpl.invoke(DelegatingMethodAccessorImpl.java:43)
at java.base/java.lang.reflect.Method.invoke(Method.java:568)
at org.testng.internal.MethodInvocationHelper.invokeMethod(MethodInvocationHelper.java:132)
at org.testng.internal.MethodInvocationHelper.invokeMethodConsideringTimeout(MethodInvocationHelper.java:61)
at org.testng.internal.ConfigInvoker.invokeConfigurationMethod(ConfigInvoker.java:366)
at org.testng.internal.ConfigInvoker.invokeConfigurations(ConfigInvoker.java:320)
at org.testng.internal.TestInvoker.runConfigMethods(TestInvoker.java:701)
at org.testng.internal.TestInvoker.runAfterGroupsConfigurations(TestInvoker.java:677)
at org.testng.internal.TestInvoker.invokeMethod(TestInvoker.java:661)
at org.testng.internal.TestInvoker.invokeTestMethod(TestInvoker.java:174)
at org.testng.internal.MethodRunner.runInSequence(MethodRunner.java:46)
at org.testng.internal.TestInvoker$MethodInvocationAgent.invoke(TestInvoker.java:822)
at org.testng.internal.TestInvoker.invokeTestMethods(TestInvoker.java:147)
at org.testng.internal.TestMethodWorker.invokeTestMethods(TestMethodWorker.java:146)
at org.testng.internal.TestMethodWorker.run(TestMethodWorker.java:128)
at java.base/java.util.ArrayList.forEach(ArrayList.java:1511)
at org.testng.TestRunner.privateRun(TestRunner.java:764)
at org.testng.TestRunner.run(TestRunner.java:585)
at org.testng.SuiteRunner.runTest(SuiteRunner.java:384)
at org.testng.SuiteRunner.runSequentially(SuiteRunner.java:378)
at org.testng.SuiteRunner.privateRun(SuiteRunner.java:337)
at org.testng.SuiteRunner.run(SuiteRunner.java:286)
at org.testng.SuiteRunnerWorker.runSuite(SuiteRunnerWorker.java:53)
at org.testng.SuiteRunnerWorker.run(SuiteRunnerWorker.java:96)
at org.testng.TestNG.runSuitesSequentially(TestNG.java:1218)
at org.testng.TestNG.runSuitesLocally(TestNG.java:1140)
at org.testng.TestNG.runSuites(TestNG.java:1069)
at org.testng.TestNG.run(TestNG.java:1037)
at org.testng.remote.AbstractRemoteTestNG.run(AbstractRemoteTestNG.java:115)
at org.testng.remote.RemoteTestNG.initAndRun(RemoteTestNG.java:293)
at org.testng.remote.RemoteTestNG.main(RemoteTestNG.java:91)
]]>
    </error>
  </testcase> <!-- takeScreenshotOnFailure -->
  <system-out/>
  <testcase classname="Core.AlertsandNotifications.AlertsTemplateManagement_TestClass" name="Test_Login_with_Valid_Credentials" time="0.000">
    <skipped/>
  </testcase> <!-- Test_Login_with_Valid_Credentials -->
  <system-out/>
  <testcase classname="Core.AlertsandNotifications.AlertsTemplateManagement_TestClass" name="Display_Alerts_and_Notifications_Menu_Option" time="0.000">
    <skipped/>
  </testcase> <!-- Display_Alerts_and_Notifications_Menu_Option -->
  <system-out/>
  <testcase classname="Core.AlertsandNotifications.AlertsTemplateManagement_TestClass" name="Access_Alerts_and_Notifications_Page" time="0.004">
    <error message="Input must be set" type="java.lang.IllegalArgumentException">
      <![CDATA[java.lang.IllegalArgumentException: Input must be set
at org.openqa.selenium.internal.Require.nonNull(Require.java:60)
at org.openqa.selenium.support.ui.FluentWait.<init>(FluentWait.java:94)
at org.openqa.selenium.support.ui.WebDriverWait.<init>(WebDriverWait.java:74)
at org.openqa.selenium.support.ui.WebDriverWait.<init>(WebDriverWait.java:43)
at Core.AlertsandNotifications.AlertsTemplateManagement_MainClass.clickOnAlertsAndNotifications(AlertsTemplateManagement_MainClass.java:62)
at Core.AlertsandNotifications.AlertsTemplateManagement_TestClass.Access_Alerts_and_Notifications_Page(AlertsTemplateManagement_TestClass.java:102)
at java.base/jdk.internal.reflect.NativeMethodAccessorImpl.invoke0(Native Method)
at java.base/jdk.internal.reflect.NativeMethodAccessorImpl.invoke(NativeMethodAccessorImpl.java:77)
at java.base/jdk.internal.reflect.DelegatingMethodAccessorImpl.invoke(DelegatingMethodAccessorImpl.java:43)
at java.base/java.lang.reflect.Method.invoke(Method.java:568)
at org.testng.internal.MethodInvocationHelper.invokeMethod(MethodInvocationHelper.java:132)
at org.testng.internal.TestInvoker.invokeMethod(TestInvoker.java:599)
at org.testng.internal.TestInvoker.invokeTestMethod(TestInvoker.java:174)
at org.testng.internal.MethodRunner.runInSequence(MethodRunner.java:46)
at org.testng.internal.TestInvoker$MethodInvocationAgent.invoke(TestInvoker.java:822)
at org.testng.internal.TestInvoker.invokeTestMethods(TestInvoker.java:147)
at org.testng.internal.TestMethodWorker.invokeTestMethods(TestMethodWorker.java:146)
at org.testng.internal.TestMethodWorker.run(TestMethodWorker.java:128)
at java.base/java.util.ArrayList.forEach(ArrayList.java:1511)
at org.testng.TestRunner.privateRun(TestRunner.java:764)
at org.testng.TestRunner.run(TestRunner.java:585)
at org.testng.SuiteRunner.runTest(SuiteRunner.java:384)
at org.testng.SuiteRunner.runSequentially(SuiteRunner.java:378)
at org.testng.SuiteRunner.privateRun(SuiteRunner.java:337)
at org.testng.SuiteRunner.run(SuiteRunner.java:286)
at org.testng.SuiteRunnerWorker.runSuite(SuiteRunnerWorker.java:53)
at org.testng.SuiteRunnerWorker.run(SuiteRunnerWorker.java:96)
at org.testng.TestNG.runSuitesSequentially(TestNG.java:1218)
at org.testng.TestNG.runSuitesLocally(TestNG.java:1140)
at org.testng.TestNG.runSuites(TestNG.java:1069)
at org.testng.TestNG.run(TestNG.java:1037)
at org.testng.remote.AbstractRemoteTestNG.run(AbstractRemoteTestNG.java:115)
at org.testng.remote.RemoteTestNG.initAndRun(RemoteTestNG.java:293)
at org.testng.remote.RemoteTestNG.main(RemoteTestNG.java:91)
]]>
    </error>
  </testcase> <!-- Access_Alerts_and_Notifications_Page -->
  <system-out/>
  <testcase classname="Core.AlertsandNotifications.AlertsTemplateManagement_TestClass" name="Navigate_to_Template_Management" time="0.000">
    <skipped/>
  </testcase> <!-- Navigate_to_Template_Management -->
  <system-out/>
  <testcase classname="Core.AlertsandNotifications.AlertsTemplateManagement_TestClass" name="Interact_with_Template_Management_Fields" time="0.000">
    <skipped/>
  </testcase> <!-- Interact_with_Template_Management_Fields -->
  <system-out/>
  <testcase classname="Core.AlertsandNotifications.AlertsTemplateManagement_TestClass" name="Clear_Input_Field_Test" time="0.000">
    <skipped/>
  </testcase> <!-- Clear_Input_Field_Test -->
  <system-out/>
  <testcase classname="Core.AlertsandNotifications.AlertsTemplateManagement_TestClass" name="Display_Template_Details_Table" time="0.000">
    <skipped/>
  </testcase> <!-- Display_Template_Details_Table -->
  <system-out/>
  <testcase classname="Core.AlertsandNotifications.AlertsTemplateManagement_TestClass" name="Test_Template_Pagination" time="0.000">
    <skipped/>
  </testcase> <!-- Test_Template_Pagination -->
  <system-out/>
  <testcase classname="Core.AlertsandNotifications.AlertsTemplateManagement_TestClass" name="SMS_Template_Body_Character_Limit" time="0.000">
    <skipped/>
  </testcase> <!-- SMS_Template_Body_Character_Limit -->
  <system-out/>
  <testcase classname="Core.AlertsandNotifications.AlertsTemplateManagement_TestClass" name="Additional_Fields_for_Email_or_Notice" time="0.000">
    <skipped/>
  </testcase> <!-- Additional_Fields_for_Email_or_Notice -->
  <system-out/>
  <testcase classname="Core.AlertsandNotifications.AlertsTemplateManagement_TestClass" name="Add_New_Template" time="0.000">
    <skipped/>
  </testcase> <!-- Add_New_Template -->
  <system-out/>
  <testcase classname="Core.AlertsandNotifications.AlertsTemplateManagement_TestClass" name="Save_New_Template" time="0.000">
    <skipped/>
  </testcase> <!-- Save_New_Template -->
  <system-out/>
  <testcase classname="Core.AlertsandNotifications.AlertsTemplateManagement_TestClass" name="View_Template_Details" time="0.000">
    <skipped/>
  </testcase> <!-- View_Template_Details -->
  <system-out/>
  <testcase classname="Core.AlertsandNotifications.AlertsTemplateManagement_TestClass" name="Edit_Existing_Template" time="0.000">
    <skipped/>
  </testcase> <!-- Edit_Existing_Template -->
  <system-out/>
  <testcase classname="Core.AlertsandNotifications.AlertsTemplateManagement_TestClass" name="View_Template_History" time="0.000">
    <skipped/>
  </testcase> <!-- View_Template_History -->
  <system-out/>
</testsuite> <!-- Core.AlertsandNotifications.AlertsTemplateManagement_TestClass -->
