<?xml version="1.0" encoding="UTF-8"?>
<!-- Generated by org.testng.reporters.JUnitReportReporter -->
<testsuite hostname="TVMSPRMSPERFDB" failures="0" tests="46" name="Core.Disposition.Disposition_Master_Test" time="669.514" errors="1" timestamp="2025-05-19T14:39:16 IST" skipped="45">
  <testcase classname="Core.Disposition.Disposition_Master_Test" name="SetUp" time="669.514">
    <error message="no such element: Unable to locate element: {&quot;method&quot;:&quot;xpath&quot;,&quot;selector&quot;:&quot;//span[@class=&#039;emailuser&#039;]&quot;}
  (Session info: chrome=136.0.7103.114)
For documentation on this error, please visit: https://www.selenium.dev/documentation/webdriver/troubleshooting/errors#no-such-element-exception
Build info: version: &#039;4.13.0&#039;, revision: &#039;ba948ece5b*&#039;
System info: os.name: &#039;Windows Server 2016&#039;, os.arch: &#039;amd64&#039;, os.version: &#039;10.0&#039;, java.version: &#039;17.0.14&#039;
Driver info: org.openqa.selenium.chrome.ChromeDriver
Command: [b6da07b1ecb278abfdfc33bb76108016, findElement {using=xpath, value=//span[@class=&#039;emailuser&#039;]}]
Capabilities {acceptInsecureCerts: false, browserName: chrome, browserVersion: 136.0.7103.114, chrome: {chromedriverVersion: 136.0.7103.94 (fa0be0b33deb..., userDataDir: C:\Windows\SystemTemp\scope...}, fedcm:accounts: true, goog:chromeOptions: {debuggerAddress: localhost:59893}, networkConnectionEnabled: false, pageLoadStrategy: normal, platformName: windows, proxy: Proxy(), se:cdp: ws://localhost:59893/devtoo..., se:cdpVersion: 136.0.7103.114, setWindowRect: true, strictFileInteractability: false, timeouts: {implicit: 0, pageLoad: 300000, script: 30000}, unhandledPromptBehavior: dismiss and notify, webauthn:extension:credBlob: true, webauthn:extension:largeBlob: true, webauthn:extension:minPinLength: true, webauthn:extension:prf: true, webauthn:virtualAuthenticators: true}
Session ID: b6da07b1ecb278abfdfc33bb76108016" type="org.openqa.selenium.NoSuchElementException">
      <![CDATA[org.openqa.selenium.NoSuchElementException: no such element: Unable to locate element: {"method":"xpath","selector":"//span[@class='emailuser']"}
  (Session info: chrome=136.0.7103.114)
For documentation on this error, please visit: https://www.selenium.dev/documentation/webdriver/troubleshooting/errors#no-such-element-exception
Build info: version: '4.13.0', revision: 'ba948ece5b*'
System info: os.name: 'Windows Server 2016', os.arch: 'amd64', os.version: '10.0', java.version: '17.0.14'
Driver info: org.openqa.selenium.chrome.ChromeDriver
Command: [b6da07b1ecb278abfdfc33bb76108016, findElement {using=xpath, value=//span[@class='emailuser']}]
Capabilities {acceptInsecureCerts: false, browserName: chrome, browserVersion: 136.0.7103.114, chrome: {chromedriverVersion: 136.0.7103.94 (fa0be0b33deb..., userDataDir: C:\Windows\SystemTemp\scope...}, fedcm:accounts: true, goog:chromeOptions: {debuggerAddress: localhost:59893}, networkConnectionEnabled: false, pageLoadStrategy: normal, platformName: windows, proxy: Proxy(), se:cdp: ws://localhost:59893/devtoo..., se:cdpVersion: 136.0.7103.114, setWindowRect: true, strictFileInteractability: false, timeouts: {implicit: 0, pageLoad: 300000, script: 30000}, unhandledPromptBehavior: dismiss and notify, webauthn:extension:credBlob: true, webauthn:extension:largeBlob: true, webauthn:extension:minPinLength: true, webauthn:extension:prf: true, webauthn:virtualAuthenticators: true}
Session ID: b6da07b1ecb278abfdfc33bb76108016
at jdk.internal.reflect.GeneratedConstructorAccessor21.newInstance(Unknown Source)
at java.base/jdk.internal.reflect.DelegatingConstructorAccessorImpl.newInstance(DelegatingConstructorAccessorImpl.java:45)
at java.base/java.lang.reflect.Constructor.newInstanceWithCaller(Constructor.java:499)
at java.base/java.lang.reflect.Constructor.newInstance(Constructor.java:480)
at org.openqa.selenium.remote.codec.w3c.W3CHttpResponseCodec.createException(W3CHttpResponseCodec.java:200)
at org.openqa.selenium.remote.codec.w3c.W3CHttpResponseCodec.decode(W3CHttpResponseCodec.java:133)
at org.openqa.selenium.remote.codec.w3c.W3CHttpResponseCodec.decode(W3CHttpResponseCodec.java:52)
at org.openqa.selenium.remote.HttpCommandExecutor.execute(HttpCommandExecutor.java:191)
at org.openqa.selenium.remote.service.DriverCommandExecutor.invokeExecute(DriverCommandExecutor.java:196)
at org.openqa.selenium.remote.service.DriverCommandExecutor.execute(DriverCommandExecutor.java:171)
at org.openqa.selenium.remote.RemoteWebDriver.execute(RemoteWebDriver.java:602)
at org.openqa.selenium.remote.ElementLocation$ElementFinder$2.findElement(ElementLocation.java:165)
at org.openqa.selenium.remote.ElementLocation.findElement(ElementLocation.java:59)
at org.openqa.selenium.remote.RemoteWebDriver.findElement(RemoteWebDriver.java:359)
at org.openqa.selenium.remote.RemoteWebDriver.findElement(RemoteWebDriver.java:353)
at com.BasePackage.Login_Class.CoreLogin(Login_Class.java:188)
at Core.Disposition.Disposition_Master_Test.SetUp(Disposition_Master_Test.java:70)
at java.base/jdk.internal.reflect.NativeMethodAccessorImpl.invoke0(Native Method)
at java.base/jdk.internal.reflect.NativeMethodAccessorImpl.invoke(NativeMethodAccessorImpl.java:77)
at java.base/jdk.internal.reflect.DelegatingMethodAccessorImpl.invoke(DelegatingMethodAccessorImpl.java:43)
at java.base/java.lang.reflect.Method.invoke(Method.java:568)
at org.testng.internal.MethodInvocationHelper.invokeMethod(MethodInvocationHelper.java:133)
at org.testng.internal.MethodInvocationHelper.invokeMethodConsideringTimeout(MethodInvocationHelper.java:62)
at org.testng.internal.ConfigInvoker.invokeConfigurationMethod(ConfigInvoker.java:385)
at org.testng.internal.ConfigInvoker.invokeConfigurations(ConfigInvoker.java:321)
at org.testng.internal.TestMethodWorker.invokeBeforeClassMethods(TestMethodWorker.java:176)
at org.testng.internal.TestMethodWorker.run(TestMethodWorker.java:122)
at java.base/java.util.ArrayList.forEach(ArrayList.java:1511)
at org.testng.TestRunner.privateRun(TestRunner.java:794)
at org.testng.TestRunner.run(TestRunner.java:596)
at org.testng.SuiteRunner.runTest(SuiteRunner.java:377)
at org.testng.SuiteRunner.runSequentially(SuiteRunner.java:371)
at org.testng.SuiteRunner.privateRun(SuiteRunner.java:332)
at org.testng.SuiteRunner.run(SuiteRunner.java:276)
at org.testng.SuiteRunnerWorker.runSuite(SuiteRunnerWorker.java:53)
at org.testng.SuiteRunnerWorker.run(SuiteRunnerWorker.java:96)
at org.testng.TestNG.runSuitesSequentially(TestNG.java:1212)
at org.testng.TestNG.runSuitesLocally(TestNG.java:1134)
at org.testng.TestNG.runSuites(TestNG.java:1063)
at org.testng.TestNG.run(TestNG.java:1031)
at org.testng.remote.AbstractRemoteTestNG.run(AbstractRemoteTestNG.java:115)
at org.testng.remote.RemoteTestNG.initAndRun(RemoteTestNG.java:293)
at org.testng.remote.RemoteTestNG.main(RemoteTestNG.java:91)
]]>
    </error>
  </testcase> <!-- SetUp -->
  <system-out/>
  <testcase classname="Core.Disposition.Disposition_Master_Test" name="Verify_Disposition_Master_Navigation" time="0.000">
    <skipped/>
  </testcase> <!-- Verify_Disposition_Master_Navigation -->
  <system-out/>
  <testcase classname="Core.Disposition.Disposition_Master_Test" name="Verify_Initial_Load_of_Active_Dispositions" time="0.000">
    <skipped/>
  </testcase> <!-- Verify_Initial_Load_of_Active_Dispositions -->
  <system-out/>
  <testcase classname="Core.Disposition.Disposition_Master_Test" name="Action_Owner_Dropdown_Selections" time="0.000">
    <skipped/>
  </testcase> <!-- Action_Owner_Dropdown_Selections -->
  <system-out/>
  <testcase classname="Core.Disposition.Disposition_Master_Test" name="Verify_Is_Active_Checkbox_Default_State" time="0.000">
    <skipped/>
  </testcase> <!-- Verify_Is_Active_Checkbox_Default_State -->
  <system-out/>
  <testcase classname="Core.Disposition.Disposition_Master_Test" name="Verify_Action_Column_Options" time="0.000">
    <skipped/>
  </testcase> <!-- Verify_Action_Column_Options -->
  <system-out/>
  <testcase classname="Core.Disposition.Disposition_Master_Test" name="Verify_Status_Column_Appearance" time="0.000">
    <skipped/>
  </testcase> <!-- Verify_Status_Column_Appearance -->
  <system-out/>
  <testcase classname="Core.Disposition.Disposition_Master_Test" name="Validate_Pagination__Initial_Load" time="0.000">
    <skipped/>
  </testcase> <!-- Validate_Pagination__Initial_Load -->
  <system-out/>
  <testcase classname="Core.Disposition.Disposition_Master_Test" name="Validate_Next_Button" time="0.000">
    <skipped/>
  </testcase> <!-- Validate_Next_Button -->
  <system-out/>
  <testcase classname="Core.Disposition.Disposition_Master_Test" name="Validate_Previous_Button" time="0.000">
    <skipped/>
  </testcase> <!-- Validate_Previous_Button -->
  <system-out/>
  <testcase classname="Core.Disposition.Disposition_Master_Test" name="Validate_Button__Jump_to_Last_Page" time="0.000">
    <skipped/>
  </testcase> <!-- Validate_Button__Jump_to_Last_Page -->
  <system-out/>
  <testcase classname="Core.Disposition.Disposition_Master_Test" name="Validate_Button__Jump_to_First_Page" time="0.000">
    <skipped/>
  </testcase> <!-- Validate_Button__Jump_to_First_Page -->
  <system-out/>
  <testcase classname="Core.Disposition.Disposition_Master_Test" name="Open_Add_Disposition_Form" time="0.000">
    <skipped/>
  </testcase> <!-- Open_Add_Disposition_Form -->
  <system-out/>
  <testcase classname="Core.Disposition.Disposition_Master_Test" name="Close_Add_Disposition_Form" time="0.000">
    <skipped/>
  </testcase> <!-- Close_Add_Disposition_Form -->
  <system-out/>
  <testcase classname="Core.Disposition.Disposition_Master_Test" name="Add_Disposition__Submit_with_All_Fields_Valid" time="0.000">
    <skipped/>
  </testcase> <!-- Add_Disposition__Submit_with_All_Fields_Valid -->
  <system-out/>
  <testcase classname="Core.Disposition.Disposition_Master_Test" name="Test_Disposition_Grid_Visibility" time="0.000">
    <skipped/>
  </testcase> <!-- Test_Disposition_Grid_Visibility -->
  <system-out/>
  <testcase classname="Core.Disposition.Disposition_Master_Test" name="Action_Owner_Multi_select_Functionality" time="0.000">
    <skipped/>
  </testcase> <!-- Action_Owner_Multi_select_Functionality -->
  <system-out/>
  <testcase classname="Core.Disposition.Disposition_Master_Test" name="Asset_Category_Multi_select_Functionality" time="0.000">
    <skipped/>
  </testcase> <!-- Asset_Category_Multi_select_Functionality -->
  <system-out/>
  <testcase classname="Core.Disposition.Disposition_Master_Test" name="Select_All_Functionality__Action_Owner" time="0.000">
    <skipped/>
  </testcase> <!-- Select_All_Functionality__Action_Owner -->
  <system-out/>
  <testcase classname="Core.Disposition.Disposition_Master_Test" name="Deselecting_Via_Multi_select__Action_Owner" time="0.000">
    <skipped/>
  </testcase> <!-- Deselecting_Via_Multi_select__Action_Owner -->
  <system-out/>
  <testcase classname="Core.Disposition.Disposition_Master_Test" name="Select_All_Functionality__Asset_Category" time="0.000">
    <skipped/>
  </testcase> <!-- Select_All_Functionality__Asset_Category -->
  <system-out/>
  <testcase classname="Core.Disposition.Disposition_Master_Test" name="Deselecting_Via_Multi_select__Asset_Category" time="0.000">
    <skipped/>
  </testcase> <!-- Deselecting_Via_Multi_select__Asset_Category -->
  <system-out/>
  <testcase classname="Core.Disposition.Disposition_Master_Test" name="Verify_Add_Disposition_without_Selection" time="0.000">
    <skipped/>
  </testcase> <!-- Verify_Add_Disposition_without_Selection -->
  <system-out/>
  <testcase classname="Core.Disposition.Disposition_Master_Test" name="Add_Disposition_with_Existing_Name" time="0.000">
    <skipped/>
  </testcase> <!-- Add_Disposition_with_Existing_Name -->
  <system-out/>
  <testcase classname="Core.Disposition.Disposition_Master_Test" name="Edit_Disposition_Popup_Display" time="0.000">
    <skipped/>
  </testcase> <!-- Edit_Disposition_Popup_Display -->
  <system-out/>
  <testcase classname="Core.Disposition.Disposition_Master_Test" name="Update_Without_Changes" time="0.000">
    <skipped/>
  </testcase> <!-- Update_Without_Changes -->
  <system-out/>
  <testcase classname="Core.Disposition.Disposition_Master_Test" name="Verify_Add_Disposition_with_Valid_Data" time="0.000">
    <skipped/>
  </testcase> <!-- Verify_Add_Disposition_with_Valid_Data -->
  <system-out/>
  <testcase classname="Core.Disposition.Disposition_Master_Test" name="Change_Name_to_Existing_and_Update" time="0.000">
    <skipped/>
  </testcase> <!-- Change_Name_to_Existing_and_Update -->
  <system-out/>
  <testcase classname="Core.Disposition.Disposition_Master_Test" name="Edit_and_Verify_Disposition_Changes" time="0.000">
    <skipped/>
  </testcase> <!-- Edit_and_Verify_Disposition_Changes -->
  <system-out/>
  <testcase classname="Core.Disposition.Disposition_Master_Test" name="Deactivate_Disposition" time="0.000">
    <skipped/>
  </testcase> <!-- Deactivate_Disposition -->
  <system-out/>
  <testcase classname="Core.Disposition.Disposition_Master_Test" name="Search_Deactivated_Disposition" time="0.000">
    <skipped/>
  </testcase> <!-- Search_Deactivated_Disposition -->
  <system-out/>
  <testcase classname="Core.Disposition.Disposition_Master_Test" name="Activate_Deactivated_Disposition" time="0.000">
    <skipped/>
  </testcase> <!-- Activate_Deactivated_Disposition -->
  <system-out/>
  <testcase classname="Core.Disposition.Disposition_Master_Test" name="Search_Active_Disposition" time="0.000">
    <skipped/>
  </testcase> <!-- Search_Active_Disposition -->
  <system-out/>
  <testcase classname="Core.Disposition.Disposition_Master_Test" name="Verify_Sub_Disposition_Tab_UI_Elements" time="0.000">
    <skipped/>
  </testcase> <!-- Verify_Sub_Disposition_Tab_UI_Elements -->
  <system-out/>
  <testcase classname="Core.Disposition.Disposition_Master_Test" name="Verify_Add_Sub_Disposition_Popup" time="0.000">
    <skipped/>
  </testcase> <!-- Verify_Add_Sub_Disposition_Popup -->
  <system-out/>
  <testcase classname="Core.Disposition.Disposition_Master_Test" name="Close_Add_Sub_Disposition_Popup" time="0.000">
    <skipped/>
  </testcase> <!-- Close_Add_Sub_Disposition_Popup -->
  <system-out/>
  <testcase classname="Core.Disposition.Disposition_Master_Test" name="Add_New_Sub_Disposition" time="0.000">
    <skipped/>
  </testcase> <!-- Add_New_Sub_Disposition -->
  <system-out/>
  <testcase classname="Core.Disposition.Disposition_Master_Test" name="Add_Duplicate_Sub_Disposition" time="0.000">
    <skipped/>
  </testcase> <!-- Add_Duplicate_Sub_Disposition -->
  <system-out/>
  <testcase classname="Core.Disposition.Disposition_Master_Test" name="Edit_Sub_Disposition_Popup_Display" time="0.000">
    <skipped/>
  </testcase> <!-- Edit_Sub_Disposition_Popup_Display -->
  <system-out/>
  <testcase classname="Core.Disposition.Disposition_Master_Test" name="Update_Sub_Disposition_Without_Changes" time="0.000">
    <skipped/>
  </testcase> <!-- Update_Sub_Disposition_Without_Changes -->
  <system-out/>
  <testcase classname="Core.Disposition.Disposition_Master_Test" name="Update_Sub_Disposition_with_Duplicate_Name" time="0.000">
    <skipped/>
  </testcase> <!-- Update_Sub_Disposition_with_Duplicate_Name -->
  <system-out/>
  <testcase classname="Core.Disposition.Disposition_Master_Test" name="Update_Sub_Disposition_Successfully" time="0.000">
    <skipped/>
  </testcase> <!-- Update_Sub_Disposition_Successfully -->
  <system-out/>
  <testcase classname="Core.Disposition.Disposition_Master_Test" name="Deactivate_Sub_Disposition" time="0.000">
    <skipped/>
  </testcase> <!-- Deactivate_Sub_Disposition -->
  <system-out/>
  <testcase classname="Core.Disposition.Disposition_Master_Test" name="Search_Deactivated_Sub_Disposition" time="0.000">
    <skipped/>
  </testcase> <!-- Search_Deactivated_Sub_Disposition -->
  <system-out/>
  <testcase classname="Core.Disposition.Disposition_Master_Test" name="Reactivate_Sub_Disposition" time="0.000">
    <skipped/>
  </testcase> <!-- Reactivate_Sub_Disposition -->
  <system-out/>
  <testcase classname="Core.Disposition.Disposition_Master_Test" name="Search_Active_Sub_Disposition" time="0.000">
    <skipped/>
  </testcase> <!-- Search_Active_Sub_Disposition -->
  <system-out/>
</testsuite> <!-- Core.Disposition.Disposition_Master_Test -->
